
*** Running vivado
    with args -log soc_multiwatch_lcd_dlmb_bram_if_cntlr_0.vds -m64 -product Vivado -mode batch -messageDb vivado.pb -notrace -source soc_multiwatch_lcd_dlmb_bram_if_cntlr_0.tcl


****** Vivado v2024.2 (64-bit)
  **** SW Build 5239630 on Fri Nov 08 22:34:34 MST 2024
  **** IP Build 5239520 on Sun Nov 10 16:12:51 MST 2024
  **** SharedData Build 5239561 on Fri Nov 08 14:39:27 MST 2024
  **** Start of session at: Wed Jan 28 16:51:36 2026
    ** Copyright 1986-2022 Xilinx, Inc. All Rights Reserved.
    ** Copyright 2022-2024 Advanced Micro Devices, Inc. All Rights Reserved.

source soc_multiwatch_lcd_dlmb_bram_if_cntlr_0.tcl -notrace
INFO: [IP_Flow 19-234] Refreshing IP repositories
INFO: [IP_Flow 19-1700] Loaded user IP repository '/media/user12/data/work/ip_repo/myip_watch_1_0'.
WARNING: [IP_Flow 19-2207] Repository '/media/user12/data/work/ip_repo/myip_watch_1_0' already exists; ignoring attempt to add it again.
INFO: [IP_Flow 19-1700] Loaded user IP repository '/media/user12/data/work/ip_repo/myip_watch_1_0'.
INFO: [IP_Flow 19-1700] Loaded user IP repository '/media/user12/data/work/ip_repo/myip_stopwatch_1_0'.
INFO: [IP_Flow 19-1700] Loaded user IP repository '/media/user12/data/work/ip_repo/myip_cooktimer_1_0'.
INFO: [IP_Flow 19-1700] Loaded user IP repository '/media/user12/data/work/ip_repo/myip_iic_cntr_1_0'.
INFO: [IP_Flow 19-1700] Loaded user IP repository '/media/user12/data/work/ip_repo/myip_dht11_1_0'.
INFO: [IP_Flow 19-1700] Loaded user IP repository '/media/user12/data/work/ip_repo/myip_fnd_cntr_1_0'.
INFO: [IP_Flow 19-2313] Loaded Vivado IP repository '/media/user12/data/tools/xilinx/Vivado/2024.2/data/ip'.
INFO: [IP_Flow 19-6924] IPCACHE: Running cache check for IP inst: soc_multiwatch_lcd_dlmb_bram_if_cntlr_0
Command: synth_design -top soc_multiwatch_lcd_dlmb_bram_if_cntlr_0 -part xc7a35tcpg236-1 -incremental_mode off -mode out_of_context
Starting synth_design
Attempting to get a license for feature 'Synthesis' and/or device 'xc7a35t'
INFO: [Common 17-349] Got license for feature 'Synthesis' and/or device 'xc7a35t'
INFO: [Device 21-403] Loading part xc7a35tcpg236-1
INFO: [Synth 8-7079] Multithreading enabled for synth_design using a maximum of 7 processes.
INFO: [Synth 8-7078] Launching helper process for spawning children vivado processes
INFO: [Synth 8-7075] Helper process launched with PID 89547
---------------------------------------------------------------------------------
Starting RTL Elaboration : Time (s): cpu = 00:00:03 ; elapsed = 00:00:26 . Memory (MB): peak = 1840.898 ; gain = 417.828 ; free physical = 234 ; free virtual = 29298
---------------------------------------------------------------------------------

*** Running vivado
    with args -log soc_multiwatch_lcd_dlmb_bram_if_cntlr_0.vds -m64 -product Vivado -mode batch -messageDb vivado.pb -notrace -source soc_multiwatch_lcd_dlmb_bram_if_cntlr_0.tcl


****** Vivado v2024.2 (64-bit)
  **** SW Build 5239630 on Fri Nov 08 22:34:34 MST 2024
  **** IP Build 5239520 on Sun Nov 10 16:12:51 MST 2024
  **** SharedData Build 5239561 on Fri Nov 08 14:39:27 MST 2024
  **** Start of session at: Wed Jan 28 19:20:43 2026
    ** Copyright 1986-2022 Xilinx, Inc. All Rights Reserved.
    ** Copyright 2022-2024 Advanced Micro Devices, Inc. All Rights Reserved.

source soc_multiwatch_lcd_dlmb_bram_if_cntlr_0.tcl -notrace
INFO: [IP_Flow 19-234] Refreshing IP repositories
INFO: [IP_Flow 19-1700] Loaded user IP repository '/media/user12/data/work/ip_repo/myip_watch_1_0'.
WARNING: [IP_Flow 19-2207] Repository '/media/user12/data/work/ip_repo/myip_watch_1_0' already exists; ignoring attempt to add it again.
INFO: [IP_Flow 19-1700] Loaded user IP repository '/media/user12/data/work/ip_repo/myip_watch_1_0'.
INFO: [IP_Flow 19-1700] Loaded user IP repository '/media/user12/data/work/ip_repo/myip_stopwatch_1_0'.
INFO: [IP_Flow 19-1700] Loaded user IP repository '/media/user12/data/work/ip_repo/myip_cooktimer_1_0'.
INFO: [IP_Flow 19-1700] Loaded user IP repository '/media/user12/data/work/ip_repo/myip_iic_cntr_1_0'.
INFO: [IP_Flow 19-1700] Loaded user IP repository '/media/user12/data/work/ip_repo/myip_dht11_1_0'.
INFO: [IP_Flow 19-1700] Loaded user IP repository '/media/user12/data/work/ip_repo/myip_fnd_cntr_1_0'.
INFO: [IP_Flow 19-2313] Loaded Vivado IP repository '/media/user12/data/tools/xilinx/Vivado/2024.2/data/ip'.
INFO: [IP_Flow 19-6924] IPCACHE: Running cache check for IP inst: soc_multiwatch_lcd_dlmb_bram_if_cntlr_0
Command: synth_design -top soc_multiwatch_lcd_dlmb_bram_if_cntlr_0 -part xc7a35tcpg236-1 -incremental_mode off -mode out_of_context
Starting synth_design
Attempting to get a license for feature 'Synthesis' and/or device 'xc7a35t'
INFO: [Common 17-349] Got license for feature 'Synthesis' and/or device 'xc7a35t'
INFO: [Device 21-403] Loading part xc7a35tcpg236-1
INFO: [Synth 8-7079] Multithreading enabled for synth_design using a maximum of 7 processes.
INFO: [Synth 8-7078] Launching helper process for spawning children vivado processes
INFO: [Synth 8-7075] Helper process launched with PID 97808
---------------------------------------------------------------------------------
Starting RTL Elaboration : Time (s): cpu = 00:00:04 ; elapsed = 00:00:08 . Memory (MB): peak = 1840.832 ; gain = 419.828 ; free physical = 329 ; free virtual = 32934
---------------------------------------------------------------------------------
INFO: [Synth 8-638] synthesizing module 'soc_multiwatch_lcd_dlmb_bram_if_cntlr_0' [/media/user12/data/work/SOC_exam_2026/SOC_exam_2026.gen/sources_1/bd/soc_multiwatch_lcd/ip/soc_multiwatch_lcd_dlmb_bram_if_cntlr_0/synth/soc_multiwatch_lcd_dlmb_bram_if_cntlr_0.vhd:84]
	Parameter C_FAMILY bound to: artix7 - type: string 
	Parameter C_HIGHADDR bound to: 64'b0000000000000000000000000000000000000000000000011111111111111111 
	Parameter C_BASEADDR bound to: 64'b0000000000000000000000000000000000000000000000000000000000000000 
	Parameter C_NUM_LMB bound to: 1 - type: integer 
	Parameter C_MASK bound to: 64'b0000000000000000000000000000000001000000000000000000000000000000 
	Parameter C_MASK1 bound to: 64'b0000000000000000000000000000000000000000100000000000000000000000 
	Parameter C_MASK2 bound to: 64'b0000000000000000000000000000000000000000100000000000000000000000 
	Parameter C_MASK3 bound to: 64'b0000000000000000000000000000000000000000100000000000000000000000 
	Parameter C_MASK4 bound to: 64'b0000000000000000000000000000000000000000100000000000000000000000 
	Parameter C_MASK5 bound to: 64'b0000000000000000000000000000000000000000100000000000000000000000 
	Parameter C_MASK6 bound to: 64'b0000000000000000000000000000000000000000100000000000000000000000 
	Parameter C_MASK7 bound to: 64'b0000000000000000000000000000000000000000100000000000000000000000 
	Parameter C_LMB_AWIDTH bound to: 32 - type: integer 
	Parameter C_LMB_DWIDTH bound to: 32 - type: integer 
	Parameter C_LMB_PROTOCOL bound to: 0 - type: integer 
	Parameter C_ARBITRATION bound to: 0 - type: integer 
	Parameter C_ECC bound to: 0 - type: integer 
	Parameter C_INTERCONNECT bound to: 0 - type: integer 
	Parameter C_FAULT_INJECT bound to: 0 - type: integer 
	Parameter C_CE_FAILING_REGISTERS bound to: 0 - type: integer 
	Parameter C_UE_FAILING_REGISTERS bound to: 0 - type: integer 
	Parameter C_ECC_STATUS_REGISTERS bound to: 0 - type: integer 
	Parameter C_ECC_ONOFF_REGISTER bound to: 0 - type: integer 
	Parameter C_ECC_ONOFF_RESET_VALUE bound to: 1 - type: integer 
	Parameter C_CE_COUNTER_WIDTH bound to: 0 - type: integer 
	Parameter C_WRITE_ACCESS bound to: 2 - type: integer 
	Parameter C_BRAM_AWIDTH bound to: 32 - type: integer 
	Parameter C_S_AXI_CTRL_ADDR_WIDTH bound to: 32 - type: integer 
	Parameter C_S_AXI_CTRL_DATA_WIDTH bound to: 32 - type: integer 
INFO: [Synth 8-3491] module 'lmb_bram_if_cntlr' declared at '/media/user12/data/work/SOC_exam_2026/SOC_exam_2026.gen/sources_1/bd/soc_multiwatch_lcd/ipshared/73e9/hdl/lmb_bram_if_cntlr_v4_0_vh_rfs.vhd:5040' bound to instance 'U0' of component 'lmb_bram_if_cntlr' [/media/user12/data/work/SOC_exam_2026/SOC_exam_2026.gen/sources_1/bd/soc_multiwatch_lcd/ip/soc_multiwatch_lcd_dlmb_bram_if_cntlr_0/synth/soc_multiwatch_lcd_dlmb_bram_if_cntlr_0.vhd:280]
INFO: [Synth 8-638] synthesizing module 'lmb_bram_if_cntlr' [/media/user12/data/work/SOC_exam_2026/SOC_exam_2026.gen/sources_1/bd/soc_multiwatch_lcd/ipshared/73e9/hdl/lmb_bram_if_cntlr_v4_0_vh_rfs.vhd:5222]
	Parameter C_TARGET bound to: 2 - type: integer 
	Parameter C_BASEADDR bound to: 64'b0000000000000000000000000000000000000000000000000000000000000000 
	Parameter C_MASK bound to: 64'b0000000000000000000000000000000001000000000000000000000000000000 
	Parameter C_MASK1 bound to: 64'b0000000000000000000000000000000000000000100000000000000000000000 
	Parameter C_MASK2 bound to: 64'b0000000000000000000000000000000000000000100000000000000000000000 
	Parameter C_MASK3 bound to: 64'b0000000000000000000000000000000000000000100000000000000000000000 
	Parameter C_MASK4 bound to: 64'b0000000000000000000000000000000000000000100000000000000000000000 
	Parameter C_MASK5 bound to: 64'b0000000000000000000000000000000000000000100000000000000000000000 
	Parameter C_MASK6 bound to: 64'b0000000000000000000000000000000000000000100000000000000000000000 
	Parameter C_MASK7 bound to: 64'b0000000000000000000000000000000000000000100000000000000000000000 
	Parameter C_LMB_AWIDTH bound to: 32 - type: integer 
	Parameter C_LMB_DWIDTH bound to: 32 - type: integer 
	Parameter C_ECC_WIDTH bound to: 7 - type: integer 
	Parameter C_ECC bound to: 0 - type: integer 
	Parameter C_NUM_LMB bound to: 1 - type: integer 
	Parameter C_LMB_PROTOCOL bound to: 0 - type: integer 
	Parameter C_ARBITRATION bound to: 0 - type: integer 
INFO: [Synth 8-3491] module 'lmb_mux' declared at '/media/user12/data/work/SOC_exam_2026/SOC_exam_2026.gen/sources_1/bd/soc_multiwatch_lcd/ipshared/73e9/hdl/lmb_bram_if_cntlr_v4_0_vh_rfs.vhd:4146' bound to instance 'lmb_mux_I' of component 'lmb_mux' [/media/user12/data/work/SOC_exam_2026/SOC_exam_2026.gen/sources_1/bd/soc_multiwatch_lcd/ipshared/73e9/hdl/lmb_bram_if_cntlr_v4_0_vh_rfs.vhd:5548]
INFO: [Synth 8-638] synthesizing module 'lmb_mux' [/media/user12/data/work/SOC_exam_2026/SOC_exam_2026.gen/sources_1/bd/soc_multiwatch_lcd/ipshared/73e9/hdl/lmb_bram_if_cntlr_v4_0_vh_rfs.vhd:4291]
	Parameter C_AW bound to: 32 - type: integer 
	Parameter C_BAR bound to: 64'b0000000000000000000000000000000000000000000000000000000000000000 
	Parameter C_MASK bound to: 64'b0000000000000000000000000000000001000000000000000000000000000000 
INFO: [Synth 8-3491] module 'pselect_mask' declared at '/media/user12/data/work/SOC_exam_2026/SOC_exam_2026.gen/sources_1/bd/soc_multiwatch_lcd/ipshared/73e9/hdl/lmb_bram_if_cntlr_v4_0_vh_rfs.vhd:3470' bound to instance 'pselect_mask_lmb' of component 'pselect_mask' [/media/user12/data/work/SOC_exam_2026/SOC_exam_2026.gen/sources_1/bd/soc_multiwatch_lcd/ipshared/73e9/hdl/lmb_bram_if_cntlr_v4_0_vh_rfs.vhd:4404]
INFO: [Synth 8-638] synthesizing module 'pselect_mask' [/media/user12/data/work/SOC_exam_2026/SOC_exam_2026.gen/sources_1/bd/soc_multiwatch_lcd/ipshared/73e9/hdl/lmb_bram_if_cntlr_v4_0_vh_rfs.vhd:3485]
INFO: [Synth 8-256] done synthesizing module 'pselect_mask' (0#1) [/media/user12/data/work/SOC_exam_2026/SOC_exam_2026.gen/sources_1/bd/soc_multiwatch_lcd/ipshared/73e9/hdl/lmb_bram_if_cntlr_v4_0_vh_rfs.vhd:3485]
INFO: [Synth 8-256] done synthesizing module 'lmb_mux' (0#1) [/media/user12/data/work/SOC_exam_2026/SOC_exam_2026.gen/sources_1/bd/soc_multiwatch_lcd/ipshared/73e9/hdl/lmb_bram_if_cntlr_v4_0_vh_rfs.vhd:4291]
INFO: [Synth 8-256] done synthesizing module 'lmb_bram_if_cntlr' (0#1) [/media/user12/data/work/SOC_exam_2026/SOC_exam_2026.gen/sources_1/bd/soc_multiwatch_lcd/ipshared/73e9/hdl/lmb_bram_if_cntlr_v4_0_vh_rfs.vhd:5222]
INFO: [Synth 8-256] done synthesizing module 'soc_multiwatch_lcd_dlmb_bram_if_cntlr_0' (0#1) [/media/user12/data/work/SOC_exam_2026/SOC_exam_2026.gen/sources_1/bd/soc_multiwatch_lcd/ip/soc_multiwatch_lcd_dlmb_bram_if_cntlr_0/synth/soc_multiwatch_lcd_dlmb_bram_if_cntlr_0.vhd:84]
WARNING: [Synth 8-7129] Port A[0] in module pselect_mask is either unconnected or has no load
WARNING: [Synth 8-7129] Port A[2] in module pselect_mask is either unconnected or has no load
WARNING: [Synth 8-7129] Port A[3] in module pselect_mask is either unconnected or has no load
WARNING: [Synth 8-7129] Port A[4] in module pselect_mask is either unconnected or has no load
WARNING: [Synth 8-7129] Port A[5] in module pselect_mask is either unconnected or has no load
WARNING: [Synth 8-7129] Port A[6] in module pselect_mask is either unconnected or has no load
WARNING: [Synth 8-7129] Port A[7] in module pselect_mask is either unconnected or has no load
WARNING: [Synth 8-7129] Port A[8] in module pselect_mask is either unconnected or has no load
WARNING: [Synth 8-7129] Port A[9] in module pselect_mask is either unconnected or has no load
WARNING: [Synth 8-7129] Port A[10] in module pselect_mask is either unconnected or has no load
WARNING: [Synth 8-7129] Port A[11] in module pselect_mask is either unconnected or has no load
WARNING: [Synth 8-7129] Port A[12] in module pselect_mask is either unconnected or has no load
WARNING: [Synth 8-7129] Port A[13] in module pselect_mask is either unconnected or has no load
WARNING: [Synth 8-7129] Port A[14] in module pselect_mask is either unconnected or has no load
WARNING: [Synth 8-7129] Port A[15] in module pselect_mask is either unconnected or has no load
WARNING: [Synth 8-7129] Port A[16] in module pselect_mask is either unconnected or has no load
WARNING: [Synth 8-7129] Port A[17] in module pselect_mask is either unconnected or has no load
WARNING: [Synth 8-7129] Port A[18] in module pselect_mask is either unconnected or has no load
WARNING: [Synth 8-7129] Port A[19] in module pselect_mask is either unconnected or has no load
WARNING: [Synth 8-7129] Port A[20] in module pselect_mask is either unconnected or has no load
WARNING: [Synth 8-7129] Port A[21] in module pselect_mask is either unconnected or has no load
WARNING: [Synth 8-7129] Port A[22] in module pselect_mask is either unconnected or has no load
WARNING: [Synth 8-7129] Port A[23] in module pselect_mask is either unconnected or has no load
WARNING: [Synth 8-7129] Port A[24] in module pselect_mask is either unconnected or has no load
WARNING: [Synth 8-7129] Port A[25] in module pselect_mask is either unconnected or has no load
WARNING: [Synth 8-7129] Port A[26] in module pselect_mask is either unconnected or has no load
WARNING: [Synth 8-7129] Port A[27] in module pselect_mask is either unconnected or has no load
WARNING: [Synth 8-7129] Port A[28] in module pselect_mask is either unconnected or has no load
WARNING: [Synth 8-7129] Port A[29] in module pselect_mask is either unconnected or has no load
WARNING: [Synth 8-7129] Port A[30] in module pselect_mask is either unconnected or has no load
WARNING: [Synth 8-7129] Port A[31] in module pselect_mask is either unconnected or has no load
WARNING: [Synth 8-7129] Port LMB_Clk in module lmb_mux is either unconnected or has no load
WARNING: [Synth 8-7129] Port LMB_Rst in module lmb_mux is either unconnected or has no load
WARNING: [Synth 8-7129] Port LMB1_ABus[0] in module lmb_mux is either unconnected or has no load
WARNING: [Synth 8-7129] Port LMB1_ABus[1] in module lmb_mux is either unconnected or has no load
WARNING: [Synth 8-7129] Port LMB1_ABus[2] in module lmb_mux is either unconnected or has no load
WARNING: [Synth 8-7129] Port LMB1_ABus[3] in module lmb_mux is either unconnected or has no load
WARNING: [Synth 8-7129] Port LMB1_ABus[4] in module lmb_mux is either unconnected or has no load
WARNING: [Synth 8-7129] Port LMB1_ABus[5] in module lmb_mux is either unconnected or has no load
WARNING: [Synth 8-7129] Port LMB1_ABus[6] in module lmb_mux is either unconnected or has no load
WARNING: [Synth 8-7129] Port LMB1_ABus[7] in module lmb_mux is either unconnected or has no load
WARNING: [Synth 8-7129] Port LMB1_ABus[8] in module lmb_mux is either unconnected or has no load
WARNING: [Synth 8-7129] Port LMB1_ABus[9] in module lmb_mux is either unconnected or has no load
WARNING: [Synth 8-7129] Port LMB1_ABus[10] in module lmb_mux is either unconnected or has no load
WARNING: [Synth 8-7129] Port LMB1_ABus[11] in module lmb_mux is either unconnected or has no load
WARNING: [Synth 8-7129] Port LMB1_ABus[12] in module lmb_mux is either unconnected or has no load
WARNING: [Synth 8-7129] Port LMB1_ABus[13] in module lmb_mux is either unconnected or has no load
WARNING: [Synth 8-7129] Port LMB1_ABus[14] in module lmb_mux is either unconnected or has no load
WARNING: [Synth 8-7129] Port LMB1_ABus[15] in module lmb_mux is either unconnected or has no load
WARNING: [Synth 8-7129] Port LMB1_ABus[16] in module lmb_mux is either unconnected or has no load
WARNING: [Synth 8-7129] Port LMB1_ABus[17] in module lmb_mux is either unconnected or has no load
WARNING: [Synth 8-7129] Port LMB1_ABus[18] in module lmb_mux is either unconnected or has no load
WARNING: [Synth 8-7129] Port LMB1_ABus[19] in module lmb_mux is either unconnected or has no load
WARNING: [Synth 8-7129] Port LMB1_ABus[20] in module lmb_mux is either unconnected or has no load
WARNING: [Synth 8-7129] Port LMB1_ABus[21] in module lmb_mux is either unconnected or has no load
WARNING: [Synth 8-7129] Port LMB1_ABus[22] in module lmb_mux is either unconnected or has no load
WARNING: [Synth 8-7129] Port LMB1_ABus[23] in module lmb_mux is either unconnected or has no load
WARNING: [Synth 8-7129] Port LMB1_ABus[24] in module lmb_mux is either unconnected or has no load
WARNING: [Synth 8-7129] Port LMB1_ABus[25] in module lmb_mux is either unconnected or has no load
WARNING: [Synth 8-7129] Port LMB1_ABus[26] in module lmb_mux is either unconnected or has no load
WARNING: [Synth 8-7129] Port LMB1_ABus[27] in module lmb_mux is either unconnected or has no load
WARNING: [Synth 8-7129] Port LMB1_ABus[28] in module lmb_mux is either unconnected or has no load
WARNING: [Synth 8-7129] Port LMB1_ABus[29] in module lmb_mux is either unconnected or has no load
WARNING: [Synth 8-7129] Port LMB1_ABus[30] in module lmb_mux is either unconnected or has no load
WARNING: [Synth 8-7129] Port LMB1_ABus[31] in module lmb_mux is either unconnected or has no load
WARNING: [Synth 8-7129] Port LMB1_WriteDBus[0] in module lmb_mux is either unconnected or has no load
WARNING: [Synth 8-7129] Port LMB1_WriteDBus[1] in module lmb_mux is either unconnected or has no load
WARNING: [Synth 8-7129] Port LMB1_WriteDBus[2] in module lmb_mux is either unconnected or has no load
WARNING: [Synth 8-7129] Port LMB1_WriteDBus[3] in module lmb_mux is either unconnected or has no load
WARNING: [Synth 8-7129] Port LMB1_WriteDBus[4] in module lmb_mux is either unconnected or has no load
WARNING: [Synth 8-7129] Port LMB1_WriteDBus[5] in module lmb_mux is either unconnected or has no load
WARNING: [Synth 8-7129] Port LMB1_WriteDBus[6] in module lmb_mux is either unconnected or has no load
WARNING: [Synth 8-7129] Port LMB1_WriteDBus[7] in module lmb_mux is either unconnected or has no load
WARNING: [Synth 8-7129] Port LMB1_WriteDBus[8] in module lmb_mux is either unconnected or has no load
WARNING: [Synth 8-7129] Port LMB1_WriteDBus[9] in module lmb_mux is either unconnected or has no load
WARNING: [Synth 8-7129] Port LMB1_WriteDBus[10] in module lmb_mux is either unconnected or has no load
WARNING: [Synth 8-7129] Port LMB1_WriteDBus[11] in module lmb_mux is either unconnected or has no load
WARNING: [Synth 8-7129] Port LMB1_WriteDBus[12] in module lmb_mux is either unconnected or has no load
WARNING: [Synth 8-7129] Port LMB1_WriteDBus[13] in module lmb_mux is either unconnected or has no load
WARNING: [Synth 8-7129] Port LMB1_WriteDBus[14] in module lmb_mux is either unconnected or has no load
WARNING: [Synth 8-7129] Port LMB1_WriteDBus[15] in module lmb_mux is either unconnected or has no load
WARNING: [Synth 8-7129] Port LMB1_WriteDBus[16] in module lmb_mux is either unconnected or has no load
WARNING: [Synth 8-7129] Port LMB1_WriteDBus[17] in module lmb_mux is either unconnected or has no load
WARNING: [Synth 8-7129] Port LMB1_WriteDBus[18] in module lmb_mux is either unconnected or has no load
WARNING: [Synth 8-7129] Port LMB1_WriteDBus[19] in module lmb_mux is either unconnected or has no load
WARNING: [Synth 8-7129] Port LMB1_WriteDBus[20] in module lmb_mux is either unconnected or has no load
WARNING: [Synth 8-7129] Port LMB1_WriteDBus[21] in module lmb_mux is either unconnected or has no load
WARNING: [Synth 8-7129] Port LMB1_WriteDBus[22] in module lmb_mux is either unconnected or has no load
WARNING: [Synth 8-7129] Port LMB1_WriteDBus[23] in module lmb_mux is either unconnected or has no load
WARNING: [Synth 8-7129] Port LMB1_WriteDBus[24] in module lmb_mux is either unconnected or has no load
WARNING: [Synth 8-7129] Port LMB1_WriteDBus[25] in module lmb_mux is either unconnected or has no load
WARNING: [Synth 8-7129] Port LMB1_WriteDBus[26] in module lmb_mux is either unconnected or has no load
WARNING: [Synth 8-7129] Port LMB1_WriteDBus[27] in module lmb_mux is either unconnected or has no load
WARNING: [Synth 8-7129] Port LMB1_WriteDBus[28] in module lmb_mux is either unconnected or has no load
WARNING: [Synth 8-7129] Port LMB1_WriteDBus[29] in module lmb_mux is either unconnected or has no load
WARNING: [Synth 8-7129] Port LMB1_WriteDBus[30] in module lmb_mux is either unconnected or has no load
WARNING: [Synth 8-7129] Port LMB1_WriteDBus[31] in module lmb_mux is either unconnected or has no load
WARNING: [Synth 8-7129] Port LMB1_AddrStrobe in module lmb_mux is either unconnected or has no load
WARNING: [Synth 8-7129] Port LMB1_ReadStrobe in module lmb_mux is either unconnected or has no load
WARNING: [Synth 8-7129] Port LMB1_WriteStrobe in module lmb_mux is either unconnected or has no load
INFO: [Common 17-14] Message 'Synth 8-7129' appears 100 times and further instances of the messages will be disabled. Use the Tcl command set_msg_config to change the current settings.
---------------------------------------------------------------------------------
Finished RTL Elaboration : Time (s): cpu = 00:00:05 ; elapsed = 00:00:11 . Memory (MB): peak = 1921.770 ; gain = 500.766 ; free physical = 241 ; free virtual = 32659
---------------------------------------------------------------------------------
---------------------------------------------------------------------------------
Start Handling Custom Attributes
---------------------------------------------------------------------------------
---------------------------------------------------------------------------------
Finished Handling Custom Attributes : Time (s): cpu = 00:00:05 ; elapsed = 00:00:11 . Memory (MB): peak = 1939.582 ; gain = 518.578 ; free physical = 232 ; free virtual = 32653
---------------------------------------------------------------------------------
---------------------------------------------------------------------------------
Finished RTL Optimization Phase 1 : Time (s): cpu = 00:00:05 ; elapsed = 00:00:11 . Memory (MB): peak = 1939.582 ; gain = 518.578 ; free physical = 232 ; free virtual = 32653
---------------------------------------------------------------------------------
Netlist sorting complete. Time (s): cpu = 00:00:00.01 ; elapsed = 00:00:00.08 . Memory (MB): peak = 1939.582 ; gain = 0.000 ; free physical = 209 ; free virtual = 31894
INFO: [Project 1-570] Preparing netlist for logic optimization

Processing XDC Constraints
Initializing timing engine
Parsing XDC File [/media/user12/data/work/SOC_exam_2026/SOC_exam_2026.gen/sources_1/bd/soc_multiwatch_lcd/ip/soc_multiwatch_lcd_dlmb_bram_if_cntlr_0/soc_multiwatch_lcd_dlmb_bram_if_cntlr_0_ooc.xdc] for cell 'U0'
Finished Parsing XDC File [/media/user12/data/work/SOC_exam_2026/SOC_exam_2026.gen/sources_1/bd/soc_multiwatch_lcd/ip/soc_multiwatch_lcd_dlmb_bram_if_cntlr_0/soc_multiwatch_lcd_dlmb_bram_if_cntlr_0_ooc.xdc] for cell 'U0'
Parsing XDC File [/media/user12/data/work/SOC_exam_2026/SOC_exam_2026.runs/soc_multiwatch_lcd_dlmb_bram_if_cntlr_0_synth_1/dont_touch.xdc]
Finished Parsing XDC File [/media/user12/data/work/SOC_exam_2026/SOC_exam_2026.runs/soc_multiwatch_lcd_dlmb_bram_if_cntlr_0_synth_1/dont_touch.xdc]
Completed Processing XDC Constraints

Netlist sorting complete. Time (s): cpu = 00:00:00 ; elapsed = 00:00:00 . Memory (MB): peak = 2048.332 ; gain = 0.000 ; free physical = 197 ; free virtual = 31453
INFO: [Project 1-111] Unisim Transformation Summary:
No Unisim elements were transformed.

Constraint Validation Runtime : Time (s): cpu = 00:00:00.02 ; elapsed = 00:00:00.35 . Memory (MB): peak = 2048.332 ; gain = 0.000 ; free physical = 173 ; free virtual = 31434
INFO: [Designutils 20-5008] Incremental synthesis strategy off
---------------------------------------------------------------------------------
Finished Constraint Validation : Time (s): cpu = 00:00:09 ; elapsed = 00:00:32 . Memory (MB): peak = 2048.332 ; gain = 627.328 ; free physical = 223 ; free virtual = 31397
---------------------------------------------------------------------------------
---------------------------------------------------------------------------------
Start Loading Part and Timing Information
---------------------------------------------------------------------------------
Loading part: xc7a35tcpg236-1
---------------------------------------------------------------------------------
Finished Loading Part and Timing Information : Time (s): cpu = 00:00:09 ; elapsed = 00:00:32 . Memory (MB): peak = 2056.336 ; gain = 635.332 ; free physical = 223 ; free virtual = 31397
---------------------------------------------------------------------------------
---------------------------------------------------------------------------------
Start Applying 'set_property' XDC Constraints
---------------------------------------------------------------------------------
Applied set_property KEEP_HIERARCHY = SOFT for U0. (constraint file  /media/user12/data/work/SOC_exam_2026/SOC_exam_2026.runs/soc_multiwatch_lcd_dlmb_bram_if_cntlr_0_synth_1/dont_touch.xdc, line 9).
---------------------------------------------------------------------------------
Finished applying 'set_property' XDC Constraints : Time (s): cpu = 00:00:09 ; elapsed = 00:00:32 . Memory (MB): peak = 2056.336 ; gain = 635.332 ; free physical = 217 ; free virtual = 31409
---------------------------------------------------------------------------------
---------------------------------------------------------------------------------
Finished RTL Optimization Phase 2 : Time (s): cpu = 00:00:10 ; elapsed = 00:00:33 . Memory (MB): peak = 2056.336 ; gain = 635.332 ; free physical = 285 ; free virtual = 31440
---------------------------------------------------------------------------------
---------------------------------------------------------------------------------
Start RTL Component Statistics 
---------------------------------------------------------------------------------
Detailed RTL Component Info : 
+---Registers : 
	                1 Bit    Registers := 2     
---------------------------------------------------------------------------------
Finished RTL Component Statistics 
---------------------------------------------------------------------------------
---------------------------------------------------------------------------------
Start Part Resource Summary
---------------------------------------------------------------------------------
Part Resources:
DSPs: 90 (col length:60)
BRAMs: 100 (col length: RAMB18 60 RAMB36 30)
---------------------------------------------------------------------------------
Finished Part Resource Summary
---------------------------------------------------------------------------------
---------------------------------------------------------------------------------
Start Cross Boundary and Area Optimization
---------------------------------------------------------------------------------
WARNING: [Synth 8-7080] Parallel synthesis criteria is not met
---------------------------------------------------------------------------------
Finished Cross Boundary and Area Optimization : Time (s): cpu = 00:00:10 ; elapsed = 00:00:35 . Memory (MB): peak = 2056.336 ; gain = 635.332 ; free physical = 235 ; free virtual = 31327
---------------------------------------------------------------------------------
---------------------------------------------------------------------------------
Start Applying XDC Timing Constraints
---------------------------------------------------------------------------------
---------------------------------------------------------------------------------
Finished Applying XDC Timing Constraints : Time (s): cpu = 00:00:14 ; elapsed = 00:00:40 . Memory (MB): peak = 2102.336 ; gain = 681.332 ; free physical = 218 ; free virtual = 30896
---------------------------------------------------------------------------------
---------------------------------------------------------------------------------
Start Timing Optimization
---------------------------------------------------------------------------------
---------------------------------------------------------------------------------
Finished Timing Optimization : Time (s): cpu = 00:00:14 ; elapsed = 00:00:40 . Memory (MB): peak = 2102.336 ; gain = 681.332 ; free physical = 169 ; free virtual = 30850
---------------------------------------------------------------------------------
---------------------------------------------------------------------------------
Start Technology Mapping
---------------------------------------------------------------------------------
---------------------------------------------------------------------------------
Finished Technology Mapping : Time (s): cpu = 00:00:14 ; elapsed = 00:00:40 . Memory (MB): peak = 2111.352 ; gain = 690.348 ; free physical = 174 ; free virtual = 30829
---------------------------------------------------------------------------------
---------------------------------------------------------------------------------
Start IO Insertion
---------------------------------------------------------------------------------
---------------------------------------------------------------------------------
Start Flattening Before IO Insertion
---------------------------------------------------------------------------------
---------------------------------------------------------------------------------
Finished Flattening Before IO Insertion
---------------------------------------------------------------------------------
---------------------------------------------------------------------------------
Start Final Netlist Cleanup
---------------------------------------------------------------------------------
---------------------------------------------------------------------------------
Finished Final Netlist Cleanup
---------------------------------------------------------------------------------
---------------------------------------------------------------------------------
Finished IO Insertion : Time (s): cpu = 00:00:16 ; elapsed = 00:00:45 . Memory (MB): peak = 2273.164 ; gain = 852.160 ; free physical = 165 ; free virtual = 29986
---------------------------------------------------------------------------------
---------------------------------------------------------------------------------
Start Renaming Generated Instances
---------------------------------------------------------------------------------
---------------------------------------------------------------------------------
Finished Renaming Generated Instances : Time (s): cpu = 00:00:16 ; elapsed = 00:00:45 . Memory (MB): peak = 2273.164 ; gain = 852.160 ; free physical = 185 ; free virtual = 29982
---------------------------------------------------------------------------------
---------------------------------------------------------------------------------
Start Rebuilding User Hierarchy
---------------------------------------------------------------------------------
---------------------------------------------------------------------------------
Finished Rebuilding User Hierarchy : Time (s): cpu = 00:00:16 ; elapsed = 00:00:45 . Memory (MB): peak = 2273.164 ; gain = 852.160 ; free physical = 175 ; free virtual = 29952
---------------------------------------------------------------------------------
---------------------------------------------------------------------------------
Start Renaming Generated Ports
---------------------------------------------------------------------------------
---------------------------------------------------------------------------------
Finished Renaming Generated Ports : Time (s): cpu = 00:00:16 ; elapsed = 00:00:45 . Memory (MB): peak = 2273.164 ; gain = 852.160 ; free physical = 173 ; free virtual = 29950
---------------------------------------------------------------------------------
---------------------------------------------------------------------------------
Start Handling Custom Attributes
---------------------------------------------------------------------------------
---------------------------------------------------------------------------------
Finished Handling Custom Attributes : Time (s): cpu = 00:00:16 ; elapsed = 00:00:45 . Memory (MB): peak = 2273.164 ; gain = 852.160 ; free physical = 177 ; free virtual = 29940
---------------------------------------------------------------------------------
---------------------------------------------------------------------------------
Start Renaming Generated Nets
---------------------------------------------------------------------------------
---------------------------------------------------------------------------------
Finished Renaming Generated Nets : Time (s): cpu = 00:00:16 ; elapsed = 00:00:45 . Memory (MB): peak = 2273.164 ; gain = 852.160 ; free physical = 189 ; free virtual = 29952
---------------------------------------------------------------------------------
---------------------------------------------------------------------------------
Start Writing Synthesis Report
---------------------------------------------------------------------------------

Report BlackBoxes: 
+-+--------------+----------+
| |BlackBox name |Instances |
+-+--------------+----------+
+-+--------------+----------+

Report Cell Usage: 
+------+-----+------+
|      |Cell |Count |
+------+-----+------+
|1     |LUT2 |     3|
|2     |LUT3 |     4|
|3     |FDRE |     2|
+------+-----+------+
---------------------------------------------------------------------------------
Finished Writing Synthesis Report : Time (s): cpu = 00:00:16 ; elapsed = 00:00:45 . Memory (MB): peak = 2273.164 ; gain = 852.160 ; free physical = 248 ; free virtual = 29936
---------------------------------------------------------------------------------
Synthesis finished with 0 errors, 0 critical warnings and 606 warnings.
Synthesis Optimization Runtime : Time (s): cpu = 00:00:15 ; elapsed = 00:00:30 . Memory (MB): peak = 2273.164 ; gain = 743.410 ; free physical = 202 ; free virtual = 29882
Synthesis Optimization Complete : Time (s): cpu = 00:00:16 ; elapsed = 00:00:46 . Memory (MB): peak = 2273.172 ; gain = 852.160 ; free physical = 202 ; free virtual = 29882
INFO: [Project 1-571] Translating synthesized netlist
Netlist sorting complete. Time (s): cpu = 00:00:00 ; elapsed = 00:00:00 . Memory (MB): peak = 2273.172 ; gain = 0.000 ; free physical = 227 ; free virtual = 29841
INFO: [Project 1-570] Preparing netlist for logic optimization
INFO: [Opt 31-138] Pushed 0 inverter(s) to 0 load pin(s).
Netlist sorting complete. Time (s): cpu = 00:00:00 ; elapsed = 00:00:00 . Memory (MB): peak = 2329.191 ; gain = 0.000 ; free physical = 181 ; free virtual = 29791
INFO: [Project 1-111] Unisim Transformation Summary:
No Unisim elements were transformed.

Synth Design complete | Checksum: 47b82295
INFO: [Common 17-83] Releasing license: Synthesis
35 Infos, 102 Warnings, 0 Critical Warnings and 0 Errors encountered.
synth_design completed successfully
synth_design: Time (s): cpu = 00:00:19 ; elapsed = 00:00:49 . Memory (MB): peak = 2329.191 ; gain = 916.191 ; free physical = 297 ; free virtual = 29824
INFO: [Common 17-2834] synth_design peak Physical Memory [PSS] (MB): overall = 1204.536; main = 1024.961; forked = 179.575
INFO: [Common 17-2834] synth_design peak Virtual Memory [VSS] (MB): overall = 3250.039; main = 2329.195; forked = 920.859
Write ShapeDB Complete: Time (s): cpu = 00:00:00 ; elapsed = 00:00:00.05 . Memory (MB): peak = 2353.203 ; gain = 0.000 ; free physical = 275 ; free virtual = 29811
INFO: [Common 17-1381] The checkpoint '/media/user12/data/work/SOC_exam_2026/SOC_exam_2026.runs/soc_multiwatch_lcd_dlmb_bram_if_cntlr_0_synth_1/soc_multiwatch_lcd_dlmb_bram_if_cntlr_0.dcp' has been generated.
INFO: [Coretcl 2-1648] Added synthesis output to IP cache for IP soc_multiwatch_lcd_dlmb_bram_if_cntlr_0, cache-ID = 8b4765a6e78a1d5b
Write ShapeDB Complete: Time (s): cpu = 00:00:00 ; elapsed = 00:00:00 . Memory (MB): peak = 2353.203 ; gain = 0.000 ; free physical = 1316 ; free virtual = 30875
INFO: [Common 17-1381] The checkpoint '/media/user12/data/work/SOC_exam_2026/SOC_exam_2026.runs/soc_multiwatch_lcd_dlmb_bram_if_cntlr_0_synth_1/soc_multiwatch_lcd_dlmb_bram_if_cntlr_0.dcp' has been generated.
INFO: [Vivado 12-24828] Executing command : report_utilization -file soc_multiwatch_lcd_dlmb_bram_if_cntlr_0_utilization_synth.rpt -pb soc_multiwatch_lcd_dlmb_bram_if_cntlr_0_utilization_synth.pb
INFO: [Common 17-206] Exiting Vivado at Wed Jan 28 19:21:38 2026...
