Copyright 1986-2022 Xilinx, Inc. All Rights Reserved. Copyright 2022-2024 Advanced Micro Devices, Inc. All Rights Reserved.
---------------------------------------------------------------------------------------------------------------------------------------------
| Tool Version : Vivado v.2024.2 (lin64) Build 5239630 Fri Nov 08 22:34:34 MST 2024
| Date         : Fri Jan 16 16:37:52 2026
| Host         : user12-B80KV-AP35BKE running 64-bit Ubuntu 24.04.3 LTS
| Command      : report_control_sets -verbose -file ili9341_karina_display_control_sets_placed.rpt
| Design       : ili9341_karina_display
| Device       : xc7a35t
---------------------------------------------------------------------------------------------------------------------------------------------

Control Set Information

Table of Contents
-----------------
1. Summary
2. Histogram
3. Flip-Flop Distribution
4. Detailed Control Set Information

1. Summary
----------

+----------------------------------------------------------+-------+
|                          Status                          | Count |
+----------------------------------------------------------+-------+
| Total control sets                                       |    14 |
|    Minimum number of control sets                        |    14 |
|    Addition due to synthesis replication                 |     0 |
|    Addition due to physical synthesis replication        |     0 |
| Unused register locations in slices containing registers |    58 |
+----------------------------------------------------------+-------+
* Control sets can be merged at opt_design using control_set_merge or merge_equivalent_drivers
** Run report_qor_suggestions for automated merging and remapping suggestions


2. Histogram
------------

+--------------------+-------+
|       Fanout       | Count |
+--------------------+-------+
| Total control sets |    14 |
| >= 0 to < 4        |     5 |
| >= 4 to < 6        |     2 |
| >= 6 to < 8        |     0 |
| >= 8 to < 10       |     4 |
| >= 10 to < 12      |     0 |
| >= 12 to < 14      |     0 |
| >= 14 to < 16      |     1 |
| >= 16              |     2 |
+--------------------+-------+
* Control sets can be remapped at either synth_design or opt_design


3. Flip-Flop Distribution
-------------------------

+--------------+-----------------------+------------------------+-----------------+--------------+
| Clock Enable | Synchronous Set/Reset | Asynchronous Set/Reset | Total Registers | Total Slices |
+--------------+-----------------------+------------------------+-----------------+--------------+
| No           | No                    | No                     |              15 |            9 |
| No           | No                    | Yes                    |               0 |            0 |
| No           | Yes                   | No                     |              17 |            5 |
| Yes          | No                    | No                     |              14 |            7 |
| Yes          | No                    | Yes                    |               0 |            0 |
| Yes          | Yes                   | No                     |              64 |           29 |
+--------------+-----------------------+------------------------+-----------------+--------------+


4. Detailed Control Set Information
-----------------------------------

+----------------+-------------------------+------------------+------------------+----------------+--------------+
|  Clock Signal  |      Enable Signal      | Set/Reset Signal | Slice Load Count | Bel Load Count | Bels / Slice |
+----------------+-------------------------+------------------+------------------+----------------+--------------+
|  clk_IBUF_BUFG | lcd_sdi2_out            |                  |                1 |              1 |         1.00 |
|  clk_IBUF_BUFG | lcd_cs_i_1_n_0          | rst_n_IBUF       |                1 |              1 |         1.00 |
|  clk_IBUF_BUFG | lcd_dc1_out             |                  |                1 |              1 |         1.00 |
|  clk_IBUF_BUFG | lcd_sck_i_1_n_0         | rst_n_IBUF       |                1 |              1 |         1.00 |
|  clk_IBUF_BUFG | lcd_reset_i_1_n_0       | rst_n_IBUF       |                1 |              1 |         1.00 |
|  clk_IBUF_BUFG | state                   | rst_n_IBUF       |                3 |              4 |         1.33 |
|  clk_IBUF_BUFG | return_state[3]_i_1_n_0 |                  |                1 |              4 |         4.00 |
|  clk_IBUF_BUFG | rom_addr_i_2_n_0        | rst_n_IBUF       |                2 |              8 |         4.00 |
|  clk_IBUF_BUFG | step[7]_i_1_n_0         | rst_n_IBUF       |                5 |              8 |         1.60 |
|  clk_IBUF_BUFG | send_data[7]_i_1_n_0    |                  |                4 |              8 |         2.00 |
|  clk_IBUF_BUFG | sel                     | rst_n_IBUF       |                3 |              9 |         3.00 |
|  clk_IBUF_BUFG |                         |                  |                9 |             15 |         1.67 |
|  clk_IBUF_BUFG |                         | tick_1ms_i_1_n_0 |                5 |             17 |         3.40 |
|  clk_IBUF_BUFG | delay_cnt[31]_i_1_n_0   | rst_n_IBUF       |               13 |             32 |         2.46 |
+----------------+-------------------------+------------------+------------------+----------------+--------------+


