
*** Running vivado
    with args -log ili9341_karina_display.vdi -applog -m64 -product Vivado -messageDb vivado.pb -mode batch -source ili9341_karina_display.tcl -notrace


****** Vivado v2024.2 (64-bit)
  **** SW Build 5239630 on Fri Nov 08 22:34:34 MST 2024
  **** IP Build 5239520 on Sun Nov 10 16:12:51 MST 2024
  **** SharedData Build 5239561 on Fri Nov 08 14:39:27 MST 2024
  **** Start of session at: Fri Jan 16 16:37:37 2026
    ** Copyright 1986-2022 Xilinx, Inc. All Rights Reserved.
    ** Copyright 2022-2024 Advanced Micro Devices, Inc. All Rights Reserved.

source ili9341_karina_display.tcl -notrace
Command: link_design -top ili9341_karina_display -part xc7a35tcpg236-1
Design is defaulting to srcset: sources_1
Design is defaulting to constrset: constrs_1
INFO: [Device 21-403] Loading part xc7a35tcpg236-1
INFO: [Project 1-454] Reading design checkpoint '/media/user12/data/work/basys_exam_2025/basys_exam_2025.gen/sources_1/ip/jiwoo/jiwoo.dcp' for cell 'your_instance_name'
Netlist sorting complete. Time (s): cpu = 00:00:00 ; elapsed = 00:00:00.01 . Memory (MB): peak = 1467.641 ; gain = 0.000 ; free physical = 6321 ; free virtual = 38671
INFO: [Netlist 29-17] Analyzing 72 Unisim elements for replacement
INFO: [Netlist 29-28] Unisim Transformation completed in 0 CPU seconds
INFO: [Project 1-479] Netlist was created with Vivado 2024.2
INFO: [Project 1-570] Preparing netlist for logic optimization
Parsing XDC File [/media/user12/data/work/basys_exam_2025/basys_exam_2025.srcs/constrs_1/imports/Downloads/Basys-3-Master.xdc]
WARNING: [Vivado 12-584] No ports matched 'slide'. [/media/user12/data/work/basys_exam_2025/basys_exam_2025.srcs/constrs_1/imports/Downloads/Basys-3-Master.xdc:12]
CRITICAL WARNING: [Common 17-55] 'set_property' expects at least one object. [/media/user12/data/work/basys_exam_2025/basys_exam_2025.srcs/constrs_1/imports/Downloads/Basys-3-Master.xdc:12]
Resolution: If [get_<value>] was used to populate the object, check to make sure this command returns at least one valid object.
WARNING: [Vivado 12-584] No ports matched 'slide[1]'. [/media/user12/data/work/basys_exam_2025/basys_exam_2025.srcs/constrs_1/imports/Downloads/Basys-3-Master.xdc:13]
CRITICAL WARNING: [Common 17-55] 'set_property' expects at least one object. [/media/user12/data/work/basys_exam_2025/basys_exam_2025.srcs/constrs_1/imports/Downloads/Basys-3-Master.xdc:13]
Resolution: If [get_<value>] was used to populate the object, check to make sure this command returns at least one valid object.
WARNING: [Vivado 12-584] No ports matched 'slide[2]'. [/media/user12/data/work/basys_exam_2025/basys_exam_2025.srcs/constrs_1/imports/Downloads/Basys-3-Master.xdc:14]
CRITICAL WARNING: [Common 17-55] 'set_property' expects at least one object. [/media/user12/data/work/basys_exam_2025/basys_exam_2025.srcs/constrs_1/imports/Downloads/Basys-3-Master.xdc:14]
Resolution: If [get_<value>] was used to populate the object, check to make sure this command returns at least one valid object.
WARNING: [Vivado 12-584] No ports matched 'slide[3]'. [/media/user12/data/work/basys_exam_2025/basys_exam_2025.srcs/constrs_1/imports/Downloads/Basys-3-Master.xdc:15]
CRITICAL WARNING: [Common 17-55] 'set_property' expects at least one object. [/media/user12/data/work/basys_exam_2025/basys_exam_2025.srcs/constrs_1/imports/Downloads/Basys-3-Master.xdc:15]
Resolution: If [get_<value>] was used to populate the object, check to make sure this command returns at least one valid object.
WARNING: [Vivado 12-584] No ports matched 'slide[4]'. [/media/user12/data/work/basys_exam_2025/basys_exam_2025.srcs/constrs_1/imports/Downloads/Basys-3-Master.xdc:16]
CRITICAL WARNING: [Common 17-55] 'set_property' expects at least one object. [/media/user12/data/work/basys_exam_2025/basys_exam_2025.srcs/constrs_1/imports/Downloads/Basys-3-Master.xdc:16]
Resolution: If [get_<value>] was used to populate the object, check to make sure this command returns at least one valid object.
WARNING: [Vivado 12-584] No ports matched 'slide[5]'. [/media/user12/data/work/basys_exam_2025/basys_exam_2025.srcs/constrs_1/imports/Downloads/Basys-3-Master.xdc:17]
CRITICAL WARNING: [Common 17-55] 'set_property' expects at least one object. [/media/user12/data/work/basys_exam_2025/basys_exam_2025.srcs/constrs_1/imports/Downloads/Basys-3-Master.xdc:17]
Resolution: If [get_<value>] was used to populate the object, check to make sure this command returns at least one valid object.
WARNING: [Vivado 12-584] No ports matched 'slide[6]'. [/media/user12/data/work/basys_exam_2025/basys_exam_2025.srcs/constrs_1/imports/Downloads/Basys-3-Master.xdc:18]
CRITICAL WARNING: [Common 17-55] 'set_property' expects at least one object. [/media/user12/data/work/basys_exam_2025/basys_exam_2025.srcs/constrs_1/imports/Downloads/Basys-3-Master.xdc:18]
Resolution: If [get_<value>] was used to populate the object, check to make sure this command returns at least one valid object.
WARNING: [Vivado 12-584] No ports matched 'slide[7]'. [/media/user12/data/work/basys_exam_2025/basys_exam_2025.srcs/constrs_1/imports/Downloads/Basys-3-Master.xdc:19]
CRITICAL WARNING: [Common 17-55] 'set_property' expects at least one object. [/media/user12/data/work/basys_exam_2025/basys_exam_2025.srcs/constrs_1/imports/Downloads/Basys-3-Master.xdc:19]
Resolution: If [get_<value>] was used to populate the object, check to make sure this command returns at least one valid object.
WARNING: [Vivado 12-584] No ports matched 'slide[8]'. [/media/user12/data/work/basys_exam_2025/basys_exam_2025.srcs/constrs_1/imports/Downloads/Basys-3-Master.xdc:20]
CRITICAL WARNING: [Common 17-55] 'set_property' expects at least one object. [/media/user12/data/work/basys_exam_2025/basys_exam_2025.srcs/constrs_1/imports/Downloads/Basys-3-Master.xdc:20]
Resolution: If [get_<value>] was used to populate the object, check to make sure this command returns at least one valid object.
WARNING: [Vivado 12-584] No ports matched 'slide[9]'. [/media/user12/data/work/basys_exam_2025/basys_exam_2025.srcs/constrs_1/imports/Downloads/Basys-3-Master.xdc:21]
CRITICAL WARNING: [Common 17-55] 'set_property' expects at least one object. [/media/user12/data/work/basys_exam_2025/basys_exam_2025.srcs/constrs_1/imports/Downloads/Basys-3-Master.xdc:21]
Resolution: If [get_<value>] was used to populate the object, check to make sure this command returns at least one valid object.
WARNING: [Vivado 12-584] No ports matched 'slide[10]'. [/media/user12/data/work/basys_exam_2025/basys_exam_2025.srcs/constrs_1/imports/Downloads/Basys-3-Master.xdc:22]
CRITICAL WARNING: [Common 17-55] 'set_property' expects at least one object. [/media/user12/data/work/basys_exam_2025/basys_exam_2025.srcs/constrs_1/imports/Downloads/Basys-3-Master.xdc:22]
Resolution: If [get_<value>] was used to populate the object, check to make sure this command returns at least one valid object.
WARNING: [Vivado 12-584] No ports matched 'slide[11]'. [/media/user12/data/work/basys_exam_2025/basys_exam_2025.srcs/constrs_1/imports/Downloads/Basys-3-Master.xdc:23]
CRITICAL WARNING: [Common 17-55] 'set_property' expects at least one object. [/media/user12/data/work/basys_exam_2025/basys_exam_2025.srcs/constrs_1/imports/Downloads/Basys-3-Master.xdc:23]
Resolution: If [get_<value>] was used to populate the object, check to make sure this command returns at least one valid object.
WARNING: [Vivado 12-584] No ports matched 'slide[12]'. [/media/user12/data/work/basys_exam_2025/basys_exam_2025.srcs/constrs_1/imports/Downloads/Basys-3-Master.xdc:24]
CRITICAL WARNING: [Common 17-55] 'set_property' expects at least one object. [/media/user12/data/work/basys_exam_2025/basys_exam_2025.srcs/constrs_1/imports/Downloads/Basys-3-Master.xdc:24]
Resolution: If [get_<value>] was used to populate the object, check to make sure this command returns at least one valid object.
WARNING: [Vivado 12-584] No ports matched 'slide[13]'. [/media/user12/data/work/basys_exam_2025/basys_exam_2025.srcs/constrs_1/imports/Downloads/Basys-3-Master.xdc:25]
CRITICAL WARNING: [Common 17-55] 'set_property' expects at least one object. [/media/user12/data/work/basys_exam_2025/basys_exam_2025.srcs/constrs_1/imports/Downloads/Basys-3-Master.xdc:25]
Resolution: If [get_<value>] was used to populate the object, check to make sure this command returns at least one valid object.
WARNING: [Vivado 12-584] No ports matched 'slide[14]'. [/media/user12/data/work/basys_exam_2025/basys_exam_2025.srcs/constrs_1/imports/Downloads/Basys-3-Master.xdc:26]
CRITICAL WARNING: [Common 17-55] 'set_property' expects at least one object. [/media/user12/data/work/basys_exam_2025/basys_exam_2025.srcs/constrs_1/imports/Downloads/Basys-3-Master.xdc:26]
Resolution: If [get_<value>] was used to populate the object, check to make sure this command returns at least one valid object.
WARNING: [Vivado 12-584] No ports matched 'slide[15]'. [/media/user12/data/work/basys_exam_2025/basys_exam_2025.srcs/constrs_1/imports/Downloads/Basys-3-Master.xdc:27]
CRITICAL WARNING: [Common 17-55] 'set_property' expects at least one object. [/media/user12/data/work/basys_exam_2025/basys_exam_2025.srcs/constrs_1/imports/Downloads/Basys-3-Master.xdc:27]
Resolution: If [get_<value>] was used to populate the object, check to make sure this command returns at least one valid object.
WARNING: [Vivado 12-584] No ports matched 'data[0]'. [/media/user12/data/work/basys_exam_2025/basys_exam_2025.srcs/constrs_1/imports/Downloads/Basys-3-Master.xdc:31]
CRITICAL WARNING: [Common 17-55] 'set_property' expects at least one object. [/media/user12/data/work/basys_exam_2025/basys_exam_2025.srcs/constrs_1/imports/Downloads/Basys-3-Master.xdc:31]
Resolution: If [get_<value>] was used to populate the object, check to make sure this command returns at least one valid object.
WARNING: [Vivado 12-584] No ports matched 'data[1]'. [/media/user12/data/work/basys_exam_2025/basys_exam_2025.srcs/constrs_1/imports/Downloads/Basys-3-Master.xdc:32]
CRITICAL WARNING: [Common 17-55] 'set_property' expects at least one object. [/media/user12/data/work/basys_exam_2025/basys_exam_2025.srcs/constrs_1/imports/Downloads/Basys-3-Master.xdc:32]
Resolution: If [get_<value>] was used to populate the object, check to make sure this command returns at least one valid object.
WARNING: [Vivado 12-584] No ports matched 'data[2]'. [/media/user12/data/work/basys_exam_2025/basys_exam_2025.srcs/constrs_1/imports/Downloads/Basys-3-Master.xdc:33]
CRITICAL WARNING: [Common 17-55] 'set_property' expects at least one object. [/media/user12/data/work/basys_exam_2025/basys_exam_2025.srcs/constrs_1/imports/Downloads/Basys-3-Master.xdc:33]
Resolution: If [get_<value>] was used to populate the object, check to make sure this command returns at least one valid object.
WARNING: [Vivado 12-584] No ports matched 'data[3]'. [/media/user12/data/work/basys_exam_2025/basys_exam_2025.srcs/constrs_1/imports/Downloads/Basys-3-Master.xdc:34]
CRITICAL WARNING: [Common 17-55] 'set_property' expects at least one object. [/media/user12/data/work/basys_exam_2025/basys_exam_2025.srcs/constrs_1/imports/Downloads/Basys-3-Master.xdc:34]
Resolution: If [get_<value>] was used to populate the object, check to make sure this command returns at least one valid object.
WARNING: [Vivado 12-584] No ports matched 'data[4]'. [/media/user12/data/work/basys_exam_2025/basys_exam_2025.srcs/constrs_1/imports/Downloads/Basys-3-Master.xdc:35]
CRITICAL WARNING: [Common 17-55] 'set_property' expects at least one object. [/media/user12/data/work/basys_exam_2025/basys_exam_2025.srcs/constrs_1/imports/Downloads/Basys-3-Master.xdc:35]
Resolution: If [get_<value>] was used to populate the object, check to make sure this command returns at least one valid object.
WARNING: [Vivado 12-584] No ports matched 'data[5]'. [/media/user12/data/work/basys_exam_2025/basys_exam_2025.srcs/constrs_1/imports/Downloads/Basys-3-Master.xdc:36]
CRITICAL WARNING: [Common 17-55] 'set_property' expects at least one object. [/media/user12/data/work/basys_exam_2025/basys_exam_2025.srcs/constrs_1/imports/Downloads/Basys-3-Master.xdc:36]
Resolution: If [get_<value>] was used to populate the object, check to make sure this command returns at least one valid object.
WARNING: [Vivado 12-584] No ports matched 'data[6]'. [/media/user12/data/work/basys_exam_2025/basys_exam_2025.srcs/constrs_1/imports/Downloads/Basys-3-Master.xdc:37]
CRITICAL WARNING: [Common 17-55] 'set_property' expects at least one object. [/media/user12/data/work/basys_exam_2025/basys_exam_2025.srcs/constrs_1/imports/Downloads/Basys-3-Master.xdc:37]
Resolution: If [get_<value>] was used to populate the object, check to make sure this command returns at least one valid object.
WARNING: [Vivado 12-584] No ports matched 'data[7]'. [/media/user12/data/work/basys_exam_2025/basys_exam_2025.srcs/constrs_1/imports/Downloads/Basys-3-Master.xdc:38]
CRITICAL WARNING: [Common 17-55] 'set_property' expects at least one object. [/media/user12/data/work/basys_exam_2025/basys_exam_2025.srcs/constrs_1/imports/Downloads/Basys-3-Master.xdc:38]
Resolution: If [get_<value>] was used to populate the object, check to make sure this command returns at least one valid object.
WARNING: [Vivado 12-584] No ports matched 'led[8]'. [/media/user12/data/work/basys_exam_2025/basys_exam_2025.srcs/constrs_1/imports/Downloads/Basys-3-Master.xdc:39]
CRITICAL WARNING: [Common 17-55] 'set_property' expects at least one object. [/media/user12/data/work/basys_exam_2025/basys_exam_2025.srcs/constrs_1/imports/Downloads/Basys-3-Master.xdc:39]
Resolution: If [get_<value>] was used to populate the object, check to make sure this command returns at least one valid object.
WARNING: [Vivado 12-584] No ports matched 'led[9]'. [/media/user12/data/work/basys_exam_2025/basys_exam_2025.srcs/constrs_1/imports/Downloads/Basys-3-Master.xdc:40]
CRITICAL WARNING: [Common 17-55] 'set_property' expects at least one object. [/media/user12/data/work/basys_exam_2025/basys_exam_2025.srcs/constrs_1/imports/Downloads/Basys-3-Master.xdc:40]
Resolution: If [get_<value>] was used to populate the object, check to make sure this command returns at least one valid object.
WARNING: [Vivado 12-584] No ports matched 'led[10]'. [/media/user12/data/work/basys_exam_2025/basys_exam_2025.srcs/constrs_1/imports/Downloads/Basys-3-Master.xdc:41]
CRITICAL WARNING: [Common 17-55] 'set_property' expects at least one object. [/media/user12/data/work/basys_exam_2025/basys_exam_2025.srcs/constrs_1/imports/Downloads/Basys-3-Master.xdc:41]
Resolution: If [get_<value>] was used to populate the object, check to make sure this command returns at least one valid object.
WARNING: [Vivado 12-584] No ports matched 'led[11]'. [/media/user12/data/work/basys_exam_2025/basys_exam_2025.srcs/constrs_1/imports/Downloads/Basys-3-Master.xdc:42]
CRITICAL WARNING: [Common 17-55] 'set_property' expects at least one object. [/media/user12/data/work/basys_exam_2025/basys_exam_2025.srcs/constrs_1/imports/Downloads/Basys-3-Master.xdc:42]
Resolution: If [get_<value>] was used to populate the object, check to make sure this command returns at least one valid object.
WARNING: [Vivado 12-584] No ports matched 'led[12]'. [/media/user12/data/work/basys_exam_2025/basys_exam_2025.srcs/constrs_1/imports/Downloads/Basys-3-Master.xdc:43]
CRITICAL WARNING: [Common 17-55] 'set_property' expects at least one object. [/media/user12/data/work/basys_exam_2025/basys_exam_2025.srcs/constrs_1/imports/Downloads/Basys-3-Master.xdc:43]
Resolution: If [get_<value>] was used to populate the object, check to make sure this command returns at least one valid object.
WARNING: [Vivado 12-584] No ports matched 'led[13]'. [/media/user12/data/work/basys_exam_2025/basys_exam_2025.srcs/constrs_1/imports/Downloads/Basys-3-Master.xdc:44]
CRITICAL WARNING: [Common 17-55] 'set_property' expects at least one object. [/media/user12/data/work/basys_exam_2025/basys_exam_2025.srcs/constrs_1/imports/Downloads/Basys-3-Master.xdc:44]
Resolution: If [get_<value>] was used to populate the object, check to make sure this command returns at least one valid object.
WARNING: [Vivado 12-584] No ports matched 'led[14]'. [/media/user12/data/work/basys_exam_2025/basys_exam_2025.srcs/constrs_1/imports/Downloads/Basys-3-Master.xdc:45]
CRITICAL WARNING: [Common 17-55] 'set_property' expects at least one object. [/media/user12/data/work/basys_exam_2025/basys_exam_2025.srcs/constrs_1/imports/Downloads/Basys-3-Master.xdc:45]
Resolution: If [get_<value>] was used to populate the object, check to make sure this command returns at least one valid object.
WARNING: [Vivado 12-584] No ports matched 'done'. [/media/user12/data/work/basys_exam_2025/basys_exam_2025.srcs/constrs_1/imports/Downloads/Basys-3-Master.xdc:46]
CRITICAL WARNING: [Common 17-55] 'set_property' expects at least one object. [/media/user12/data/work/basys_exam_2025/basys_exam_2025.srcs/constrs_1/imports/Downloads/Basys-3-Master.xdc:46]
Resolution: If [get_<value>] was used to populate the object, check to make sure this command returns at least one valid object.
WARNING: [Vivado 12-584] No ports matched 'seg[0]'. [/media/user12/data/work/basys_exam_2025/basys_exam_2025.srcs/constrs_1/imports/Downloads/Basys-3-Master.xdc:50]
CRITICAL WARNING: [Common 17-55] 'set_property' expects at least one object. [/media/user12/data/work/basys_exam_2025/basys_exam_2025.srcs/constrs_1/imports/Downloads/Basys-3-Master.xdc:50]
Resolution: If [get_<value>] was used to populate the object, check to make sure this command returns at least one valid object.
WARNING: [Vivado 12-584] No ports matched 'seg[1]'. [/media/user12/data/work/basys_exam_2025/basys_exam_2025.srcs/constrs_1/imports/Downloads/Basys-3-Master.xdc:51]
CRITICAL WARNING: [Common 17-55] 'set_property' expects at least one object. [/media/user12/data/work/basys_exam_2025/basys_exam_2025.srcs/constrs_1/imports/Downloads/Basys-3-Master.xdc:51]
Resolution: If [get_<value>] was used to populate the object, check to make sure this command returns at least one valid object.
WARNING: [Vivado 12-584] No ports matched 'seg[2]'. [/media/user12/data/work/basys_exam_2025/basys_exam_2025.srcs/constrs_1/imports/Downloads/Basys-3-Master.xdc:52]
CRITICAL WARNING: [Common 17-55] 'set_property' expects at least one object. [/media/user12/data/work/basys_exam_2025/basys_exam_2025.srcs/constrs_1/imports/Downloads/Basys-3-Master.xdc:52]
Resolution: If [get_<value>] was used to populate the object, check to make sure this command returns at least one valid object.
WARNING: [Vivado 12-584] No ports matched 'seg[3]'. [/media/user12/data/work/basys_exam_2025/basys_exam_2025.srcs/constrs_1/imports/Downloads/Basys-3-Master.xdc:53]
CRITICAL WARNING: [Common 17-55] 'set_property' expects at least one object. [/media/user12/data/work/basys_exam_2025/basys_exam_2025.srcs/constrs_1/imports/Downloads/Basys-3-Master.xdc:53]
Resolution: If [get_<value>] was used to populate the object, check to make sure this command returns at least one valid object.
WARNING: [Vivado 12-584] No ports matched 'seg[4]'. [/media/user12/data/work/basys_exam_2025/basys_exam_2025.srcs/constrs_1/imports/Downloads/Basys-3-Master.xdc:54]
CRITICAL WARNING: [Common 17-55] 'set_property' expects at least one object. [/media/user12/data/work/basys_exam_2025/basys_exam_2025.srcs/constrs_1/imports/Downloads/Basys-3-Master.xdc:54]
Resolution: If [get_<value>] was used to populate the object, check to make sure this command returns at least one valid object.
WARNING: [Vivado 12-584] No ports matched 'seg[5]'. [/media/user12/data/work/basys_exam_2025/basys_exam_2025.srcs/constrs_1/imports/Downloads/Basys-3-Master.xdc:55]
CRITICAL WARNING: [Common 17-55] 'set_property' expects at least one object. [/media/user12/data/work/basys_exam_2025/basys_exam_2025.srcs/constrs_1/imports/Downloads/Basys-3-Master.xdc:55]
Resolution: If [get_<value>] was used to populate the object, check to make sure this command returns at least one valid object.
WARNING: [Vivado 12-584] No ports matched 'seg[6]'. [/media/user12/data/work/basys_exam_2025/basys_exam_2025.srcs/constrs_1/imports/Downloads/Basys-3-Master.xdc:56]
CRITICAL WARNING: [Common 17-55] 'set_property' expects at least one object. [/media/user12/data/work/basys_exam_2025/basys_exam_2025.srcs/constrs_1/imports/Downloads/Basys-3-Master.xdc:56]
Resolution: If [get_<value>] was used to populate the object, check to make sure this command returns at least one valid object.
WARNING: [Vivado 12-584] No ports matched 'seg[7]'. [/media/user12/data/work/basys_exam_2025/basys_exam_2025.srcs/constrs_1/imports/Downloads/Basys-3-Master.xdc:58]
CRITICAL WARNING: [Common 17-55] 'set_property' expects at least one object. [/media/user12/data/work/basys_exam_2025/basys_exam_2025.srcs/constrs_1/imports/Downloads/Basys-3-Master.xdc:58]
Resolution: If [get_<value>] was used to populate the object, check to make sure this command returns at least one valid object.
WARNING: [Vivado 12-584] No ports matched 'com[0]'. [/media/user12/data/work/basys_exam_2025/basys_exam_2025.srcs/constrs_1/imports/Downloads/Basys-3-Master.xdc:60]
CRITICAL WARNING: [Common 17-55] 'set_property' expects at least one object. [/media/user12/data/work/basys_exam_2025/basys_exam_2025.srcs/constrs_1/imports/Downloads/Basys-3-Master.xdc:60]
Resolution: If [get_<value>] was used to populate the object, check to make sure this command returns at least one valid object.
WARNING: [Vivado 12-584] No ports matched 'com[1]'. [/media/user12/data/work/basys_exam_2025/basys_exam_2025.srcs/constrs_1/imports/Downloads/Basys-3-Master.xdc:61]
CRITICAL WARNING: [Common 17-55] 'set_property' expects at least one object. [/media/user12/data/work/basys_exam_2025/basys_exam_2025.srcs/constrs_1/imports/Downloads/Basys-3-Master.xdc:61]
Resolution: If [get_<value>] was used to populate the object, check to make sure this command returns at least one valid object.
WARNING: [Vivado 12-584] No ports matched 'com[2]'. [/media/user12/data/work/basys_exam_2025/basys_exam_2025.srcs/constrs_1/imports/Downloads/Basys-3-Master.xdc:62]
CRITICAL WARNING: [Common 17-55] 'set_property' expects at least one object. [/media/user12/data/work/basys_exam_2025/basys_exam_2025.srcs/constrs_1/imports/Downloads/Basys-3-Master.xdc:62]
Resolution: If [get_<value>] was used to populate the object, check to make sure this command returns at least one valid object.
WARNING: [Vivado 12-584] No ports matched 'com[3]'. [/media/user12/data/work/basys_exam_2025/basys_exam_2025.srcs/constrs_1/imports/Downloads/Basys-3-Master.xdc:63]
CRITICAL WARNING: [Common 17-55] 'set_property' expects at least one object. [/media/user12/data/work/basys_exam_2025/basys_exam_2025.srcs/constrs_1/imports/Downloads/Basys-3-Master.xdc:63]
Resolution: If [get_<value>] was used to populate the object, check to make sure this command returns at least one valid object.
WARNING: [Vivado 12-584] No ports matched 'btn_sel'. [/media/user12/data/work/basys_exam_2025/basys_exam_2025.srcs/constrs_1/imports/Downloads/Basys-3-Master.xdc:68]
CRITICAL WARNING: [Common 17-55] 'set_property' expects at least one object. [/media/user12/data/work/basys_exam_2025/basys_exam_2025.srcs/constrs_1/imports/Downloads/Basys-3-Master.xdc:68]
Resolution: If [get_<value>] was used to populate the object, check to make sure this command returns at least one valid object.
WARNING: [Vivado 12-584] No ports matched 'rst'. [/media/user12/data/work/basys_exam_2025/basys_exam_2025.srcs/constrs_1/imports/Downloads/Basys-3-Master.xdc:69]
CRITICAL WARNING: [Common 17-55] 'set_property' expects at least one object. [/media/user12/data/work/basys_exam_2025/basys_exam_2025.srcs/constrs_1/imports/Downloads/Basys-3-Master.xdc:69]
Resolution: If [get_<value>] was used to populate the object, check to make sure this command returns at least one valid object.
WARNING: [Vivado 12-584] No ports matched 'button[2]'. [/media/user12/data/work/basys_exam_2025/basys_exam_2025.srcs/constrs_1/imports/Downloads/Basys-3-Master.xdc:70]
CRITICAL WARNING: [Common 17-55] 'set_property' expects at least one object. [/media/user12/data/work/basys_exam_2025/basys_exam_2025.srcs/constrs_1/imports/Downloads/Basys-3-Master.xdc:70]
Resolution: If [get_<value>] was used to populate the object, check to make sure this command returns at least one valid object.
WARNING: [Vivado 12-584] No ports matched 'button[3]'. [/media/user12/data/work/basys_exam_2025/basys_exam_2025.srcs/constrs_1/imports/Downloads/Basys-3-Master.xdc:71]
CRITICAL WARNING: [Common 17-55] 'set_property' expects at least one object. [/media/user12/data/work/basys_exam_2025/basys_exam_2025.srcs/constrs_1/imports/Downloads/Basys-3-Master.xdc:71]
Resolution: If [get_<value>] was used to populate the object, check to make sure this command returns at least one valid object.
WARNING: [Vivado 12-584] No ports matched 'JA[6]'. [/media/user12/data/work/basys_exam_2025/basys_exam_2025.srcs/constrs_1/imports/Downloads/Basys-3-Master.xdc:81]
CRITICAL WARNING: [Common 17-55] 'set_property' expects at least one object. [/media/user12/data/work/basys_exam_2025/basys_exam_2025.srcs/constrs_1/imports/Downloads/Basys-3-Master.xdc:81]
Resolution: If [get_<value>] was used to populate the object, check to make sure this command returns at least one valid object.
WARNING: [Vivado 12-584] No ports matched 'JA[7]'. [/media/user12/data/work/basys_exam_2025/basys_exam_2025.srcs/constrs_1/imports/Downloads/Basys-3-Master.xdc:82]
CRITICAL WARNING: [Common 17-55] 'set_property' expects at least one object. [/media/user12/data/work/basys_exam_2025/basys_exam_2025.srcs/constrs_1/imports/Downloads/Basys-3-Master.xdc:82]
Resolution: If [get_<value>] was used to populate the object, check to make sure this command returns at least one valid object.
WARNING: [Vivado 12-584] No ports matched 'rx_in'. [/media/user12/data/work/basys_exam_2025/basys_exam_2025.srcs/constrs_1/imports/Downloads/Basys-3-Master.xdc:85]
CRITICAL WARNING: [Common 17-55] 'set_property' expects at least one object. [/media/user12/data/work/basys_exam_2025/basys_exam_2025.srcs/constrs_1/imports/Downloads/Basys-3-Master.xdc:85]
Resolution: If [get_<value>] was used to populate the object, check to make sure this command returns at least one valid object.
WARNING: [Vivado 12-584] No ports matched 'vauxp6'. [/media/user12/data/work/basys_exam_2025/basys_exam_2025.srcs/constrs_1/imports/Downloads/Basys-3-Master.xdc:105]
CRITICAL WARNING: [Common 17-55] 'set_property' expects at least one object. [/media/user12/data/work/basys_exam_2025/basys_exam_2025.srcs/constrs_1/imports/Downloads/Basys-3-Master.xdc:105]
Resolution: If [get_<value>] was used to populate the object, check to make sure this command returns at least one valid object.
WARNING: [Vivado 12-584] No ports matched 'vauxp15'. [/media/user12/data/work/basys_exam_2025/basys_exam_2025.srcs/constrs_1/imports/Downloads/Basys-3-Master.xdc:108]
CRITICAL WARNING: [Common 17-55] 'set_property' expects at least one object. [/media/user12/data/work/basys_exam_2025/basys_exam_2025.srcs/constrs_1/imports/Downloads/Basys-3-Master.xdc:108]
Resolution: If [get_<value>] was used to populate the object, check to make sure this command returns at least one valid object.
WARNING: [Vivado 12-584] No ports matched 'vauxn6'. [/media/user12/data/work/basys_exam_2025/basys_exam_2025.srcs/constrs_1/imports/Downloads/Basys-3-Master.xdc:109]
CRITICAL WARNING: [Common 17-55] 'set_property' expects at least one object. [/media/user12/data/work/basys_exam_2025/basys_exam_2025.srcs/constrs_1/imports/Downloads/Basys-3-Master.xdc:109]
Resolution: If [get_<value>] was used to populate the object, check to make sure this command returns at least one valid object.
WARNING: [Vivado 12-584] No ports matched 'vauxn15'. [/media/user12/data/work/basys_exam_2025/basys_exam_2025.srcs/constrs_1/imports/Downloads/Basys-3-Master.xdc:112]
CRITICAL WARNING: [Common 17-55] 'set_property' expects at least one object. [/media/user12/data/work/basys_exam_2025/basys_exam_2025.srcs/constrs_1/imports/Downloads/Basys-3-Master.xdc:112]
Resolution: If [get_<value>] was used to populate the object, check to make sure this command returns at least one valid object.
Finished Parsing XDC File [/media/user12/data/work/basys_exam_2025/basys_exam_2025.srcs/constrs_1/imports/Downloads/Basys-3-Master.xdc]
INFO: [Opt 31-138] Pushed 0 inverter(s) to 0 load pin(s).
Netlist sorting complete. Time (s): cpu = 00:00:00 ; elapsed = 00:00:00 . Memory (MB): peak = 1657.355 ; gain = 0.000 ; free physical = 6260 ; free virtual = 38598
INFO: [Project 1-111] Unisim Transformation Summary:
No Unisim elements were transformed.

8 Infos, 55 Warnings, 55 Critical Warnings and 0 Errors encountered.
link_design completed successfully
Command: opt_design
Attempting to get a license for feature 'Implementation' and/or device 'xc7a35t'
INFO: [Common 17-349] Got license for feature 'Implementation' and/or device 'xc7a35t'
Running DRC as a precondition to command opt_design

Starting DRC Task
INFO: [DRC 23-27] Running DRC with 8 threads
INFO: [Project 1-461] DRC finished with 0 Errors
INFO: [Project 1-462] Please refer to the DRC report (report_drc) for more information.

Time (s): cpu = 00:00:01 ; elapsed = 00:00:00.38 . Memory (MB): peak = 1737.527 ; gain = 80.172 ; free physical = 6219 ; free virtual = 38558

Starting Cache Timing Information Task
INFO: [Timing 38-35] Done setting XDC timing constraints.
Ending Cache Timing Information Task | Checksum: 24b8a76e5

Time (s): cpu = 00:00:03 ; elapsed = 00:00:03 . Memory (MB): peak = 2153.355 ; gain = 415.828 ; free physical = 5821 ; free virtual = 38157

Starting Logic Optimization Task

Phase 1 Initialization

Phase 1.1 Core Generation And Design Setup
Phase 1.1 Core Generation And Design Setup | Checksum: 24b8a76e5

Time (s): cpu = 00:00:00 ; elapsed = 00:00:00 . Memory (MB): peak = 2500.246 ; gain = 0.000 ; free physical = 5472 ; free virtual = 37808

Phase 1.2 Setup Constraints And Sort Netlist
Phase 1.2 Setup Constraints And Sort Netlist | Checksum: 24b8a76e5

Time (s): cpu = 00:00:00 ; elapsed = 00:00:00 . Memory (MB): peak = 2500.246 ; gain = 0.000 ; free physical = 5472 ; free virtual = 37808
Phase 1 Initialization | Checksum: 24b8a76e5

Time (s): cpu = 00:00:00 ; elapsed = 00:00:00 . Memory (MB): peak = 2500.246 ; gain = 0.000 ; free physical = 5472 ; free virtual = 37808

Phase 2 Timer Update And Timing Data Collection

Phase 2.1 Timer Update
Phase 2.1 Timer Update | Checksum: 24b8a76e5

Time (s): cpu = 00:00:00.01 ; elapsed = 00:00:00.01 . Memory (MB): peak = 2500.246 ; gain = 0.000 ; free physical = 5472 ; free virtual = 37808

Phase 2.2 Timing Data Collection
Phase 2.2 Timing Data Collection | Checksum: 24b8a76e5

Time (s): cpu = 00:00:00.01 ; elapsed = 00:00:00.01 . Memory (MB): peak = 2500.246 ; gain = 0.000 ; free physical = 5472 ; free virtual = 37808
Phase 2 Timer Update And Timing Data Collection | Checksum: 24b8a76e5

Time (s): cpu = 00:00:00.01 ; elapsed = 00:00:00.01 . Memory (MB): peak = 2500.246 ; gain = 0.000 ; free physical = 5472 ; free virtual = 37808

Phase 3 Retarget
INFO: [Opt 31-1851] Number of loadless carry chains removed were: 0
INFO: [Opt 31-1834] Total Chains To Be Transformed Were: 0 AND Number of Transformed insts Created are: 0
INFO: [Opt 31-1566] Pulled 1 inverters resulting in an inversion of 2 pins
INFO: [Opt 31-138] Pushed 1 inverter(s) to 14 load pin(s).
INFO: [Opt 31-49] Retargeted 0 cell(s).
Phase 3 Retarget | Checksum: 260d80c2e

Time (s): cpu = 00:00:00.02 ; elapsed = 00:00:00.03 . Memory (MB): peak = 2500.246 ; gain = 0.000 ; free physical = 5472 ; free virtual = 37808
Retarget | Checksum: 260d80c2e
INFO: [Opt 31-389] Phase Retarget created 0 cells and removed 2 cells

Phase 4 Constant propagation
INFO: [Opt 31-138] Pushed 0 inverter(s) to 0 load pin(s).
Phase 4 Constant propagation | Checksum: 260d80c2e

Time (s): cpu = 00:00:00.02 ; elapsed = 00:00:00.03 . Memory (MB): peak = 2500.246 ; gain = 0.000 ; free physical = 5472 ; free virtual = 37808
Constant propagation | Checksum: 260d80c2e
INFO: [Opt 31-389] Phase Constant propagation created 0 cells and removed 0 cells

Phase 5 Sweep
INFO: [Constraints 18-11670] Building netlist checker database with flags, 0x8
Done building netlist checker database: Time (s): cpu = 00:00:00 ; elapsed = 00:00:00 . Memory (MB): peak = 2500.246 ; gain = 0.000 ; free physical = 5472 ; free virtual = 37808
INFO: [Constraints 18-11670] Building netlist checker database with flags, 0x8
Done building netlist checker database: Time (s): cpu = 00:00:00 ; elapsed = 00:00:00 . Memory (MB): peak = 2500.246 ; gain = 0.000 ; free physical = 5472 ; free virtual = 37808
Phase 5 Sweep | Checksum: 2204a72d6

Time (s): cpu = 00:00:00.03 ; elapsed = 00:00:00.04 . Memory (MB): peak = 2500.246 ; gain = 0.000 ; free physical = 5472 ; free virtual = 37808
Sweep | Checksum: 2204a72d6
INFO: [Opt 31-389] Phase Sweep created 0 cells and removed 0 cells

Phase 6 BUFG optimization
Phase 6 BUFG optimization | Checksum: 2204a72d6

Time (s): cpu = 00:00:00.05 ; elapsed = 00:00:00.05 . Memory (MB): peak = 2532.262 ; gain = 32.016 ; free physical = 5472 ; free virtual = 37808
BUFG optimization | Checksum: 2204a72d6
INFO: [Opt 31-662] Phase BUFG optimization created 0 cells of which 0 are BUFGs and removed 0 cells.

Phase 7 Shift Register Optimization
INFO: [Opt 31-1064] SRL Remap converted 0 SRLs to 0 registers and converted 0 registers of register chains to 0 SRLs
Phase 7 Shift Register Optimization | Checksum: 2204a72d6

Time (s): cpu = 00:00:00.05 ; elapsed = 00:00:00.05 . Memory (MB): peak = 2532.262 ; gain = 32.016 ; free physical = 5472 ; free virtual = 37808
Shift Register Optimization | Checksum: 2204a72d6
INFO: [Opt 31-389] Phase Shift Register Optimization created 0 cells and removed 0 cells

Phase 8 Post Processing Netlist
Phase 8 Post Processing Netlist | Checksum: 2204a72d6

Time (s): cpu = 00:00:00.05 ; elapsed = 00:00:00.05 . Memory (MB): peak = 2532.262 ; gain = 32.016 ; free physical = 5472 ; free virtual = 37808
Post Processing Netlist | Checksum: 2204a72d6
INFO: [Opt 31-389] Phase Post Processing Netlist created 0 cells and removed 0 cells

Phase 9 Finalization

Phase 9.1 Finalizing Design Cores and Updating Shapes
Phase 9.1 Finalizing Design Cores and Updating Shapes | Checksum: 1e2ae62ae

Time (s): cpu = 00:00:00.05 ; elapsed = 00:00:00.06 . Memory (MB): peak = 2532.262 ; gain = 32.016 ; free physical = 5472 ; free virtual = 37808

Phase 9.2 Verifying Netlist Connectivity

Starting Connectivity Check Task

Time (s): cpu = 00:00:00 ; elapsed = 00:00:00 . Memory (MB): peak = 2532.262 ; gain = 0.000 ; free physical = 5472 ; free virtual = 37808
Phase 9.2 Verifying Netlist Connectivity | Checksum: 1e2ae62ae

Time (s): cpu = 00:00:00.05 ; elapsed = 00:00:00.06 . Memory (MB): peak = 2532.262 ; gain = 32.016 ; free physical = 5472 ; free virtual = 37808
Phase 9 Finalization | Checksum: 1e2ae62ae

Time (s): cpu = 00:00:00.05 ; elapsed = 00:00:00.06 . Memory (MB): peak = 2532.262 ; gain = 32.016 ; free physical = 5472 ; free virtual = 37808
Opt_design Change Summary
=========================


-------------------------------------------------------------------------------------------------------------------------
|  Phase                        |  #Cells created  |  #Cells Removed  |  #Constrained objects preventing optimizations  |
-------------------------------------------------------------------------------------------------------------------------
|  Retarget                     |               0  |               2  |                                              0  |
|  Constant propagation         |               0  |               0  |                                              0  |
|  Sweep                        |               0  |               0  |                                              0  |
|  BUFG optimization            |               0  |               0  |                                              0  |
|  Shift Register Optimization  |               0  |               0  |                                              0  |
|  Post Processing Netlist      |               0  |               0  |                                              0  |
-------------------------------------------------------------------------------------------------------------------------


Ending Logic Optimization Task | Checksum: 1e2ae62ae

Time (s): cpu = 00:00:00.05 ; elapsed = 00:00:00.06 . Memory (MB): peak = 2532.262 ; gain = 32.016 ; free physical = 5472 ; free virtual = 37808

Starting Power Optimization Task
INFO: [Pwropt 34-132] Skipping clock gating for clocks with a period < 2.00 ns.
INFO: [Timing 38-35] Done setting XDC timing constraints.
Running Vector-less Activity Propagation...

Finished Running Vector-less Activity Propagation
INFO: [Pwropt 34-9] Applying IDT optimizations ...
INFO: [Pwropt 34-10] Applying ODC optimizations ...


Starting PowerOpt Patch Enables Task
INFO: [Pwropt 34-162] WRITE_MODE attribute of 0 BRAM(s) out of a total of 38 has been updated to save power. Run report_power_opt to get a complete listing of the BRAMs updated.
INFO: [Pwropt 34-201] Structural ODC has moved 0 WE to EN ports
Number of BRAM Ports augmented: 7 newly gated: 31 Total Ports: 76
Number of Flops added for Enable Generation: 1

Ending PowerOpt Patch Enables Task | Checksum: 20c60bf42

Time (s): cpu = 00:00:00.07 ; elapsed = 00:00:00.07 . Memory (MB): peak = 2829.129 ; gain = 0.000 ; free physical = 5333 ; free virtual = 37669
Ending Power Optimization Task | Checksum: 20c60bf42

Time (s): cpu = 00:00:02 ; elapsed = 00:00:01 . Memory (MB): peak = 2829.129 ; gain = 296.867 ; free physical = 5333 ; free virtual = 37669

Starting Final Cleanup Task

Starting Logic Optimization Task
INFO: [Timing 38-35] Done setting XDC timing constraints.
Ending Logic Optimization Task | Checksum: 238b6705c

Time (s): cpu = 00:00:00.09 ; elapsed = 00:00:00.04 . Memory (MB): peak = 2829.129 ; gain = 0.000 ; free physical = 5329 ; free virtual = 37665
Ending Final Cleanup Task | Checksum: 238b6705c

Time (s): cpu = 00:00:01 ; elapsed = 00:00:01 . Memory (MB): peak = 2829.129 ; gain = 0.000 ; free physical = 5329 ; free virtual = 37665

Starting Netlist Obfuscation Task
Netlist sorting complete. Time (s): cpu = 00:00:00 ; elapsed = 00:00:00 . Memory (MB): peak = 2829.129 ; gain = 0.000 ; free physical = 5329 ; free virtual = 37665
Ending Netlist Obfuscation Task | Checksum: 238b6705c

Time (s): cpu = 00:00:00 ; elapsed = 00:00:00 . Memory (MB): peak = 2829.129 ; gain = 0.000 ; free physical = 5329 ; free virtual = 37665
INFO: [Common 17-83] Releasing license: Implementation
36 Infos, 55 Warnings, 55 Critical Warnings and 0 Errors encountered.
opt_design completed successfully
opt_design: Time (s): cpu = 00:00:09 ; elapsed = 00:00:08 . Memory (MB): peak = 2829.129 ; gain = 1171.773 ; free physical = 5329 ; free virtual = 37665
INFO: [Vivado 12-24828] Executing command : report_drc -file ili9341_karina_display_drc_opted.rpt -pb ili9341_karina_display_drc_opted.pb -rpx ili9341_karina_display_drc_opted.rpx
Command: report_drc -file ili9341_karina_display_drc_opted.rpt -pb ili9341_karina_display_drc_opted.pb -rpx ili9341_karina_display_drc_opted.rpx
INFO: [IP_Flow 19-1839] IP Catalog is up to date.
INFO: [DRC 23-27] Running DRC with 8 threads
INFO: [Vivado_Tcl 2-168] The results of DRC are in file /media/user12/data/work/basys_exam_2025/basys_exam_2025.runs/impl_1/ili9341_karina_display_drc_opted.rpt.
report_drc completed successfully
INFO: [Timing 38-480] Writing timing data to binary archive.
Wrote PlaceDB: Time (s): cpu = 00:00:00 ; elapsed = 00:00:00 . Memory (MB): peak = 2829.129 ; gain = 0.000 ; free physical = 5325 ; free virtual = 37660
Wrote PulsedLatchDB: Time (s): cpu = 00:00:00 ; elapsed = 00:00:00 . Memory (MB): peak = 2829.129 ; gain = 0.000 ; free physical = 5325 ; free virtual = 37660
Writing XDEF routing.
Write ShapeDB Complete: Time (s): cpu = 00:00:00.01 ; elapsed = 00:00:00 . Memory (MB): peak = 2829.129 ; gain = 0.000 ; free physical = 5325 ; free virtual = 37660
Writing XDEF routing logical nets.
Writing XDEF routing special nets.
Wrote RouteStorage: Time (s): cpu = 00:00:00.03 ; elapsed = 00:00:00.01 . Memory (MB): peak = 2829.129 ; gain = 0.000 ; free physical = 5325 ; free virtual = 37660
Wrote Netlist Cache: Time (s): cpu = 00:00:00 ; elapsed = 00:00:00 . Memory (MB): peak = 2829.129 ; gain = 0.000 ; free physical = 5325 ; free virtual = 37660
Wrote Device Cache: Time (s): cpu = 00:00:00 ; elapsed = 00:00:00 . Memory (MB): peak = 2829.129 ; gain = 0.000 ; free physical = 5325 ; free virtual = 37661
Write Physdb Complete: Time (s): cpu = 00:00:00.04 ; elapsed = 00:00:00.01 . Memory (MB): peak = 2829.129 ; gain = 0.000 ; free physical = 5325 ; free virtual = 37661
INFO: [Common 17-1381] The checkpoint '/media/user12/data/work/basys_exam_2025/basys_exam_2025.runs/impl_1/ili9341_karina_display_opt.dcp' has been generated.
Command: place_design
Attempting to get a license for feature 'Implementation' and/or device 'xc7a35t'
INFO: [Common 17-349] Got license for feature 'Implementation' and/or device 'xc7a35t'
INFO: [Common 17-83] Releasing license: Implementation
INFO: [DRC 23-27] Running DRC with 8 threads
INFO: [Vivado_Tcl 4-198] DRC finished with 0 Errors
INFO: [Vivado_Tcl 4-199] Please refer to the DRC report (report_drc) for more information.
Running DRC as a precondition to command place_design
INFO: [DRC 23-27] Running DRC with 8 threads
INFO: [Vivado_Tcl 4-198] DRC finished with 0 Errors
INFO: [Vivado_Tcl 4-199] Please refer to the DRC report (report_drc) for more information.
INFO: [Place 30-611] Multithreading enabled for place_design using a maximum of 8 CPUs

Starting Placer Task

Phase 1 Placer Initialization

Phase 1.1 Placer Initialization Netlist Sorting
Netlist sorting complete. Time (s): cpu = 00:00:00 ; elapsed = 00:00:00 . Memory (MB): peak = 2829.129 ; gain = 0.000 ; free physical = 5318 ; free virtual = 37655
Phase 1.1 Placer Initialization Netlist Sorting | Checksum: 1460a8232

Time (s): cpu = 00:00:00 ; elapsed = 00:00:00 . Memory (MB): peak = 2829.129 ; gain = 0.000 ; free physical = 5318 ; free virtual = 37655
Netlist sorting complete. Time (s): cpu = 00:00:00 ; elapsed = 00:00:00 . Memory (MB): peak = 2829.129 ; gain = 0.000 ; free physical = 5318 ; free virtual = 37655

Phase 1.2 IO Placement/ Clock Placement/ Build Placer Device
INFO: [Timing 38-35] Done setting XDC timing constraints.
Phase 1.2 IO Placement/ Clock Placement/ Build Placer Device | Checksum: 1c4cd57b9

Time (s): cpu = 00:00:00.32 ; elapsed = 00:00:00.09 . Memory (MB): peak = 2829.129 ; gain = 0.000 ; free physical = 5318 ; free virtual = 37655

Phase 1.3 Build Placer Netlist Model
Phase 1.3 Build Placer Netlist Model | Checksum: 204fc23fa

Time (s): cpu = 00:00:00.65 ; elapsed = 00:00:00.19 . Memory (MB): peak = 2829.129 ; gain = 0.000 ; free physical = 5318 ; free virtual = 37655

Phase 1.4 Constrain Clocks/Macros
Phase 1.4 Constrain Clocks/Macros | Checksum: 204fc23fa

Time (s): cpu = 00:00:00.66 ; elapsed = 00:00:00.19 . Memory (MB): peak = 2829.129 ; gain = 0.000 ; free physical = 5318 ; free virtual = 37655
Phase 1 Placer Initialization | Checksum: 204fc23fa

Time (s): cpu = 00:00:00.66 ; elapsed = 00:00:00.2 . Memory (MB): peak = 2829.129 ; gain = 0.000 ; free physical = 5318 ; free virtual = 37655

Phase 2 Global Placement

Phase 2.1 Floorplanning
Phase 2.1 Floorplanning | Checksum: 2940b67e8

Time (s): cpu = 00:00:00.82 ; elapsed = 00:00:00.23 . Memory (MB): peak = 2829.129 ; gain = 0.000 ; free physical = 5315 ; free virtual = 37652

Phase 2.2 Update Timing before SLR Path Opt
Phase 2.2 Update Timing before SLR Path Opt | Checksum: 23814c101

Time (s): cpu = 00:00:00.92 ; elapsed = 00:00:00.26 . Memory (MB): peak = 2829.129 ; gain = 0.000 ; free physical = 5346 ; free virtual = 37683

Phase 2.3 Post-Processing in Floorplanning
Phase 2.3 Post-Processing in Floorplanning | Checksum: 23814c101

Time (s): cpu = 00:00:00.93 ; elapsed = 00:00:00.26 . Memory (MB): peak = 2829.129 ; gain = 0.000 ; free physical = 5346 ; free virtual = 37683

Phase 2.4 Global Place Phase1
Phase 2.4 Global Place Phase1 | Checksum: 2a3fd3d62

Time (s): cpu = 00:00:03 ; elapsed = 00:00:00.91 . Memory (MB): peak = 2829.129 ; gain = 0.000 ; free physical = 5403 ; free virtual = 37735

Phase 2.5 Global Place Phase2

Phase 2.5.1 UpdateTiming Before Physical Synthesis
Phase 2.5.1 UpdateTiming Before Physical Synthesis | Checksum: 2a3fd3d62

Time (s): cpu = 00:00:03 ; elapsed = 00:00:00.93 . Memory (MB): peak = 2829.129 ; gain = 0.000 ; free physical = 5404 ; free virtual = 37736

Phase 2.5.2 Physical Synthesis In Placer
INFO: [Physopt 32-1035] Found 0 LUTNM shape to break, 81 LUT instances to create LUTNM shape
INFO: [Physopt 32-1044] Break lutnm for timing: one critical 0, two critical 0, total 0, new lutff created 0
INFO: [Physopt 32-1138] End 1 Pass. Optimized 36 nets or LUTs. Breaked 0 LUT, combined 36 existing LUTs and moved 0 existing LUT
INFO: [Physopt 32-65] No nets found for high-fanout optimization.
INFO: [Physopt 32-232] Optimized 0 net. Created 0 new instance.
INFO: [Physopt 32-775] End 1 Pass. Optimized 0 net or cell. Created 0 new cell, deleted 0 existing cell and moved 0 existing cell
INFO: [Physopt 32-670] No setup violation found.  DSP Register Optimization was not performed.
INFO: [Physopt 32-670] No setup violation found.  Shift Register to Pipeline Optimization was not performed.
INFO: [Physopt 32-670] No setup violation found.  Shift Register Optimization was not performed.
INFO: [Physopt 32-670] No setup violation found.  BRAM Register Optimization was not performed.
INFO: [Physopt 32-670] No setup violation found.  URAM Register Optimization was not performed.
INFO: [Physopt 32-949] No candidate nets found for dynamic/static region interface net replication
INFO: [Physopt 32-775] End 1 Pass. Optimized 0 net or cell. Created 0 new cell, deleted 0 existing cell and moved 0 existing cell
Netlist sorting complete. Time (s): cpu = 00:00:00 ; elapsed = 00:00:00 . Memory (MB): peak = 2829.129 ; gain = 0.000 ; free physical = 5402 ; free virtual = 37733

Summary of Physical Synthesis Optimizations
============================================


-----------------------------------------------------------------------------------------------------------------------------------------------------------
|  Optimization                                     |  Added Cells  |  Removed Cells  |  Optimized Cells/Nets  |  Dont Touch  |  Iterations  |  Elapsed   |
-----------------------------------------------------------------------------------------------------------------------------------------------------------
|  LUT Combining                                    |            0  |             36  |                    36  |           0  |           1  |  00:00:00  |
|  Retime                                           |            0  |              0  |                     0  |           0  |           1  |  00:00:00  |
|  Very High Fanout                                 |            0  |              0  |                     0  |           0  |           1  |  00:00:00  |
|  DSP Register                                     |            0  |              0  |                     0  |           0  |           0  |  00:00:00  |
|  Shift Register to Pipeline                       |            0  |              0  |                     0  |           0  |           0  |  00:00:00  |
|  Shift Register                                   |            0  |              0  |                     0  |           0  |           0  |  00:00:00  |
|  BRAM Register                                    |            0  |              0  |                     0  |           0  |           0  |  00:00:00  |
|  URAM Register                                    |            0  |              0  |                     0  |           0  |           0  |  00:00:00  |
|  Dynamic/Static Region Interface Net Replication  |            0  |              0  |                     0  |           0  |           1  |  00:00:00  |
|  Total                                            |            0  |             36  |                    36  |           0  |           4  |  00:00:00  |
-----------------------------------------------------------------------------------------------------------------------------------------------------------


Phase 2.5.2 Physical Synthesis In Placer | Checksum: 2510501c1

Time (s): cpu = 00:00:04 ; elapsed = 00:00:01 . Memory (MB): peak = 2829.129 ; gain = 0.000 ; free physical = 5402 ; free virtual = 37734
Phase 2.5 Global Place Phase2 | Checksum: 290efbce1

Time (s): cpu = 00:00:04 ; elapsed = 00:00:01 . Memory (MB): peak = 2829.129 ; gain = 0.000 ; free physical = 5401 ; free virtual = 37733
Phase 2 Global Placement | Checksum: 290efbce1

Time (s): cpu = 00:00:04 ; elapsed = 00:00:01 . Memory (MB): peak = 2829.129 ; gain = 0.000 ; free physical = 5401 ; free virtual = 37733

Phase 3 Detail Placement

Phase 3.1 Commit Multi Column Macros
Phase 3.1 Commit Multi Column Macros | Checksum: 226b5232e

Time (s): cpu = 00:00:04 ; elapsed = 00:00:01 . Memory (MB): peak = 2829.129 ; gain = 0.000 ; free physical = 5401 ; free virtual = 37733

Phase 3.2 Commit Most Macros & LUTRAMs
Phase 3.2 Commit Most Macros & LUTRAMs | Checksum: 2776698e6

Time (s): cpu = 00:00:04 ; elapsed = 00:00:01 . Memory (MB): peak = 2829.129 ; gain = 0.000 ; free physical = 5401 ; free virtual = 37732

Phase 3.3 Area Swap Optimization
Phase 3.3 Area Swap Optimization | Checksum: 1dd4bb8fd

Time (s): cpu = 00:00:04 ; elapsed = 00:00:01 . Memory (MB): peak = 2829.129 ; gain = 0.000 ; free physical = 5401 ; free virtual = 37732

Phase 3.4 Pipeline Register Optimization
Phase 3.4 Pipeline Register Optimization | Checksum: 1f97d99e3

Time (s): cpu = 00:00:04 ; elapsed = 00:00:01 . Memory (MB): peak = 2829.129 ; gain = 0.000 ; free physical = 5401 ; free virtual = 37732

Phase 3.5 Small Shape Detail Placement
Phase 3.5 Small Shape Detail Placement | Checksum: 23bd66d43

Time (s): cpu = 00:00:05 ; elapsed = 00:00:01 . Memory (MB): peak = 2829.129 ; gain = 0.000 ; free physical = 5403 ; free virtual = 37734

Phase 3.6 Re-assign LUT pins
Phase 3.6 Re-assign LUT pins | Checksum: 1ffc602ed

Time (s): cpu = 00:00:05 ; elapsed = 00:00:01 . Memory (MB): peak = 2829.129 ; gain = 0.000 ; free physical = 5403 ; free virtual = 37734

Phase 3.7 Pipeline Register Optimization
Phase 3.7 Pipeline Register Optimization | Checksum: 1a3902487

Time (s): cpu = 00:00:05 ; elapsed = 00:00:01 . Memory (MB): peak = 2829.129 ; gain = 0.000 ; free physical = 5403 ; free virtual = 37734
Phase 3 Detail Placement | Checksum: 1a3902487

Time (s): cpu = 00:00:05 ; elapsed = 00:00:01 . Memory (MB): peak = 2829.129 ; gain = 0.000 ; free physical = 5403 ; free virtual = 37734

Phase 4 Post Placement Optimization and Clean-Up

Phase 4.1 Post Commit Optimization
INFO: [Timing 38-35] Done setting XDC timing constraints.

Phase 4.1.1 Post Placement Optimization
Post Placement Optimization Initialization | Checksum: 191f5c018

Phase 4.1.1.1 BUFG Insertion

Starting Physical Synthesis Task

Phase 1 Physical Synthesis Initialization
INFO: [Physopt 32-721] Multithreading enabled for phys_opt_design using a maximum of 8 CPUs
INFO: [Physopt 32-619] Estimated Timing Summary | WNS=1.062 | TNS=0.000 |
Phase 1 Physical Synthesis Initialization | Checksum: 1d9f69bd8

Time (s): cpu = 00:00:00.1 ; elapsed = 00:00:00.04 . Memory (MB): peak = 2829.129 ; gain = 0.000 ; free physical = 5402 ; free virtual = 37733
INFO: [Place 46-56] BUFG insertion identified 0 candidate nets. Inserted BUFG: 0, Replicated BUFG Driver: 0, Skipped due to Placement/Routing Conflicts: 0, Skipped due to Timing Degradation: 0, Skipped due to netlist editing failed: 0.
Ending Physical Synthesis Task | Checksum: 1b9111ceb

Time (s): cpu = 00:00:00.11 ; elapsed = 00:00:00.04 . Memory (MB): peak = 2829.129 ; gain = 0.000 ; free physical = 5402 ; free virtual = 37733
Phase 4.1.1.1 BUFG Insertion | Checksum: 191f5c018

Time (s): cpu = 00:00:05 ; elapsed = 00:00:02 . Memory (MB): peak = 2829.129 ; gain = 0.000 ; free physical = 5402 ; free virtual = 37733

Phase 4.1.1.2 Post Placement Timing Optimization
INFO: [Place 30-746] Post Placement Timing Summary WNS=1.062. For the most accurate timing information please run report_timing.
Phase 4.1.1.2 Post Placement Timing Optimization | Checksum: 16f9e5e5f

Time (s): cpu = 00:00:05 ; elapsed = 00:00:02 . Memory (MB): peak = 2829.129 ; gain = 0.000 ; free physical = 5402 ; free virtual = 37733

Time (s): cpu = 00:00:05 ; elapsed = 00:00:02 . Memory (MB): peak = 2829.129 ; gain = 0.000 ; free physical = 5402 ; free virtual = 37733
Phase 4.1 Post Commit Optimization | Checksum: 16f9e5e5f

Time (s): cpu = 00:00:05 ; elapsed = 00:00:02 . Memory (MB): peak = 2829.129 ; gain = 0.000 ; free physical = 5402 ; free virtual = 37733

Phase 4.2 Post Placement Cleanup
Phase 4.2 Post Placement Cleanup | Checksum: 16f9e5e5f

Time (s): cpu = 00:00:05 ; elapsed = 00:00:02 . Memory (MB): peak = 2829.129 ; gain = 0.000 ; free physical = 5402 ; free virtual = 37733

Phase 4.3 Placer Reporting

Phase 4.3.1 Print Estimated Congestion
INFO: [Place 30-612] Post-Placement Estimated Congestion 
 ____________________________________________________
|           | Global Congestion | Short Congestion  |
| Direction | Region Size       | Region Size       |
|___________|___________________|___________________|
|      North|                1x1|                1x1|
|___________|___________________|___________________|
|      South|                1x1|                1x1|
|___________|___________________|___________________|
|       East|                1x1|                1x1|
|___________|___________________|___________________|
|       West|                1x1|                1x1|
|___________|___________________|___________________|

Phase 4.3.1 Print Estimated Congestion | Checksum: 16f9e5e5f

Time (s): cpu = 00:00:05 ; elapsed = 00:00:02 . Memory (MB): peak = 2829.129 ; gain = 0.000 ; free physical = 5402 ; free virtual = 37733
Phase 4.3 Placer Reporting | Checksum: 16f9e5e5f

Time (s): cpu = 00:00:05 ; elapsed = 00:00:02 . Memory (MB): peak = 2829.129 ; gain = 0.000 ; free physical = 5402 ; free virtual = 37733

Phase 4.4 Final Placement Cleanup
Netlist sorting complete. Time (s): cpu = 00:00:00 ; elapsed = 00:00:00 . Memory (MB): peak = 2829.129 ; gain = 0.000 ; free physical = 5402 ; free virtual = 37733

Time (s): cpu = 00:00:05 ; elapsed = 00:00:02 . Memory (MB): peak = 2829.129 ; gain = 0.000 ; free physical = 5402 ; free virtual = 37733
Phase 4 Post Placement Optimization and Clean-Up | Checksum: 18d548ed0

Time (s): cpu = 00:00:05 ; elapsed = 00:00:02 . Memory (MB): peak = 2829.129 ; gain = 0.000 ; free physical = 5402 ; free virtual = 37733
Ending Placer Task | Checksum: e41b5f32

Time (s): cpu = 00:00:05 ; elapsed = 00:00:02 . Memory (MB): peak = 2829.129 ; gain = 0.000 ; free physical = 5402 ; free virtual = 37733
71 Infos, 55 Warnings, 55 Critical Warnings and 0 Errors encountered.
place_design completed successfully
INFO: [Vivado 12-24838] Running report commands "report_control_sets, report_io, report_utilization" in parallel.
Running report generation with 3 threads.
INFO: [Vivado 12-24828] Executing command : report_control_sets -verbose -file ili9341_karina_display_control_sets_placed.rpt
report_control_sets: Time (s): cpu = 00:00:00.03 ; elapsed = 00:00:00.06 . Memory (MB): peak = 2829.129 ; gain = 0.000 ; free physical = 5376 ; free virtual = 37708
INFO: [Vivado 12-24828] Executing command : report_utilization -file ili9341_karina_display_utilization_placed.rpt -pb ili9341_karina_display_utilization_placed.pb
INFO: [Vivado 12-24828] Executing command : report_io -file ili9341_karina_display_io_placed.rpt
report_io: Time (s): cpu = 00:00:00.07 ; elapsed = 00:00:00.13 . Memory (MB): peak = 2829.129 ; gain = 0.000 ; free physical = 5370 ; free virtual = 37702
INFO: [Timing 38-480] Writing timing data to binary archive.
Write ShapeDB Complete: Time (s): cpu = 00:00:00 ; elapsed = 00:00:00 . Memory (MB): peak = 2829.129 ; gain = 0.000 ; free physical = 5370 ; free virtual = 37702
Wrote PlaceDB: Time (s): cpu = 00:00:00.09 ; elapsed = 00:00:00.02 . Memory (MB): peak = 2829.129 ; gain = 0.000 ; free physical = 5369 ; free virtual = 37701
Wrote PulsedLatchDB: Time (s): cpu = 00:00:00 ; elapsed = 00:00:00 . Memory (MB): peak = 2829.129 ; gain = 0.000 ; free physical = 5369 ; free virtual = 37701
Writing XDEF routing.
Writing XDEF routing logical nets.
Writing XDEF routing special nets.
Wrote RouteStorage: Time (s): cpu = 00:00:00.02 ; elapsed = 00:00:00.01 . Memory (MB): peak = 2829.129 ; gain = 0.000 ; free physical = 5367 ; free virtual = 37700
Wrote Netlist Cache: Time (s): cpu = 00:00:00 ; elapsed = 00:00:00 . Memory (MB): peak = 2829.129 ; gain = 0.000 ; free physical = 5367 ; free virtual = 37700
Wrote Device Cache: Time (s): cpu = 00:00:00.01 ; elapsed = 00:00:00 . Memory (MB): peak = 2829.129 ; gain = 0.000 ; free physical = 5367 ; free virtual = 37700
Write Physdb Complete: Time (s): cpu = 00:00:00.12 ; elapsed = 00:00:00.03 . Memory (MB): peak = 2829.129 ; gain = 0.000 ; free physical = 5367 ; free virtual = 37700
INFO: [Common 17-1381] The checkpoint '/media/user12/data/work/basys_exam_2025/basys_exam_2025.runs/impl_1/ili9341_karina_display_placed.dcp' has been generated.
Command: phys_opt_design
Attempting to get a license for feature 'Implementation' and/or device 'xc7a35t'
INFO: [Common 17-349] Got license for feature 'Implementation' and/or device 'xc7a35t'

Starting Initial Update Timing Task

Time (s): cpu = 00:00:00.11 ; elapsed = 00:00:00.09 . Memory (MB): peak = 2829.129 ; gain = 0.000 ; free physical = 5363 ; free virtual = 37695
INFO: [Vivado_Tcl 4-2279] Estimated Timing Summary | WNS= 1.062 | TNS= 0.000 | 
INFO: [Vivado_Tcl 4-383] Design worst setup slack (WNS) is greater than or equal to 0.000 ns. All physical synthesis setup optimizations will be skipped.
INFO: [Vivado_Tcl 4-232] No setup violation found. The netlist was not modified.
INFO: [Common 17-83] Releasing license: Implementation
82 Infos, 55 Warnings, 55 Critical Warnings and 0 Errors encountered.
phys_opt_design completed successfully
INFO: [Timing 38-480] Writing timing data to binary archive.
Write ShapeDB Complete: Time (s): cpu = 00:00:00.01 ; elapsed = 00:00:00 . Memory (MB): peak = 2829.129 ; gain = 0.000 ; free physical = 5363 ; free virtual = 37695
Wrote PlaceDB: Time (s): cpu = 00:00:00.08 ; elapsed = 00:00:00.02 . Memory (MB): peak = 2829.129 ; gain = 0.000 ; free physical = 5362 ; free virtual = 37695
Wrote PulsedLatchDB: Time (s): cpu = 00:00:00 ; elapsed = 00:00:00 . Memory (MB): peak = 2829.129 ; gain = 0.000 ; free physical = 5362 ; free virtual = 37695
Writing XDEF routing.
Writing XDEF routing logical nets.
Writing XDEF routing special nets.
Wrote RouteStorage: Time (s): cpu = 00:00:00.02 ; elapsed = 00:00:00.01 . Memory (MB): peak = 2829.129 ; gain = 0.000 ; free physical = 5358 ; free virtual = 37691
Wrote Netlist Cache: Time (s): cpu = 00:00:00 ; elapsed = 00:00:00 . Memory (MB): peak = 2829.129 ; gain = 0.000 ; free physical = 5358 ; free virtual = 37691
Wrote Device Cache: Time (s): cpu = 00:00:00.01 ; elapsed = 00:00:00 . Memory (MB): peak = 2829.129 ; gain = 0.000 ; free physical = 5358 ; free virtual = 37691
Write Physdb Complete: Time (s): cpu = 00:00:00.12 ; elapsed = 00:00:00.03 . Memory (MB): peak = 2829.129 ; gain = 0.000 ; free physical = 5358 ; free virtual = 37691
INFO: [Common 17-1381] The checkpoint '/media/user12/data/work/basys_exam_2025/basys_exam_2025.runs/impl_1/ili9341_karina_display_physopt.dcp' has been generated.
Command: route_design
Attempting to get a license for feature 'Implementation' and/or device 'xc7a35t'
INFO: [Common 17-349] Got license for feature 'Implementation' and/or device 'xc7a35t'


Starting Routing Task
INFO: [Route 35-254] Multithreading enabled for route_design using a maximum of 8 CPUs

Phase 1 Build RT Design
Checksum: PlaceDB: a29b613 ConstDB: 0 ShapeSum: 39704cc8 RouteDB: a0815c57
Post Restoration Checksum: NetGraph: 27cde6d4 | NumContArr: 3d62b7a0 | Constraints: c2a8fa9d | Timing: c2a8fa9d
Phase 1 Build RT Design | Checksum: 1ea8293ae

Time (s): cpu = 00:00:09 ; elapsed = 00:00:08 . Memory (MB): peak = 2829.129 ; gain = 0.000 ; free physical = 5338 ; free virtual = 37671

Phase 2 Router Initialization

Phase 2.1 Fix Topology Constraints
Phase 2.1 Fix Topology Constraints | Checksum: 1ea8293ae

Time (s): cpu = 00:00:09 ; elapsed = 00:00:08 . Memory (MB): peak = 2829.129 ; gain = 0.000 ; free physical = 5338 ; free virtual = 37671

Phase 2.2 Pre Route Cleanup
Phase 2.2 Pre Route Cleanup | Checksum: 1ea8293ae

Time (s): cpu = 00:00:09 ; elapsed = 00:00:08 . Memory (MB): peak = 2829.129 ; gain = 0.000 ; free physical = 5338 ; free virtual = 37671
 Number of Nodes with overlaps = 0

Phase 2.3 Update Timing
Phase 2.3 Update Timing | Checksum: 38968131f

Time (s): cpu = 00:00:09 ; elapsed = 00:00:08 . Memory (MB): peak = 2829.129 ; gain = 0.000 ; free physical = 5320 ; free virtual = 37653
INFO: [Route 35-416] Intermediate Timing Summary | WNS=1.133  | TNS=0.000  | WHS=-0.091 | THS=-1.783 |


Router Utilization Summary
  Global Vertical Routing Utilization    = 0 %
  Global Horizontal Routing Utilization  = 0 %
  Routable Net Status*
  *Does not include unroutable nets such as driverless and loadless.
  Run report_route_status for detailed report.
  Number of Failed Nets               = 588
    (Failed Nets is the sum of unrouted and partially routed nets)
  Number of Unrouted Nets             = 588
  Number of Partially Routed Nets     = 0
  Number of Node Overlaps             = 0

Phase 2 Router Initialization | Checksum: 3513aef95

Time (s): cpu = 00:00:10 ; elapsed = 00:00:08 . Memory (MB): peak = 2829.129 ; gain = 0.000 ; free physical = 5313 ; free virtual = 37645

Phase 3 Global Routing
Phase 3 Global Routing | Checksum: 3513aef95

Time (s): cpu = 00:00:10 ; elapsed = 00:00:08 . Memory (MB): peak = 2829.129 ; gain = 0.000 ; free physical = 5313 ; free virtual = 37645

Phase 4 Initial Routing

Phase 4.1 Initial Net Routing Pass
Phase 4.1 Initial Net Routing Pass | Checksum: 284b9573d

Time (s): cpu = 00:00:10 ; elapsed = 00:00:08 . Memory (MB): peak = 2829.129 ; gain = 0.000 ; free physical = 5276 ; free virtual = 37609
Phase 4 Initial Routing | Checksum: 284b9573d

Time (s): cpu = 00:00:10 ; elapsed = 00:00:08 . Memory (MB): peak = 2829.129 ; gain = 0.000 ; free physical = 5276 ; free virtual = 37609

Phase 5 Rip-up And Reroute

Phase 5.1 Global Iteration 0
 Number of Nodes with overlaps = 43
 Number of Nodes with overlaps = 3
 Number of Nodes with overlaps = 1
 Number of Nodes with overlaps = 0
INFO: [Route 35-416] Intermediate Timing Summary | WNS=0.702  | TNS=0.000  | WHS=N/A    | THS=N/A    |

Phase 5.1 Global Iteration 0 | Checksum: 1a5b94e34

Time (s): cpu = 00:00:11 ; elapsed = 00:00:09 . Memory (MB): peak = 2829.129 ; gain = 0.000 ; free physical = 5274 ; free virtual = 37606
Phase 5 Rip-up And Reroute | Checksum: 1a5b94e34

Time (s): cpu = 00:00:11 ; elapsed = 00:00:09 . Memory (MB): peak = 2829.129 ; gain = 0.000 ; free physical = 5274 ; free virtual = 37606

Phase 6 Delay and Skew Optimization

Phase 6.1 Delay CleanUp

Phase 6.1.1 Update Timing
Phase 6.1.1 Update Timing | Checksum: 17e6c104c

Time (s): cpu = 00:00:11 ; elapsed = 00:00:09 . Memory (MB): peak = 2829.129 ; gain = 0.000 ; free physical = 5274 ; free virtual = 37606
INFO: [Route 35-416] Intermediate Timing Summary | WNS=0.702  | TNS=0.000  | WHS=N/A    | THS=N/A    |

Phase 6.1 Delay CleanUp | Checksum: 17e6c104c

Time (s): cpu = 00:00:11 ; elapsed = 00:00:09 . Memory (MB): peak = 2829.129 ; gain = 0.000 ; free physical = 5274 ; free virtual = 37606

Phase 6.2 Clock Skew Optimization
Phase 6.2 Clock Skew Optimization | Checksum: 17e6c104c

Time (s): cpu = 00:00:11 ; elapsed = 00:00:09 . Memory (MB): peak = 2829.129 ; gain = 0.000 ; free physical = 5274 ; free virtual = 37606
Phase 6 Delay and Skew Optimization | Checksum: 17e6c104c

Time (s): cpu = 00:00:11 ; elapsed = 00:00:09 . Memory (MB): peak = 2829.129 ; gain = 0.000 ; free physical = 5274 ; free virtual = 37606

Phase 7 Post Hold Fix

Phase 7.1 Hold Fix Iter
INFO: [Route 35-416] Intermediate Timing Summary | WNS=0.702  | TNS=0.000  | WHS=0.111  | THS=0.000  |

Phase 7.1 Hold Fix Iter | Checksum: 1a1fb0b2d

Time (s): cpu = 00:00:11 ; elapsed = 00:00:09 . Memory (MB): peak = 2829.129 ; gain = 0.000 ; free physical = 5273 ; free virtual = 37606
Phase 7 Post Hold Fix | Checksum: 1a1fb0b2d

Time (s): cpu = 00:00:11 ; elapsed = 00:00:09 . Memory (MB): peak = 2829.129 ; gain = 0.000 ; free physical = 5273 ; free virtual = 37606

Phase 8 Route finalize

Router Utilization Summary
  Global Vertical Routing Utilization    = 0.468548 %
  Global Horizontal Routing Utilization  = 0.383784 %
  Routable Net Status*
  *Does not include unroutable nets such as driverless and loadless.
  Run report_route_status for detailed report.
  Number of Failed Nets               = 0
    (Failed Nets is the sum of unrouted and partially routed nets)
  Number of Unrouted Nets             = 0
  Number of Partially Routed Nets     = 0
  Number of Node Overlaps             = 0

Phase 8 Route finalize | Checksum: 1a1fb0b2d

Time (s): cpu = 00:00:11 ; elapsed = 00:00:09 . Memory (MB): peak = 2829.129 ; gain = 0.000 ; free physical = 5273 ; free virtual = 37606

Phase 9 Verifying routed nets

 Verification completed successfully
Phase 9 Verifying routed nets | Checksum: 1a1fb0b2d

Time (s): cpu = 00:00:11 ; elapsed = 00:00:09 . Memory (MB): peak = 2829.129 ; gain = 0.000 ; free physical = 5273 ; free virtual = 37606

Phase 10 Depositing Routes
Phase 10 Depositing Routes | Checksum: 22fd207cc

Time (s): cpu = 00:00:11 ; elapsed = 00:00:09 . Memory (MB): peak = 2829.129 ; gain = 0.000 ; free physical = 5273 ; free virtual = 37606

Phase 11 Post Process Routing
Phase 11 Post Process Routing | Checksum: 22fd207cc

Time (s): cpu = 00:00:11 ; elapsed = 00:00:09 . Memory (MB): peak = 2829.129 ; gain = 0.000 ; free physical = 5273 ; free virtual = 37606

Phase 12 Post Router Timing
INFO: [Route 35-57] Estimated Timing Summary | WNS=0.702  | TNS=0.000  | WHS=0.111  | THS=0.000  |

INFO: [Route 35-327] The final timing numbers are based on the router estimated timing analysis. For a complete and accurate timing signoff, please run report_timing_summary.
Phase 12 Post Router Timing | Checksum: 22fd207cc

Time (s): cpu = 00:00:11 ; elapsed = 00:00:09 . Memory (MB): peak = 2829.129 ; gain = 0.000 ; free physical = 5273 ; free virtual = 37606
Total Elapsed time in route_design: 8.78 secs

Phase 13 Post-Route Event Processing
Phase 13 Post-Route Event Processing | Checksum: 13a716914

Time (s): cpu = 00:00:11 ; elapsed = 00:00:09 . Memory (MB): peak = 2829.129 ; gain = 0.000 ; free physical = 5273 ; free virtual = 37606
INFO: [Route 35-16] Router Completed Successfully
Ending Routing Task | Checksum: 13a716914

Time (s): cpu = 00:00:11 ; elapsed = 00:00:09 . Memory (MB): peak = 2829.129 ; gain = 0.000 ; free physical = 5273 ; free virtual = 37606

Routing Is Done.
INFO: [Common 17-83] Releasing license: Implementation
94 Infos, 55 Warnings, 55 Critical Warnings and 0 Errors encountered.
route_design completed successfully
route_design: Time (s): cpu = 00:00:11 ; elapsed = 00:00:09 . Memory (MB): peak = 2829.129 ; gain = 0.000 ; free physical = 5273 ; free virtual = 37606
INFO: [Vivado 12-24828] Executing command : report_drc -file ili9341_karina_display_drc_routed.rpt -pb ili9341_karina_display_drc_routed.pb -rpx ili9341_karina_display_drc_routed.rpx
Command: report_drc -file ili9341_karina_display_drc_routed.rpt -pb ili9341_karina_display_drc_routed.pb -rpx ili9341_karina_display_drc_routed.rpx
INFO: [IP_Flow 19-1839] IP Catalog is up to date.
INFO: [DRC 23-27] Running DRC with 8 threads
INFO: [Vivado_Tcl 2-168] The results of DRC are in file /media/user12/data/work/basys_exam_2025/basys_exam_2025.runs/impl_1/ili9341_karina_display_drc_routed.rpt.
report_drc completed successfully
INFO: [Vivado 12-24828] Executing command : report_methodology -file ili9341_karina_display_methodology_drc_routed.rpt -pb ili9341_karina_display_methodology_drc_routed.pb -rpx ili9341_karina_display_methodology_drc_routed.rpx
Command: report_methodology -file ili9341_karina_display_methodology_drc_routed.rpt -pb ili9341_karina_display_methodology_drc_routed.pb -rpx ili9341_karina_display_methodology_drc_routed.rpx
INFO: [Timing 38-35] Done setting XDC timing constraints.
INFO: [DRC 23-133] Running Methodology with 8 threads
INFO: [Vivado_Tcl 2-1520] The results of Report Methodology are in file /media/user12/data/work/basys_exam_2025/basys_exam_2025.runs/impl_1/ili9341_karina_display_methodology_drc_routed.rpt.
report_methodology completed successfully
INFO: [Vivado 12-24828] Executing command : report_timing_summary -max_paths 10 -report_unconstrained -file ili9341_karina_display_timing_summary_routed.rpt -pb ili9341_karina_display_timing_summary_routed.pb -rpx ili9341_karina_display_timing_summary_routed.rpx -warn_on_violation 
INFO: [Timing 38-35] Done setting XDC timing constraints.
INFO: [Timing 38-91] UpdateTimingParams: Speed grade: -1, Delay Type: min_max.
INFO: [Timing 38-191] Multithreading enabled for timing update using a maximum of 8 CPUs
INFO: [Vivado 12-24838] Running report commands "report_bus_skew, report_incremental_reuse, report_route_status" in parallel.
Running report generation with 3 threads.
INFO: [Vivado 12-24828] Executing command : report_route_status -file ili9341_karina_display_route_status.rpt -pb ili9341_karina_display_route_status.pb
INFO: [Vivado 12-24828] Executing command : report_incremental_reuse -file ili9341_karina_display_incremental_reuse_routed.rpt
INFO: [Vivado_Tcl 4-1062] Incremental flow is disabled. No incremental reuse Info to report.
INFO: [Vivado 12-24828] Executing command : report_bus_skew -warn_on_violation -file ili9341_karina_display_bus_skew_routed.rpt -pb ili9341_karina_display_bus_skew_routed.pb -rpx ili9341_karina_display_bus_skew_routed.rpx
INFO: [Timing 38-91] UpdateTimingParams: Speed grade: -1, Delay Type: min_max.
INFO: [Timing 38-191] Multithreading enabled for timing update using a maximum of 8 CPUs
INFO: [Vivado 12-24828] Executing command : report_power -file ili9341_karina_display_power_routed.rpt -pb ili9341_karina_display_power_summary_routed.pb -rpx ili9341_karina_display_power_routed.rpx
Command: report_power -file ili9341_karina_display_power_routed.rpt -pb ili9341_karina_display_power_summary_routed.pb -rpx ili9341_karina_display_power_routed.rpx
Running Vector-less Activity Propagation...

Finished Running Vector-less Activity Propagation
114 Infos, 55 Warnings, 55 Critical Warnings and 0 Errors encountered.
report_power completed successfully
INFO: [Vivado 12-24828] Executing command : report_clock_utilization -file ili9341_karina_display_clock_utilization_routed.rpt
INFO: [Timing 38-480] Writing timing data to binary archive.
Write ShapeDB Complete: Time (s): cpu = 00:00:00 ; elapsed = 00:00:00 . Memory (MB): peak = 2875.891 ; gain = 0.000 ; free physical = 5205 ; free virtual = 37533
Wrote PlaceDB: Time (s): cpu = 00:00:00.09 ; elapsed = 00:00:00.02 . Memory (MB): peak = 2875.891 ; gain = 0.000 ; free physical = 5212 ; free virtual = 37541
Wrote PulsedLatchDB: Time (s): cpu = 00:00:00 ; elapsed = 00:00:00 . Memory (MB): peak = 2875.891 ; gain = 0.000 ; free physical = 5212 ; free virtual = 37541
Writing XDEF routing.
Writing XDEF routing logical nets.
Writing XDEF routing special nets.
Wrote RouteStorage: Time (s): cpu = 00:00:00.04 ; elapsed = 00:00:00.02 . Memory (MB): peak = 2875.891 ; gain = 0.000 ; free physical = 5211 ; free virtual = 37541
Wrote Netlist Cache: Time (s): cpu = 00:00:00 ; elapsed = 00:00:00 . Memory (MB): peak = 2875.891 ; gain = 0.000 ; free physical = 5211 ; free virtual = 37541
Wrote Device Cache: Time (s): cpu = 00:00:00.01 ; elapsed = 00:00:00 . Memory (MB): peak = 2875.891 ; gain = 0.000 ; free physical = 5214 ; free virtual = 37544
Write Physdb Complete: Time (s): cpu = 00:00:00.14 ; elapsed = 00:00:00.04 . Memory (MB): peak = 2875.891 ; gain = 0.000 ; free physical = 5214 ; free virtual = 37544
INFO: [Common 17-1381] The checkpoint '/media/user12/data/work/basys_exam_2025/basys_exam_2025.runs/impl_1/ili9341_karina_display_routed.dcp' has been generated.
Command: write_bitstream -force ili9341_karina_display.bit
Attempting to get a license for feature 'Implementation' and/or device 'xc7a35t'
INFO: [Common 17-349] Got license for feature 'Implementation' and/or device 'xc7a35t'
Running DRC as a precondition to command write_bitstream
INFO: [IP_Flow 19-1839] IP Catalog is up to date.
INFO: [DRC 23-27] Running DRC with 8 threads
INFO: [Vivado 12-3199] DRC finished with 0 Errors
INFO: [Vivado 12-3200] Please refer to the DRC report (report_drc) for more information.
INFO: [Designutils 20-2272] Running write_bitstream with 8 threads.
Loading data files...
Loading site data...
Loading route data...
Processing options...
Creating bitmap...
Creating bitstream...
Bitstream compression saved 10464032 bits.
Writing bitstream ./ili9341_karina_display.bit...
INFO: [Vivado 12-1842] Bitgen Completed Successfully.
INFO: [Project 1-1876] WebTalk data collection is mandatory when using a ULT device. To see the specific WebTalk data collected for your design, open the usage_statistics_webtalk.html or usage_statistics_webtalk.xml file in the implementation directory.
INFO: [Common 17-83] Releasing license: Implementation
126 Infos, 55 Warnings, 55 Critical Warnings and 0 Errors encountered.
write_bitstream completed successfully
write_bitstream: Time (s): cpu = 00:00:11 ; elapsed = 00:00:15 . Memory (MB): peak = 3133.602 ; gain = 257.711 ; free physical = 4918 ; free virtual = 37249
INFO: [Common 17-206] Exiting Vivado at Fri Jan 16 16:38:19 2026...

*** Running vivado
    with args -log ili9341_karina_display.vdi -applog -m64 -product Vivado -messageDb vivado.pb -mode batch -source ili9341_karina_display.tcl -notrace


****** Vivado v2024.2 (64-bit)
  **** SW Build 5239630 on Fri Nov 08 22:34:34 MST 2024
  **** IP Build 5239520 on Sun Nov 10 16:12:51 MST 2024
  **** SharedData Build 5239561 on Fri Nov 08 14:39:27 MST 2024
  **** Start of session at: Tue Jan 20 09:13:51 2026
    ** Copyright 1986-2022 Xilinx, Inc. All Rights Reserved.
    ** Copyright 2022-2024 Advanced Micro Devices, Inc. All Rights Reserved.

source ili9341_karina_display.tcl -notrace
Command: open_checkpoint ili9341_karina_display_routed.dcp
INFO: [Device 21-403] Loading part xc7a35tcpg236-1
Netlist sorting complete. Time (s): cpu = 00:00:00 ; elapsed = 00:00:00.01 . Memory (MB): peak = 1433.469 ; gain = 0.000 ; free physical = 7650 ; free virtual = 42386
INFO: [Netlist 29-17] Analyzing 72 Unisim elements for replacement
INFO: [Netlist 29-28] Unisim Transformation completed in 0 CPU seconds
INFO: [Project 1-479] Netlist was created with Vivado 2024.2
INFO: [Project 1-570] Preparing netlist for logic optimization
Read ShapeDB Complete: Time (s): cpu = 00:00:00 ; elapsed = 00:00:00 . Memory (MB): peak = 1478.438 ; gain = 0.000 ; free physical = 7591 ; free virtual = 42340
INFO: [Timing 38-478] Restoring timing data from binary archive.
INFO: [Timing 38-479] Binary timing data restore complete.
INFO: [Project 1-856] Restoring constraints from binary archive.
INFO: [Project 1-853] Binary constraint restore complete.
INFO: [Designutils 20-5722] Start Reading Physical Databases.
Reading placement.
Read Netlist Cache: Time (s): cpu = 00:00:00 ; elapsed = 00:00:00 . Memory (MB): peak = 2056.859 ; gain = 0.000 ; free physical = 7073 ; free virtual = 41850
Reading placer database...
Read Device Cache: Time (s): cpu = 00:00:00 ; elapsed = 00:00:00 . Memory (MB): peak = 2056.859 ; gain = 0.000 ; free physical = 7073 ; free virtual = 41850
Read PlaceDB: Time (s): cpu = 00:00:00.02 ; elapsed = 00:00:00.01 . Memory (MB): peak = 2056.859 ; gain = 0.000 ; free physical = 7074 ; free virtual = 41851
Read PulsedLatchDB: Time (s): cpu = 00:00:00 ; elapsed = 00:00:00 . Memory (MB): peak = 2056.859 ; gain = 0.000 ; free physical = 7074 ; free virtual = 41851
Reading routing.
Read RouteStorage: Time (s): cpu = 00:00:00.02 ; elapsed = 00:00:00.01 . Memory (MB): peak = 2056.859 ; gain = 0.000 ; free physical = 7074 ; free virtual = 41851
Read Physdb Files: Time (s): cpu = 00:00:00.04 ; elapsed = 00:00:00.04 . Memory (MB): peak = 2056.859 ; gain = 0.000 ; free physical = 7074 ; free virtual = 41851
Restored from archive | CPU: 0.070000 secs | Memory: 2.481689 MB |
Finished XDEF File Restore: Time (s): cpu = 00:00:00.06 ; elapsed = 00:00:00.06 . Memory (MB): peak = 2056.859 ; gain = 8.906 ; free physical = 7074 ; free virtual = 41851
Netlist sorting complete. Time (s): cpu = 00:00:00 ; elapsed = 00:00:00 . Memory (MB): peak = 2056.859 ; gain = 0.000 ; free physical = 7074 ; free virtual = 41851
INFO: [Project 1-111] Unisim Transformation Summary:
No Unisim elements were transformed.

INFO: [Project 1-604] Checkpoint was created with Vivado v2024.2 (64-bit) build 5239630
open_checkpoint: Time (s): cpu = 00:00:06 ; elapsed = 00:00:08 . Memory (MB): peak = 2056.859 ; gain = 687.871 ; free physical = 7074 ; free virtual = 41851
Command: write_bitstream -force ili9341_karina_display.bit
Attempting to get a license for feature 'Implementation' and/or device 'xc7a35t'
INFO: [Common 17-349] Got license for feature 'Implementation' and/or device 'xc7a35t'
Running DRC as a precondition to command write_bitstream
INFO: [IP_Flow 19-234] Refreshing IP repositories
INFO: [IP_Flow 19-1704] No user IP repositories specified
INFO: [IP_Flow 19-2313] Loaded Vivado IP repository '/media/user12/data/tools/xilinx/Vivado/2024.2/data/ip'.
INFO: [DRC 23-27] Running DRC with 8 threads
INFO: [Vivado 12-3199] DRC finished with 0 Errors
INFO: [Vivado 12-3200] Please refer to the DRC report (report_drc) for more information.
INFO: [Designutils 20-2272] Running write_bitstream with 8 threads.
Loading data files...
Loading site data...
Loading route data...
Processing options...
Creating bitmap...
Creating bitstream...
Bitstream compression saved 10464032 bits.
Writing bitstream ./ili9341_karina_display.bit...
INFO: [Vivado 12-1842] Bitgen Completed Successfully.
INFO: [Project 1-1876] WebTalk data collection is mandatory when using a ULT device. To see the specific WebTalk data collected for your design, open the usage_statistics_webtalk.html or usage_statistics_webtalk.xml file in the implementation directory.
INFO: [Common 17-83] Releasing license: Implementation
23 Infos, 0 Warnings, 0 Critical Warnings and 0 Errors encountered.
write_bitstream completed successfully
write_bitstream: Time (s): cpu = 00:00:11 ; elapsed = 00:00:16 . Memory (MB): peak = 2591.777 ; gain = 534.918 ; free physical = 6635 ; free virtual = 41414
INFO: [Common 17-206] Exiting Vivado at Tue Jan 20 09:14:16 2026...
