Copyright 1986-2022 Xilinx, Inc. All Rights Reserved. Copyright 2022-2024 Advanced Micro Devices, Inc. All Rights Reserved.
---------------------------------------------------------------------------------------------------------------------------------------------
| Tool Version : Vivado v.2024.2 (lin64) Build 5239630 Fri Nov 08 22:34:34 MST 2024
| Date         : Tue Mar  3 09:53:54 2026
| Host         : user12-B80KV-AP35BKE running 64-bit Ubuntu 24.04.4 LTS
| Command      : report_control_sets -verbose -file tft_lcd_top_control_sets_placed.rpt
| Design       : tft_lcd_top
| Device       : xc7a35t
---------------------------------------------------------------------------------------------------------------------------------------------

Control Set Information

Table of Contents
-----------------
1. Summary
2. Histogram
3. Flip-Flop Distribution
4. Detailed Control Set Information

1. Summary
----------

+----------------------------------------------------------+-------+
|                          Status                          | Count |
+----------------------------------------------------------+-------+
| Total control sets                                       |    40 |
|    Minimum number of control sets                        |    40 |
|    Addition due to synthesis replication                 |     0 |
|    Addition due to physical synthesis replication        |     0 |
| Unused register locations in slices containing registers |   206 |
+----------------------------------------------------------+-------+
* Control sets can be merged at opt_design using control_set_merge or merge_equivalent_drivers
** Run report_qor_suggestions for automated merging and remapping suggestions


2. Histogram
------------

+--------------------+-------+
|       Fanout       | Count |
+--------------------+-------+
| Total control sets |    40 |
| >= 0 to < 4        |    18 |
| >= 4 to < 6        |     2 |
| >= 6 to < 8        |     3 |
| >= 8 to < 10       |     5 |
| >= 10 to < 12      |     1 |
| >= 12 to < 14      |     4 |
| >= 14 to < 16      |     1 |
| >= 16              |     6 |
+--------------------+-------+
* Control sets can be remapped at either synth_design or opt_design


3. Flip-Flop Distribution
-------------------------

+--------------+-----------------------+------------------------+-----------------+--------------+
| Clock Enable | Synchronous Set/Reset | Asynchronous Set/Reset | Total Registers | Total Slices |
+--------------+-----------------------+------------------------+-----------------+--------------+
| No           | No                    | No                     |              27 |           11 |
| No           | No                    | Yes                    |              44 |           15 |
| No           | Yes                   | No                     |               0 |            0 |
| Yes          | No                    | No                     |              21 |           13 |
| Yes          | No                    | Yes                    |             230 |           83 |
| Yes          | Yes                   | No                     |               0 |            0 |
+--------------+-----------------------+------------------------+-----------------+--------------+


4. Detailed Control Set Information
-----------------------------------

+----------------+----------------------------------+------------------+------------------+----------------+--------------+
|  Clock Signal  |           Enable Signal          | Set/Reset Signal | Slice Load Count | Bel Load Count | Bels / Slice |
+----------------+----------------------------------+------------------+------------------+----------------+--------------+
|  Clk50M_BUFG   | touch_pad/DIN0_out               | reset_p_IBUF     |                1 |              1 |         1.00 |
|  Clk50M_BUFG   | touch_pad/Dtmp[9]_i_1_n_0        | reset_p_IBUF     |                1 |              1 |         1.00 |
|  Clk50M_BUFG   | touch_pad/Dtmp[8]_i_1_n_0        | reset_p_IBUF     |                1 |              1 |         1.00 |
|  Clk50M_BUFG   | touch_pad/Dtmp[7]_i_1_n_0        | reset_p_IBUF     |                1 |              1 |         1.00 |
|  Clk50M_BUFG   | touch_pad/Dtmp[4]_i_1_n_0        | reset_p_IBUF     |                1 |              1 |         1.00 |
|  Clk50M_BUFG   | touch_pad/Dtmp[6]_i_1_n_0        | reset_p_IBUF     |                1 |              1 |         1.00 |
|  Clk50M_BUFG   | touch_pad/Dtmp[0]_i_1_n_0        | reset_p_IBUF     |                1 |              1 |         1.00 |
|  Clk50M_BUFG   | touch_pad/DCLK1_out              | reset_p_IBUF     |                1 |              1 |         1.00 |
|  Clk50M_BUFG   | touch_pad/Dtmp[10]_i_1_n_0       | reset_p_IBUF     |                1 |              1 |         1.00 |
|  Clk50M_BUFG   | touch_pad/Dtmp[11]_i_1_n_0       | reset_p_IBUF     |                1 |              1 |         1.00 |
|  Clk50M_BUFG   | touch_pad/Dtmp[1]_i_1_n_0        | reset_p_IBUF     |                1 |              1 |         1.00 |
|  Clk50M_BUFG   | touch_pad/Dtmp[2]_i_1_n_0        | reset_p_IBUF     |                1 |              1 |         1.00 |
|  Clk50M_BUFG   | touch_pad/Dtmp[3]_i_1_n_0        | reset_p_IBUF     |                1 |              1 |         1.00 |
|  Clk50M_BUFG   | touch_pad/Dtmp[5]_i_1_n_0        | reset_p_IBUF     |                1 |              1 |         1.00 |
|  clk_IBUF_BUFG | lcd/spi_inst/tft_reset3_out      |                  |                1 |              1 |         1.00 |
| ~clk_IBUF_BUFG |                                  | reset_p_IBUF     |                1 |              2 |         2.00 |
|  clk_IBUF_BUFG | lcd/spi_inst/cs                  |                  |                1 |              2 |         2.00 |
|  Clk50M_BUFG   |                                  |                  |                2 |              2 |         1.00 |
|  clk_IBUF_BUFG | fnd/ed_com/E[0]                  | reset_p_IBUF     |                1 |              4 |         4.00 |
|  clk_IBUF_BUFG | lcd/spi_inst/state_reg[2]_1      | reset_p_IBUF     |                1 |              4 |         4.00 |
|  Clk50M_BUFG   | touch_pad/CONV_CNT[5]_i_1_n_0    | reset_p_IBUF     |                2 |              6 |         3.00 |
|  Clk50M_BUFG   | touch_pad/CLK_GEN_CNT[5]_i_1_n_0 | reset_p_IBUF     |                2 |              6 |         3.00 |
|  clk_IBUF_BUFG | lcd/spi_inst/state_reg[1][0]     | reset_p_IBUF     |                3 |              6 |         2.00 |
|  clk_IBUF_BUFG | lcd/spi_inst/state_reg[2][0]     | reset_p_IBUF     |                3 |              9 |         3.00 |
|  clk_IBUF_BUFG | lcd/E[0]                         | reset_p_IBUF     |                4 |              9 |         2.25 |
|  clk_IBUF_BUFG | lcd/spiDataSet                   |                  |                4 |              9 |         2.25 |
|  clk_IBUF_BUFG | lcd/spi_inst/state_reg[2]_0[0]   |                  |                7 |              9 |         1.29 |
|  clk_IBUF_BUFG | lcd/spi_inst/E[0]                | reset_p_IBUF     |                3 |              9 |         3.00 |
|  clk_IBUF_BUFG | wr_addr0__0                      | reset_p_IBUF     |                4 |             11 |         2.75 |
|  Clk50M_BUFG   | touch_pad/Y_MAX[11]_i_1_n_0      | reset_p_IBUF     |                4 |             12 |         3.00 |
|  Clk50M_BUFG   | touch_pad/Y_MIN[11]_i_1_n_0      | reset_p_IBUF     |                3 |             12 |         4.00 |
|  Clk50M_BUFG   | touch_pad/X_MIN[11]_i_1_n_0      | reset_p_IBUF     |                4 |             12 |         3.00 |
|  Clk50M_BUFG   | touch_pad/X_MAX[11]_i_1_n_0      | reset_p_IBUF     |                5 |             12 |         2.40 |
|  clk_IBUF_BUFG |                                  | reset_p_IBUF     |                6 |             14 |         2.33 |
|  Clk50M_BUFG   | touch_pad/tmp_X_Value[0]_i_1_n_0 | reset_p_IBUF     |                4 |             16 |         4.00 |
|  Clk50M_BUFG   | touch_pad/tmp_Y_Value[0]_i_1_n_0 | reset_p_IBUF     |                4 |             16 |         4.00 |
|  clk_IBUF_BUFG | lcd/spi_inst/spiDataSet_reg[0]   | reset_p_IBUF     |                9 |             24 |         2.67 |
|  clk_IBUF_BUFG |                                  |                  |                9 |             25 |         2.78 |
|  Clk50M_BUFG   |                                  | reset_p_IBUF     |                8 |             28 |         3.50 |
|  Clk50M_BUFG   | touch_pad/r_Get_Flag             | reset_p_IBUF     |               13 |             48 |         3.69 |
+----------------+----------------------------------+------------------+------------------+----------------+--------------+


