
*** Running vivado
    with args -log soc_multiwatch_lcd_myip_watch_0_0.vds -m64 -product Vivado -mode batch -messageDb vivado.pb -notrace -source soc_multiwatch_lcd_myip_watch_0_0.tcl


****** Vivado v2024.2 (64-bit)
  **** SW Build 5239630 on Fri Nov 08 22:34:34 MST 2024
  **** IP Build 5239520 on Sun Nov 10 16:12:51 MST 2024
  **** SharedData Build 5239561 on Fri Nov 08 14:39:27 MST 2024
  **** Start of session at: Thu Jan 29 08:10:22 2026
    ** Copyright 1986-2022 Xilinx, Inc. All Rights Reserved.
    ** Copyright 2022-2024 Advanced Micro Devices, Inc. All Rights Reserved.

source soc_multiwatch_lcd_myip_watch_0_0.tcl -notrace
INFO: [IP_Flow 19-234] Refreshing IP repositories
INFO: [IP_Flow 19-1700] Loaded user IP repository '/media/user12/data/work/ip_repo/myip_watch_1_0'.
WARNING: [IP_Flow 19-2207] Repository '/media/user12/data/work/ip_repo/myip_watch_1_0' already exists; ignoring attempt to add it again.
INFO: [IP_Flow 19-1700] Loaded user IP repository '/media/user12/data/work/ip_repo/myip_watch_1_0'.
INFO: [IP_Flow 19-1700] Loaded user IP repository '/media/user12/data/work/ip_repo/myip_stopwatch_1_0'.
INFO: [IP_Flow 19-1700] Loaded user IP repository '/media/user12/data/work/ip_repo/myip_cooktimer_1_0'.
INFO: [IP_Flow 19-1700] Loaded user IP repository '/media/user12/data/work/ip_repo/myip_iic_cntr_1_0'.
INFO: [IP_Flow 19-1700] Loaded user IP repository '/media/user12/data/work/ip_repo/myip_dht11_1_0'.
INFO: [IP_Flow 19-1700] Loaded user IP repository '/media/user12/data/work/ip_repo/myip_fnd_cntr_1_0'.
INFO: [IP_Flow 19-2313] Loaded Vivado IP repository '/media/user12/data/tools/xilinx/Vivado/2024.2/data/ip'.
INFO: [IP_Flow 19-6924] IPCACHE: Running cache check for IP inst: soc_multiwatch_lcd_myip_watch_0_0
Command: synth_design -top soc_multiwatch_lcd_myip_watch_0_0 -part xc7a35tcpg236-1 -incremental_mode off -mode out_of_context
Starting synth_design
Attempting to get a license for feature 'Synthesis' and/or device 'xc7a35t'
INFO: [Common 17-349] Got license for feature 'Synthesis' and/or device 'xc7a35t'
INFO: [Device 21-403] Loading part xc7a35tcpg236-1
INFO: [Synth 8-7079] Multithreading enabled for synth_design using a maximum of 7 processes.
INFO: [Synth 8-7078] Launching helper process for spawning children vivado processes
INFO: [Synth 8-7075] Helper process launched with PID 13631
---------------------------------------------------------------------------------
Starting RTL Elaboration : Time (s): cpu = 00:00:02 ; elapsed = 00:00:04 . Memory (MB): peak = 1840.434 ; gain = 363.859 ; free physical = 5220 ; free virtual = 41583
---------------------------------------------------------------------------------
INFO: [Synth 8-6157] synthesizing module 'soc_multiwatch_lcd_myip_watch_0_0' [/media/user12/data/work/SOC_exam_2026/SOC_exam_2026.gen/sources_1/bd/soc_multiwatch_lcd/ip/soc_multiwatch_lcd_myip_watch_0_0/synth/soc_multiwatch_lcd_myip_watch_0_0.v:53]
INFO: [Synth 8-6157] synthesizing module 'myip_watch' [/media/user12/data/work/SOC_exam_2026/SOC_exam_2026.gen/sources_1/bd/soc_multiwatch_lcd/ipshared/b10b/hdl/myip_watch.v:4]
INFO: [Synth 8-6157] synthesizing module 'myip_watch_slave_lite_v1_0_S00_AXI' [/media/user12/data/work/SOC_exam_2026/SOC_exam_2026.gen/sources_1/bd/soc_multiwatch_lcd/ipshared/b10b/hdl/myip_watch_slave_lite_v1_0_S00_AXI.v:4]
INFO: [Synth 8-155] case statement is not full and has no default [/media/user12/data/work/SOC_exam_2026/SOC_exam_2026.gen/sources_1/bd/soc_multiwatch_lcd/ipshared/b10b/hdl/myip_watch_slave_lite_v1_0_S00_AXI.v:145]
INFO: [Synth 8-226] default block is never used [/media/user12/data/work/SOC_exam_2026/SOC_exam_2026.gen/sources_1/bd/soc_multiwatch_lcd/ipshared/b10b/hdl/myip_watch_slave_lite_v1_0_S00_AXI.v:223]
INFO: [Synth 8-155] case statement is not full and has no default [/media/user12/data/work/SOC_exam_2026/SOC_exam_2026.gen/sources_1/bd/soc_multiwatch_lcd/ipshared/b10b/hdl/myip_watch_slave_lite_v1_0_S00_AXI.v:308]
INFO: [Synth 8-6157] synthesizing module 'watch' [/media/user12/data/work/SOC_exam_2026/SOC_exam_2026.gen/sources_1/bd/soc_multiwatch_lcd/ipshared/b10b/src/exam03_var_module.v:70]
INFO: [Synth 8-6157] synthesizing module 'edge_detector_n' [/media/user12/data/work/SOC_exam_2026/SOC_exam_2026.gen/sources_1/bd/soc_multiwatch_lcd/ipshared/b10b/src/exam02_sequential_logic.v:292]
INFO: [Synth 8-6155] done synthesizing module 'edge_detector_n' (0#1) [/media/user12/data/work/SOC_exam_2026/SOC_exam_2026.gen/sources_1/bd/soc_multiwatch_lcd/ipshared/b10b/src/exam02_sequential_logic.v:292]
WARNING: [Synth 8-7071] port 'n_edge' of module 'edge_detector_n' is unconnected for instance 'ed_load' [/media/user12/data/work/SOC_exam_2026/SOC_exam_2026.gen/sources_1/bd/soc_multiwatch_lcd/ipshared/b10b/src/exam03_var_module.v:78]
WARNING: [Synth 8-7023] instance 'ed_load' of module 'edge_detector_n' has 5 connections declared, but only 4 given [/media/user12/data/work/SOC_exam_2026/SOC_exam_2026.gen/sources_1/bd/soc_multiwatch_lcd/ipshared/b10b/src/exam03_var_module.v:78]
INFO: [Synth 8-6155] done synthesizing module 'watch' (0#1) [/media/user12/data/work/SOC_exam_2026/SOC_exam_2026.gen/sources_1/bd/soc_multiwatch_lcd/ipshared/b10b/src/exam03_var_module.v:70]
WARNING: [Synth 8-689] width (32) of port connection 'set_hour' does not match port width (8) of module 'watch' [/media/user12/data/work/SOC_exam_2026/SOC_exam_2026.gen/sources_1/bd/soc_multiwatch_lcd/ipshared/b10b/hdl/myip_watch_slave_lite_v1_0_S00_AXI.v:355]
WARNING: [Synth 8-689] width (32) of port connection 'set_min' does not match port width (8) of module 'watch' [/media/user12/data/work/SOC_exam_2026/SOC_exam_2026.gen/sources_1/bd/soc_multiwatch_lcd/ipshared/b10b/hdl/myip_watch_slave_lite_v1_0_S00_AXI.v:355]
WARNING: [Synth 8-689] width (32) of port connection 'set_sec' does not match port width (8) of module 'watch' [/media/user12/data/work/SOC_exam_2026/SOC_exam_2026.gen/sources_1/bd/soc_multiwatch_lcd/ipshared/b10b/hdl/myip_watch_slave_lite_v1_0_S00_AXI.v:355]
INFO: [Synth 8-6155] done synthesizing module 'myip_watch_slave_lite_v1_0_S00_AXI' (0#1) [/media/user12/data/work/SOC_exam_2026/SOC_exam_2026.gen/sources_1/bd/soc_multiwatch_lcd/ipshared/b10b/hdl/myip_watch_slave_lite_v1_0_S00_AXI.v:4]
INFO: [Synth 8-6155] done synthesizing module 'myip_watch' (0#1) [/media/user12/data/work/SOC_exam_2026/SOC_exam_2026.gen/sources_1/bd/soc_multiwatch_lcd/ipshared/b10b/hdl/myip_watch.v:4]
INFO: [Synth 8-6155] done synthesizing module 'soc_multiwatch_lcd_myip_watch_0_0' (0#1) [/media/user12/data/work/SOC_exam_2026/SOC_exam_2026.gen/sources_1/bd/soc_multiwatch_lcd/ip/soc_multiwatch_lcd_myip_watch_0_0/synth/soc_multiwatch_lcd_myip_watch_0_0.v:53]
WARNING: [Synth 8-6014] Unused sequential element slv_reg4_reg was removed.  [/media/user12/data/work/SOC_exam_2026/SOC_exam_2026.gen/sources_1/bd/soc_multiwatch_lcd/ipshared/b10b/hdl/myip_watch_slave_lite_v1_0_S00_AXI.v:215]
WARNING: [Synth 8-6014] Unused sequential element slv_reg5_reg was removed.  [/media/user12/data/work/SOC_exam_2026/SOC_exam_2026.gen/sources_1/bd/soc_multiwatch_lcd/ipshared/b10b/hdl/myip_watch_slave_lite_v1_0_S00_AXI.v:216]
WARNING: [Synth 8-6014] Unused sequential element slv_reg6_reg was removed.  [/media/user12/data/work/SOC_exam_2026/SOC_exam_2026.gen/sources_1/bd/soc_multiwatch_lcd/ipshared/b10b/hdl/myip_watch_slave_lite_v1_0_S00_AXI.v:217]
WARNING: [Synth 8-7129] Port S_AXI_AWPROT[2] in module myip_watch_slave_lite_v1_0_S00_AXI is either unconnected or has no load
WARNING: [Synth 8-7129] Port S_AXI_AWPROT[1] in module myip_watch_slave_lite_v1_0_S00_AXI is either unconnected or has no load
WARNING: [Synth 8-7129] Port S_AXI_AWPROT[0] in module myip_watch_slave_lite_v1_0_S00_AXI is either unconnected or has no load
WARNING: [Synth 8-7129] Port S_AXI_ARPROT[2] in module myip_watch_slave_lite_v1_0_S00_AXI is either unconnected or has no load
WARNING: [Synth 8-7129] Port S_AXI_ARPROT[1] in module myip_watch_slave_lite_v1_0_S00_AXI is either unconnected or has no load
WARNING: [Synth 8-7129] Port S_AXI_ARPROT[0] in module myip_watch_slave_lite_v1_0_S00_AXI is either unconnected or has no load
---------------------------------------------------------------------------------
Finished RTL Elaboration : Time (s): cpu = 00:00:03 ; elapsed = 00:00:05 . Memory (MB): peak = 1919.371 ; gain = 442.797 ; free physical = 5120 ; free virtual = 41487
---------------------------------------------------------------------------------
---------------------------------------------------------------------------------
Start Handling Custom Attributes
---------------------------------------------------------------------------------
---------------------------------------------------------------------------------
Finished Handling Custom Attributes : Time (s): cpu = 00:00:03 ; elapsed = 00:00:05 . Memory (MB): peak = 1937.184 ; gain = 460.609 ; free physical = 5114 ; free virtual = 41479
---------------------------------------------------------------------------------
---------------------------------------------------------------------------------
Finished RTL Optimization Phase 1 : Time (s): cpu = 00:00:03 ; elapsed = 00:00:05 . Memory (MB): peak = 1937.184 ; gain = 460.609 ; free physical = 5114 ; free virtual = 41479
---------------------------------------------------------------------------------
Netlist sorting complete. Time (s): cpu = 00:00:00 ; elapsed = 00:00:00.01 . Memory (MB): peak = 1937.184 ; gain = 0.000 ; free physical = 5114 ; free virtual = 41479
INFO: [Project 1-570] Preparing netlist for logic optimization

Processing XDC Constraints
Initializing timing engine
Completed Processing XDC Constraints

Netlist sorting complete. Time (s): cpu = 00:00:00 ; elapsed = 00:00:00 . Memory (MB): peak = 2077.934 ; gain = 0.000 ; free physical = 5083 ; free virtual = 41476
INFO: [Project 1-111] Unisim Transformation Summary:
No Unisim elements were transformed.

Constraint Validation Runtime : Time (s): cpu = 00:00:00.02 ; elapsed = 00:00:00.02 . Memory (MB): peak = 2077.934 ; gain = 0.000 ; free physical = 5083 ; free virtual = 41476
INFO: [Designutils 20-5008] Incremental synthesis strategy off
---------------------------------------------------------------------------------
Finished Constraint Validation : Time (s): cpu = 00:00:07 ; elapsed = 00:00:09 . Memory (MB): peak = 2077.934 ; gain = 601.359 ; free physical = 5049 ; free virtual = 41440
---------------------------------------------------------------------------------
---------------------------------------------------------------------------------
Start Loading Part and Timing Information
---------------------------------------------------------------------------------
Loading part: xc7a35tcpg236-1
---------------------------------------------------------------------------------
Finished Loading Part and Timing Information : Time (s): cpu = 00:00:07 ; elapsed = 00:00:09 . Memory (MB): peak = 2085.938 ; gain = 609.363 ; free physical = 5048 ; free virtual = 41439
---------------------------------------------------------------------------------
---------------------------------------------------------------------------------
Start Applying 'set_property' XDC Constraints
---------------------------------------------------------------------------------
---------------------------------------------------------------------------------
Finished applying 'set_property' XDC Constraints : Time (s): cpu = 00:00:07 ; elapsed = 00:00:09 . Memory (MB): peak = 2085.938 ; gain = 609.363 ; free physical = 5048 ; free virtual = 41439
---------------------------------------------------------------------------------
INFO: [Synth 8-802] inferred FSM for state register 'state_write_reg' in module 'myip_watch_slave_lite_v1_0_S00_AXI'
INFO: [Synth 8-802] inferred FSM for state register 'state_read_reg' in module 'myip_watch_slave_lite_v1_0_S00_AXI'
---------------------------------------------------------------------------------------------------
                   State |                     New Encoding |                Previous Encoding 
---------------------------------------------------------------------------------------------------
                    Idle |                               00 |                               00
                   Waddr |                               01 |                               10
                   Wdata |                               10 |                               11
---------------------------------------------------------------------------------------------------
INFO: [Synth 8-3354] encoded FSM with state register 'state_write_reg' using encoding 'sequential' in module 'myip_watch_slave_lite_v1_0_S00_AXI'
---------------------------------------------------------------------------------------------------
                   State |                     New Encoding |                Previous Encoding 
---------------------------------------------------------------------------------------------------
                    Idle |                               00 |                               00
                   Raddr |                               01 |                               10
                   Rdata |                               10 |                               11
---------------------------------------------------------------------------------------------------
INFO: [Synth 8-3354] encoded FSM with state register 'state_read_reg' using encoding 'sequential' in module 'myip_watch_slave_lite_v1_0_S00_AXI'
---------------------------------------------------------------------------------
Finished RTL Optimization Phase 2 : Time (s): cpu = 00:00:07 ; elapsed = 00:00:09 . Memory (MB): peak = 2085.938 ; gain = 609.363 ; free physical = 5049 ; free virtual = 41441
---------------------------------------------------------------------------------
---------------------------------------------------------------------------------
Start RTL Component Statistics 
---------------------------------------------------------------------------------
Detailed RTL Component Info : 
+---Adders : 
	   2 Input   32 Bit       Adders := 1     
	   2 Input    6 Bit       Adders := 2     
	   2 Input    5 Bit       Adders := 1     
+---Registers : 
	               32 Bit    Registers := 6     
	                8 Bit    Registers := 3     
	                5 Bit    Registers := 2     
	                2 Bit    Registers := 1     
	                1 Bit    Registers := 7     
+---Muxes : 
	   2 Input   32 Bit        Muxes := 7     
	   8 Input   32 Bit        Muxes := 5     
	   2 Input    8 Bit        Muxes := 3     
	   2 Input    6 Bit        Muxes := 2     
	   2 Input    5 Bit        Muxes := 1     
	   2 Input    3 Bit        Muxes := 1     
	   3 Input    2 Bit        Muxes := 2     
	   2 Input    2 Bit        Muxes := 5     
	   2 Input    1 Bit        Muxes := 7     
	   3 Input    1 Bit        Muxes := 13    
---------------------------------------------------------------------------------
Finished RTL Component Statistics 
---------------------------------------------------------------------------------
---------------------------------------------------------------------------------
Start Part Resource Summary
---------------------------------------------------------------------------------
Part Resources:
DSPs: 90 (col length:60)
BRAMs: 100 (col length: RAMB18 60 RAMB36 30)
---------------------------------------------------------------------------------
Finished Part Resource Summary
---------------------------------------------------------------------------------
---------------------------------------------------------------------------------
Start Cross Boundary and Area Optimization
---------------------------------------------------------------------------------
WARNING: [Synth 8-7080] Parallel synthesis criteria is not met
WARNING: [Synth 8-7129] Port s00_axi_awprot[2] in module soc_multiwatch_lcd_myip_watch_0_0 is either unconnected or has no load
WARNING: [Synth 8-7129] Port s00_axi_awprot[1] in module soc_multiwatch_lcd_myip_watch_0_0 is either unconnected or has no load
WARNING: [Synth 8-7129] Port s00_axi_awprot[0] in module soc_multiwatch_lcd_myip_watch_0_0 is either unconnected or has no load
WARNING: [Synth 8-7129] Port s00_axi_arprot[2] in module soc_multiwatch_lcd_myip_watch_0_0 is either unconnected or has no load
WARNING: [Synth 8-7129] Port s00_axi_arprot[1] in module soc_multiwatch_lcd_myip_watch_0_0 is either unconnected or has no load
WARNING: [Synth 8-7129] Port s00_axi_arprot[0] in module soc_multiwatch_lcd_myip_watch_0_0 is either unconnected or has no load
---------------------------------------------------------------------------------
Finished Cross Boundary and Area Optimization : Time (s): cpu = 00:00:08 ; elapsed = 00:00:10 . Memory (MB): peak = 2085.938 ; gain = 609.363 ; free physical = 5057 ; free virtual = 41431
---------------------------------------------------------------------------------
---------------------------------------------------------------------------------
Start Applying XDC Timing Constraints
---------------------------------------------------------------------------------
---------------------------------------------------------------------------------
Finished Applying XDC Timing Constraints : Time (s): cpu = 00:00:11 ; elapsed = 00:00:13 . Memory (MB): peak = 2104.938 ; gain = 628.363 ; free physical = 4985 ; free virtual = 41373
---------------------------------------------------------------------------------
---------------------------------------------------------------------------------
Start Timing Optimization
---------------------------------------------------------------------------------
---------------------------------------------------------------------------------
Finished Timing Optimization : Time (s): cpu = 00:00:11 ; elapsed = 00:00:13 . Memory (MB): peak = 2104.938 ; gain = 628.363 ; free physical = 4985 ; free virtual = 41373
---------------------------------------------------------------------------------
---------------------------------------------------------------------------------
Start Technology Mapping
---------------------------------------------------------------------------------
---------------------------------------------------------------------------------
Finished Technology Mapping : Time (s): cpu = 00:00:11 ; elapsed = 00:00:13 . Memory (MB): peak = 2121.961 ; gain = 645.387 ; free physical = 4969 ; free virtual = 41357
---------------------------------------------------------------------------------
---------------------------------------------------------------------------------
Start IO Insertion
---------------------------------------------------------------------------------
---------------------------------------------------------------------------------
Start Flattening Before IO Insertion
---------------------------------------------------------------------------------
---------------------------------------------------------------------------------
Finished Flattening Before IO Insertion
---------------------------------------------------------------------------------
---------------------------------------------------------------------------------
Start Final Netlist Cleanup
---------------------------------------------------------------------------------
---------------------------------------------------------------------------------
Finished Final Netlist Cleanup
---------------------------------------------------------------------------------
---------------------------------------------------------------------------------
Finished IO Insertion : Time (s): cpu = 00:00:12 ; elapsed = 00:00:15 . Memory (MB): peak = 2284.773 ; gain = 808.199 ; free physical = 4835 ; free virtual = 41236
---------------------------------------------------------------------------------
---------------------------------------------------------------------------------
Start Renaming Generated Instances
---------------------------------------------------------------------------------
---------------------------------------------------------------------------------
Finished Renaming Generated Instances : Time (s): cpu = 00:00:12 ; elapsed = 00:00:15 . Memory (MB): peak = 2284.773 ; gain = 808.199 ; free physical = 4835 ; free virtual = 41236
---------------------------------------------------------------------------------
---------------------------------------------------------------------------------
Start Rebuilding User Hierarchy
---------------------------------------------------------------------------------
---------------------------------------------------------------------------------
Finished Rebuilding User Hierarchy : Time (s): cpu = 00:00:12 ; elapsed = 00:00:15 . Memory (MB): peak = 2284.773 ; gain = 808.199 ; free physical = 4835 ; free virtual = 41236
---------------------------------------------------------------------------------
---------------------------------------------------------------------------------
Start Renaming Generated Ports
---------------------------------------------------------------------------------
---------------------------------------------------------------------------------
Finished Renaming Generated Ports : Time (s): cpu = 00:00:12 ; elapsed = 00:00:15 . Memory (MB): peak = 2284.773 ; gain = 808.199 ; free physical = 4835 ; free virtual = 41236
---------------------------------------------------------------------------------
---------------------------------------------------------------------------------
Start Handling Custom Attributes
---------------------------------------------------------------------------------
---------------------------------------------------------------------------------
Finished Handling Custom Attributes : Time (s): cpu = 00:00:12 ; elapsed = 00:00:15 . Memory (MB): peak = 2284.773 ; gain = 808.199 ; free physical = 4836 ; free virtual = 41236
---------------------------------------------------------------------------------
---------------------------------------------------------------------------------
Start Renaming Generated Nets
---------------------------------------------------------------------------------
---------------------------------------------------------------------------------
Finished Renaming Generated Nets : Time (s): cpu = 00:00:12 ; elapsed = 00:00:15 . Memory (MB): peak = 2284.773 ; gain = 808.199 ; free physical = 4836 ; free virtual = 41236
---------------------------------------------------------------------------------
---------------------------------------------------------------------------------
Start Writing Synthesis Report
---------------------------------------------------------------------------------

Report BlackBoxes: 
+-+--------------+----------+
| |BlackBox name |Instances |
+-+--------------+----------+
+-+--------------+----------+

Report Cell Usage: 
+------+-------+------+
|      |Cell   |Count |
+------+-------+------+
|1     |CARRY4 |     8|
|2     |LUT1   |     1|
|3     |LUT2   |    26|
|4     |LUT3   |    17|
|5     |LUT4   |     4|
|6     |LUT5   |    34|
|7     |LUT6   |   109|
|8     |MUXF7  |     8|
|9     |FDCE   |    58|
|10    |FDRE   |   175|
+------+-------+------+
---------------------------------------------------------------------------------
Finished Writing Synthesis Report : Time (s): cpu = 00:00:12 ; elapsed = 00:00:15 . Memory (MB): peak = 2284.773 ; gain = 808.199 ; free physical = 4836 ; free virtual = 41236
---------------------------------------------------------------------------------
Synthesis finished with 0 errors, 0 critical warnings and 7 warnings.
Synthesis Optimization Runtime : Time (s): cpu = 00:00:12 ; elapsed = 00:00:14 . Memory (MB): peak = 2284.773 ; gain = 667.449 ; free physical = 4836 ; free virtual = 41236
Synthesis Optimization Complete : Time (s): cpu = 00:00:12 ; elapsed = 00:00:15 . Memory (MB): peak = 2284.781 ; gain = 808.199 ; free physical = 4836 ; free virtual = 41236
INFO: [Project 1-571] Translating synthesized netlist
Netlist sorting complete. Time (s): cpu = 00:00:00 ; elapsed = 00:00:00 . Memory (MB): peak = 2284.781 ; gain = 0.000 ; free physical = 4836 ; free virtual = 41236
INFO: [Netlist 29-17] Analyzing 16 Unisim elements for replacement
INFO: [Netlist 29-28] Unisim Transformation completed in 0 CPU seconds
INFO: [Project 1-570] Preparing netlist for logic optimization
INFO: [Opt 31-138] Pushed 0 inverter(s) to 0 load pin(s).
Netlist sorting complete. Time (s): cpu = 00:00:00 ; elapsed = 00:00:00 . Memory (MB): peak = 2340.801 ; gain = 0.000 ; free physical = 4926 ; free virtual = 41403
INFO: [Project 1-111] Unisim Transformation Summary:
No Unisim elements were transformed.

Synth Design complete | Checksum: a513d724
INFO: [Common 17-83] Releasing license: Synthesis
42 Infos, 22 Warnings, 0 Critical Warnings and 0 Errors encountered.
synth_design completed successfully
synth_design: Time (s): cpu = 00:00:16 ; elapsed = 00:00:18 . Memory (MB): peak = 2340.801 ; gain = 872.230 ; free physical = 4926 ; free virtual = 41403
INFO: [Common 17-2834] synth_design peak Physical Memory [PSS] (MB): overall = 1487.751; main = 1487.751; forked = 268.701
INFO: [Common 17-2834] synth_design peak Virtual Memory [VSS] (MB): overall = 3006.801; main = 2340.805; forked = 920.859
Write ShapeDB Complete: Time (s): cpu = 00:00:00 ; elapsed = 00:00:00.01 . Memory (MB): peak = 2364.812 ; gain = 0.000 ; free physical = 4925 ; free virtual = 41402
INFO: [Common 17-1381] The checkpoint '/media/user12/data/work/SOC_exam_2026/SOC_exam_2026.runs/soc_multiwatch_lcd_myip_watch_0_0_synth_1/soc_multiwatch_lcd_myip_watch_0_0.dcp' has been generated.
INFO: [Coretcl 2-1648] Added synthesis output to IP cache for IP soc_multiwatch_lcd_myip_watch_0_0, cache-ID = 85bbd5f7265ae30d
INFO: [Coretcl 2-1174] Renamed 4 cell refs.
Write ShapeDB Complete: Time (s): cpu = 00:00:00 ; elapsed = 00:00:00 . Memory (MB): peak = 2364.812 ; gain = 0.000 ; free physical = 4922 ; free virtual = 41391
INFO: [Common 17-1381] The checkpoint '/media/user12/data/work/SOC_exam_2026/SOC_exam_2026.runs/soc_multiwatch_lcd_myip_watch_0_0_synth_1/soc_multiwatch_lcd_myip_watch_0_0.dcp' has been generated.
INFO: [Vivado 12-24828] Executing command : report_utilization -file soc_multiwatch_lcd_myip_watch_0_0_utilization_synth.rpt -pb soc_multiwatch_lcd_myip_watch_0_0_utilization_synth.pb
INFO: [Common 17-206] Exiting Vivado at Thu Jan 29 08:10:42 2026...
