
*** Running vivado
    with args -log soc_can_wrapper.vdi -applog -m64 -product Vivado -messageDb vivado.pb -mode batch -source soc_can_wrapper.tcl -notrace


****** Vivado v2024.2 (64-bit)
  **** SW Build 5239630 on Fri Nov 08 22:34:34 MST 2024
  **** IP Build 5239520 on Sun Nov 10 16:12:51 MST 2024
  **** SharedData Build 5239561 on Fri Nov 08 14:39:27 MST 2024
  **** Start of session at: Fri Feb  6 15:28:08 2026
    ** Copyright 1986-2022 Xilinx, Inc. All Rights Reserved.
    ** Copyright 2022-2024 Advanced Micro Devices, Inc. All Rights Reserved.

source soc_can_wrapper.tcl -notrace
INFO: [IP_Flow 19-234] Refreshing IP repositories
INFO: [IP_Flow 19-1700] Loaded user IP repository '/media/user12/data/work/ip_repo/myip_can_modified_1_0'.
WARNING: [IP_Flow 19-2248] Failed to load user IP repository '/media/user12/data/work/ip_repo/myip_CAN_module_1_0'; Can't find the specified path.
If this directory should no longer be in your list of user repositories, go to the IP Settings dialog and remove it.
INFO: [IP_Flow 19-1700] Loaded user IP repository '/media/user12/data/work/ip_repo/myip_CAN_controller_1_0'.
INFO: [IP_Flow 19-1700] Loaded user IP repository '/media/user12/data/work/ip_repo/myip_watch_1_0'.
INFO: [IP_Flow 19-1700] Loaded user IP repository '/media/user12/data/work/ip_repo/myip_stopwatch_1_0'.
INFO: [IP_Flow 19-1700] Loaded user IP repository '/media/user12/data/work/ip_repo/myip_cooktimer_1_0'.
INFO: [IP_Flow 19-1700] Loaded user IP repository '/media/user12/data/work/ip_repo/myip_iic_cntr_1_0'.
INFO: [IP_Flow 19-1700] Loaded user IP repository '/media/user12/data/work/ip_repo/myip_dht11_1_0'.
INFO: [IP_Flow 19-1700] Loaded user IP repository '/media/user12/data/work/ip_repo/myip_fnd_cntr_1_0'.
INFO: [IP_Flow 19-2313] Loaded Vivado IP repository '/media/user12/data/tools/xilinx/Vivado/2024.2/data/ip'.
Command: link_design -top soc_can_wrapper -part xc7a35tcpg236-1
Design is defaulting to srcset: sources_1
Design is defaulting to constrset: constrs_1
INFO: [Device 21-403] Loading part xc7a35tcpg236-1
Netlist sorting complete. Time (s): cpu = 00:00:00.05 ; elapsed = 00:00:00.05 . Memory (MB): peak = 1465.465 ; gain = 0.000 ; free physical = 1417 ; free virtual = 34696
INFO: [Netlist 29-17] Analyzing 267 Unisim elements for replacement
INFO: [Netlist 29-28] Unisim Transformation completed in 0 CPU seconds
INFO: [Project 1-479] Netlist was created with Vivado 2024.2
INFO: [Project 1-570] Preparing netlist for logic optimization
Parsing XDC File [/media/user12/data/work/SOC_exam_2026/SOC_exam_2026.gen/sources_1/bd/soc_can/ip/soc_can_proc_sys_reset_0_0/soc_can_proc_sys_reset_0_0_board.xdc] for cell 'soc_can_i/proc_sys_reset_0/U0'
Finished Parsing XDC File [/media/user12/data/work/SOC_exam_2026/SOC_exam_2026.gen/sources_1/bd/soc_can/ip/soc_can_proc_sys_reset_0_0/soc_can_proc_sys_reset_0_0_board.xdc] for cell 'soc_can_i/proc_sys_reset_0/U0'
Parsing XDC File [/media/user12/data/work/SOC_exam_2026/SOC_exam_2026.gen/sources_1/bd/soc_can/ip/soc_can_proc_sys_reset_0_0/soc_can_proc_sys_reset_0_0.xdc] for cell 'soc_can_i/proc_sys_reset_0/U0'
WARNING: [Vivado_Tcl 4-921] Waiver ID 'CDC-11' -to list should not be empty. [/media/user12/data/work/SOC_exam_2026/SOC_exam_2026.gen/sources_1/bd/soc_can/ip/soc_can_proc_sys_reset_0_0/soc_can_proc_sys_reset_0_0.xdc:50]
Finished Parsing XDC File [/media/user12/data/work/SOC_exam_2026/SOC_exam_2026.gen/sources_1/bd/soc_can/ip/soc_can_proc_sys_reset_0_0/soc_can_proc_sys_reset_0_0.xdc] for cell 'soc_can_i/proc_sys_reset_0/U0'
Parsing XDC File [/media/user12/data/work/SOC_exam_2026/SOC_exam_2026.gen/sources_1/bd/soc_can/ip/soc_can_clk_wiz_0/soc_can_clk_wiz_0_board.xdc] for cell 'soc_can_i/clk_wiz/inst'
Finished Parsing XDC File [/media/user12/data/work/SOC_exam_2026/SOC_exam_2026.gen/sources_1/bd/soc_can/ip/soc_can_clk_wiz_0/soc_can_clk_wiz_0_board.xdc] for cell 'soc_can_i/clk_wiz/inst'
Parsing XDC File [/media/user12/data/work/SOC_exam_2026/SOC_exam_2026.gen/sources_1/bd/soc_can/ip/soc_can_clk_wiz_0/soc_can_clk_wiz_0.xdc] for cell 'soc_can_i/clk_wiz/inst'
INFO: [Timing 38-35] Done setting XDC timing constraints. [/media/user12/data/work/SOC_exam_2026/SOC_exam_2026.gen/sources_1/bd/soc_can/ip/soc_can_clk_wiz_0/soc_can_clk_wiz_0.xdc:54]
INFO: [Timing 38-2] Deriving generated clocks [/media/user12/data/work/SOC_exam_2026/SOC_exam_2026.gen/sources_1/bd/soc_can/ip/soc_can_clk_wiz_0/soc_can_clk_wiz_0.xdc:54]
Finished Parsing XDC File [/media/user12/data/work/SOC_exam_2026/SOC_exam_2026.gen/sources_1/bd/soc_can/ip/soc_can_clk_wiz_0/soc_can_clk_wiz_0.xdc] for cell 'soc_can_i/clk_wiz/inst'
Parsing XDC File [/media/user12/data/work/SOC_exam_2026/SOC_exam_2026.gen/sources_1/bd/soc_can/ip/soc_can_microblaze_riscv_0_0/soc_can_microblaze_riscv_0_0.xdc] for cell 'soc_can_i/microblaze_riscv_0/U0'
Finished Parsing XDC File [/media/user12/data/work/SOC_exam_2026/SOC_exam_2026.gen/sources_1/bd/soc_can/ip/soc_can_microblaze_riscv_0_0/soc_can_microblaze_riscv_0_0.xdc] for cell 'soc_can_i/microblaze_riscv_0/U0'
Parsing XDC File [/media/user12/data/work/SOC_exam_2026/SOC_exam_2026.gen/sources_1/bd/soc_can/ip/soc_can_microblaze_riscv_0_axi_intc_0/soc_can_microblaze_riscv_0_axi_intc_0.xdc] for cell 'soc_can_i/microblaze_riscv_0_axi_intc/U0'
Finished Parsing XDC File [/media/user12/data/work/SOC_exam_2026/SOC_exam_2026.gen/sources_1/bd/soc_can/ip/soc_can_microblaze_riscv_0_axi_intc_0/soc_can_microblaze_riscv_0_axi_intc_0.xdc] for cell 'soc_can_i/microblaze_riscv_0_axi_intc/U0'
Parsing XDC File [/media/user12/data/work/SOC_exam_2026/SOC_exam_2026.gen/sources_1/bd/soc_can/ip/soc_can_axi_uartlite_0_0/soc_can_axi_uartlite_0_0_board.xdc] for cell 'soc_can_i/axi_uartlite_0/U0'
Finished Parsing XDC File [/media/user12/data/work/SOC_exam_2026/SOC_exam_2026.gen/sources_1/bd/soc_can/ip/soc_can_axi_uartlite_0_0/soc_can_axi_uartlite_0_0_board.xdc] for cell 'soc_can_i/axi_uartlite_0/U0'
Parsing XDC File [/media/user12/data/work/SOC_exam_2026/SOC_exam_2026.gen/sources_1/bd/soc_can/ip/soc_can_axi_uartlite_0_0/soc_can_axi_uartlite_0_0.xdc] for cell 'soc_can_i/axi_uartlite_0/U0'
Finished Parsing XDC File [/media/user12/data/work/SOC_exam_2026/SOC_exam_2026.gen/sources_1/bd/soc_can/ip/soc_can_axi_uartlite_0_0/soc_can_axi_uartlite_0_0.xdc] for cell 'soc_can_i/axi_uartlite_0/U0'
Parsing XDC File [/media/user12/data/work/SOC_exam_2026/SOC_exam_2026.srcs/constrs_1/imports/Downloads/Basys-3-Master.xdc]
WARNING: [Vivado 12-584] No ports matched 'seg_0[0]'. [/media/user12/data/work/SOC_exam_2026/SOC_exam_2026.srcs/constrs_1/imports/Downloads/Basys-3-Master.xdc:50]
CRITICAL WARNING: [Common 17-55] 'set_property' expects at least one object. [/media/user12/data/work/SOC_exam_2026/SOC_exam_2026.srcs/constrs_1/imports/Downloads/Basys-3-Master.xdc:50]
Resolution: If [get_<value>] was used to populate the object, check to make sure this command returns at least one valid object.
WARNING: [Vivado 12-584] No ports matched 'seg_0[1]'. [/media/user12/data/work/SOC_exam_2026/SOC_exam_2026.srcs/constrs_1/imports/Downloads/Basys-3-Master.xdc:51]
CRITICAL WARNING: [Common 17-55] 'set_property' expects at least one object. [/media/user12/data/work/SOC_exam_2026/SOC_exam_2026.srcs/constrs_1/imports/Downloads/Basys-3-Master.xdc:51]
Resolution: If [get_<value>] was used to populate the object, check to make sure this command returns at least one valid object.
WARNING: [Vivado 12-584] No ports matched 'seg_0[2]'. [/media/user12/data/work/SOC_exam_2026/SOC_exam_2026.srcs/constrs_1/imports/Downloads/Basys-3-Master.xdc:52]
CRITICAL WARNING: [Common 17-55] 'set_property' expects at least one object. [/media/user12/data/work/SOC_exam_2026/SOC_exam_2026.srcs/constrs_1/imports/Downloads/Basys-3-Master.xdc:52]
Resolution: If [get_<value>] was used to populate the object, check to make sure this command returns at least one valid object.
WARNING: [Vivado 12-584] No ports matched 'seg_0[3]'. [/media/user12/data/work/SOC_exam_2026/SOC_exam_2026.srcs/constrs_1/imports/Downloads/Basys-3-Master.xdc:53]
CRITICAL WARNING: [Common 17-55] 'set_property' expects at least one object. [/media/user12/data/work/SOC_exam_2026/SOC_exam_2026.srcs/constrs_1/imports/Downloads/Basys-3-Master.xdc:53]
Resolution: If [get_<value>] was used to populate the object, check to make sure this command returns at least one valid object.
WARNING: [Vivado 12-584] No ports matched 'seg_0[4]'. [/media/user12/data/work/SOC_exam_2026/SOC_exam_2026.srcs/constrs_1/imports/Downloads/Basys-3-Master.xdc:54]
CRITICAL WARNING: [Common 17-55] 'set_property' expects at least one object. [/media/user12/data/work/SOC_exam_2026/SOC_exam_2026.srcs/constrs_1/imports/Downloads/Basys-3-Master.xdc:54]
Resolution: If [get_<value>] was used to populate the object, check to make sure this command returns at least one valid object.
WARNING: [Vivado 12-584] No ports matched 'seg_0[5]'. [/media/user12/data/work/SOC_exam_2026/SOC_exam_2026.srcs/constrs_1/imports/Downloads/Basys-3-Master.xdc:55]
CRITICAL WARNING: [Common 17-55] 'set_property' expects at least one object. [/media/user12/data/work/SOC_exam_2026/SOC_exam_2026.srcs/constrs_1/imports/Downloads/Basys-3-Master.xdc:55]
Resolution: If [get_<value>] was used to populate the object, check to make sure this command returns at least one valid object.
WARNING: [Vivado 12-584] No ports matched 'seg_0[6]'. [/media/user12/data/work/SOC_exam_2026/SOC_exam_2026.srcs/constrs_1/imports/Downloads/Basys-3-Master.xdc:56]
CRITICAL WARNING: [Common 17-55] 'set_property' expects at least one object. [/media/user12/data/work/SOC_exam_2026/SOC_exam_2026.srcs/constrs_1/imports/Downloads/Basys-3-Master.xdc:56]
Resolution: If [get_<value>] was used to populate the object, check to make sure this command returns at least one valid object.
WARNING: [Vivado 12-584] No ports matched 'seg_0[7]'. [/media/user12/data/work/SOC_exam_2026/SOC_exam_2026.srcs/constrs_1/imports/Downloads/Basys-3-Master.xdc:58]
CRITICAL WARNING: [Common 17-55] 'set_property' expects at least one object. [/media/user12/data/work/SOC_exam_2026/SOC_exam_2026.srcs/constrs_1/imports/Downloads/Basys-3-Master.xdc:58]
Resolution: If [get_<value>] was used to populate the object, check to make sure this command returns at least one valid object.
WARNING: [Vivado 12-584] No ports matched 'com_0[0]'. [/media/user12/data/work/SOC_exam_2026/SOC_exam_2026.srcs/constrs_1/imports/Downloads/Basys-3-Master.xdc:60]
CRITICAL WARNING: [Common 17-55] 'set_property' expects at least one object. [/media/user12/data/work/SOC_exam_2026/SOC_exam_2026.srcs/constrs_1/imports/Downloads/Basys-3-Master.xdc:60]
Resolution: If [get_<value>] was used to populate the object, check to make sure this command returns at least one valid object.
WARNING: [Vivado 12-584] No ports matched 'com_0[1]'. [/media/user12/data/work/SOC_exam_2026/SOC_exam_2026.srcs/constrs_1/imports/Downloads/Basys-3-Master.xdc:61]
CRITICAL WARNING: [Common 17-55] 'set_property' expects at least one object. [/media/user12/data/work/SOC_exam_2026/SOC_exam_2026.srcs/constrs_1/imports/Downloads/Basys-3-Master.xdc:61]
Resolution: If [get_<value>] was used to populate the object, check to make sure this command returns at least one valid object.
WARNING: [Vivado 12-584] No ports matched 'com_0[2]'. [/media/user12/data/work/SOC_exam_2026/SOC_exam_2026.srcs/constrs_1/imports/Downloads/Basys-3-Master.xdc:62]
CRITICAL WARNING: [Common 17-55] 'set_property' expects at least one object. [/media/user12/data/work/SOC_exam_2026/SOC_exam_2026.srcs/constrs_1/imports/Downloads/Basys-3-Master.xdc:62]
Resolution: If [get_<value>] was used to populate the object, check to make sure this command returns at least one valid object.
WARNING: [Vivado 12-584] No ports matched 'com_0[3]'. [/media/user12/data/work/SOC_exam_2026/SOC_exam_2026.srcs/constrs_1/imports/Downloads/Basys-3-Master.xdc:63]
CRITICAL WARNING: [Common 17-55] 'set_property' expects at least one object. [/media/user12/data/work/SOC_exam_2026/SOC_exam_2026.srcs/constrs_1/imports/Downloads/Basys-3-Master.xdc:63]
Resolution: If [get_<value>] was used to populate the object, check to make sure this command returns at least one valid object.
WARNING: [Vivado 12-584] No ports matched 'can_rx_port_1'. [/media/user12/data/work/SOC_exam_2026/SOC_exam_2026.srcs/constrs_1/imports/Downloads/Basys-3-Master.xdc:77]
CRITICAL WARNING: [Common 17-55] 'set_property' expects at least one object. [/media/user12/data/work/SOC_exam_2026/SOC_exam_2026.srcs/constrs_1/imports/Downloads/Basys-3-Master.xdc:77]
Resolution: If [get_<value>] was used to populate the object, check to make sure this command returns at least one valid object.
WARNING: [Vivado 12-584] No ports matched 'can_tx_port_1'. [/media/user12/data/work/SOC_exam_2026/SOC_exam_2026.srcs/constrs_1/imports/Downloads/Basys-3-Master.xdc:78]
CRITICAL WARNING: [Common 17-55] 'set_property' expects at least one object. [/media/user12/data/work/SOC_exam_2026/SOC_exam_2026.srcs/constrs_1/imports/Downloads/Basys-3-Master.xdc:78]
Resolution: If [get_<value>] was used to populate the object, check to make sure this command returns at least one valid object.
WARNING: [Vivado 12-584] No ports matched 'alarm_0'. [/media/user12/data/work/SOC_exam_2026/SOC_exam_2026.srcs/constrs_1/imports/Downloads/Basys-3-Master.xdc:79]
CRITICAL WARNING: [Common 17-55] 'set_property' expects at least one object. [/media/user12/data/work/SOC_exam_2026/SOC_exam_2026.srcs/constrs_1/imports/Downloads/Basys-3-Master.xdc:79]
Resolution: If [get_<value>] was used to populate the object, check to make sure this command returns at least one valid object.
Finished Parsing XDC File [/media/user12/data/work/SOC_exam_2026/SOC_exam_2026.srcs/constrs_1/imports/Downloads/Basys-3-Master.xdc]
Parsing XDC File [/media/user12/data/work/SOC_exam_2026/SOC_exam_2026.gen/sources_1/bd/soc_can/ip/soc_can_microblaze_riscv_0_axi_intc_0/soc_can_microblaze_riscv_0_axi_intc_0_clocks.xdc] for cell 'soc_can_i/microblaze_riscv_0_axi_intc/U0'
Finished Parsing XDC File [/media/user12/data/work/SOC_exam_2026/SOC_exam_2026.gen/sources_1/bd/soc_can/ip/soc_can_microblaze_riscv_0_axi_intc_0/soc_can_microblaze_riscv_0_axi_intc_0_clocks.xdc] for cell 'soc_can_i/microblaze_riscv_0_axi_intc/U0'
Parsing XDC File [/media/user12/data/work/SOC_exam_2026/SOC_exam_2026.gen/sources_1/bd/soc_can/ip/soc_can_mdm_1_0/soc_can_mdm_1_0.xdc] for cell 'soc_can_i/mdm_1/U0'
Finished Parsing XDC File [/media/user12/data/work/SOC_exam_2026/SOC_exam_2026.gen/sources_1/bd/soc_can/ip/soc_can_mdm_1_0/soc_can_mdm_1_0.xdc] for cell 'soc_can_i/mdm_1/U0'
INFO: [Opt 31-138] Pushed 0 inverter(s) to 0 load pin(s).
Generating merged BMM file for the design top 'soc_can_wrapper'...
INFO: [Memdata 28-144] Successfully populated the BRAM INIT strings from the following elf files: /media/user12/data/work/SOC_exam_2026/SOC_exam_2026.gen/sources_1/bd/soc_can/ip/soc_can_microblaze_riscv_0_0/data/riscv_bootloop.elf 
INFO: [Project 1-1687] 1 scoped IP constraints or related sub-commands were skipped due to synthesis logic optimizations usually triggered by constant connectivity or unconnected output pins. To review the skipped constraints and messages, run the command 'set_param netlist.IPMsgFiltering false' before opening the design.
Netlist sorting complete. Time (s): cpu = 00:00:00 ; elapsed = 00:00:00 . Memory (MB): peak = 2205.852 ; gain = 0.000 ; free physical = 859 ; free virtual = 34145
INFO: [Project 1-111] Unisim Transformation Summary:
  A total of 96 instances were transformed.
  LUT6_2 => LUT6_2 (LUT5, LUT6): 48 instances
  RAM16X1D => RAM32X1D (RAMD32(x2)): 32 instances
  RAM32M => RAM32M (RAMD32(x6), RAMS32(x2)): 16 instances

21 Infos, 17 Warnings, 15 Critical Warnings and 0 Errors encountered.
link_design completed successfully
link_design: Time (s): cpu = 00:00:07 ; elapsed = 00:00:07 . Memory (MB): peak = 2205.852 ; gain = 740.387 ; free physical = 859 ; free virtual = 34145
Command: opt_design
Attempting to get a license for feature 'Implementation' and/or device 'xc7a35t'
INFO: [Common 17-349] Got license for feature 'Implementation' and/or device 'xc7a35t'
Running DRC as a precondition to command opt_design

Starting DRC Task
INFO: [DRC 23-27] Running DRC with 8 threads
INFO: [Project 1-461] DRC finished with 0 Errors
INFO: [Project 1-462] Please refer to the DRC report (report_drc) for more information.

Time (s): cpu = 00:00:01 ; elapsed = 00:00:00.34 . Memory (MB): peak = 2222.523 ; gain = 16.672 ; free physical = 796 ; free virtual = 34086

Starting Cache Timing Information Task
INFO: [Timing 38-35] Done setting XDC timing constraints.
Ending Cache Timing Information Task | Checksum: 2e317b323

Time (s): cpu = 00:00:00.21 ; elapsed = 00:00:00.09 . Memory (MB): peak = 2268.336 ; gain = 45.812 ; free physical = 797 ; free virtual = 34087

Starting Logic Optimization Task

Phase 1 Initialization

Phase 1.1 Core Generation And Design Setup
Phase 1.1 Core Generation And Design Setup | Checksum: 2e317b323

Time (s): cpu = 00:00:00 ; elapsed = 00:00:00.01 . Memory (MB): peak = 2579.234 ; gain = 0.000 ; free physical = 501 ; free virtual = 33776

Phase 1.2 Setup Constraints And Sort Netlist
Phase 1.2 Setup Constraints And Sort Netlist | Checksum: 2e317b323

Time (s): cpu = 00:00:00.01 ; elapsed = 00:00:00.01 . Memory (MB): peak = 2579.234 ; gain = 0.000 ; free physical = 501 ; free virtual = 33776
Phase 1 Initialization | Checksum: 2e317b323

Time (s): cpu = 00:00:00.01 ; elapsed = 00:00:00.01 . Memory (MB): peak = 2579.234 ; gain = 0.000 ; free physical = 501 ; free virtual = 33776

Phase 2 Timer Update And Timing Data Collection

Phase 2.1 Timer Update
Phase 2.1 Timer Update | Checksum: 2e317b323

Time (s): cpu = 00:00:00.15 ; elapsed = 00:00:00.04 . Memory (MB): peak = 2579.234 ; gain = 0.000 ; free physical = 500 ; free virtual = 33776

Phase 2.2 Timing Data Collection
Phase 2.2 Timing Data Collection | Checksum: 2e317b323

Time (s): cpu = 00:00:00.16 ; elapsed = 00:00:00.05 . Memory (MB): peak = 2579.234 ; gain = 0.000 ; free physical = 500 ; free virtual = 33776
Phase 2 Timer Update And Timing Data Collection | Checksum: 2e317b323

Time (s): cpu = 00:00:00.16 ; elapsed = 00:00:00.05 . Memory (MB): peak = 2579.234 ; gain = 0.000 ; free physical = 500 ; free virtual = 33776

Phase 3 Retarget
INFO: [Opt 31-1851] Number of loadless carry chains removed were: 0
INFO: [Opt 31-1834] Total Chains To Be Transformed Were: 0 AND Number of Transformed insts Created are: 0
INFO: [Opt 31-138] Pushed 0 inverter(s) to 0 load pin(s).
INFO: [Opt 31-49] Retargeted 0 cell(s).
Phase 3 Retarget | Checksum: 1e8ed1d4a

Time (s): cpu = 00:00:00.3 ; elapsed = 00:00:00.11 . Memory (MB): peak = 2579.234 ; gain = 0.000 ; free physical = 500 ; free virtual = 33776
Retarget | Checksum: 1e8ed1d4a
INFO: [Opt 31-389] Phase Retarget created 10 cells and removed 77 cells
INFO: [Opt 31-1021] In phase Retarget, 3 netlist objects are constrained preventing optimization. Please run opt_design with -debug_log to get more detail. 

Phase 4 Constant propagation
INFO: [Opt 31-138] Pushed 0 inverter(s) to 0 load pin(s).
Phase 4 Constant propagation | Checksum: 1a25b615a

Time (s): cpu = 00:00:00.31 ; elapsed = 00:00:00.13 . Memory (MB): peak = 2579.234 ; gain = 0.000 ; free physical = 500 ; free virtual = 33775
Constant propagation | Checksum: 1a25b615a
INFO: [Opt 31-389] Phase Constant propagation created 2 cells and removed 2 cells
INFO: [Opt 31-1021] In phase Constant propagation, 1 netlist objects are constrained preventing optimization. Please run opt_design with -debug_log to get more detail. 

Phase 5 Sweep
INFO: [Constraints 18-11670] Building netlist checker database with flags, 0x8
Done building netlist checker database: Time (s): cpu = 00:00:00.01 ; elapsed = 00:00:00 . Memory (MB): peak = 2579.234 ; gain = 0.000 ; free physical = 500 ; free virtual = 33775
INFO: [Constraints 18-11670] Building netlist checker database with flags, 0x8
Done building netlist checker database: Time (s): cpu = 00:00:00 ; elapsed = 00:00:00 . Memory (MB): peak = 2579.234 ; gain = 0.000 ; free physical = 500 ; free virtual = 33775
Phase 5 Sweep | Checksum: 1967281ec

Time (s): cpu = 00:00:00.42 ; elapsed = 00:00:00.24 . Memory (MB): peak = 2579.234 ; gain = 0.000 ; free physical = 500 ; free virtual = 33775
Sweep | Checksum: 1967281ec
INFO: [Opt 31-389] Phase Sweep created 1 cells and removed 23 cells
INFO: [Opt 31-1021] In phase Sweep, 1 netlist objects are constrained preventing optimization. Please run opt_design with -debug_log to get more detail. 

Phase 6 BUFG optimization
Phase 6 BUFG optimization | Checksum: 1967281ec

Time (s): cpu = 00:00:00.46 ; elapsed = 00:00:00.26 . Memory (MB): peak = 2611.250 ; gain = 32.016 ; free physical = 500 ; free virtual = 33775
BUFG optimization | Checksum: 1967281ec
INFO: [Opt 31-662] Phase BUFG optimization created 0 cells of which 0 are BUFGs and removed 0 cells.

Phase 7 Shift Register Optimization
INFO: [Opt 31-1064] SRL Remap converted 0 SRLs to 0 registers and converted 0 registers of register chains to 0 SRLs
Phase 7 Shift Register Optimization | Checksum: 1967281ec

Time (s): cpu = 00:00:00.46 ; elapsed = 00:00:00.26 . Memory (MB): peak = 2611.250 ; gain = 32.016 ; free physical = 500 ; free virtual = 33775
Shift Register Optimization | Checksum: 1967281ec
INFO: [Opt 31-389] Phase Shift Register Optimization created 0 cells and removed 0 cells

Phase 8 Post Processing Netlist
Phase 8 Post Processing Netlist | Checksum: 1967281ec

Time (s): cpu = 00:00:00.47 ; elapsed = 00:00:00.27 . Memory (MB): peak = 2611.250 ; gain = 32.016 ; free physical = 500 ; free virtual = 33775
Post Processing Netlist | Checksum: 1967281ec
INFO: [Opt 31-389] Phase Post Processing Netlist created 0 cells and removed 0 cells
INFO: [Opt 31-1021] In phase Post Processing Netlist, 1 netlist objects are constrained preventing optimization. Please run opt_design with -debug_log to get more detail. 

Phase 9 Finalization

Phase 9.1 Finalizing Design Cores and Updating Shapes
Phase 9.1 Finalizing Design Cores and Updating Shapes | Checksum: 1faa40e3f

Time (s): cpu = 00:00:00.59 ; elapsed = 00:00:00.31 . Memory (MB): peak = 2611.250 ; gain = 32.016 ; free physical = 500 ; free virtual = 33775

Phase 9.2 Verifying Netlist Connectivity

Starting Connectivity Check Task

Time (s): cpu = 00:00:00 ; elapsed = 00:00:00 . Memory (MB): peak = 2611.250 ; gain = 0.000 ; free physical = 500 ; free virtual = 33775
Phase 9.2 Verifying Netlist Connectivity | Checksum: 1faa40e3f

Time (s): cpu = 00:00:00.59 ; elapsed = 00:00:00.32 . Memory (MB): peak = 2611.250 ; gain = 32.016 ; free physical = 500 ; free virtual = 33775
Phase 9 Finalization | Checksum: 1faa40e3f

Time (s): cpu = 00:00:00.59 ; elapsed = 00:00:00.32 . Memory (MB): peak = 2611.250 ; gain = 32.016 ; free physical = 500 ; free virtual = 33775
Opt_design Change Summary
=========================


-------------------------------------------------------------------------------------------------------------------------
|  Phase                        |  #Cells created  |  #Cells Removed  |  #Constrained objects preventing optimizations  |
-------------------------------------------------------------------------------------------------------------------------
|  Retarget                     |              10  |              77  |                                              3  |
|  Constant propagation         |               2  |               2  |                                              1  |
|  Sweep                        |               1  |              23  |                                              1  |
|  BUFG optimization            |               0  |               0  |                                              0  |
|  Shift Register Optimization  |               0  |               0  |                                              0  |
|  Post Processing Netlist      |               0  |               0  |                                              1  |
-------------------------------------------------------------------------------------------------------------------------


Ending Logic Optimization Task | Checksum: 1faa40e3f

Time (s): cpu = 00:00:00.59 ; elapsed = 00:00:00.32 . Memory (MB): peak = 2611.250 ; gain = 32.016 ; free physical = 500 ; free virtual = 33775

Starting Power Optimization Task
INFO: [Pwropt 34-132] Skipping clock gating for clocks with a period < 2.00 ns.
INFO: [Timing 38-35] Done setting XDC timing constraints.
Running Vector-less Activity Propagation...

Finished Running Vector-less Activity Propagation
INFO: [Pwropt 34-9] Applying IDT optimizations ...
INFO: [Pwropt 34-10] Applying ODC optimizations ...


Starting PowerOpt Patch Enables Task
INFO: [Pwropt 34-162] WRITE_MODE attribute of 0 BRAM(s) out of a total of 32 has been updated to save power. Run report_power_opt to get a complete listing of the BRAMs updated.
INFO: [Pwropt 34-201] Structural ODC has moved 0 WE to EN ports
Number of BRAM Ports augmented: 0 newly gated: 0 Total Ports: 64
Ending PowerOpt Patch Enables Task | Checksum: 1faa40e3f

Time (s): cpu = 00:00:00.06 ; elapsed = 00:00:00.05 . Memory (MB): peak = 2864.141 ; gain = 0.000 ; free physical = 362 ; free virtual = 33638
Ending Power Optimization Task | Checksum: 1faa40e3f

Time (s): cpu = 00:00:02 ; elapsed = 00:00:02 . Memory (MB): peak = 2864.141 ; gain = 252.891 ; free physical = 362 ; free virtual = 33638

Starting Final Cleanup Task
Ending Final Cleanup Task | Checksum: 1faa40e3f

Time (s): cpu = 00:00:00 ; elapsed = 00:00:00 . Memory (MB): peak = 2864.141 ; gain = 0.000 ; free physical = 362 ; free virtual = 33638

Starting Netlist Obfuscation Task
Netlist sorting complete. Time (s): cpu = 00:00:00 ; elapsed = 00:00:00 . Memory (MB): peak = 2864.141 ; gain = 0.000 ; free physical = 362 ; free virtual = 33638
Ending Netlist Obfuscation Task | Checksum: 1faa40e3f

Time (s): cpu = 00:00:00 ; elapsed = 00:00:00 . Memory (MB): peak = 2864.141 ; gain = 0.000 ; free physical = 362 ; free virtual = 33638
INFO: [Common 17-83] Releasing license: Implementation
51 Infos, 17 Warnings, 15 Critical Warnings and 0 Errors encountered.
opt_design completed successfully
INFO: [Vivado 12-24828] Executing command : report_drc -file soc_can_wrapper_drc_opted.rpt -pb soc_can_wrapper_drc_opted.pb -rpx soc_can_wrapper_drc_opted.rpx
Command: report_drc -file soc_can_wrapper_drc_opted.rpt -pb soc_can_wrapper_drc_opted.pb -rpx soc_can_wrapper_drc_opted.rpx
INFO: [IP_Flow 19-1839] IP Catalog is up to date.
INFO: [DRC 23-27] Running DRC with 8 threads
INFO: [Vivado_Tcl 2-168] The results of DRC are in file /media/user12/data/work/SOC_exam_2026/SOC_exam_2026.runs/impl_1/soc_can_wrapper_drc_opted.rpt.
report_drc completed successfully
INFO: [Timing 38-35] Done setting XDC timing constraints.
INFO: [Timing 38-480] Writing timing data to binary archive.
Wrote PlaceDB: Time (s): cpu = 00:00:00 ; elapsed = 00:00:00 . Memory (MB): peak = 2864.141 ; gain = 0.000 ; free physical = 328 ; free virtual = 33605
Wrote PulsedLatchDB: Time (s): cpu = 00:00:00 ; elapsed = 00:00:00 . Memory (MB): peak = 2864.141 ; gain = 0.000 ; free physical = 328 ; free virtual = 33605
Writing XDEF routing.
Write ShapeDB Complete: Time (s): cpu = 00:00:00.03 ; elapsed = 00:00:00.01 . Memory (MB): peak = 2864.141 ; gain = 0.000 ; free physical = 328 ; free virtual = 33605
Writing XDEF routing logical nets.
Writing XDEF routing special nets.
Wrote RouteStorage: Time (s): cpu = 00:00:00.05 ; elapsed = 00:00:00.01 . Memory (MB): peak = 2864.141 ; gain = 0.000 ; free physical = 328 ; free virtual = 33605
Wrote Netlist Cache: Time (s): cpu = 00:00:00 ; elapsed = 00:00:00 . Memory (MB): peak = 2864.141 ; gain = 0.000 ; free physical = 328 ; free virtual = 33605
Wrote Device Cache: Time (s): cpu = 00:00:00.01 ; elapsed = 00:00:00.01 . Memory (MB): peak = 2864.141 ; gain = 0.000 ; free physical = 328 ; free virtual = 33605
Write Physdb Complete: Time (s): cpu = 00:00:00.06 ; elapsed = 00:00:00.02 . Memory (MB): peak = 2864.141 ; gain = 0.000 ; free physical = 328 ; free virtual = 33605
INFO: [Common 17-1381] The checkpoint '/media/user12/data/work/SOC_exam_2026/SOC_exam_2026.runs/impl_1/soc_can_wrapper_opt.dcp' has been generated.
Command: place_design
Attempting to get a license for feature 'Implementation' and/or device 'xc7a35t'
INFO: [Common 17-349] Got license for feature 'Implementation' and/or device 'xc7a35t'
INFO: [Common 17-83] Releasing license: Implementation
INFO: [DRC 23-27] Running DRC with 8 threads
INFO: [Vivado_Tcl 4-198] DRC finished with 0 Errors
INFO: [Vivado_Tcl 4-199] Please refer to the DRC report (report_drc) for more information.
Running DRC as a precondition to command place_design
INFO: [DRC 23-27] Running DRC with 8 threads
INFO: [Vivado_Tcl 4-198] DRC finished with 0 Errors
INFO: [Vivado_Tcl 4-199] Please refer to the DRC report (report_drc) for more information.
INFO: [Place 30-611] Multithreading enabled for place_design using a maximum of 8 CPUs

Starting Placer Task

Phase 1 Placer Initialization

Phase 1.1 Placer Initialization Netlist Sorting
Netlist sorting complete. Time (s): cpu = 00:00:00 ; elapsed = 00:00:00 . Memory (MB): peak = 2864.141 ; gain = 0.000 ; free physical = 308 ; free virtual = 33587
Phase 1.1 Placer Initialization Netlist Sorting | Checksum: 1bd75a363

Time (s): cpu = 00:00:00.01 ; elapsed = 00:00:00.01 . Memory (MB): peak = 2864.141 ; gain = 0.000 ; free physical = 308 ; free virtual = 33587
Netlist sorting complete. Time (s): cpu = 00:00:00 ; elapsed = 00:00:00 . Memory (MB): peak = 2864.141 ; gain = 0.000 ; free physical = 308 ; free virtual = 33587

Phase 1.2 IO Placement/ Clock Placement/ Build Placer Device
Phase 1.2 IO Placement/ Clock Placement/ Build Placer Device | Checksum: 169b0d5fa

Time (s): cpu = 00:00:00.58 ; elapsed = 00:00:00.16 . Memory (MB): peak = 2864.141 ; gain = 0.000 ; free physical = 308 ; free virtual = 33587

Phase 1.3 Build Placer Netlist Model
Phase 1.3 Build Placer Netlist Model | Checksum: 1da48d3ea

Time (s): cpu = 00:00:02 ; elapsed = 00:00:00.54 . Memory (MB): peak = 2864.141 ; gain = 0.000 ; free physical = 297 ; free virtual = 33575

Phase 1.4 Constrain Clocks/Macros
Phase 1.4 Constrain Clocks/Macros | Checksum: 1da48d3ea

Time (s): cpu = 00:00:02 ; elapsed = 00:00:00.54 . Memory (MB): peak = 2864.141 ; gain = 0.000 ; free physical = 297 ; free virtual = 33575
Phase 1 Placer Initialization | Checksum: 1da48d3ea

Time (s): cpu = 00:00:02 ; elapsed = 00:00:00.55 . Memory (MB): peak = 2864.141 ; gain = 0.000 ; free physical = 297 ; free virtual = 33575

Phase 2 Global Placement

Phase 2.1 Floorplanning
Phase 2.1 Floorplanning | Checksum: 1b458707b

Time (s): cpu = 00:00:02 ; elapsed = 00:00:00.67 . Memory (MB): peak = 2864.141 ; gain = 0.000 ; free physical = 305 ; free virtual = 33583

Phase 2.2 Update Timing before SLR Path Opt
Phase 2.2 Update Timing before SLR Path Opt | Checksum: 19f992e6b

Time (s): cpu = 00:00:03 ; elapsed = 00:00:00.76 . Memory (MB): peak = 2864.141 ; gain = 0.000 ; free physical = 324 ; free virtual = 33602

Phase 2.3 Post-Processing in Floorplanning
Phase 2.3 Post-Processing in Floorplanning | Checksum: 19f992e6b

Time (s): cpu = 00:00:03 ; elapsed = 00:00:00.77 . Memory (MB): peak = 2864.141 ; gain = 0.000 ; free physical = 324 ; free virtual = 33602

Phase 2.4 Global Place Phase1
Phase 2.4 Global Place Phase1 | Checksum: 1c7c38e64

Time (s): cpu = 00:00:09 ; elapsed = 00:00:02 . Memory (MB): peak = 2864.141 ; gain = 0.000 ; free physical = 326 ; free virtual = 33604

Phase 2.5 Global Place Phase2

Phase 2.5.1 UpdateTiming Before Physical Synthesis
Phase 2.5.1 UpdateTiming Before Physical Synthesis | Checksum: 2178b448f

Time (s): cpu = 00:00:10 ; elapsed = 00:00:02 . Memory (MB): peak = 2864.141 ; gain = 0.000 ; free physical = 325 ; free virtual = 33603

Phase 2.5.2 Physical Synthesis In Placer
INFO: [Physopt 32-1035] Found 0 LUTNM shape to break, 114 LUT instances to create LUTNM shape
INFO: [Physopt 32-1044] Break lutnm for timing: one critical 0, two critical 0, total 0, new lutff created 0
INFO: [Physopt 32-1138] End 1 Pass. Optimized 52 nets or LUTs. Breaked 0 LUT, combined 52 existing LUTs and moved 0 existing LUT
INFO: [Physopt 32-65] No nets found for high-fanout optimization.
INFO: [Physopt 32-232] Optimized 0 net. Created 0 new instance.
INFO: [Physopt 32-775] End 1 Pass. Optimized 0 net or cell. Created 0 new cell, deleted 0 existing cell and moved 0 existing cell
INFO: [Physopt 32-670] No setup violation found.  DSP Register Optimization was not performed.
INFO: [Physopt 32-670] No setup violation found.  Shift Register to Pipeline Optimization was not performed.
INFO: [Physopt 32-670] No setup violation found.  Shift Register Optimization was not performed.
INFO: [Physopt 32-670] No setup violation found.  BRAM Register Optimization was not performed.
INFO: [Physopt 32-670] No setup violation found.  URAM Register Optimization was not performed.
INFO: [Physopt 32-949] No candidate nets found for dynamic/static region interface net replication
INFO: [Physopt 32-775] End 1 Pass. Optimized 0 net or cell. Created 0 new cell, deleted 0 existing cell and moved 0 existing cell
Netlist sorting complete. Time (s): cpu = 00:00:00 ; elapsed = 00:00:00 . Memory (MB): peak = 2864.141 ; gain = 0.000 ; free physical = 324 ; free virtual = 33602

Summary of Physical Synthesis Optimizations
============================================


-----------------------------------------------------------------------------------------------------------------------------------------------------------
|  Optimization                                     |  Added Cells  |  Removed Cells  |  Optimized Cells/Nets  |  Dont Touch  |  Iterations  |  Elapsed   |
-----------------------------------------------------------------------------------------------------------------------------------------------------------
|  LUT Combining                                    |            0  |             52  |                    52  |           0  |           1  |  00:00:00  |
|  Retime                                           |            0  |              0  |                     0  |           0  |           1  |  00:00:00  |
|  Very High Fanout                                 |            0  |              0  |                     0  |           0  |           1  |  00:00:00  |
|  DSP Register                                     |            0  |              0  |                     0  |           0  |           0  |  00:00:00  |
|  Shift Register to Pipeline                       |            0  |              0  |                     0  |           0  |           0  |  00:00:00  |
|  Shift Register                                   |            0  |              0  |                     0  |           0  |           0  |  00:00:00  |
|  BRAM Register                                    |            0  |              0  |                     0  |           0  |           0  |  00:00:00  |
|  URAM Register                                    |            0  |              0  |                     0  |           0  |           0  |  00:00:00  |
|  Dynamic/Static Region Interface Net Replication  |            0  |              0  |                     0  |           0  |           1  |  00:00:00  |
|  Total                                            |            0  |             52  |                    52  |           0  |           4  |  00:00:00  |
-----------------------------------------------------------------------------------------------------------------------------------------------------------


Phase 2.5.2 Physical Synthesis In Placer | Checksum: 1f64035af

Time (s): cpu = 00:00:11 ; elapsed = 00:00:03 . Memory (MB): peak = 2864.141 ; gain = 0.000 ; free physical = 324 ; free virtual = 33602
Phase 2.5 Global Place Phase2 | Checksum: 27c71a242

Time (s): cpu = 00:00:11 ; elapsed = 00:00:03 . Memory (MB): peak = 2864.141 ; gain = 0.000 ; free physical = 323 ; free virtual = 33601
Phase 2 Global Placement | Checksum: 27c71a242

Time (s): cpu = 00:00:11 ; elapsed = 00:00:03 . Memory (MB): peak = 2864.141 ; gain = 0.000 ; free physical = 323 ; free virtual = 33601

Phase 3 Detail Placement

Phase 3.1 Commit Multi Column Macros
Phase 3.1 Commit Multi Column Macros | Checksum: 2a5fbd30b

Time (s): cpu = 00:00:11 ; elapsed = 00:00:03 . Memory (MB): peak = 2864.141 ; gain = 0.000 ; free physical = 321 ; free virtual = 33599

Phase 3.2 Commit Most Macros & LUTRAMs
Phase 3.2 Commit Most Macros & LUTRAMs | Checksum: 25ca299cb

Time (s): cpu = 00:00:12 ; elapsed = 00:00:03 . Memory (MB): peak = 2864.141 ; gain = 0.000 ; free physical = 313 ; free virtual = 33598

Phase 3.3 Area Swap Optimization
Phase 3.3 Area Swap Optimization | Checksum: 2a937a9ee

Time (s): cpu = 00:00:12 ; elapsed = 00:00:03 . Memory (MB): peak = 2864.141 ; gain = 0.000 ; free physical = 309 ; free virtual = 33596

Phase 3.4 Pipeline Register Optimization
Phase 3.4 Pipeline Register Optimization | Checksum: 23a9c2d03

Time (s): cpu = 00:00:12 ; elapsed = 00:00:03 . Memory (MB): peak = 2864.141 ; gain = 0.000 ; free physical = 309 ; free virtual = 33596

Phase 3.5 Small Shape Detail Placement
Phase 3.5 Small Shape Detail Placement | Checksum: 2ccdb4989

Time (s): cpu = 00:00:13 ; elapsed = 00:00:04 . Memory (MB): peak = 2864.141 ; gain = 0.000 ; free physical = 304 ; free virtual = 33591

Phase 3.6 Re-assign LUT pins
Phase 3.6 Re-assign LUT pins | Checksum: 22d5b7658

Time (s): cpu = 00:00:14 ; elapsed = 00:00:04 . Memory (MB): peak = 2864.141 ; gain = 0.000 ; free physical = 304 ; free virtual = 33591

Phase 3.7 Pipeline Register Optimization
Phase 3.7 Pipeline Register Optimization | Checksum: 2172a76e6

Time (s): cpu = 00:00:14 ; elapsed = 00:00:04 . Memory (MB): peak = 2864.141 ; gain = 0.000 ; free physical = 310 ; free virtual = 33596
Phase 3 Detail Placement | Checksum: 2172a76e6

Time (s): cpu = 00:00:14 ; elapsed = 00:00:04 . Memory (MB): peak = 2864.141 ; gain = 0.000 ; free physical = 310 ; free virtual = 33596

Phase 4 Post Placement Optimization and Clean-Up

Phase 4.1 Post Commit Optimization
INFO: [Timing 38-35] Done setting XDC timing constraints.

Phase 4.1.1 Post Placement Optimization
Post Placement Optimization Initialization | Checksum: 171477289

Phase 4.1.1.1 BUFG Insertion

Starting Physical Synthesis Task

Phase 1 Physical Synthesis Initialization
INFO: [Physopt 32-721] Multithreading enabled for phys_opt_design using a maximum of 8 CPUs
INFO: [Physopt 32-619] Estimated Timing Summary | WNS=1.024 | TNS=0.000 |
Phase 1 Physical Synthesis Initialization | Checksum: bcf8efdf

Time (s): cpu = 00:00:00.24 ; elapsed = 00:00:00.07 . Memory (MB): peak = 2864.141 ; gain = 0.000 ; free physical = 316 ; free virtual = 33598
INFO: [Place 46-56] BUFG insertion identified 0 candidate nets. Inserted BUFG: 0, Replicated BUFG Driver: 0, Skipped due to Placement/Routing Conflicts: 0, Skipped due to Timing Degradation: 0, Skipped due to netlist editing failed: 0.
Ending Physical Synthesis Task | Checksum: 161c45a58

Time (s): cpu = 00:00:00.27 ; elapsed = 00:00:00.08 . Memory (MB): peak = 2864.141 ; gain = 0.000 ; free physical = 316 ; free virtual = 33598
Phase 4.1.1.1 BUFG Insertion | Checksum: 171477289

Time (s): cpu = 00:00:15 ; elapsed = 00:00:05 . Memory (MB): peak = 2864.141 ; gain = 0.000 ; free physical = 316 ; free virtual = 33598

Phase 4.1.1.2 Post Placement Timing Optimization
INFO: [Place 30-746] Post Placement Timing Summary WNS=1.024. For the most accurate timing information please run report_timing.
Phase 4.1.1.2 Post Placement Timing Optimization | Checksum: 20aacbfcf

Time (s): cpu = 00:00:15 ; elapsed = 00:00:05 . Memory (MB): peak = 2864.141 ; gain = 0.000 ; free physical = 316 ; free virtual = 33598

Time (s): cpu = 00:00:15 ; elapsed = 00:00:05 . Memory (MB): peak = 2864.141 ; gain = 0.000 ; free physical = 316 ; free virtual = 33598
Phase 4.1 Post Commit Optimization | Checksum: 20aacbfcf

Time (s): cpu = 00:00:15 ; elapsed = 00:00:05 . Memory (MB): peak = 2864.141 ; gain = 0.000 ; free physical = 316 ; free virtual = 33598

Phase 4.2 Post Placement Cleanup
Phase 4.2 Post Placement Cleanup | Checksum: 20aacbfcf

Time (s): cpu = 00:00:15 ; elapsed = 00:00:05 . Memory (MB): peak = 2864.141 ; gain = 0.000 ; free physical = 316 ; free virtual = 33598

Phase 4.3 Placer Reporting

Phase 4.3.1 Print Estimated Congestion
INFO: [Place 30-612] Post-Placement Estimated Congestion 
 ____________________________________________________
|           | Global Congestion | Short Congestion  |
| Direction | Region Size       | Region Size       |
|___________|___________________|___________________|
|      North|                1x1|                2x2|
|___________|___________________|___________________|
|      South|                1x1|                1x1|
|___________|___________________|___________________|
|       East|                1x1|                2x2|
|___________|___________________|___________________|
|       West|                1x1|                1x1|
|___________|___________________|___________________|

Phase 4.3.1 Print Estimated Congestion | Checksum: 20aacbfcf

Time (s): cpu = 00:00:15 ; elapsed = 00:00:05 . Memory (MB): peak = 2864.141 ; gain = 0.000 ; free physical = 316 ; free virtual = 33598
Phase 4.3 Placer Reporting | Checksum: 20aacbfcf

Time (s): cpu = 00:00:15 ; elapsed = 00:00:05 . Memory (MB): peak = 2864.141 ; gain = 0.000 ; free physical = 316 ; free virtual = 33598

Phase 4.4 Final Placement Cleanup
Netlist sorting complete. Time (s): cpu = 00:00:00 ; elapsed = 00:00:00 . Memory (MB): peak = 2864.141 ; gain = 0.000 ; free physical = 316 ; free virtual = 33598

Time (s): cpu = 00:00:15 ; elapsed = 00:00:05 . Memory (MB): peak = 2864.141 ; gain = 0.000 ; free physical = 316 ; free virtual = 33598
Phase 4 Post Placement Optimization and Clean-Up | Checksum: 2672f9de4

Time (s): cpu = 00:00:15 ; elapsed = 00:00:05 . Memory (MB): peak = 2864.141 ; gain = 0.000 ; free physical = 316 ; free virtual = 33598
Ending Placer Task | Checksum: 18118cd91

Time (s): cpu = 00:00:15 ; elapsed = 00:00:05 . Memory (MB): peak = 2864.141 ; gain = 0.000 ; free physical = 316 ; free virtual = 33598
86 Infos, 17 Warnings, 15 Critical Warnings and 0 Errors encountered.
place_design completed successfully
place_design: Time (s): cpu = 00:00:17 ; elapsed = 00:00:05 . Memory (MB): peak = 2864.141 ; gain = 0.000 ; free physical = 316 ; free virtual = 33598
INFO: [Vivado 12-24838] Running report commands "report_control_sets, report_io, report_utilization" in parallel.
Running report generation with 3 threads.
INFO: [Vivado 12-24828] Executing command : report_control_sets -verbose -file soc_can_wrapper_control_sets_placed.rpt
report_control_sets: Time (s): cpu = 00:00:00.06 ; elapsed = 00:00:00.06 . Memory (MB): peak = 2864.141 ; gain = 0.000 ; free physical = 301 ; free virtual = 33583
INFO: [Vivado 12-24828] Executing command : report_io -file soc_can_wrapper_io_placed.rpt
report_io: Time (s): cpu = 00:00:00.1 ; elapsed = 00:00:00.1 . Memory (MB): peak = 2864.141 ; gain = 0.000 ; free physical = 289 ; free virtual = 33572
INFO: [Vivado 12-24828] Executing command : report_utilization -file soc_can_wrapper_utilization_placed.rpt -pb soc_can_wrapper_utilization_placed.pb
INFO: [Timing 38-480] Writing timing data to binary archive.
Write ShapeDB Complete: Time (s): cpu = 00:00:00.06 ; elapsed = 00:00:00.02 . Memory (MB): peak = 2864.141 ; gain = 0.000 ; free physical = 289 ; free virtual = 33572
Wrote PlaceDB: Time (s): cpu = 00:00:00.48 ; elapsed = 00:00:00.14 . Memory (MB): peak = 2864.141 ; gain = 0.000 ; free physical = 298 ; free virtual = 33586
Wrote PulsedLatchDB: Time (s): cpu = 00:00:00 ; elapsed = 00:00:00 . Memory (MB): peak = 2864.141 ; gain = 0.000 ; free physical = 298 ; free virtual = 33586
Writing XDEF routing.
Writing XDEF routing logical nets.
Writing XDEF routing special nets.
Wrote RouteStorage: Time (s): cpu = 00:00:00.02 ; elapsed = 00:00:00.01 . Memory (MB): peak = 2864.141 ; gain = 0.000 ; free physical = 298 ; free virtual = 33587
Wrote Netlist Cache: Time (s): cpu = 00:00:00 ; elapsed = 00:00:00.01 . Memory (MB): peak = 2864.141 ; gain = 0.000 ; free physical = 296 ; free virtual = 33585
Wrote Device Cache: Time (s): cpu = 00:00:00.01 ; elapsed = 00:00:00 . Memory (MB): peak = 2864.141 ; gain = 0.000 ; free physical = 296 ; free virtual = 33586
Write Physdb Complete: Time (s): cpu = 00:00:00.51 ; elapsed = 00:00:00.16 . Memory (MB): peak = 2864.141 ; gain = 0.000 ; free physical = 296 ; free virtual = 33586
INFO: [Common 17-1381] The checkpoint '/media/user12/data/work/SOC_exam_2026/SOC_exam_2026.runs/impl_1/soc_can_wrapper_placed.dcp' has been generated.
Command: phys_opt_design
Attempting to get a license for feature 'Implementation' and/or device 'xc7a35t'
INFO: [Common 17-349] Got license for feature 'Implementation' and/or device 'xc7a35t'

Starting Initial Update Timing Task

Time (s): cpu = 00:00:00.82 ; elapsed = 00:00:00.25 . Memory (MB): peak = 2864.141 ; gain = 0.000 ; free physical = 294 ; free virtual = 33576
INFO: [Vivado_Tcl 4-2279] Estimated Timing Summary | WNS= 1.024 | TNS= 0.000 | 
INFO: [Vivado_Tcl 4-383] Design worst setup slack (WNS) is greater than or equal to 0.000 ns. All physical synthesis setup optimizations will be skipped.
INFO: [Vivado_Tcl 4-232] No setup violation found. The netlist was not modified.
INFO: [Common 17-83] Releasing license: Implementation
97 Infos, 17 Warnings, 15 Critical Warnings and 0 Errors encountered.
phys_opt_design completed successfully
INFO: [Timing 38-480] Writing timing data to binary archive.
Write ShapeDB Complete: Time (s): cpu = 00:00:00.05 ; elapsed = 00:00:00.02 . Memory (MB): peak = 2864.141 ; gain = 0.000 ; free physical = 290 ; free virtual = 33572
Wrote PlaceDB: Time (s): cpu = 00:00:00.47 ; elapsed = 00:00:00.14 . Memory (MB): peak = 2864.141 ; gain = 0.000 ; free physical = 268 ; free virtual = 33556
Wrote PulsedLatchDB: Time (s): cpu = 00:00:00 ; elapsed = 00:00:00 . Memory (MB): peak = 2864.141 ; gain = 0.000 ; free physical = 268 ; free virtual = 33556
Writing XDEF routing.
Writing XDEF routing logical nets.
Writing XDEF routing special nets.
Wrote RouteStorage: Time (s): cpu = 00:00:00.02 ; elapsed = 00:00:00.01 . Memory (MB): peak = 2864.141 ; gain = 0.000 ; free physical = 268 ; free virtual = 33556
Wrote Netlist Cache: Time (s): cpu = 00:00:00 ; elapsed = 00:00:00 . Memory (MB): peak = 2864.141 ; gain = 0.000 ; free physical = 264 ; free virtual = 33553
Wrote Device Cache: Time (s): cpu = 00:00:00.01 ; elapsed = 00:00:00.01 . Memory (MB): peak = 2864.141 ; gain = 0.000 ; free physical = 264 ; free virtual = 33553
Write Physdb Complete: Time (s): cpu = 00:00:00.5 ; elapsed = 00:00:00.16 . Memory (MB): peak = 2864.141 ; gain = 0.000 ; free physical = 264 ; free virtual = 33553
INFO: [Common 17-1381] The checkpoint '/media/user12/data/work/SOC_exam_2026/SOC_exam_2026.runs/impl_1/soc_can_wrapper_physopt.dcp' has been generated.
Command: route_design
Attempting to get a license for feature 'Implementation' and/or device 'xc7a35t'
INFO: [Common 17-349] Got license for feature 'Implementation' and/or device 'xc7a35t'


Starting Routing Task
INFO: [Route 35-254] Multithreading enabled for route_design using a maximum of 8 CPUs

Phase 1 Build RT Design
Checksum: PlaceDB: 50fb912f ConstDB: 0 ShapeSum: 8f9be00b RouteDB: a0815c57
Post Restoration Checksum: NetGraph: aa99664a | NumContArr: 3db24404 | Constraints: c2a8fa9d | Timing: c2a8fa9d
Phase 1 Build RT Design | Checksum: 26d9d9f88

Time (s): cpu = 00:00:10 ; elapsed = 00:00:08 . Memory (MB): peak = 2864.141 ; gain = 0.000 ; free physical = 206 ; free virtual = 33485

Phase 2 Router Initialization

Phase 2.1 Fix Topology Constraints
Phase 2.1 Fix Topology Constraints | Checksum: 26d9d9f88

Time (s): cpu = 00:00:10 ; elapsed = 00:00:08 . Memory (MB): peak = 2864.141 ; gain = 0.000 ; free physical = 206 ; free virtual = 33485

Phase 2.2 Pre Route Cleanup
Phase 2.2 Pre Route Cleanup | Checksum: 26d9d9f88

Time (s): cpu = 00:00:10 ; elapsed = 00:00:08 . Memory (MB): peak = 2864.141 ; gain = 0.000 ; free physical = 206 ; free virtual = 33485
 Number of Nodes with overlaps = 0

Phase 2.3 Update Timing
Phase 2.3 Update Timing | Checksum: 385976aef

Time (s): cpu = 00:00:12 ; elapsed = 00:00:09 . Memory (MB): peak = 2864.141 ; gain = 0.000 ; free physical = 190 ; free virtual = 33470
INFO: [Route 35-416] Intermediate Timing Summary | WNS=1.390  | TNS=0.000  | WHS=-0.203 | THS=-46.345|


Router Utilization Summary
  Global Vertical Routing Utilization    = 0.00661724 %
  Global Horizontal Routing Utilization  = 0.00130141 %
  Routable Net Status*
  *Does not include unroutable nets such as driverless and loadless.
  Run report_route_status for detailed report.
  Number of Failed Nets               = 4661
    (Failed Nets is the sum of unrouted and partially routed nets)
  Number of Unrouted Nets             = 4661
  Number of Partially Routed Nets     = 0
  Number of Node Overlaps             = 0

Phase 2 Router Initialization | Checksum: 3a305ab4b

Time (s): cpu = 00:00:12 ; elapsed = 00:00:09 . Memory (MB): peak = 2864.141 ; gain = 0.000 ; free physical = 182 ; free virtual = 33462

Phase 3 Global Routing
Phase 3 Global Routing | Checksum: 3a305ab4b

Time (s): cpu = 00:00:12 ; elapsed = 00:00:09 . Memory (MB): peak = 2864.141 ; gain = 0.000 ; free physical = 182 ; free virtual = 33462

Phase 4 Initial Routing

Phase 4.1 Initial Net Routing Pass
Phase 4.1 Initial Net Routing Pass | Checksum: 1c4251f06

Time (s): cpu = 00:00:17 ; elapsed = 00:00:10 . Memory (MB): peak = 2960.145 ; gain = 96.004 ; free physical = 197 ; free virtual = 33338
Phase 4 Initial Routing | Checksum: 1c4251f06

Time (s): cpu = 00:00:17 ; elapsed = 00:00:10 . Memory (MB): peak = 2960.145 ; gain = 96.004 ; free physical = 197 ; free virtual = 33338

Phase 5 Rip-up And Reroute

Phase 5.1 Global Iteration 0
 Number of Nodes with overlaps = 764
 Number of Nodes with overlaps = 164
 Number of Nodes with overlaps = 53
 Number of Nodes with overlaps = 28
 Number of Nodes with overlaps = 15
 Number of Nodes with overlaps = 9
 Number of Nodes with overlaps = 2
 Number of Nodes with overlaps = 0
INFO: [Route 35-416] Intermediate Timing Summary | WNS=1.050  | TNS=0.000  | WHS=N/A    | THS=N/A    |

Phase 5.1 Global Iteration 0 | Checksum: 30e1e4f30

Time (s): cpu = 00:00:22 ; elapsed = 00:00:13 . Memory (MB): peak = 2960.145 ; gain = 96.004 ; free physical = 177 ; free virtual = 33331

Phase 5.2 Global Iteration 1
 Number of Nodes with overlaps = 2
 Number of Nodes with overlaps = 0
INFO: [Route 35-416] Intermediate Timing Summary | WNS=1.013  | TNS=0.000  | WHS=N/A    | THS=N/A    |

Phase 5.2 Global Iteration 1 | Checksum: 1edcfa08c

Time (s): cpu = 00:00:22 ; elapsed = 00:00:13 . Memory (MB): peak = 2960.145 ; gain = 96.004 ; free physical = 177 ; free virtual = 33331
Phase 5 Rip-up And Reroute | Checksum: 1edcfa08c

Time (s): cpu = 00:00:22 ; elapsed = 00:00:13 . Memory (MB): peak = 2960.145 ; gain = 96.004 ; free physical = 177 ; free virtual = 33331

Phase 6 Delay and Skew Optimization

Phase 6.1 Delay CleanUp
Phase 6.1 Delay CleanUp | Checksum: 1edcfa08c

Time (s): cpu = 00:00:22 ; elapsed = 00:00:13 . Memory (MB): peak = 2960.145 ; gain = 96.004 ; free physical = 177 ; free virtual = 33331

Phase 6.2 Clock Skew Optimization
Phase 6.2 Clock Skew Optimization | Checksum: 1edcfa08c

Time (s): cpu = 00:00:22 ; elapsed = 00:00:13 . Memory (MB): peak = 2960.145 ; gain = 96.004 ; free physical = 177 ; free virtual = 33331
Phase 6 Delay and Skew Optimization | Checksum: 1edcfa08c

Time (s): cpu = 00:00:22 ; elapsed = 00:00:13 . Memory (MB): peak = 2960.145 ; gain = 96.004 ; free physical = 177 ; free virtual = 33331

Phase 7 Post Hold Fix

Phase 7.1 Hold Fix Iter
INFO: [Route 35-416] Intermediate Timing Summary | WNS=1.092  | TNS=0.000  | WHS=0.029  | THS=0.000  |

Phase 7.1 Hold Fix Iter | Checksum: 240a2122c

Time (s): cpu = 00:00:22 ; elapsed = 00:00:14 . Memory (MB): peak = 2960.145 ; gain = 96.004 ; free physical = 178 ; free virtual = 33331
Phase 7 Post Hold Fix | Checksum: 240a2122c

Time (s): cpu = 00:00:22 ; elapsed = 00:00:14 . Memory (MB): peak = 2960.145 ; gain = 96.004 ; free physical = 178 ; free virtual = 33331

Phase 8 Route finalize

Router Utilization Summary
  Global Vertical Routing Utilization    = 2.0114 %
  Global Horizontal Routing Utilization  = 2.54099 %
  Routable Net Status*
  *Does not include unroutable nets such as driverless and loadless.
  Run report_route_status for detailed report.
  Number of Failed Nets               = 0
    (Failed Nets is the sum of unrouted and partially routed nets)
  Number of Unrouted Nets             = 0
  Number of Partially Routed Nets     = 0
  Number of Node Overlaps             = 0

Phase 8 Route finalize | Checksum: 240a2122c

Time (s): cpu = 00:00:22 ; elapsed = 00:00:14 . Memory (MB): peak = 2960.145 ; gain = 96.004 ; free physical = 177 ; free virtual = 33330

Phase 9 Verifying routed nets

 Verification completed successfully
Phase 9 Verifying routed nets | Checksum: 240a2122c

Time (s): cpu = 00:00:23 ; elapsed = 00:00:14 . Memory (MB): peak = 2960.145 ; gain = 96.004 ; free physical = 177 ; free virtual = 33330

Phase 10 Depositing Routes
Phase 10 Depositing Routes | Checksum: 2b6ab2a49

Time (s): cpu = 00:00:23 ; elapsed = 00:00:14 . Memory (MB): peak = 2960.145 ; gain = 96.004 ; free physical = 177 ; free virtual = 33330

Phase 11 Post Process Routing
Phase 11 Post Process Routing | Checksum: 2b6ab2a49

Time (s): cpu = 00:00:23 ; elapsed = 00:00:14 . Memory (MB): peak = 2960.145 ; gain = 96.004 ; free physical = 177 ; free virtual = 33330

Phase 12 Post Router Timing
INFO: [Route 35-57] Estimated Timing Summary | WNS=1.092  | TNS=0.000  | WHS=0.029  | THS=0.000  |

INFO: [Route 35-327] The final timing numbers are based on the router estimated timing analysis. For a complete and accurate timing signoff, please run report_timing_summary.
Phase 12 Post Router Timing | Checksum: 2b6ab2a49

Time (s): cpu = 00:00:23 ; elapsed = 00:00:14 . Memory (MB): peak = 2960.145 ; gain = 96.004 ; free physical = 177 ; free virtual = 33330
Total Elapsed time in route_design: 13.7 secs

Phase 13 Post-Route Event Processing
Phase 13 Post-Route Event Processing | Checksum: 1d385ebea

Time (s): cpu = 00:00:23 ; elapsed = 00:00:14 . Memory (MB): peak = 2960.145 ; gain = 96.004 ; free physical = 177 ; free virtual = 33330
INFO: [Route 35-16] Router Completed Successfully
Ending Routing Task | Checksum: 1d385ebea

Time (s): cpu = 00:00:23 ; elapsed = 00:00:14 . Memory (MB): peak = 2960.145 ; gain = 96.004 ; free physical = 177 ; free virtual = 33330

Routing Is Done.
INFO: [Common 17-83] Releasing license: Implementation
109 Infos, 17 Warnings, 15 Critical Warnings and 0 Errors encountered.
route_design completed successfully
route_design: Time (s): cpu = 00:00:23 ; elapsed = 00:00:14 . Memory (MB): peak = 2960.145 ; gain = 96.004 ; free physical = 177 ; free virtual = 33330
INFO: [Vivado 12-24828] Executing command : report_drc -file soc_can_wrapper_drc_routed.rpt -pb soc_can_wrapper_drc_routed.pb -rpx soc_can_wrapper_drc_routed.rpx
Command: report_drc -file soc_can_wrapper_drc_routed.rpt -pb soc_can_wrapper_drc_routed.pb -rpx soc_can_wrapper_drc_routed.rpx
INFO: [IP_Flow 19-1839] IP Catalog is up to date.
INFO: [DRC 23-27] Running DRC with 8 threads
INFO: [Vivado_Tcl 2-168] The results of DRC are in file /media/user12/data/work/SOC_exam_2026/SOC_exam_2026.runs/impl_1/soc_can_wrapper_drc_routed.rpt.
report_drc completed successfully
INFO: [Vivado 12-24828] Executing command : report_methodology -file soc_can_wrapper_methodology_drc_routed.rpt -pb soc_can_wrapper_methodology_drc_routed.pb -rpx soc_can_wrapper_methodology_drc_routed.rpx
Command: report_methodology -file soc_can_wrapper_methodology_drc_routed.rpt -pb soc_can_wrapper_methodology_drc_routed.pb -rpx soc_can_wrapper_methodology_drc_routed.rpx
INFO: [Timing 38-35] Done setting XDC timing constraints.
INFO: [DRC 23-133] Running Methodology with 8 threads
INFO: [Vivado_Tcl 2-1520] The results of Report Methodology are in file /media/user12/data/work/SOC_exam_2026/SOC_exam_2026.runs/impl_1/soc_can_wrapper_methodology_drc_routed.rpt.
report_methodology completed successfully
INFO: [Vivado 12-24828] Executing command : report_timing_summary -max_paths 10 -report_unconstrained -file soc_can_wrapper_timing_summary_routed.rpt -pb soc_can_wrapper_timing_summary_routed.pb -rpx soc_can_wrapper_timing_summary_routed.rpx -warn_on_violation 
INFO: [Timing 38-35] Done setting XDC timing constraints.
INFO: [Timing 38-91] UpdateTimingParams: Speed grade: -1, Delay Type: min_max.
INFO: [Timing 38-191] Multithreading enabled for timing update using a maximum of 8 CPUs
INFO: [Vivado 12-24838] Running report commands "report_bus_skew, report_incremental_reuse, report_route_status" in parallel.
Running report generation with 3 threads.
INFO: [Vivado 12-24828] Executing command : report_incremental_reuse -file soc_can_wrapper_incremental_reuse_routed.rpt
INFO: [Vivado_Tcl 4-1062] Incremental flow is disabled. No incremental reuse Info to report.
INFO: [Vivado 12-24828] Executing command : report_route_status -file soc_can_wrapper_route_status.rpt -pb soc_can_wrapper_route_status.pb
INFO: [Vivado 12-24828] Executing command : report_bus_skew -warn_on_violation -file soc_can_wrapper_bus_skew_routed.rpt -pb soc_can_wrapper_bus_skew_routed.pb -rpx soc_can_wrapper_bus_skew_routed.rpx
INFO: [Timing 38-91] UpdateTimingParams: Speed grade: -1, Delay Type: min_max.
INFO: [Timing 38-191] Multithreading enabled for timing update using a maximum of 8 CPUs
INFO: [Vivado 12-24828] Executing command : report_power -file soc_can_wrapper_power_routed.rpt -pb soc_can_wrapper_power_summary_routed.pb -rpx soc_can_wrapper_power_routed.rpx
Command: report_power -file soc_can_wrapper_power_routed.rpt -pb soc_can_wrapper_power_summary_routed.pb -rpx soc_can_wrapper_power_routed.rpx
Running Vector-less Activity Propagation...

Finished Running Vector-less Activity Propagation
WARNING: [Power 33-332] Found switching activity that implies high-fanout reset nets being asserted for excessive periods of time which may result in inaccurate power analysis.
Resolution: To review and fix problems, please run Power Constraints Advisor in the GUI from Tools > Power Constraints Advisor or run report_power with the -advisory option to generate a text report.
129 Infos, 18 Warnings, 15 Critical Warnings and 0 Errors encountered.
report_power completed successfully
INFO: [Vivado 12-24828] Executing command : report_clock_utilization -file soc_can_wrapper_clock_utilization_routed.rpt
INFO: [Timing 38-480] Writing timing data to binary archive.
Write ShapeDB Complete: Time (s): cpu = 00:00:00.03 ; elapsed = 00:00:00.01 . Memory (MB): peak = 3008.168 ; gain = 0.000 ; free physical = 176 ; free virtual = 33324
Wrote PlaceDB: Time (s): cpu = 00:00:00.45 ; elapsed = 00:00:00.14 . Memory (MB): peak = 3008.168 ; gain = 0.000 ; free physical = 176 ; free virtual = 33328
Wrote PulsedLatchDB: Time (s): cpu = 00:00:00 ; elapsed = 00:00:00 . Memory (MB): peak = 3008.168 ; gain = 0.000 ; free physical = 176 ; free virtual = 33328
Writing XDEF routing.
Writing XDEF routing logical nets.
Writing XDEF routing special nets.
Wrote RouteStorage: Time (s): cpu = 00:00:00.07 ; elapsed = 00:00:00.02 . Memory (MB): peak = 3008.168 ; gain = 0.000 ; free physical = 176 ; free virtual = 33330
Wrote Netlist Cache: Time (s): cpu = 00:00:00.01 ; elapsed = 00:00:00 . Memory (MB): peak = 3008.168 ; gain = 0.000 ; free physical = 173 ; free virtual = 33327
Wrote Device Cache: Time (s): cpu = 00:00:00 ; elapsed = 00:00:00 . Memory (MB): peak = 3008.168 ; gain = 0.000 ; free physical = 173 ; free virtual = 33328
Write Physdb Complete: Time (s): cpu = 00:00:00.53 ; elapsed = 00:00:00.17 . Memory (MB): peak = 3008.168 ; gain = 0.000 ; free physical = 173 ; free virtual = 33328
INFO: [Common 17-1381] The checkpoint '/media/user12/data/work/SOC_exam_2026/SOC_exam_2026.runs/impl_1/soc_can_wrapper_routed.dcp' has been generated.
Command: write_bitstream -force soc_can_wrapper.bit
Attempting to get a license for feature 'Implementation' and/or device 'xc7a35t'
INFO: [Common 17-349] Got license for feature 'Implementation' and/or device 'xc7a35t'
Running DRC as a precondition to command write_bitstream
INFO: [IP_Flow 19-1839] IP Catalog is up to date.
INFO: [DRC 23-27] Running DRC with 8 threads
INFO: [Vivado 12-3199] DRC finished with 0 Errors
INFO: [Vivado 12-3200] Please refer to the DRC report (report_drc) for more information.
INFO: [Designutils 20-2272] Running write_bitstream with 8 threads.
Loading data files...
Loading site data...
Loading route data...
Processing options...
Creating bitmap...
Creating bitstream...
Bitstream compression saved 10360608 bits.
Writing bitstream ./soc_can_wrapper.bit...
INFO: [Vivado 12-1842] Bitgen Completed Successfully.
INFO: [Project 1-1876] WebTalk data collection is mandatory when using a ULT device. To see the specific WebTalk data collected for your design, open the usage_statistics_webtalk.html or usage_statistics_webtalk.xml file in the implementation directory.
INFO: [Common 17-83] Releasing license: Implementation
141 Infos, 18 Warnings, 15 Critical Warnings and 0 Errors encountered.
write_bitstream completed successfully
write_bitstream: Time (s): cpu = 00:00:13 ; elapsed = 00:00:16 . Memory (MB): peak = 3246.441 ; gain = 110.211 ; free physical = 209 ; free virtual = 33067
INFO: [Common 17-206] Exiting Vivado at Fri Feb  6 15:29:05 2026...
