Copyright 1986-2022 Xilinx, Inc. All Rights Reserved. Copyright 2022-2024 Advanced Micro Devices, Inc. All Rights Reserved.
---------------------------------------------------------------------------------------------------------------------------------------------
| Tool Version : Vivado v.2024.2 (lin64) Build 5239630 Fri Nov 08 22:34:34 MST 2024
| Date         : Fri Feb  6 15:28:29 2026
| Host         : user12-B80KV-AP35BKE running 64-bit Ubuntu 24.04.3 LTS
| Command      : report_control_sets -verbose -file soc_can_wrapper_control_sets_placed.rpt
| Design       : soc_can_wrapper
| Device       : xc7a35t
---------------------------------------------------------------------------------------------------------------------------------------------

Control Set Information

Table of Contents
-----------------
1. Summary
2. Histogram
3. Flip-Flop Distribution
4. Detailed Control Set Information

1. Summary
----------

+----------------------------------------------------------+-------+
|                          Status                          | Count |
+----------------------------------------------------------+-------+
| Total control sets                                       |   117 |
|    Minimum number of control sets                        |   117 |
|    Addition due to synthesis replication                 |     0 |
|    Addition due to physical synthesis replication        |     0 |
| Unused register locations in slices containing registers |   330 |
+----------------------------------------------------------+-------+
* Control sets can be merged at opt_design using control_set_merge or merge_equivalent_drivers
** Run report_qor_suggestions for automated merging and remapping suggestions


2. Histogram
------------

+--------------------+-------+
|       Fanout       | Count |
+--------------------+-------+
| Total control sets |   117 |
| >= 0 to < 4        |    19 |
| >= 4 to < 6        |    12 |
| >= 6 to < 8        |     7 |
| >= 8 to < 10       |    22 |
| >= 10 to < 12      |     2 |
| >= 12 to < 14      |     2 |
| >= 14 to < 16      |     2 |
| >= 16              |    51 |
+--------------------+-------+
* Control sets can be remapped at either synth_design or opt_design


3. Flip-Flop Distribution
-------------------------

+--------------+-----------------------+------------------------+-----------------+--------------+
| Clock Enable | Synchronous Set/Reset | Asynchronous Set/Reset | Total Registers | Total Slices |
+--------------+-----------------------+------------------------+-----------------+--------------+
| No           | No                    | No                     |             393 |          130 |
| No           | No                    | Yes                    |              27 |           17 |
| No           | Yes                   | No                     |             316 |          122 |
| Yes          | No                    | No                     |             469 |          129 |
| Yes          | No                    | Yes                    |             121 |           30 |
| Yes          | Yes                   | No                     |            1184 |          405 |
+--------------+-----------------------+------------------------+-----------------+--------------+


4. Detailed Control Set Information
-----------------------------------

+-------------------------------------------------------------------------------------------------+-------------------------------------------------------------------------------------------------------------------------------------------------------+----------------------------------------------------------------------------------------------------------------------------------------+------------------+----------------+--------------+
|                                           Clock Signal                                          |                                                                     Enable Signal                                                                     |                                                            Set/Reset Signal                                                            | Slice Load Count | Bel Load Count | Bels / Slice |
+-------------------------------------------------------------------------------------------------+-------------------------------------------------------------------------------------------------------------------------------------------------------+----------------------------------------------------------------------------------------------------------------------------------------+------------------+----------------+--------------+
| ~soc_can_i/mdm_1/U0/tck_BUFG                                                                    |                                                                                                                                                       |                                                                                                                                        |                1 |              1 |         1.00 |
|  soc_can_i/clk_wiz/inst/clk_out1                                                                | soc_can_i/microblaze_riscv_0/U0/riscv_core_I/Base.Core/Decode_I/Use_Trigger.tdata1_all[0][dmode]                                                      | soc_can_i/microblaze_riscv_0/U0/riscv_core_I/sync_reset                                                                                |                1 |              1 |         1.00 |
|  soc_can_i/clk_wiz/inst/clk_out1                                                                | soc_can_i/microblaze_riscv_0/U0/riscv_core_I/Base.Core/Decode_I/ie_reg[MEIE]0                                                                         | soc_can_i/microblaze_riscv_0/U0/riscv_core_I/sync_reset                                                                                |                1 |              1 |         1.00 |
|  soc_can_i/clk_wiz/inst/clk_out1                                                                | soc_can_i/microblaze_riscv_0/U0/riscv_core_I/Base.Core/Decode_I/jump_logic_I1/MUXCY_JUMP_CARRY4/lopt_3                                                | soc_can_i/microblaze_riscv_0/U0/riscv_core_I/Base.Core/Decode_I/Use_MuxCy[5].OF_Piperun_Stage/MUXCY_I/ex_bt_hit_hold                   |                1 |              1 |         1.00 |
|  soc_can_i/clk_wiz/inst/clk_out1                                                                | soc_can_i/microblaze_riscv_0/U0/riscv_core_I/Base.Core/Decode_I/jump_logic_I1/MUXCY_JUMP_CARRY4/lopt_3                                                | soc_can_i/microblaze_riscv_0/U0/riscv_core_I/Base.Core/Decode_I/Use_MuxCy[3].OF_Piperun_Stage/MUXCY_I/lopt_4                           |                1 |              1 |         1.00 |
|  soc_can_i/mdm_1/U0/MDM_Core_I1/JTAG_CONTROL_I/Test_Access_Port.BUFG_UPDATE/Using_FPGA.Native_0 |                                                                                                                                                       | soc_can_i/microblaze_riscv_0/U0/riscv_core_I/Base.Core/Decode_I/Functional_Reset                                                       |                1 |              1 |         1.00 |
|  soc_can_i/mdm_1/U0/MDM_Core_I1/JTAG_CONTROL_I/Test_Access_Port.BUFG_UPDATE/Using_FPGA.Native_0 |                                                                                                                                                       | soc_can_i/microblaze_riscv_0/U0/riscv_core_I/Base.Core/Use_Debug_Logic.Master_Core.Debug_Perf/Functional_Reset22_out                   |                1 |              1 |         1.00 |
|  soc_can_i/mdm_1/U0/MDM_Core_I1/JTAG_CONTROL_I/Test_Access_Port.BUFG_UPDATE/Using_FPGA.Native_0 |                                                                                                                                                       | soc_can_i/microblaze_riscv_0/U0/riscv_core_I/Base.Core/Use_Debug_Logic.Master_Core.Debug_Perf/continue_from_brk_reg_0                  |                1 |              1 |         1.00 |
|  soc_can_i/mdm_1/U0/MDM_Core_I1/JTAG_CONTROL_I/Test_Access_Port.BUFG_UPDATE/Using_FPGA.Native_0 | soc_can_i/microblaze_riscv_0/U0/riscv_core_I/Base.Core/Use_Debug_Logic.Master_Core.Debug_Perf/dmcontrol_write                                         | soc_can_i/microblaze_riscv_0/U0/riscv_core_I/Base.Core/Use_Debug_Logic.Master_Core.Debug_Perf/Functional_Reset                         |                1 |              1 |         1.00 |
|  soc_can_i/mdm_1/U0/MDM_Core_I1/JTAG_CONTROL_I/Test_Access_Port.BUFG_UPDATE/Using_FPGA.Native_0 | soc_can_i/microblaze_riscv_0/U0/riscv_core_I/Base.Core/Use_Debug_Logic.Master_Core.Debug_Perf/dmcontrol_write                                         | soc_can_i/microblaze_riscv_0/U0/riscv_core_I/Base.Core/Use_Debug_Logic.Master_Core.Debug_Perf/start_single_step_reg_0                  |                1 |              1 |         1.00 |
|  soc_can_i/clk_wiz/inst/clk_out1                                                                |                                                                                                                                                       | soc_can_i/microblaze_riscv_0/U0/riscv_core_I/Base.Core/Use_Debug_Logic.Master_Core.Debug_Perf/Serial_Dbg_Intf.capture_1                |                1 |              1 |         1.00 |
|  soc_can_i/mdm_1/U0/MDM_Core_I1/JTAG_CONTROL_I/Test_Access_Port.BUFG_UPDATE/Using_FPGA.Native_0 | soc_can_i/microblaze_riscv_0/U0/riscv_core_I/Base.Core/Use_Debug_Logic.Master_Core.Debug_Perf/p_96_in                                                 | soc_can_i/microblaze_riscv_0/U0/riscv_core_I/Base.Core/Use_Debug_Logic.Master_Core.Debug_Perf/Serial_Dbg_Intf.register_write_cmd_reg_0 |                1 |              1 |         1.00 |
|  soc_can_i/mdm_1/U0/MDM_Core_I1/JTAG_CONTROL_I/Test_Access_Port.BUFG_UPDATE/Using_FPGA.Native_0 | soc_can_i/microblaze_riscv_0/U0/riscv_core_I/Base.Core/Use_Debug_Logic.Master_Core.Debug_Perf/p_96_in                                                 | soc_can_i/microblaze_riscv_0/U0/riscv_core_I/Base.Core/Use_Debug_Logic.Master_Core.Debug_Perf/register_read_cmd                        |                1 |              1 |         1.00 |
|  soc_can_i/clk_wiz/inst/clk_out1                                                                | soc_can_i/microblaze_riscv_0/U0/riscv_core_I/Base.Core/Decode_I/Use_Counters.mcountinhibit_reg[CY]0                                                   | soc_can_i/microblaze_riscv_0/U0/riscv_core_I/sync_reset                                                                                |                1 |              2 |         2.00 |
|  soc_can_i/clk_wiz/inst/clk_out1                                                                | soc_can_i/microblaze_riscv_0/U0/riscv_core_I/Base.Core/Decode_I/Use_Trigger.tdata1_all[0][dmode]1                                                     | soc_can_i/microblaze_riscv_0/U0/riscv_core_I/sync_reset                                                                                |                1 |              2 |         2.00 |
|  soc_can_i/mdm_1/U0/tck_BUFG                                                                    |                                                                                                                                                       | soc_can_i/mdm_1/U0/Use_E2.BSCAN_I/Use_E2.BSCANE2_I_0                                                                                   |                1 |              2 |         2.00 |
| ~soc_can_i/mdm_1/U0/Use_JTAG_BSCAN.BUFG_JTAG_TCK/Use_JTAG_BSCAN.tck_int                         |                                                                                                                                                       |                                                                                                                                        |                2 |              3 |         1.50 |
|  soc_can_i/clk_wiz/inst/clk_out1                                                                | soc_can_i/microblaze_riscv_0/U0/riscv_core_I/Base.Core/Decode_I/ex_Sel_CSR_i_reg[dcsr]_0[0]                                                           | soc_can_i/microblaze_riscv_0/U0/riscv_core_I/sync_reset                                                                                |                1 |              3 |         3.00 |
|  soc_can_i/mdm_1/U0/MDM_Core_I1/JTAG_CONTROL_I/Test_Access_Port.BUFG_UPDATE/Using_FPGA.Native_0 | soc_can_i/microblaze_riscv_0/U0/riscv_core_I/Base.Core/Use_Debug_Logic.Master_Core.Debug_Perf/p_96_in                                                 | soc_can_i/microblaze_riscv_0/U0/riscv_core_I/Base.Core/Use_Debug_Logic.Master_Core.Debug_Perf/do_new_dbg_instr                         |                1 |              3 |         3.00 |
|  soc_can_i/clk_wiz/inst/clk_out1                                                                |                                                                                                                                                       | soc_can_i/microblaze_riscv_0_axi_intc/U0/AXI_LITE_IPIF_I/I_SLAVE_ATTACHMENT/clear                                                      |                1 |              4 |         4.00 |
|  soc_can_i/clk_wiz/inst/clk_out1                                                                | soc_can_i/myip_CAN_controller_0/inst/myip_CAN_controller_slave_lite_v1_0_S00_AXI_inst/u_can_inst/u_rx/FSM_sequential_state[3]_i_1__0_n_0              | soc_can_i/myip_CAN_controller_0/inst/myip_CAN_controller_slave_lite_v1_0_S00_AXI_inst/u_can_inst/u_rx/AR[0]                            |                1 |              4 |         4.00 |
|  soc_can_i/clk_wiz/inst/clk_out1                                                                | soc_can_i/myip_CAN_controller_0/inst/myip_CAN_controller_slave_lite_v1_0_S00_AXI_inst/u_can_inst/u_tx/FSM_sequential_state[3]_i_1_n_0                 | soc_can_i/myip_CAN_controller_0/inst/myip_CAN_controller_slave_lite_v1_0_S00_AXI_inst/u_can_inst/u_rx/AR[0]                            |                2 |              4 |         2.00 |
|  soc_can_i/clk_wiz/inst/clk_out1                                                                | soc_can_i/axi_uartlite_0/U0/UARTLITE_CORE_I/BAUD_RATE_I/en_16x_Baud                                                                                   |                                                                                                                                        |                2 |              4 |         2.00 |
|  soc_can_i/clk_wiz/inst/clk_out1                                                                | soc_can_i/axi_uartlite_0/U0/AXI_LITE_IPIF_I/I_SLAVE_ATTACHMENT/start2                                                                                 | soc_can_i/axi_uartlite_0/U0/AXI_LITE_IPIF_I/I_SLAVE_ATTACHMENT/I_DECODER/cs_ce_clr                                                     |                1 |              4 |         4.00 |
|  soc_can_i/clk_wiz/inst/clk_out1                                                                |                                                                                                                                                       | soc_can_i/proc_sys_reset_0/U0/bus_struct_reset[0]                                                                                      |                2 |              4 |         2.00 |
|  soc_can_i/mdm_1/U0/Use_JTAG_BSCAN.BUFG_JTAG_TCK/Use_JTAG_BSCAN.tck_int                         | soc_can_i/mdm_1/U0/MDM_Core_I1/JTAG_CONTROL_I/Test_Access_Port.ir[4]_i_1_n_0                                                                          |                                                                                                                                        |                1 |              5 |         5.00 |
|  soc_can_i/mdm_1/U0/Use_JTAG_BSCAN.BUFG_JTAG_TCK/Use_JTAG_BSCAN.tck_int                         | soc_can_i/mdm_1/U0/MDM_Core_I1/JTAG_CONTROL_I/Test_Access_Port.sel_dmi_i_1_n_0                                                                        |                                                                                                                                        |                2 |              5 |         2.50 |
|  soc_can_i/clk_wiz/inst/clk_out1                                                                | soc_can_i/myip_CAN_controller_0/inst/myip_CAN_controller_slave_lite_v1_0_S00_AXI_inst/u_can_inst/u_pre/E[0]                                           | soc_can_i/myip_CAN_controller_0/inst/myip_CAN_controller_slave_lite_v1_0_S00_AXI_inst/u_can_inst/u_rx/AR[0]                            |                2 |              5 |         2.50 |
|  soc_can_i/mdm_1/U0/MDM_Core_I1/JTAG_CONTROL_I/Test_Access_Port.BUFG_UPDATE/Using_FPGA.Native_0 | soc_can_i/microblaze_riscv_0/U0/riscv_core_I/Base.Core/Use_Debug_Logic.Master_Core.Debug_Perf/p_105_in                                                |                                                                                                                                        |                1 |              5 |         5.00 |
|  soc_can_i/clk_wiz/inst/clk_out1                                                                | soc_can_i/microblaze_riscv_0/U0/riscv_core_I/Base.Core/Decode_I/No_Short_Pipe_5.Using_FPGA.Gen_Bits[2].MEM_EX_Result_Inst/ex_Sel_CSR_i_reg[mcause][0] | soc_can_i/microblaze_riscv_0/U0/riscv_core_I/sync_reset                                                                                |                3 |              5 |         1.67 |
|  soc_can_i/clk_wiz/inst/clk_out1                                                                |                                                                                                                                                       | soc_can_i/proc_sys_reset_0/U0/EXT_LPF/lpf_int                                                                                          |                3 |              5 |         1.67 |
|  soc_can_i/clk_wiz/inst/clk_out1                                                                | soc_can_i/proc_sys_reset_0/U0/SEQ/seq_cnt_en                                                                                                          | soc_can_i/proc_sys_reset_0/U0/SEQ/SEQ_COUNTER/clear                                                                                    |                1 |              6 |         6.00 |
|  soc_can_i/clk_wiz/inst/clk_out1                                                                |                                                                                                                                                       | soc_can_i/axi_uartlite_0/U0/UARTLITE_CORE_I/UARTLITE_RX_I/SRL_FIFO_I/I_SRL_FIFO_RBU_F/CNTR_INCR_DECR_ADDN_F_I/SS[0]                    |                2 |              6 |         3.00 |
|  soc_can_i/clk_wiz/inst/clk_out1                                                                |                                                                                                                                                       | soc_can_i/axi_uartlite_0/U0/UARTLITE_CORE_I/UARTLITE_TX_I/SRL_FIFO_I/I_SRL_FIFO_RBU_F/CNTR_INCR_DECR_ADDN_F_I/SS[0]                    |                2 |              6 |         3.00 |
|  soc_can_i/clk_wiz/inst/clk_out1                                                                | soc_can_i/axi_uartlite_0/U0/UARTLITE_CORE_I/BAUD_RATE_I/en_16x_Baud                                                                                   | soc_can_i/axi_uartlite_0/U0/UARTLITE_CORE_I/UARTLITE_RX_I/SERIAL_TO_PARALLEL[8].fifo_din[8]_i_1_n_0                                    |                1 |              7 |         7.00 |
|  soc_can_i/clk_wiz/inst/clk_out1                                                                | soc_can_i/myip_CAN_controller_0/inst/myip_CAN_controller_slave_lite_v1_0_S00_AXI_inst/u_can_inst/u_tx/bit_cnt[6]_i_1_n_0                              |                                                                                                                                        |                6 |              7 |         1.17 |
|  soc_can_i/clk_wiz/inst/clk_out1                                                                | soc_can_i/myip_CAN_controller_0/inst/myip_CAN_controller_slave_lite_v1_0_S00_AXI_inst/u_can_inst/u_tx/ack_fail_cnt[6]_i_1_n_0                         | soc_can_i/myip_CAN_controller_0/inst/myip_CAN_controller_slave_lite_v1_0_S00_AXI_inst/u_can_inst/u_rx/AR[0]                            |                2 |              7 |         3.50 |
|  soc_can_i/clk_wiz/inst/clk_out1                                                                | soc_can_i/myip_CAN_controller_0/inst/myip_CAN_controller_slave_lite_v1_0_S00_AXI_inst/u_can_inst/u_rx/bit_cnt[6]_i_1__0_n_0                           |                                                                                                                                        |                4 |              7 |         1.75 |
|  soc_can_i/clk_wiz/inst/clk_out1                                                                | soc_can_i/axi_uartlite_0/U0/UARTLITE_CORE_I/UARTLITE_RX_I/SRL_FIFO_I/I_SRL_FIFO_RBU_F/DYNSHREG_F_I/fifo_wr                                            |                                                                                                                                        |                1 |              8 |         8.00 |
|  soc_can_i/clk_wiz/inst/clk_out1                                                                | soc_can_i/myip_CAN_controller_0/inst/myip_CAN_controller_slave_lite_v1_0_S00_AXI_inst/slv_reg3[31]_i_1_n_0                                            | soc_can_i/myip_CAN_controller_0/inst/myip_CAN_controller_slave_lite_v1_0_S00_AXI_inst/u_can_inst/u_rx/AR[0]                            |                1 |              8 |         8.00 |
|  soc_can_i/clk_wiz/inst/clk_out1                                                                | soc_can_i/myip_CAN_controller_0/inst/myip_CAN_controller_slave_lite_v1_0_S00_AXI_inst/slv_reg0[15]_i_1_n_0                                            | soc_can_i/myip_CAN_controller_0/inst/myip_CAN_controller_slave_lite_v1_0_S00_AXI_inst/u_can_inst/u_rx/AR[0]                            |                3 |              8 |         2.67 |
|  soc_can_i/clk_wiz/inst/clk_out1                                                                | soc_can_i/microblaze_riscv_0_axi_intc/U0/AXI_LITE_IPIF_I/I_SLAVE_ATTACHMENT/bus2ip_addr_i[8]_i_1_n_0                                                  | soc_can_i/microblaze_riscv_0_axi_intc/U0/AXI_LITE_IPIF_I/I_SLAVE_ATTACHMENT/rst                                                        |                4 |              8 |         2.00 |
|  soc_can_i/clk_wiz/inst/clk_out1                                                                | soc_can_i/myip_CAN_controller_0/inst/myip_CAN_controller_slave_lite_v1_0_S00_AXI_inst/slv_reg0[23]_i_1_n_0                                            | soc_can_i/myip_CAN_controller_0/inst/myip_CAN_controller_slave_lite_v1_0_S00_AXI_inst/u_can_inst/u_rx/AR[0]                            |                1 |              8 |         8.00 |
|  soc_can_i/clk_wiz/inst/clk_out1                                                                | soc_can_i/myip_CAN_controller_0/inst/myip_CAN_controller_slave_lite_v1_0_S00_AXI_inst/slv_reg0[31]_i_1_n_0                                            | soc_can_i/myip_CAN_controller_0/inst/myip_CAN_controller_slave_lite_v1_0_S00_AXI_inst/u_can_inst/u_rx/AR[0]                            |                2 |              8 |         4.00 |
|  soc_can_i/clk_wiz/inst/clk_out1                                                                | soc_can_i/myip_CAN_controller_0/inst/myip_CAN_controller_slave_lite_v1_0_S00_AXI_inst/slv_reg0[7]_i_1_n_0                                             | soc_can_i/myip_CAN_controller_0/inst/myip_CAN_controller_slave_lite_v1_0_S00_AXI_inst/u_can_inst/u_rx/AR[0]                            |                4 |              8 |         2.00 |
|  soc_can_i/clk_wiz/inst/clk_out1                                                                | soc_can_i/myip_CAN_controller_0/inst/myip_CAN_controller_slave_lite_v1_0_S00_AXI_inst/slv_reg2[15]_i_1_n_0                                            | soc_can_i/myip_CAN_controller_0/inst/myip_CAN_controller_slave_lite_v1_0_S00_AXI_inst/u_can_inst/u_rx/AR[0]                            |                2 |              8 |         4.00 |
|  soc_can_i/clk_wiz/inst/clk_out1                                                                | soc_can_i/myip_CAN_controller_0/inst/myip_CAN_controller_slave_lite_v1_0_S00_AXI_inst/slv_reg2[23]_i_1_n_0                                            | soc_can_i/myip_CAN_controller_0/inst/myip_CAN_controller_slave_lite_v1_0_S00_AXI_inst/u_can_inst/u_rx/AR[0]                            |                4 |              8 |         2.00 |
|  soc_can_i/clk_wiz/inst/clk_out1                                                                | soc_can_i/myip_CAN_controller_0/inst/myip_CAN_controller_slave_lite_v1_0_S00_AXI_inst/slv_reg2[31]_i_1_n_0                                            | soc_can_i/myip_CAN_controller_0/inst/myip_CAN_controller_slave_lite_v1_0_S00_AXI_inst/u_can_inst/u_rx/AR[0]                            |                3 |              8 |         2.67 |
|  soc_can_i/clk_wiz/inst/clk_out1                                                                | soc_can_i/myip_CAN_controller_0/inst/myip_CAN_controller_slave_lite_v1_0_S00_AXI_inst/slv_reg2[7]_i_1_n_0                                             | soc_can_i/myip_CAN_controller_0/inst/myip_CAN_controller_slave_lite_v1_0_S00_AXI_inst/u_can_inst/u_rx/AR[0]                            |                2 |              8 |         4.00 |
|  soc_can_i/clk_wiz/inst/clk_out1                                                                | soc_can_i/myip_CAN_controller_0/inst/myip_CAN_controller_slave_lite_v1_0_S00_AXI_inst/slv_reg3[15]_i_1_n_0                                            | soc_can_i/myip_CAN_controller_0/inst/myip_CAN_controller_slave_lite_v1_0_S00_AXI_inst/u_can_inst/u_rx/AR[0]                            |                2 |              8 |         4.00 |
|  soc_can_i/clk_wiz/inst/clk_out1                                                                | soc_can_i/myip_CAN_controller_0/inst/myip_CAN_controller_slave_lite_v1_0_S00_AXI_inst/slv_reg3[23]_i_1_n_0                                            | soc_can_i/myip_CAN_controller_0/inst/myip_CAN_controller_slave_lite_v1_0_S00_AXI_inst/u_can_inst/u_rx/AR[0]                            |                3 |              8 |         2.67 |
|  soc_can_i/clk_wiz/inst/clk_out1                                                                | soc_can_i/myip_CAN_controller_0/inst/myip_CAN_controller_slave_lite_v1_0_S00_AXI_inst/slv_reg3[7]_i_1_n_0                                             | soc_can_i/myip_CAN_controller_0/inst/myip_CAN_controller_slave_lite_v1_0_S00_AXI_inst/u_can_inst/u_rx/AR[0]                            |                1 |              8 |         8.00 |
|  soc_can_i/clk_wiz/inst/clk_out1                                                                | soc_can_i/myip_CAN_controller_0/inst/myip_CAN_controller_slave_lite_v1_0_S00_AXI_inst/slv_reg4[15]_i_1_n_0                                            | soc_can_i/myip_CAN_controller_0/inst/myip_CAN_controller_slave_lite_v1_0_S00_AXI_inst/u_can_inst/u_rx/AR[0]                            |                1 |              8 |         8.00 |
|  soc_can_i/clk_wiz/inst/clk_out1                                                                | soc_can_i/myip_CAN_controller_0/inst/myip_CAN_controller_slave_lite_v1_0_S00_AXI_inst/slv_reg4[23]_i_1_n_0                                            | soc_can_i/myip_CAN_controller_0/inst/myip_CAN_controller_slave_lite_v1_0_S00_AXI_inst/u_can_inst/u_rx/AR[0]                            |                1 |              8 |         8.00 |
|  soc_can_i/clk_wiz/inst/clk_out1                                                                | soc_can_i/myip_CAN_controller_0/inst/myip_CAN_controller_slave_lite_v1_0_S00_AXI_inst/slv_reg4[31]_i_1_n_0                                            | soc_can_i/myip_CAN_controller_0/inst/myip_CAN_controller_slave_lite_v1_0_S00_AXI_inst/u_can_inst/u_rx/AR[0]                            |                1 |              8 |         8.00 |
|  soc_can_i/clk_wiz/inst/clk_out1                                                                | soc_can_i/myip_CAN_controller_0/inst/myip_CAN_controller_slave_lite_v1_0_S00_AXI_inst/slv_reg4[7]_i_1_n_0                                             | soc_can_i/myip_CAN_controller_0/inst/myip_CAN_controller_slave_lite_v1_0_S00_AXI_inst/u_can_inst/u_rx/AR[0]                            |                1 |              8 |         8.00 |
|  soc_can_i/clk_wiz/inst/clk_out1                                                                | soc_can_i/axi_uartlite_0/U0/AXI_LITE_IPIF_I/I_SLAVE_ATTACHMENT/I_DECODER/fifo_wr                                                                      |                                                                                                                                        |                1 |              8 |         8.00 |
|  soc_can_i/mdm_1/U0/tck_BUFG                                                                    | soc_can_i/mdm_1/U0/Use_E2.BSCAN_I/E[0]                                                                                                                | soc_can_i/mdm_1/U0/Use_E2.BSCAN_I/Use_JTAG_BSCAN.tms_ok                                                                                |                3 |              8 |         2.67 |
|  soc_can_i/mdm_1/U0/tck_BUFG                                                                    | soc_can_i/mdm_1/U0/Use_E2.BSCAN_I/Use_E2.BSCANE2_I_2[0]                                                                                               |                                                                                                                                        |                2 |              8 |         4.00 |
|  soc_can_i/clk_wiz/inst/clk_out1                                                                | soc_can_i/axi_uartlite_0/U0/AXI_LITE_IPIF_I/I_SLAVE_ATTACHMENT/s_axi_rresp_i                                                                          | soc_can_i/axi_uartlite_0/U0/AXI_LITE_IPIF_I/I_SLAVE_ATTACHMENT/rst                                                                     |                4 |              9 |         2.25 |
|  soc_can_i/clk_wiz/inst/clk_out1                                                                |                                                                                                                                                       | soc_can_i/axi_uartlite_0/U0/AXI_LITE_IPIF_I/I_SLAVE_ATTACHMENT/rst                                                                     |                5 |             11 |         2.20 |
|  soc_can_i/mdm_1/U0/tck_BUFG                                                                    |                                                                                                                                                       |                                                                                                                                        |                5 |             11 |         2.20 |
|  soc_can_i/clk_wiz/inst/clk_out1                                                                |                                                                                                                                                       | soc_can_i/microblaze_riscv_0_axi_intc/U0/AXI_LITE_IPIF_I/I_SLAVE_ATTACHMENT/rst                                                        |                7 |             12 |         1.71 |
|  soc_can_i/clk_wiz/inst/clk_out1                                                                |                                                                                                                                                       | soc_can_i/microblaze_riscv_0_axi_periph/xbar/inst/gen_sasd.crossbar_sasd_0/addr_arbiter_inst/SR[0]                                     |                4 |             13 |         3.25 |
|  soc_can_i/clk_wiz/inst/clk_out1                                                                | soc_can_i/myip_CAN_controller_0/inst/myip_CAN_controller_slave_lite_v1_0_S00_AXI_inst/u_can_inst/u_tx/crc_reg[14]_i_1_n_0                             | soc_can_i/myip_CAN_controller_0/inst/myip_CAN_controller_slave_lite_v1_0_S00_AXI_inst/u_can_inst/u_rx/AR[0]                            |                5 |             15 |         3.00 |
|  soc_can_i/mdm_1/U0/MDM_Core_I1/JTAG_CONTROL_I/Test_Access_Port.BUFG_DRCK/Using_FPGA.Native_0   | soc_can_i/mdm_1/U0/MDM_Core_I1/JTAG_CONTROL_I/dmistat15_out                                                                                           |                                                                                                                                        |                5 |             15 |         3.00 |
|  soc_can_i/clk_wiz/inst/clk_out1                                                                | soc_can_i/microblaze_riscv_0/U0/riscv_core_I/Base.Core/Decode_I/jump_logic_I1/MB_MUXCY_EX_Jump2/Using_FPGA.Native_I2_2[0]                             | soc_can_i/microblaze_riscv_0/U0/riscv_core_I/sync_reset                                                                                |                4 |             16 |         4.00 |
|  soc_can_i/mdm_1/U0/Use_JTAG_BSCAN.BUFG_JTAG_TCK/Use_JTAG_BSCAN.tck_int                         |                                                                                                                                                       |                                                                                                                                        |                5 |             17 |         3.40 |
|  soc_can_i/clk_wiz/inst/clk_out1                                                                | soc_can_i/microblaze_riscv_0/U0/riscv_core_I/Base.Core/Use_Debug_Logic.Master_Core.Debug_Perf/Using_FPGA.Native[0]                                    | soc_can_i/microblaze_riscv_0/U0/riscv_core_I/sync_reset                                                                                |                6 |             17 |         2.83 |
|  soc_can_i/clk_wiz/inst/clk_out1                                                                | soc_can_i/microblaze_riscv_0/U0/riscv_core_I/Base.Core/Use_Debug_Logic.Master_Core.Debug_Perf/E[0]                                                    | soc_can_i/microblaze_riscv_0/U0/riscv_core_I/sync_reset                                                                                |                3 |             17 |         5.67 |
|  soc_can_i/clk_wiz/inst/clk_out1                                                                | soc_can_i/microblaze_riscv_0/U0/riscv_core_I/Base.Core/Decode_I/mem_wait_on_ready_N_carry_or/MUXCY_I/lopt_1                                           | soc_can_i/microblaze_riscv_0/U0/riscv_core_I/sync_reset                                                                                |                8 |             18 |         2.25 |
|  soc_can_i/clk_wiz/inst/clk_out1                                                                | soc_can_i/microblaze_riscv_0_axi_intc/U0/AXI_LITE_IPIF_I/I_SLAVE_ATTACHMENT/start2                                                                    | soc_can_i/microblaze_riscv_0_axi_intc/U0/AXI_LITE_IPIF_I/I_SLAVE_ATTACHMENT/I_DECODER/cs_ce_clr                                        |                5 |             19 |         3.80 |
|  soc_can_i/clk_wiz/inst/clk_out1                                                                | soc_can_i/microblaze_riscv_0/U0/riscv_core_I/Base.Core/Decode_I/Use_MuxCy[11].OF_Piperun_Stage/MUXCY_I/lopt_4                                         | soc_can_i/microblaze_riscv_0/U0/riscv_core_I/Base.Core/Decode_I/PreFetch_Buffer_I/INSTR_BUFFER_I1/SR[0]                                |                5 |             20 |         4.00 |
|  soc_can_i/mdm_1/U0/MDM_Core_I1/JTAG_CONTROL_I/Test_Access_Port.BUFG_UPDATE/Using_FPGA.Native_0 |                                                                                                                                                       |                                                                                                                                        |               11 |             20 |         1.82 |
|  soc_can_i/mdm_1/U0/tck_BUFG                                                                    |                                                                                                                                                       | soc_can_i/mdm_1/U0/Use_E2.BSCAN_I/Use_JTAG_BSCAN.id_flag_reg                                                                           |                3 |             21 |         7.00 |
|  soc_can_i/clk_wiz/inst/clk_out1                                                                | soc_can_i/microblaze_riscv_0_axi_periph/xbar/inst/gen_sasd.crossbar_sasd_0/addr_arbiter_inst/p_0_in1_in                                               | soc_can_i/microblaze_riscv_0_axi_periph/xbar/inst/gen_sasd.crossbar_sasd_0/addr_arbiter_inst/SR[0]                                     |                4 |             23 |         5.75 |
|  soc_can_i/clk_wiz/inst/clk_out1                                                                |                                                                                                                                                       | soc_can_i/microblaze_riscv_0/U0/riscv_core_I/Base.Core/Decode_I/Use_MuxCy[13].OF_Piperun_Stage/MUXCY_I/ex_cmul_op_i                    |               11 |             27 |         2.45 |
|  soc_can_i/clk_wiz/inst/clk_out1                                                                |                                                                                                                                                       | soc_can_i/microblaze_riscv_0_axi_intc/U0/INTC_CORE_I/SR[0]                                                                             |               11 |             28 |         2.55 |
|  soc_can_i/clk_wiz/inst/clk_out1                                                                | soc_can_i/axi_uartlite_0/U0/UARTLITE_CORE_I/BAUD_RATE_I/en_16x_Baud                                                                                   | soc_can_i/axi_uartlite_0/U0/UARTLITE_CORE_I/UARTLITE_RX_I/ACTIVE_LOW_PR_OUT_DFF[0].FDRE_PER_N                                          |                8 |             28 |         3.50 |
|  soc_can_i/clk_wiz/inst/clk_out1                                                                |                                                                                                                                                       | soc_can_i/axi_uartlite_0/U0/UARTLITE_CORE_I/UARTLITE_RX_I/ACTIVE_LOW_PR_OUT_DFF[0].FDRE_PER_N                                          |               10 |             30 |         3.00 |
|  soc_can_i/clk_wiz/inst/clk_out1                                                                | soc_can_i/microblaze_riscv_0/U0/riscv_core_I/Base.Core/Decode_I/ex_Sel_CSR_i_reg[mtvec]_0[0]                                                          | soc_can_i/microblaze_riscv_0/U0/riscv_core_I/sync_reset                                                                                |               11 |             30 |         2.73 |
|  soc_can_i/clk_wiz/inst/clk_out1                                                                | soc_can_i/microblaze_riscv_0/U0/riscv_core_I/Base.Core/Decode_I/No_Short_Pipe_5.Using_FPGA.Gen_Bits[2].MEM_EX_Result_Inst/ex_Sel_CSR_i_reg[mepc][0]   | soc_can_i/microblaze_riscv_0/U0/riscv_core_I/sync_reset                                                                                |               12 |             30 |         2.50 |
|  soc_can_i/clk_wiz/inst/clk_out1                                                                | soc_can_i/microblaze_riscv_0/U0/riscv_core_I/Base.Core/Decode_I/Use_MuxCy[11].OF_Piperun_Stage/MUXCY_I/lopt_4                                         |                                                                                                                                        |                8 |             32 |         4.00 |
|  soc_can_i/clk_wiz/inst/clk_out1                                                                | soc_can_i/microblaze_riscv_0_axi_periph/xbar/inst/gen_sasd.crossbar_sasd_0/addr_arbiter_inst/s_axi_rvalid[0]                                          | soc_can_i/microblaze_riscv_0/U0/riscv_core_I/sync_reset                                                                                |                8 |             32 |         4.00 |
|  soc_can_i/mdm_1/U0/MDM_Core_I1/JTAG_CONTROL_I/Test_Access_Port.BUFG_UPDATE/Using_FPGA.Native_0 | soc_can_i/microblaze_riscv_0/U0/riscv_core_I/Base.Core/Use_Debug_Logic.Master_Core.Debug_Perf/data0_write_reg0                                        |                                                                                                                                        |                9 |             32 |         3.56 |
|  soc_can_i/clk_wiz/inst/clk_out1                                                                | soc_can_i/microblaze_riscv_0/U0/riscv_core_I/Base.Core/Decode_I/mem_wait_on_ready_N_carry_or/MUXCY_I/lopt_1                                           | soc_can_i/microblaze_riscv_0/U0/riscv_core_I/Base.Core/Data_Flow_Logic_I/WB_MEM_Result0                                                |               13 |             32 |         2.46 |
|  soc_can_i/clk_wiz/inst/clk_out1                                                                | soc_can_i/microblaze_riscv_0_axi_intc/U0/INTC_CORE_I/irq                                                                                              |                                                                                                                                        |                9 |             32 |         3.56 |
|  soc_can_i/clk_wiz/inst/clk_out1                                                                | soc_can_i/microblaze_riscv_0/U0/riscv_core_I/Base.Core/Decode_I/No_Short_Pipe_5.Using_FPGA.Gen_Bits[2].MEM_EX_Result_Inst/ex_Sel_CSR_i_reg[mtval][0]  | soc_can_i/microblaze_riscv_0/U0/riscv_core_I/sync_reset                                                                                |               17 |             32 |         1.88 |
|  soc_can_i/clk_wiz/inst/clk_out1                                                                | soc_can_i/microblaze_riscv_0/U0/riscv_core_I/Base.Core/Decode_I/ex_Sel_CSR_i_reg[dpc]_0[0]                                                            | soc_can_i/microblaze_riscv_0/U0/riscv_core_I/sync_reset                                                                                |               12 |             32 |         2.67 |
|  soc_can_i/clk_wiz/inst/clk_out1                                                                | soc_can_i/microblaze_riscv_0/U0/riscv_core_I/Base.Core/Decode_I/ex_Sel_CSR_i_reg[mcycleh]_1[0]                                                        | soc_can_i/microblaze_riscv_0/U0/riscv_core_I/sync_reset                                                                                |               11 |             32 |         2.91 |
|  soc_can_i/clk_wiz/inst/clk_out1                                                                | soc_can_i/microblaze_riscv_0/U0/riscv_core_I/Base.Core/Decode_I/ex_Sel_CSR_i_reg[mcycleh]_1[1]                                                        | soc_can_i/microblaze_riscv_0/U0/riscv_core_I/sync_reset                                                                                |               13 |             32 |         2.46 |
|  soc_can_i/clk_wiz/inst/clk_out1                                                                | soc_can_i/microblaze_riscv_0/U0/riscv_core_I/Base.Core/Decode_I/ex_Sel_CSR_i_reg[minstret]_1[0]                                                       | soc_can_i/microblaze_riscv_0/U0/riscv_core_I/sync_reset                                                                                |               13 |             32 |         2.46 |
|  soc_can_i/clk_wiz/inst/clk_out1                                                                | soc_can_i/microblaze_riscv_0/U0/riscv_core_I/Base.Core/Decode_I/ex_Sel_CSR_i_reg[minstret]_1[1]                                                       | soc_can_i/microblaze_riscv_0/U0/riscv_core_I/sync_reset                                                                                |               12 |             32 |         2.67 |
|  soc_can_i/clk_wiz/inst/clk_out1                                                                | soc_can_i/microblaze_riscv_0/U0/riscv_core_I/Base.Core/Decode_I/ex_Sel_CSR_i_reg[mscratch]_0[0]                                                       | soc_can_i/microblaze_riscv_0/U0/riscv_core_I/sync_reset                                                                                |               14 |             32 |         2.29 |
|  soc_can_i/clk_wiz/inst/clk_out1                                                                | soc_can_i/microblaze_riscv_0/U0/riscv_core_I/Base.Core/Decode_I/ex_Sel_CSR_i_reg[tdata2]_0[0]                                                         | soc_can_i/microblaze_riscv_0/U0/riscv_core_I/sync_reset                                                                                |               10 |             32 |         3.20 |
|  soc_can_i/clk_wiz/inst/clk_out1                                                                | soc_can_i/microblaze_riscv_0/U0/riscv_core_I/Base.Core/Use_Debug_Logic.Master_Core.Debug_Perf/register_read_cmd                                       | soc_can_i/microblaze_riscv_0/U0/riscv_core_I/sync_reset                                                                                |               16 |             32 |         2.00 |
|  soc_can_i/mdm_1/U0/MDM_Core_I1/JTAG_CONTROL_I/Test_Access_Port.BUFG_UPDATE/Using_FPGA.Native_0 | soc_can_i/microblaze_riscv_0/U0/riscv_core_I/Base.Core/Use_Debug_Logic.Master_Core.Debug_Perf/progbuf0_reg0                                           |                                                                                                                                        |               12 |             32 |         2.67 |
|  soc_can_i/clk_wiz/inst/clk_out1                                                                | soc_can_i/microblaze_riscv_0/U0/riscv_core_I/Base.Core/Decode_I/Use_MuxCy[11].OF_Piperun_Stage/MUXCY_I/lopt_7                                         | soc_can_i/microblaze_riscv_0/U0/riscv_core_I/sync_reset                                                                                |               10 |             32 |         3.20 |
|  soc_can_i/clk_wiz/inst/clk_out1                                                                | soc_can_i/microblaze_riscv_0_axi_periph/xbar/inst/gen_sasd.crossbar_sasd_0/reg_slice_r/aa_rready                                                      |                                                                                                                                        |               10 |             33 |         3.30 |
|  soc_can_i/clk_wiz/inst/clk_out1                                                                | soc_can_i/microblaze_riscv_0_axi_intc/U0/AXI_LITE_IPIF_I/I_SLAVE_ATTACHMENT/s_axi_rresp_i                                                             | soc_can_i/microblaze_riscv_0_axi_intc/U0/AXI_LITE_IPIF_I/I_SLAVE_ATTACHMENT/rst                                                        |                8 |             33 |         4.12 |
|  soc_can_i/clk_wiz/inst/clk_out1                                                                | soc_can_i/microblaze_riscv_0/U0/riscv_core_I/Base.Core/Decode_I/Use_MuxCy[3].OF_Piperun_Stage/MUXCY_I/lopt_4                                          |                                                                                                                                        |                9 |             34 |         3.78 |
|  soc_can_i/clk_wiz/inst/clk_out1                                                                | soc_can_i/microblaze_riscv_0_axi_periph/xbar/inst/gen_sasd.crossbar_sasd_0/addr_arbiter_inst/E[0]                                                     |                                                                                                                                        |                9 |             34 |         3.78 |
|  soc_can_i/mdm_1/U0/MDM_Core_I1/JTAG_CONTROL_I/Test_Access_Port.BUFG_DRCK/Using_FPGA.Native_0   | soc_can_i/mdm_1/U0/MDM_Core_I1/JTAG_CONTROL_I/dmcontrol_read_2                                                                                        |                                                                                                                                        |                7 |             35 |         5.00 |
|  soc_can_i/clk_wiz/inst/clk_out1                                                                |                                                                                                                                                       | soc_can_i/myip_CAN_controller_0/inst/myip_CAN_controller_slave_lite_v1_0_S00_AXI_inst/u_can_inst/u_rx/AR[0]                            |               19 |             36 |         1.89 |
|  soc_can_i/mdm_1/U0/MDM_Core_I1/JTAG_CONTROL_I/Test_Access_Port.BUFG_DRCK/Using_FPGA.Native_0   | soc_can_i/mdm_1/U0/MDM_Core_I1/JTAG_CONTROL_I/Test_Access_Port.capture_dtm_reg_0                                                                      |                                                                                                                                        |               12 |             43 |         3.58 |
|  soc_can_i/mdm_1/U0/MDM_Core_I1/JTAG_CONTROL_I/Test_Access_Port.BUFG_DRCK/Using_FPGA.Native_0   | soc_can_i/mdm_1/U0/MDM_Core_I1/JTAG_CONTROL_I/Test_Access_Port.idcode_3                                                                               |                                                                                                                                        |                8 |             46 |         5.75 |
|  soc_can_i/clk_wiz/inst/clk_out1                                                                | soc_can_i/microblaze_riscv_0/U0/riscv_core_I/Base.Core/Use_Debug_Logic.Master_Core.Debug_Perf/s2b                                                     |                                                                                                                                        |                6 |             48 |         8.00 |
|  soc_can_i/mdm_1/U0/MDM_Core_I1/JTAG_CONTROL_I/Test_Access_Port.BUFG_DRCK/Using_FPGA.Native_0   |                                                                                                                                                       |                                                                                                                                        |               19 |             59 |         3.11 |
|  soc_can_i/clk_wiz/inst/clk_out1                                                                | soc_can_i/myip_CAN_controller_0/inst/myip_CAN_controller_slave_lite_v1_0_S00_AXI_inst/u_can_inst/u_tx/data_shift[63]_i_1__0_n_0                       |                                                                                                                                        |               13 |             64 |         4.92 |
|  soc_can_i/clk_wiz/inst/clk_out1                                                                | soc_can_i/microblaze_riscv_0_axi_intc/U0/AXI_LITE_IPIF_I/I_SLAVE_ATTACHMENT/I_DECODER/bus2ip_wrce[0]                                                  |                                                                                                                                        |                8 |             64 |         8.00 |
|  soc_can_i/clk_wiz/inst/clk_out1                                                                | soc_can_i/myip_CAN_controller_0/inst/myip_CAN_controller_slave_lite_v1_0_S00_AXI_inst/u_can_inst/u_rx/rx_id[10]_i_1_n_0                               | soc_can_i/myip_CAN_controller_0/inst/myip_CAN_controller_slave_lite_v1_0_S00_AXI_inst/u_can_inst/u_rx/AR[0]                            |               13 |             79 |         6.08 |
|  soc_can_i/clk_wiz/inst/clk_out1                                                                | soc_can_i/myip_CAN_controller_0/inst/myip_CAN_controller_slave_lite_v1_0_S00_AXI_inst/u_can_inst/u_rx/D[0]                                            | soc_can_i/myip_CAN_controller_0/inst/myip_CAN_controller_slave_lite_v1_0_S00_AXI_inst/u_can_inst/u_rx/AR[0]                            |               14 |             79 |         5.64 |
|  soc_can_i/clk_wiz/inst/clk_out1                                                                | soc_can_i/microblaze_riscv_0/U0/riscv_core_I/Base.Core/Decode_I/Use_MuxCy[3].OF_Piperun_Stage/MUXCY_I/lopt_4                                          | soc_can_i/microblaze_riscv_0/U0/riscv_core_I/sync_reset                                                                                |               39 |            121 |         3.10 |
|  soc_can_i/clk_wiz/inst/clk_out1                                                                | soc_can_i/microblaze_riscv_0/U0/riscv_core_I/Base.Core/Decode_I/Serial_Dbg_Intf.register_write_cmd_reg                                                |                                                                                                                                        |               16 |            128 |         8.00 |
|  soc_can_i/clk_wiz/inst/clk_out1                                                                |                                                                                                                                                       | soc_can_i/microblaze_riscv_0/U0/riscv_core_I/sync_reset                                                                                |               54 |            134 |         2.48 |
|  soc_can_i/clk_wiz/inst/clk_out1                                                                | soc_can_i/microblaze_riscv_0/U0/riscv_core_I/Base.Core/Decode_I/Use_MuxCy[11].OF_Piperun_Stage/MUXCY_I/lopt_4                                         | soc_can_i/microblaze_riscv_0/U0/riscv_core_I/sync_reset                                                                                |               73 |            163 |         2.23 |
|  soc_can_i/clk_wiz/inst/clk_out1                                                                |                                                                                                                                                       |                                                                                                                                        |               88 |            288 |         3.27 |
+-------------------------------------------------------------------------------------------------+-------------------------------------------------------------------------------------------------------------------------------------------------------+----------------------------------------------------------------------------------------------------------------------------------------+------------------+----------------+--------------+


