Copyright 1986-2022 Xilinx, Inc. All Rights Reserved. Copyright 2022-2024 Advanced Micro Devices, Inc. All Rights Reserved.
---------------------------------------------------------------------------------------------------------------------------------------------
| Tool Version : Vivado v.2024.2 (lin64) Build 5239630 Fri Nov 08 22:34:34 MST 2024
| Date         : Tue Jan 20 14:34:49 2026
| Host         : user12-B80KV-AP35BKE running 64-bit Ubuntu 24.04.3 LTS
| Command      : report_control_sets -verbose -file soc_fnd_wrapper_control_sets_placed.rpt
| Design       : soc_fnd_wrapper
| Device       : xc7a35t
---------------------------------------------------------------------------------------------------------------------------------------------

Control Set Information

Table of Contents
-----------------
1. Summary
2. Histogram
3. Flip-Flop Distribution
4. Detailed Control Set Information

1. Summary
----------

+----------------------------------------------------------+-------+
|                          Status                          | Count |
+----------------------------------------------------------+-------+
| Total control sets                                       |   162 |
|    Minimum number of control sets                        |   162 |
|    Addition due to synthesis replication                 |     0 |
|    Addition due to physical synthesis replication        |     0 |
| Unused register locations in slices containing registers |   688 |
+----------------------------------------------------------+-------+
* Control sets can be merged at opt_design using control_set_merge or merge_equivalent_drivers
** Run report_qor_suggestions for automated merging and remapping suggestions


2. Histogram
------------

+--------------------+-------+
|       Fanout       | Count |
+--------------------+-------+
| Total control sets |   162 |
| >= 0 to < 4        |    75 |
| >= 4 to < 6        |    13 |
| >= 6 to < 8        |     5 |
| >= 8 to < 10       |     7 |
| >= 10 to < 12      |     9 |
| >= 12 to < 14      |     3 |
| >= 14 to < 16      |     1 |
| >= 16              |    49 |
+--------------------+-------+
* Control sets can be remapped at either synth_design or opt_design


3. Flip-Flop Distribution
-------------------------

+--------------+-----------------------+------------------------+-----------------+--------------+
| Clock Enable | Synchronous Set/Reset | Asynchronous Set/Reset | Total Registers | Total Slices |
+--------------+-----------------------+------------------------+-----------------+--------------+
| No           | No                    | No                     |             411 |          147 |
| No           | No                    | Yes                    |              99 |           36 |
| No           | Yes                   | No                     |             421 |          154 |
| Yes          | No                    | No                     |             419 |          112 |
| Yes          | No                    | Yes                    |               7 |            5 |
| Yes          | Yes                   | No                     |             995 |          362 |
+--------------+-----------------------+------------------------+-----------------+--------------+


4. Detailed Control Set Information
-----------------------------------

+-------------------------------------------------------------------------------------------------+---------------------------------------------------------------------------------------------------------------------------------------------------------------------------+----------------------------------------------------------------------------------------------------------------------------------------+------------------+----------------+--------------+
|                                           Clock Signal                                          |                                                                               Enable Signal                                                                               |                                                            Set/Reset Signal                                                            | Slice Load Count | Bel Load Count | Bels / Slice |
+-------------------------------------------------------------------------------------------------+---------------------------------------------------------------------------------------------------------------------------------------------------------------------------+----------------------------------------------------------------------------------------------------------------------------------------+------------------+----------------+--------------+
|  soc_fnd_i/clk_wiz/inst/clk_out1                                                                |                                                                                                                                                                           | soc_fnd_i/axi_smc/inst/s00_nodes/s00_w_node/inst/s_sc_areset_pipe                                                                      |                1 |              1 |         1.00 |
|  soc_fnd_i/clk_wiz/inst/clk_out1                                                                |                                                                                                                                                                           | soc_fnd_i/axi_smc/inst/m02_nodes/m02_aw_node/inst/s_sc_areset_pipe                                                                     |                1 |              1 |         1.00 |
|  soc_fnd_i/clk_wiz/inst/clk_out1                                                                |                                                                                                                                                                           | soc_fnd_i/axi_smc/inst/m02_nodes/m02_b_node/inst/s_sc_areset_pipe                                                                      |                1 |              1 |         1.00 |
|  soc_fnd_i/clk_wiz/inst/clk_out1                                                                |                                                                                                                                                                           | soc_fnd_i/axi_smc/inst/m02_nodes/m02_r_node/inst/s_sc_areset_pipe                                                                      |                1 |              1 |         1.00 |
|  soc_fnd_i/clk_wiz/inst/clk_out1                                                                |                                                                                                                                                                           | soc_fnd_i/axi_smc/inst/m02_nodes/m02_w_node/inst/s_sc_areset_pipe                                                                      |                1 |              1 |         1.00 |
|  soc_fnd_i/mdm_1/U0/MDM_Core_I1/JTAG_CONTROL_I/Test_Access_Port.BUFG_UPDATE/Using_FPGA.Native_0 | soc_fnd_i/microblaze_riscv_0/U0/riscv_core_I/Base.Core/Use_Debug_Logic.Master_Core.Debug_Perf/Serial_Dbg_Intf.single_step_TClk_i_1_n_0                                    | soc_fnd_i/microblaze_riscv_0/U0/riscv_core_I/Base.Core/Use_Debug_Logic.Master_Core.Debug_Perf/start_single_step_reg_0                  |                1 |              1 |         1.00 |
|  soc_fnd_i/mdm_1/U0/MDM_Core_I1/JTAG_CONTROL_I/Test_Access_Port.BUFG_UPDATE/Using_FPGA.Native_0 | soc_fnd_i/microblaze_riscv_0/U0/riscv_core_I/Base.Core/Use_Debug_Logic.Master_Core.Debug_Perf/Serial_Dbg_Intf.single_step_TClk_i_1_n_0                                    | soc_fnd_i/microblaze_riscv_0/U0/riscv_core_I/Base.Core/Use_Debug_Logic.Master_Core.Debug_Perf/Functional_Reset                         |                1 |              1 |         1.00 |
|  soc_fnd_i/mdm_1/U0/MDM_Core_I1/JTAG_CONTROL_I/Test_Access_Port.BUFG_UPDATE/Using_FPGA.Native_0 | soc_fnd_i/microblaze_riscv_0/U0/riscv_core_I/Base.Core/Use_Debug_Logic.Master_Core.Debug_Perf/Serial_Dbg_Intf.dmactive_TClk_reg_0                                         | soc_fnd_i/microblaze_riscv_0/U0/riscv_core_I/Base.Core/Use_Debug_Logic.Master_Core.Debug_Perf/register_read_cmd                        |                1 |              1 |         1.00 |
|  soc_fnd_i/mdm_1/U0/MDM_Core_I1/JTAG_CONTROL_I/Test_Access_Port.BUFG_UPDATE/Using_FPGA.Native_0 | soc_fnd_i/microblaze_riscv_0/U0/riscv_core_I/Base.Core/Use_Debug_Logic.Master_Core.Debug_Perf/Serial_Dbg_Intf.dmactive_TClk_reg_0                                         | soc_fnd_i/microblaze_riscv_0/U0/riscv_core_I/Base.Core/Use_Debug_Logic.Master_Core.Debug_Perf/Serial_Dbg_Intf.register_write_cmd_reg_0 |                1 |              1 |         1.00 |
|  soc_fnd_i/mdm_1/U0/MDM_Core_I1/JTAG_CONTROL_I/Test_Access_Port.BUFG_UPDATE/Using_FPGA.Native_0 |                                                                                                                                                                           | soc_fnd_i/microblaze_riscv_0/U0/riscv_core_I/Base.Core/Use_Debug_Logic.Master_Core.Debug_Perf/continue_from_brk_reg_0                  |                1 |              1 |         1.00 |
|  soc_fnd_i/clk_wiz/inst/clk_out1                                                                |                                                                                                                                                                           | soc_fnd_i/axi_smc/inst/s00_nodes/s00_ar_node/inst/s_sc_areset_pipe                                                                     |                1 |              1 |         1.00 |
|  soc_fnd_i/clk_wiz/inst/clk_out1                                                                |                                                                                                                                                                           | soc_fnd_i/axi_smc/inst/s00_nodes/s00_aw_node/inst/s_sc_areset_pipe                                                                     |                1 |              1 |         1.00 |
|  soc_fnd_i/clk_wiz/inst/clk_out1                                                                |                                                                                                                                                                           | soc_fnd_i/axi_smc/inst/s00_nodes/s00_b_node/inst/s_sc_areset_pipe                                                                      |                1 |              1 |         1.00 |
|  soc_fnd_i/clk_wiz/inst/clk_out1                                                                |                                                                                                                                                                           | soc_fnd_i/axi_smc/inst/s00_nodes/s00_r_node/inst/s_sc_areset_pipe                                                                      |                1 |              1 |         1.00 |
| ~soc_fnd_i/mdm_1/U0/tck_BUFG                                                                    |                                                                                                                                                                           |                                                                                                                                        |                1 |              1 |         1.00 |
|  soc_fnd_i/clk_wiz/inst/clk_out1                                                                |                                                                                                                                                                           | soc_fnd_i/axi_smc/inst/switchboards/i_nodes/i_ar_node/inst/s_sc_areset_pipe                                                            |                1 |              1 |         1.00 |
|  soc_fnd_i/clk_wiz/inst/clk_out1                                                                |                                                                                                                                                                           | soc_fnd_i/axi_smc/inst/switchboards/i_nodes/i_aw_node/inst/s_sc_areset_pipe                                                            |                1 |              1 |         1.00 |
|  soc_fnd_i/mdm_1/U0/MDM_Core_I1/JTAG_CONTROL_I/Test_Access_Port.BUFG_UPDATE/Using_FPGA.Native_0 |                                                                                                                                                                           | soc_fnd_i/microblaze_riscv_0/U0/riscv_core_I/Base.Core/Use_Debug_Logic.Master_Core.Debug_Perf/Functional_Reset22_out                   |                1 |              1 |         1.00 |
|  soc_fnd_i/clk_wiz/inst/clk_out1                                                                |                                                                                                                                                                           | soc_fnd_i/axi_smc/inst/switchboards/i_nodes/i_b_node/inst/s_sc_areset_pipe                                                             |                1 |              1 |         1.00 |
|  soc_fnd_i/mdm_1/U0/MDM_Core_I1/JTAG_CONTROL_I/Test_Access_Port.BUFG_UPDATE/Using_FPGA.Native_0 |                                                                                                                                                                           | soc_fnd_i/microblaze_riscv_0/U0/riscv_core_I/Base.Core/Decode_I/Functional_Reset                                                       |                1 |              1 |         1.00 |
|  soc_fnd_i/clk_wiz/inst/clk_out1                                                                |                                                                                                                                                                           | soc_fnd_i/axi_smc/inst/switchboards/i_nodes/i_r_node/inst/s_sc_areset_pipe                                                             |                1 |              1 |         1.00 |
|  soc_fnd_i/clk_wiz/inst/clk_out1                                                                |                                                                                                                                                                           | soc_fnd_i/axi_smc/inst/switchboards/i_nodes/i_w_node/inst/s_sc_areset_pipe                                                             |                1 |              1 |         1.00 |
|  soc_fnd_i/clk_wiz/inst/clk_out1                                                                | soc_fnd_i/microblaze_riscv_0/U0/riscv_core_I/Base.Core/Decode_I/status[TSR]0                                                                                              | soc_fnd_i/microblaze_riscv_0/U0/riscv_core_I/Base.Core/Decode_I/mem_PipeRun_carry_and/MUXCY_I/Use_Async_Reset.sync_reset_reg           |                1 |              1 |         1.00 |
|  soc_fnd_i/clk_wiz/inst/clk_out1                                                                | soc_fnd_i/microblaze_riscv_0/U0/riscv_core_I/Base.Core/Decode_I/Use_Trigger.tdata1_all[0][dmode]                                                                          | soc_fnd_i/microblaze_riscv_0/U0/riscv_core_I/sync_reset                                                                                |                1 |              1 |         1.00 |
|  soc_fnd_i/clk_wiz/inst/clk_out1                                                                |                                                                                                                                                                           | soc_fnd_i/microblaze_riscv_0/U0/riscv_core_I/Base.Core/Use_Debug_Logic.Master_Core.Debug_Perf/Serial_Dbg_Intf.capture_1                |                1 |              1 |         1.00 |
|  soc_fnd_i/clk_wiz/inst/clk_out1                                                                | soc_fnd_i/microblaze_riscv_0/U0/riscv_core_I/Base.Core/Decode_I/jump_logic_I1/MUXCY_JUMP_CARRY4/lopt_3                                                                    | soc_fnd_i/microblaze_riscv_0/U0/riscv_core_I/Base.Core/Decode_I/Use_MuxCy[5].OF_Piperun_Stage/MUXCY_I/ex_bt_hit_hold                   |                1 |              1 |         1.00 |
|  soc_fnd_i/clk_wiz/inst/clk_out1                                                                | soc_fnd_i/microblaze_riscv_0/U0/riscv_core_I/Base.Core/Decode_I/jump_logic_I1/MUXCY_JUMP_CARRY4/lopt_3                                                                    | soc_fnd_i/microblaze_riscv_0/U0/riscv_core_I/Base.Core/Decode_I/Use_MuxCy[3].OF_Piperun_Stage/MUXCY_I/lopt_4                           |                1 |              1 |         1.00 |
|  soc_fnd_i/clk_wiz/inst/clk_out1                                                                |                                                                                                                                                                           | soc_fnd_i/axi_smc/inst/m02_nodes/m02_ar_node/inst/s_sc_areset_pipe                                                                     |                1 |              1 |         1.00 |
|  soc_fnd_i/clk_wiz/inst/clk_out1                                                                |                                                                                                                                                                           | soc_fnd_i/axi_smc/inst/m01_nodes/m01_aw_node/inst/s_sc_areset_pipe                                                                     |                1 |              1 |         1.00 |
|  soc_fnd_i/clk_wiz/inst/clk_out1                                                                |                                                                                                                                                                           | soc_fnd_i/axi_smc/inst/m00_nodes/m00_b_node/inst/s_sc_areset_pipe                                                                      |                1 |              1 |         1.00 |
|  soc_fnd_i/clk_wiz/inst/clk_out1                                                                |                                                                                                                                                                           | soc_fnd_i/axi_smc/inst/m01_nodes/m01_b_node/inst/s_sc_areset_pipe                                                                      |                1 |              1 |         1.00 |
|  soc_fnd_i/clk_wiz/inst/clk_out1                                                                |                                                                                                                                                                           | soc_fnd_i/axi_smc/inst/m00_nodes/m00_r_node/inst/s_sc_areset_pipe                                                                      |                1 |              1 |         1.00 |
|  soc_fnd_i/clk_wiz/inst/clk_out1                                                                |                                                                                                                                                                           | soc_fnd_i/axi_smc/inst/m01_nodes/m01_r_node/inst/s_sc_areset_pipe                                                                      |                1 |              1 |         1.00 |
|  soc_fnd_i/clk_wiz/inst/clk_out1                                                                |                                                                                                                                                                           | soc_fnd_i/axi_smc/inst/m00_nodes/m00_aw_node/inst/s_sc_areset_pipe                                                                     |                1 |              1 |         1.00 |
|  soc_fnd_i/clk_wiz/inst/clk_out1                                                                |                                                                                                                                                                           | soc_fnd_i/axi_smc/inst/m01_nodes/m01_ar_node/inst/s_sc_areset_pipe                                                                     |                1 |              1 |         1.00 |
|  soc_fnd_i/clk_wiz/inst/clk_out1                                                                |                                                                                                                                                                           | soc_fnd_i/axi_smc/inst/m01_nodes/m01_w_node/inst/s_sc_areset_pipe                                                                      |                1 |              1 |         1.00 |
|  soc_fnd_i/clk_wiz/inst/clk_out1                                                                |                                                                                                                                                                           | soc_fnd_i/axi_smc/inst/m00_nodes/m00_ar_node/inst/s_sc_areset_pipe                                                                     |                1 |              1 |         1.00 |
|  soc_fnd_i/clk_wiz/inst/clk_out1                                                                |                                                                                                                                                                           | soc_fnd_i/axi_smc/inst/m00_nodes/m00_w_node/inst/s_sc_areset_pipe                                                                      |                1 |              1 |         1.00 |
|  soc_fnd_i/mdm_1/U0/tck_BUFG                                                                    |                                                                                                                                                                           | soc_fnd_i/mdm_1/U0/Use_E2.BSCAN_I/Use_E2.BSCANE2_I_0                                                                                   |                1 |              2 |         2.00 |
|  soc_fnd_i/clk_wiz/inst/clk_out1                                                                | soc_fnd_i/microblaze_riscv_0/U0/riscv_core_I/Base.Core/Decode_I/Use_Trigger.tdata1_all[0][dmode]1                                                                         | soc_fnd_i/microblaze_riscv_0/U0/riscv_core_I/sync_reset                                                                                |                1 |              2 |         2.00 |
|  soc_fnd_i/clk_wiz/inst/clk_out1                                                                | soc_fnd_i/microblaze_riscv_0/U0/riscv_core_I/Base.Core/Decode_I/Use_Counters.mcountinhibit_reg[CY]0                                                                       | soc_fnd_i/microblaze_riscv_0/U0/riscv_core_I/sync_reset                                                                                |                1 |              2 |         2.00 |
|  soc_fnd_i/clk_wiz/inst/clk_out1                                                                |                                                                                                                                                                           | soc_fnd_i/axi_smc/inst/switchboards/i_nodes/i_aw_node/inst/s_sc_xpm_cdc_async_rst_inst/reset_pol                                       |                1 |              3 |         3.00 |
|  soc_fnd_i/clk_wiz/inst/clk_out1                                                                |                                                                                                                                                                           | soc_fnd_i/axi_smc/inst/m00_nodes/m00_w_node/inst/s_sc_xpm_cdc_async_rst_inst/reset_pol                                                 |                1 |              3 |         3.00 |
|  soc_fnd_i/clk_wiz/inst/clk_out1                                                                |                                                                                                                                                                           | soc_fnd_i/axi_smc/inst/switchboards/i_nodes/i_b_node/inst/s_sc_xpm_cdc_async_rst_inst/reset_pol                                        |                1 |              3 |         3.00 |
|  soc_fnd_i/clk_wiz/inst/clk_out1                                                                |                                                                                                                                                                           | soc_fnd_i/axi_smc/inst/m00_nodes/m00_r_node/inst/s_sc_xpm_cdc_async_rst_inst/reset_pol                                                 |                1 |              3 |         3.00 |
|  soc_fnd_i/clk_wiz/inst/clk_out1                                                                |                                                                                                                                                                           | soc_fnd_i/axi_smc/inst/s00_nodes/s00_w_node/inst/s_sc_xpm_cdc_async_rst_inst/reset_pol                                                 |                1 |              3 |         3.00 |
|  soc_fnd_i/clk_wiz/inst/clk_out1                                                                |                                                                                                                                                                           | soc_fnd_i/axi_smc/inst/switchboards/i_nodes/i_ar_node/inst/s_sc_xpm_cdc_async_rst_inst/reset_pol                                       |                1 |              3 |         3.00 |
|  soc_fnd_i/clk_wiz/inst/clk_out1                                                                |                                                                                                                                                                           | soc_fnd_i/axi_smc/inst/switchboards/i_nodes/i_r_node/inst/s_sc_xpm_cdc_async_rst_inst/reset_pol                                        |                1 |              3 |         3.00 |
|  soc_fnd_i/clk_wiz/inst/clk_out1                                                                |                                                                                                                                                                           | soc_fnd_i/axi_smc/inst/m00_nodes/m00_b_node/inst/s_sc_xpm_cdc_async_rst_inst/reset_pol                                                 |                1 |              3 |         3.00 |
|  soc_fnd_i/clk_wiz/inst/clk_out1                                                                |                                                                                                                                                                           | soc_fnd_i/axi_smc/inst/switchboards/i_nodes/i_w_node/inst/s_sc_xpm_cdc_async_rst_inst/reset_pol                                        |                1 |              3 |         3.00 |
| ~soc_fnd_i/mdm_1/U0/Use_JTAG_BSCAN.BUFG_JTAG_TCK/Use_JTAG_BSCAN.tck_int                         |                                                                                                                                                                           |                                                                                                                                        |                1 |              3 |         3.00 |
|  soc_fnd_i/clk_wiz/inst/clk_out1                                                                | soc_fnd_i/microblaze_riscv_0/U0/riscv_core_I/Base.Core/Decode_I/ex_Sel_CSR_i_reg[dcsr]_0[0]                                                                               | soc_fnd_i/microblaze_riscv_0/U0/riscv_core_I/sync_reset                                                                                |                3 |              3 |         1.00 |
|  soc_fnd_i/clk_wiz/inst/clk_out1                                                                |                                                                                                                                                                           | soc_fnd_i/axi_smc/inst/m00_nodes/m00_aw_node/inst/s_sc_xpm_cdc_async_rst_inst/reset_pol                                                |                1 |              3 |         3.00 |
|  soc_fnd_i/clk_wiz/inst/clk_out1                                                                |                                                                                                                                                                           | soc_fnd_i/axi_smc/inst/m00_nodes/m00_ar_node/inst/s_sc_xpm_cdc_async_rst_inst/reset_pol                                                |                1 |              3 |         3.00 |
|  soc_fnd_i/clk_wiz/inst/clk_out1                                                                |                                                                                                                                                                           | soc_fnd_i/axi_smc/inst/m00_exit_pipeline/m00_exit/inst/xpm_cdc_async_rst_inst/reset_pol                                                |                1 |              3 |         3.00 |
|  soc_fnd_i/clk_wiz/inst/clk_out1                                                                |                                                                                                                                                                           | soc_fnd_i/axi_smc/inst/m02_nodes/m02_aw_node/inst/s_sc_xpm_cdc_async_rst_inst/reset_pol                                                |                1 |              3 |         3.00 |
|  soc_fnd_i/clk_wiz/inst/clk_out1                                                                |                                                                                                                                                                           | soc_fnd_i/axi_smc/inst/m02_nodes/m02_b_node/inst/s_sc_xpm_cdc_async_rst_inst/reset_pol                                                 |                1 |              3 |         3.00 |
|  soc_fnd_i/clk_wiz/inst/clk_out1                                                                |                                                                                                                                                                           | soc_fnd_i/axi_smc/inst/m02_nodes/m02_ar_node/inst/s_sc_xpm_cdc_async_rst_inst/reset_pol                                                |                1 |              3 |         3.00 |
|  soc_fnd_i/clk_wiz/inst/clk_out1                                                                |                                                                                                                                                                           | soc_fnd_i/axi_smc/inst/m02_nodes/m02_r_node/inst/s_sc_xpm_cdc_async_rst_inst/reset_pol                                                 |                1 |              3 |         3.00 |
|  soc_fnd_i/clk_wiz/inst/clk_out1                                                                |                                                                                                                                                                           | soc_fnd_i/axi_smc/inst/m02_exit_pipeline/m02_exit/inst/xpm_cdc_async_rst_inst/reset_pol                                                |                1 |              3 |         3.00 |
|  soc_fnd_i/clk_wiz/inst/clk_out1                                                                |                                                                                                                                                                           | soc_fnd_i/axi_smc/inst/m02_nodes/m02_w_node/inst/s_sc_xpm_cdc_async_rst_inst/reset_pol                                                 |                1 |              3 |         3.00 |
|  soc_fnd_i/clk_wiz/inst/clk_out1                                                                |                                                                                                                                                                           | soc_fnd_i/axi_smc/inst/s00_entry_pipeline/s00_mmu/inst/xpm_cdc_async_rst_inst/reset_pol                                                |                1 |              3 |         3.00 |
|  soc_fnd_i/clk_wiz/inst/clk_out1                                                                |                                                                                                                                                                           | soc_fnd_i/axi_smc/inst/s00_entry_pipeline/s00_si_converter/inst/xpm_cdc_async_rst_inst/reset_pol                                       |                1 |              3 |         3.00 |
|  soc_fnd_i/clk_wiz/inst/clk_out1                                                                |                                                                                                                                                                           | soc_fnd_i/axi_smc/inst/s00_entry_pipeline/s00_transaction_regulator/inst/xpm_cdc_async_rst_inst/reset_pol                              |                1 |              3 |         3.00 |
|  soc_fnd_i/clk_wiz/inst/clk_out1                                                                |                                                                                                                                                                           | soc_fnd_i/axi_smc/inst/m01_nodes/m01_w_node/inst/s_sc_xpm_cdc_async_rst_inst/reset_pol                                                 |                1 |              3 |         3.00 |
|  soc_fnd_i/clk_wiz/inst/clk_out1                                                                |                                                                                                                                                                           | soc_fnd_i/axi_smc/inst/m01_nodes/m01_r_node/inst/s_sc_xpm_cdc_async_rst_inst/reset_pol                                                 |                1 |              3 |         3.00 |
|  soc_fnd_i/mdm_1/U0/MDM_Core_I1/JTAG_CONTROL_I/Test_Access_Port.BUFG_UPDATE/Using_FPGA.Native_0 | soc_fnd_i/microblaze_riscv_0/U0/riscv_core_I/Base.Core/Use_Debug_Logic.Master_Core.Debug_Perf/Serial_Dbg_Intf.dmactive_TClk_reg_0                                         | soc_fnd_i/microblaze_riscv_0/U0/riscv_core_I/Base.Core/Use_Debug_Logic.Master_Core.Debug_Perf/do_new_dbg_instr                         |                1 |              3 |         3.00 |
|  soc_fnd_i/clk_wiz/inst/clk_out1                                                                |                                                                                                                                                                           | soc_fnd_i/axi_smc/inst/m01_nodes/m01_b_node/inst/s_sc_xpm_cdc_async_rst_inst/reset_pol                                                 |                1 |              3 |         3.00 |
|  soc_fnd_i/clk_wiz/inst/clk_out1                                                                |                                                                                                                                                                           | soc_fnd_i/axi_smc/inst/s00_nodes/s00_ar_node/inst/s_sc_xpm_cdc_async_rst_inst/reset_pol                                                |                1 |              3 |         3.00 |
|  soc_fnd_i/clk_wiz/inst/clk_out1                                                                |                                                                                                                                                                           | soc_fnd_i/axi_smc/inst/s00_nodes/s00_aw_node/inst/s_sc_xpm_cdc_async_rst_inst/reset_pol                                                |                1 |              3 |         3.00 |
|  soc_fnd_i/clk_wiz/inst/clk_out1                                                                |                                                                                                                                                                           | soc_fnd_i/axi_smc/inst/m01_nodes/m01_aw_node/inst/s_sc_xpm_cdc_async_rst_inst/reset_pol                                                |                1 |              3 |         3.00 |
|  soc_fnd_i/clk_wiz/inst/clk_out1                                                                |                                                                                                                                                                           | soc_fnd_i/axi_smc/inst/s00_nodes/s00_b_node/inst/s_sc_xpm_cdc_async_rst_inst/reset_pol                                                 |                1 |              3 |         3.00 |
|  soc_fnd_i/clk_wiz/inst/clk_out1                                                                |                                                                                                                                                                           | soc_fnd_i/axi_smc/inst/s00_nodes/s00_r_node/inst/s_sc_xpm_cdc_async_rst_inst/reset_pol                                                 |                1 |              3 |         3.00 |
|  soc_fnd_i/clk_wiz/inst/clk_out1                                                                |                                                                                                                                                                           | soc_fnd_i/axi_smc/inst/m01_nodes/m01_ar_node/inst/s_sc_xpm_cdc_async_rst_inst/reset_pol                                                |                1 |              3 |         3.00 |
|  soc_fnd_i/clk_wiz/inst/clk_out1                                                                |                                                                                                                                                                           | soc_fnd_i/axi_smc/inst/m01_exit_pipeline/m01_exit/inst/xpm_cdc_async_rst_inst/reset_pol                                                |                1 |              3 |         3.00 |
|  soc_fnd_i/clk_wiz/inst/clk_out1                                                                |                                                                                                                                                                           | soc_fnd_i/axi_smc/inst/clk_map/psr_aclk/U0/EXT_LPF/lpf_int                                                                             |                2 |              4 |         2.00 |
|  soc_fnd_i/clk_wiz/inst/clk_out1                                                                | soc_fnd_i/axi_uartlite_0/U0/UARTLITE_CORE_I/BAUD_RATE_I/en_16x_Baud                                                                                                       |                                                                                                                                        |                2 |              4 |         2.00 |
|  soc_fnd_i/clk_wiz/inst/clk_out1                                                                | soc_fnd_i/axi_uartlite_0/U0/AXI_LITE_IPIF_I/I_SLAVE_ATTACHMENT/start2                                                                                                     | soc_fnd_i/axi_uartlite_0/U0/AXI_LITE_IPIF_I/I_SLAVE_ATTACHMENT/I_DECODER/cs_ce_clr                                                     |                1 |              4 |         4.00 |
|  soc_fnd_i/clk_wiz/inst/clk_out1                                                                | soc_fnd_i/axi_gpio_sw/U0/AXI_LITE_IPIF_I/I_SLAVE_ATTACHMENT/start2                                                                                                        | soc_fnd_i/axi_gpio_sw/U0/AXI_LITE_IPIF_I/I_SLAVE_ATTACHMENT/I_DECODER/cs_ce_clr                                                        |                1 |              4 |         4.00 |
|  soc_fnd_i/clk_wiz/inst/clk_out1                                                                | soc_fnd_i/axi_gpio_sw/U0/AXI_LITE_IPIF_I/I_SLAVE_ATTACHMENT/bus2ip_addr_i[8]_i_1_n_0                                                                                      | soc_fnd_i/axi_gpio_sw/U0/AXI_LITE_IPIF_I/I_SLAVE_ATTACHMENT/SR[0]                                                                      |                1 |              4 |         4.00 |
|  soc_fnd_i/clk_wiz/inst/clk_out1                                                                |                                                                                                                                                                           | soc_fnd_i/proc_sys_reset_0/U0/bus_struct_reset[0]                                                                                      |                2 |              4 |         2.00 |
|  soc_fnd_i/clk_wiz/inst/clk_out1                                                                |                                                                                                                                                                           | soc_fnd_i/axi_gpio_sw/U0/AXI_LITE_IPIF_I/I_SLAVE_ATTACHMENT/clear                                                                      |                1 |              4 |         4.00 |
|  soc_fnd_i/clk_wiz/inst/clk_out1                                                                |                                                                                                                                                                           | soc_fnd_i/axi_gpio_fnd/U0/AXI_LITE_IPIF_I/I_SLAVE_ATTACHMENT/clear                                                                     |                1 |              4 |         4.00 |
|  soc_fnd_i/mdm_1/U0/MDM_Core_I1/JTAG_CONTROL_I/Test_Access_Port.BUFG_UPDATE/Using_FPGA.Native_0 | soc_fnd_i/microblaze_riscv_0/U0/riscv_core_I/Base.Core/Use_Debug_Logic.Master_Core.Debug_Perf/p_105_in                                                                    |                                                                                                                                        |                1 |              5 |         5.00 |
|  soc_fnd_i/clk_wiz/inst/clk_out1                                                                |                                                                                                                                                                           | soc_fnd_i/proc_sys_reset_0/U0/EXT_LPF/lpf_int                                                                                          |                2 |              5 |         2.50 |
|  soc_fnd_i/mdm_1/U0/Use_JTAG_BSCAN.BUFG_JTAG_TCK/Use_JTAG_BSCAN.tck_int                         | soc_fnd_i/mdm_1/U0/MDM_Core_I1/JTAG_CONTROL_I/Test_Access_Port.sel_dmi_i_1_n_0                                                                                            |                                                                                                                                        |                2 |              5 |         2.50 |
|  soc_fnd_i/clk_wiz/inst/clk_out1                                                                | soc_fnd_i/microblaze_riscv_0/U0/riscv_core_I/Base.Core/Decode_I/No_Short_Pipe_5.Using_FPGA.Gen_Bits[1].MEM_EX_Result_Inst/ex_Sel_CSR_i_reg[mcause][0]                     | soc_fnd_i/microblaze_riscv_0/U0/riscv_core_I/sync_reset                                                                                |                2 |              5 |         2.50 |
|  soc_fnd_i/mdm_1/U0/Use_JTAG_BSCAN.BUFG_JTAG_TCK/Use_JTAG_BSCAN.tck_int                         | soc_fnd_i/mdm_1/U0/MDM_Core_I1/JTAG_CONTROL_I/Test_Access_Port.ir[4]_i_1_n_0                                                                                              |                                                                                                                                        |                2 |              5 |         2.50 |
|  soc_fnd_i/clk_wiz/inst/clk_out1                                                                | soc_fnd_i/axi_smc/inst/clk_map/psr_aclk/U0/SEQ/seq_cnt_en                                                                                                                 | soc_fnd_i/axi_smc/inst/clk_map/psr_aclk/U0/SEQ/SEQ_COUNTER/clear                                                                       |                1 |              6 |         6.00 |
|  soc_fnd_i/clk_wiz/inst/clk_out1                                                                | soc_fnd_i/proc_sys_reset_0/U0/SEQ/seq_cnt_en                                                                                                                              | soc_fnd_i/proc_sys_reset_0/U0/SEQ/SEQ_COUNTER/clear                                                                                    |                1 |              6 |         6.00 |
|  soc_fnd_i/clk_wiz/inst/clk_out1                                                                |                                                                                                                                                                           | soc_fnd_i/axi_uartlite_0/U0/UARTLITE_CORE_I/UARTLITE_RX_I/SRL_FIFO_I/I_SRL_FIFO_RBU_F/CNTR_INCR_DECR_ADDN_F_I/SS[0]                    |                2 |              6 |         3.00 |
|  soc_fnd_i/clk_wiz/inst/clk_out1                                                                |                                                                                                                                                                           | soc_fnd_i/axi_uartlite_0/U0/UARTLITE_CORE_I/UARTLITE_TX_I/SRL_FIFO_I/I_SRL_FIFO_RBU_F/CNTR_INCR_DECR_ADDN_F_I/SS[0]                    |                2 |              6 |         3.00 |
|  soc_fnd_i/clk_wiz/inst/clk_out1                                                                | soc_fnd_i/axi_uartlite_0/U0/UARTLITE_CORE_I/BAUD_RATE_I/en_16x_Baud                                                                                                       | soc_fnd_i/axi_uartlite_0/U0/UARTLITE_CORE_I/UARTLITE_RX_I/SERIAL_TO_PARALLEL[8].fifo_din[8]_i_1_n_0                                    |                1 |              7 |         7.00 |
|  soc_fnd_i/clk_wiz/inst/clk_out1                                                                | soc_fnd_i/axi_gpio_fnd/U0/AXI_LITE_IPIF_I/I_SLAVE_ATTACHMENT/bus2ip_addr_i[8]_i_1_n_0                                                                                     | soc_fnd_i/axi_gpio_fnd/U0/AXI_LITE_IPIF_I/I_SLAVE_ATTACHMENT/SR[0]                                                                     |                2 |              8 |         4.00 |
|  soc_fnd_i/clk_wiz/inst/clk_out1                                                                | soc_fnd_i/axi_gpio_fnd/U0/AXI_LITE_IPIF_I/I_SLAVE_ATTACHMENT/I_DECODER/E[0]                                                                                               | soc_fnd_i/axi_gpio_fnd/U0/AXI_LITE_IPIF_I/I_SLAVE_ATTACHMENT/SR[0]                                                                     |                2 |              8 |         4.00 |
|  soc_fnd_i/clk_wiz/inst/clk_out1                                                                | soc_fnd_i/axi_uartlite_0/U0/AXI_LITE_IPIF_I/I_SLAVE_ATTACHMENT/I_DECODER/fifo_wr                                                                                          |                                                                                                                                        |                1 |              8 |         8.00 |
|  soc_fnd_i/mdm_1/U0/tck_BUFG                                                                    | soc_fnd_i/mdm_1/U0/Use_E2.BSCAN_I/E[0]                                                                                                                                    | soc_fnd_i/mdm_1/U0/Use_E2.BSCAN_I/Use_JTAG_BSCAN.tms_ok                                                                                |                2 |              8 |         4.00 |
|  soc_fnd_i/mdm_1/U0/tck_BUFG                                                                    | soc_fnd_i/mdm_1/U0/Use_E2.BSCAN_I/Use_E2.BSCANE2_I_2[0]                                                                                                                   |                                                                                                                                        |                2 |              8 |         4.00 |
|  soc_fnd_i/clk_wiz/inst/clk_out1                                                                | soc_fnd_i/axi_uartlite_0/U0/UARTLITE_CORE_I/UARTLITE_RX_I/SRL_FIFO_I/I_SRL_FIFO_RBU_F/DYNSHREG_F_I/fifo_wr                                                                |                                                                                                                                        |                1 |              8 |         8.00 |
|  soc_fnd_i/clk_wiz/inst/clk_out1                                                                | soc_fnd_i/axi_uartlite_0/U0/AXI_LITE_IPIF_I/I_SLAVE_ATTACHMENT/s_axi_rresp_i                                                                                              | soc_fnd_i/axi_uartlite_0/U0/AXI_LITE_IPIF_I/I_SLAVE_ATTACHMENT/rst                                                                     |                4 |              9 |         2.25 |
|  soc_fnd_i/clk_wiz/inst/clk_out1                                                                | soc_fnd_i/axi_smc/inst/s00_entry_pipeline/s00_mmu/inst/aw_reg_stall/skid_buffer[1069]_i_1__0_n_0                                                                          |                                                                                                                                        |                2 |             10 |         5.00 |
|  soc_fnd_i/clk_wiz/inst/clk_out1                                                                | soc_fnd_i/axi_gpio_fnd/U0/AXI_LITE_IPIF_I/I_SLAVE_ATTACHMENT/s_axi_rresp_i                                                                                                | soc_fnd_i/axi_gpio_fnd/U0/AXI_LITE_IPIF_I/I_SLAVE_ATTACHMENT/SR[0]                                                                     |                2 |             10 |         5.00 |
|  soc_fnd_i/clk_wiz/inst/clk_out1                                                                | soc_fnd_i/axi_smc/inst/s00_entry_pipeline/s00_mmu/inst/aw_reg_stall/m_vector_i                                                                                            |                                                                                                                                        |                3 |             10 |         3.33 |
|  soc_fnd_i/clk_wiz/inst/clk_out1                                                                | soc_fnd_i/axi_smc/inst/switchboards/i_nodes/i_aw_node/inst/inst_mi_handler/gen_normal_area.inst_fifo_node_payld/gen_reg_fifo.inst_reg_fifo/gen_single_rank.inst_cntr/E[0] |                                                                                                                                        |                3 |             10 |         3.33 |
|  soc_fnd_i/clk_wiz/inst/clk_out1                                                                | soc_fnd_i/axi_smc/inst/s00_entry_pipeline/s00_mmu/inst/ar_reg_stall/skid_buffer[1069]_i_1_n_0                                                                             |                                                                                                                                        |                2 |             10 |         5.00 |
|  soc_fnd_i/clk_wiz/inst/clk_out1                                                                | soc_fnd_i/axi_smc/inst/switchboards/i_nodes/i_ar_node/inst/inst_mi_handler/gen_normal_area.inst_fifo_node_payld/gen_reg_fifo.inst_reg_fifo/gen_single_rank.inst_cntr/E[0] |                                                                                                                                        |                3 |             10 |         3.33 |
|  soc_fnd_i/clk_wiz/inst/clk_out1                                                                | soc_fnd_i/axi_smc/inst/s00_entry_pipeline/s00_mmu/inst/ar_reg_stall/m_vector_i                                                                                            |                                                                                                                                        |                2 |             10 |         5.00 |
|  soc_fnd_i/clk_wiz/inst/clk_out1                                                                |                                                                                                                                                                           | soc_fnd_i/axi_uartlite_0/U0/AXI_LITE_IPIF_I/I_SLAVE_ATTACHMENT/rst                                                                     |                5 |             11 |         2.20 |
|  soc_fnd_i/mdm_1/U0/tck_BUFG                                                                    |                                                                                                                                                                           |                                                                                                                                        |                4 |             11 |         2.75 |
|  soc_fnd_i/clk_wiz/inst/clk_out1                                                                |                                                                                                                                                                           | soc_fnd_i/axi_gpio_fnd/U0/gpio_core_1/Read_Reg_Rst                                                                                     |                2 |             12 |         6.00 |
|  soc_fnd_i/clk_wiz/inst/clk_out1                                                                |                                                                                                                                                                           | soc_fnd_i/axi_smc/inst/switchboards/i_nodes/i_b_node/inst/inst_si_handler/areset_r                                                     |                4 |             12 |         3.00 |
|  soc_fnd_i/clk_wiz/inst/clk_out1                                                                |                                                                                                                                                                           | soc_fnd_i/axi_smc/inst/switchboards/i_nodes/i_r_node/inst/inst_si_handler/areset_r                                                     |                4 |             12 |         3.00 |
|  soc_fnd_i/mdm_1/U0/MDM_Core_I1/JTAG_CONTROL_I/Test_Access_Port.BUFG_DRCK/Using_FPGA.Native_0   | soc_fnd_i/mdm_1/U0/MDM_Core_I1/JTAG_CONTROL_I/dmistat15_out                                                                                                               |                                                                                                                                        |                5 |             15 |         3.00 |
|  soc_fnd_i/clk_wiz/inst/clk_out1                                                                | soc_fnd_i/axi_gpio_sw/U0/AXI_LITE_IPIF_I/I_SLAVE_ATTACHMENT/I_DECODER/E[0]                                                                                                | soc_fnd_i/axi_gpio_sw/U0/AXI_LITE_IPIF_I/I_SLAVE_ATTACHMENT/SR[0]                                                                      |                4 |             16 |         4.00 |
|  soc_fnd_i/clk_wiz/inst/clk_out1                                                                | soc_fnd_i/axi_gpio_fnd/U0/AXI_LITE_IPIF_I/I_SLAVE_ATTACHMENT/I_DECODER/bus2ip_addr_i_reg[3][0]                                                                            | soc_fnd_i/axi_gpio_fnd/U0/AXI_LITE_IPIF_I/I_SLAVE_ATTACHMENT/SR[0]                                                                     |                6 |             16 |         2.67 |
|  soc_fnd_i/clk_wiz/inst/clk_out1                                                                | soc_fnd_i/microblaze_riscv_0/U0/riscv_core_I/Base.Core/Decode_I/jump_logic_I1/MB_MUXCY_EX_Jump2/Using_FPGA.Native_I2_1[0]                                                 | soc_fnd_i/microblaze_riscv_0/U0/riscv_core_I/sync_reset                                                                                |                5 |             16 |         3.20 |
|  soc_fnd_i/clk_wiz/inst/clk_out1                                                                |                                                                                                                                                                           | soc_fnd_i/axi_gpio_sw/U0/AXI_LITE_IPIF_I/I_SLAVE_ATTACHMENT/I_DECODER/bus2ip_rnw_i_reg                                                 |                4 |             16 |         4.00 |
|  soc_fnd_i/mdm_1/U0/Use_JTAG_BSCAN.BUFG_JTAG_TCK/Use_JTAG_BSCAN.tck_int                         |                                                                                                                                                                           |                                                                                                                                        |                4 |             17 |         4.25 |
|  soc_fnd_i/clk_wiz/inst/clk_out1                                                                | soc_fnd_i/axi_gpio_sw/U0/AXI_LITE_IPIF_I/I_SLAVE_ATTACHMENT/s_axi_rresp_i                                                                                                 | soc_fnd_i/axi_gpio_sw/U0/AXI_LITE_IPIF_I/I_SLAVE_ATTACHMENT/SR[0]                                                                      |                3 |             17 |         5.67 |
|  soc_fnd_i/clk_wiz/inst/clk_out1                                                                | soc_fnd_i/microblaze_riscv_0/U0/riscv_core_I/Base.Core/Decode_I/mem_wait_on_ready_N_carry_or/MUXCY_I/lopt_1                                                               | soc_fnd_i/microblaze_riscv_0/U0/riscv_core_I/sync_reset                                                                                |                9 |             17 |         1.89 |
|  soc_fnd_i/clk_wiz/inst/clk_out1                                                                | soc_fnd_i/microblaze_riscv_0/U0/riscv_core_I/Base.Core/Use_Debug_Logic.Master_Core.Debug_Perf/E[0]                                                                        | soc_fnd_i/microblaze_riscv_0/U0/riscv_core_I/sync_reset                                                                                |                5 |             17 |         3.40 |
|  soc_fnd_i/clk_wiz/inst/clk_out1                                                                | soc_fnd_i/microblaze_riscv_0/U0/riscv_core_I/Base.Core/Use_Debug_Logic.Master_Core.Debug_Perf/Using_FPGA.Native[0]                                                        | soc_fnd_i/microblaze_riscv_0/U0/riscv_core_I/sync_reset                                                                                |                8 |             17 |         2.12 |
|  soc_fnd_i/clk_wiz/inst/clk_out1                                                                |                                                                                                                                                                           | soc_fnd_i/axi_smc/inst/s00_entry_pipeline/s00_mmu/inst/areset                                                                          |               10 |             18 |         1.80 |
|  soc_fnd_i/clk_wiz/inst/clk_out1                                                                | soc_fnd_i/microblaze_riscv_0/U0/riscv_core_I/Base.Core/Decode_I/Use_MuxCy[11].OF_Piperun_Stage/MUXCY_I/lopt_4                                                             | soc_fnd_i/microblaze_riscv_0/U0/riscv_core_I/Base.Core/Decode_I/PreFetch_Buffer_I/INSTR_BUFFER_I1/SR[0]                                |                6 |             20 |         3.33 |
|  soc_fnd_i/mdm_1/U0/MDM_Core_I1/JTAG_CONTROL_I/Test_Access_Port.BUFG_UPDATE/Using_FPGA.Native_0 |                                                                                                                                                                           |                                                                                                                                        |               12 |             20 |         1.67 |
|  soc_fnd_i/mdm_1/U0/tck_BUFG                                                                    |                                                                                                                                                                           | soc_fnd_i/mdm_1/U0/Use_E2.BSCAN_I/Use_JTAG_BSCAN.id_flag_reg                                                                           |                4 |             21 |         5.25 |
|  soc_fnd_i/clk_wiz/inst/clk_out1                                                                | soc_fnd_i/axi_gpio_fnd/U0/AXI_LITE_IPIF_I/I_SLAVE_ATTACHMENT/start2                                                                                                       | soc_fnd_i/axi_gpio_fnd/U0/AXI_LITE_IPIF_I/I_SLAVE_ATTACHMENT/I_DECODER/cs_ce_clr                                                       |                4 |             21 |         5.25 |
|  soc_fnd_i/clk_wiz/inst/clk_out1                                                                |                                                                                                                                                                           | soc_fnd_i/microblaze_riscv_0/U0/riscv_core_I/Base.Core/Decode_I/Use_MuxCy[13].OF_Piperun_Stage/MUXCY_I/ex_cmul_op_i                    |                7 |             25 |         3.57 |
|  soc_fnd_i/clk_wiz/inst/clk_out1                                                                | soc_fnd_i/axi_uartlite_0/U0/UARTLITE_CORE_I/BAUD_RATE_I/en_16x_Baud                                                                                                       | soc_fnd_i/axi_uartlite_0/U0/UARTLITE_CORE_I/UARTLITE_RX_I/ACTIVE_LOW_PR_OUT_DFF[0].FDRE_PER_N                                          |                5 |             28 |         5.60 |
|  soc_fnd_i/clk_wiz/inst/clk_out1                                                                | soc_fnd_i/microblaze_riscv_0/U0/riscv_core_I/Base.Core/Decode_I/ex_Sel_CSR_i_reg[mtvec]_0[0]                                                                              | soc_fnd_i/microblaze_riscv_0/U0/riscv_core_I/sync_reset                                                                                |               12 |             30 |         2.50 |
|  soc_fnd_i/clk_wiz/inst/clk_out1                                                                |                                                                                                                                                                           | soc_fnd_i/axi_uartlite_0/U0/UARTLITE_CORE_I/UARTLITE_RX_I/ACTIVE_LOW_PR_OUT_DFF[0].FDRE_PER_N                                          |               10 |             30 |         3.00 |
|  soc_fnd_i/clk_wiz/inst/clk_out1                                                                | soc_fnd_i/microblaze_riscv_0/U0/riscv_core_I/Base.Core/Decode_I/No_Short_Pipe_5.Using_FPGA.Gen_Bits[1].MEM_EX_Result_Inst/ex_Sel_CSR_i_reg[mepc][0]                       | soc_fnd_i/microblaze_riscv_0/U0/riscv_core_I/sync_reset                                                                                |               11 |             30 |         2.73 |
|  soc_fnd_i/clk_wiz/inst/clk_out1                                                                |                                                                                                                                                                           | soc_fnd_i/axi_gpio_sw/U0/AXI_LITE_IPIF_I/I_SLAVE_ATTACHMENT/SR[0]                                                                      |                9 |             32 |         3.56 |
|  soc_fnd_i/clk_wiz/inst/clk_out1                                                                | soc_fnd_i/axi_smc/inst/s00_entry_pipeline/s00_mmu/inst/gen_endpoint.decerr_slave_inst/s_axi_rvalid                                                                        | soc_fnd_i/microblaze_riscv_0/U0/riscv_core_I/sync_reset                                                                                |                6 |             32 |         5.33 |
|  soc_fnd_i/mdm_1/U0/MDM_Core_I1/JTAG_CONTROL_I/Test_Access_Port.BUFG_UPDATE/Using_FPGA.Native_0 | soc_fnd_i/microblaze_riscv_0/U0/riscv_core_I/Base.Core/Use_Debug_Logic.Master_Core.Debug_Perf/data0_write_reg0                                                            |                                                                                                                                        |                8 |             32 |         4.00 |
|  soc_fnd_i/mdm_1/U0/MDM_Core_I1/JTAG_CONTROL_I/Test_Access_Port.BUFG_UPDATE/Using_FPGA.Native_0 | soc_fnd_i/microblaze_riscv_0/U0/riscv_core_I/Base.Core/Use_Debug_Logic.Master_Core.Debug_Perf/progbuf0_reg0                                                               |                                                                                                                                        |                9 |             32 |         3.56 |
|  soc_fnd_i/clk_wiz/inst/clk_out1                                                                | soc_fnd_i/microblaze_riscv_0/U0/riscv_core_I/Base.Core/Decode_I/Use_MuxCy[11].OF_Piperun_Stage/MUXCY_I/lopt_4                                                             |                                                                                                                                        |               17 |             32 |         1.88 |
|  soc_fnd_i/clk_wiz/inst/clk_out1                                                                | soc_fnd_i/microblaze_riscv_0/U0/riscv_core_I/Base.Core/Decode_I/ex_Sel_CSR_i_reg[tdata2]_0[0]                                                                             | soc_fnd_i/microblaze_riscv_0/U0/riscv_core_I/sync_reset                                                                                |               10 |             32 |         3.20 |
|  soc_fnd_i/clk_wiz/inst/clk_out1                                                                | soc_fnd_i/microblaze_riscv_0/U0/riscv_core_I/Base.Core/Decode_I/ex_Sel_CSR_i_reg[mscratch]_0[0]                                                                           | soc_fnd_i/microblaze_riscv_0/U0/riscv_core_I/sync_reset                                                                                |               13 |             32 |         2.46 |
|  soc_fnd_i/clk_wiz/inst/clk_out1                                                                | soc_fnd_i/microblaze_riscv_0/U0/riscv_core_I/Base.Core/Decode_I/ex_Sel_CSR_i_reg[minstret]_1[1]                                                                           | soc_fnd_i/microblaze_riscv_0/U0/riscv_core_I/sync_reset                                                                                |               13 |             32 |         2.46 |
|  soc_fnd_i/clk_wiz/inst/clk_out1                                                                | soc_fnd_i/microblaze_riscv_0/U0/riscv_core_I/Base.Core/Decode_I/ex_Sel_CSR_i_reg[minstret]_1[0]                                                                           | soc_fnd_i/microblaze_riscv_0/U0/riscv_core_I/sync_reset                                                                                |               12 |             32 |         2.67 |
|  soc_fnd_i/clk_wiz/inst/clk_out1                                                                | soc_fnd_i/microblaze_riscv_0/U0/riscv_core_I/Base.Core/Decode_I/No_Short_Pipe_5.Using_FPGA.Gen_Bits[1].MEM_EX_Result_Inst/ex_Sel_CSR_i_reg[mtval][0]                      | soc_fnd_i/microblaze_riscv_0/U0/riscv_core_I/sync_reset                                                                                |               19 |             32 |         1.68 |
|  soc_fnd_i/clk_wiz/inst/clk_out1                                                                | soc_fnd_i/microblaze_riscv_0/U0/riscv_core_I/Base.Core/Decode_I/ex_Sel_CSR_i_reg[mcycleh]_1[1]                                                                            | soc_fnd_i/microblaze_riscv_0/U0/riscv_core_I/sync_reset                                                                                |               13 |             32 |         2.46 |
|  soc_fnd_i/clk_wiz/inst/clk_out1                                                                | soc_fnd_i/microblaze_riscv_0/U0/riscv_core_I/Base.Core/Decode_I/ex_Sel_CSR_i_reg[mcycleh]_1[0]                                                                            | soc_fnd_i/microblaze_riscv_0/U0/riscv_core_I/sync_reset                                                                                |               12 |             32 |         2.67 |
|  soc_fnd_i/clk_wiz/inst/clk_out1                                                                | soc_fnd_i/microblaze_riscv_0/U0/riscv_core_I/Base.Core/Decode_I/ex_Sel_CSR_i_reg[dpc]_0[0]                                                                                | soc_fnd_i/microblaze_riscv_0/U0/riscv_core_I/sync_reset                                                                                |               10 |             32 |         3.20 |
|  soc_fnd_i/clk_wiz/inst/clk_out1                                                                | soc_fnd_i/microblaze_riscv_0/U0/riscv_core_I/Base.Core/Decode_I/Use_MuxCy[11].OF_Piperun_Stage/MUXCY_I/lopt_7                                                             | soc_fnd_i/microblaze_riscv_0/U0/riscv_core_I/sync_reset                                                                                |               11 |             32 |         2.91 |
|  soc_fnd_i/clk_wiz/inst/clk_out1                                                                | soc_fnd_i/microblaze_riscv_0/U0/riscv_core_I/Base.Core/Decode_I/Use_MuxCy[3].OF_Piperun_Stage/MUXCY_I/lopt_4                                                              |                                                                                                                                        |               12 |             32 |         2.67 |
|  soc_fnd_i/clk_wiz/inst/clk_out1                                                                | soc_fnd_i/microblaze_riscv_0/U0/riscv_core_I/Base.Core/Decode_I/mem_wait_on_ready_N_carry_or/MUXCY_I/lopt_1                                                               | soc_fnd_i/microblaze_riscv_0/U0/riscv_core_I/Base.Core/Data_Flow_Logic_I/WB_MEM_Result0                                                |               11 |             32 |         2.91 |
|  soc_fnd_i/clk_wiz/inst/clk_out1                                                                | soc_fnd_i/microblaze_riscv_0/U0/riscv_core_I/Base.Core/Use_Debug_Logic.Master_Core.Debug_Perf/register_read_cmd                                                           | soc_fnd_i/microblaze_riscv_0/U0/riscv_core_I/sync_reset                                                                                |               16 |             32 |         2.00 |
|  soc_fnd_i/clk_wiz/inst/clk_out1                                                                | soc_fnd_i/axi_smc/inst/switchboards/i_nodes/i_r_node/inst/inst_si_handler/gen_si_handler.gen_arbiter_rr_minimal_area.inst_arbiter/E[0]                                    |                                                                                                                                        |                9 |             34 |         3.78 |
|  soc_fnd_i/mdm_1/U0/MDM_Core_I1/JTAG_CONTROL_I/Test_Access_Port.BUFG_DRCK/Using_FPGA.Native_0   | soc_fnd_i/mdm_1/U0/MDM_Core_I1/JTAG_CONTROL_I/dmcontrol_read_2                                                                                                            |                                                                                                                                        |                5 |             35 |         7.00 |
|  soc_fnd_i/clk_wiz/inst/clk_out1                                                                | soc_fnd_i/axi_smc/inst/switchboards/i_nodes/i_w_node/inst/inst_mi_handler/gen_normal_area.inst_fifo_node_payld/gen_reg_fifo.inst_reg_fifo/gen_single_rank.inst_cntr/E[0]  |                                                                                                                                        |                6 |             35 |         5.83 |
|  soc_fnd_i/clk_wiz/inst/clk_out1                                                                |                                                                                                                                                                           | soc_fnd_i/axi_gpio_fnd/U0/AXI_LITE_IPIF_I/I_SLAVE_ATTACHMENT/SR[0]                                                                     |               11 |             40 |         3.64 |
|  soc_fnd_i/mdm_1/U0/MDM_Core_I1/JTAG_CONTROL_I/Test_Access_Port.BUFG_DRCK/Using_FPGA.Native_0   | soc_fnd_i/mdm_1/U0/MDM_Core_I1/JTAG_CONTROL_I/Test_Access_Port.capture_dtm_reg_0                                                                                          |                                                                                                                                        |               11 |             43 |         3.91 |
|  soc_fnd_i/mdm_1/U0/MDM_Core_I1/JTAG_CONTROL_I/Test_Access_Port.BUFG_DRCK/Using_FPGA.Native_0   | soc_fnd_i/mdm_1/U0/MDM_Core_I1/JTAG_CONTROL_I/Test_Access_Port.idcode_3                                                                                                   |                                                                                                                                        |                6 |             46 |         7.67 |
|  soc_fnd_i/clk_wiz/inst/clk_out1                                                                | soc_fnd_i/microblaze_riscv_0/U0/riscv_core_I/Base.Core/Use_Debug_Logic.Master_Core.Debug_Perf/if_missed_fetch_reg                                                         |                                                                                                                                        |                6 |             48 |         8.00 |
|  soc_fnd_i/mdm_1/U0/MDM_Core_I1/JTAG_CONTROL_I/Test_Access_Port.BUFG_DRCK/Using_FPGA.Native_0   |                                                                                                                                                                           |                                                                                                                                        |               19 |             59 |         3.11 |
|  soc_fnd_i/clk_wiz/inst/clk_out1                                                                | soc_fnd_i/microblaze_riscv_0/U0/riscv_core_I/Base.Core/Decode_I/Use_MuxCy[3].OF_Piperun_Stage/MUXCY_I/lopt_4                                                              | soc_fnd_i/microblaze_riscv_0/U0/riscv_core_I/sync_reset                                                                                |               42 |            116 |         2.76 |
|  soc_fnd_i/clk_wiz/inst/clk_out1                                                                | soc_fnd_i/microblaze_riscv_0/U0/riscv_core_I/Base.Core/Decode_I/Serial_Dbg_Intf.register_write_cmd_reg                                                                    |                                                                                                                                        |               16 |            128 |         8.00 |
|  soc_fnd_i/clk_wiz/inst/clk_out1                                                                |                                                                                                                                                                           | soc_fnd_i/microblaze_riscv_0/U0/riscv_core_I/sync_reset                                                                                |               47 |            134 |         2.85 |
|  soc_fnd_i/clk_wiz/inst/clk_out1                                                                | soc_fnd_i/microblaze_riscv_0/U0/riscv_core_I/Base.Core/Decode_I/Use_MuxCy[11].OF_Piperun_Stage/MUXCY_I/lopt_4                                                             | soc_fnd_i/microblaze_riscv_0/U0/riscv_core_I/sync_reset                                                                                |               67 |            160 |         2.39 |
|  soc_fnd_i/clk_wiz/inst/clk_out1                                                                |                                                                                                                                                                           |                                                                                                                                        |              108 |            307 |         2.84 |
+-------------------------------------------------------------------------------------------------+---------------------------------------------------------------------------------------------------------------------------------------------------------------------------+----------------------------------------------------------------------------------------------------------------------------------------+------------------+----------------+--------------+


