
*** Running vivado
    with args -log soc_multiwatch_lcd_myip_fnd_cntr_0_0.vds -m64 -product Vivado -mode batch -messageDb vivado.pb -notrace -source soc_multiwatch_lcd_myip_fnd_cntr_0_0.tcl


****** Vivado v2024.2 (64-bit)
  **** SW Build 5239630 on Fri Nov 08 22:34:34 MST 2024
  **** IP Build 5239520 on Sun Nov 10 16:12:51 MST 2024
  **** SharedData Build 5239561 on Fri Nov 08 14:39:27 MST 2024
  **** Start of session at: Wed Jan 28 19:21:54 2026
    ** Copyright 1986-2022 Xilinx, Inc. All Rights Reserved.
    ** Copyright 2022-2024 Advanced Micro Devices, Inc. All Rights Reserved.

source soc_multiwatch_lcd_myip_fnd_cntr_0_0.tcl -notrace
INFO: [IP_Flow 19-234] Refreshing IP repositories
INFO: [IP_Flow 19-1700] Loaded user IP repository '/media/user12/data/work/ip_repo/myip_watch_1_0'.
WARNING: [IP_Flow 19-2207] Repository '/media/user12/data/work/ip_repo/myip_watch_1_0' already exists; ignoring attempt to add it again.
INFO: [IP_Flow 19-1700] Loaded user IP repository '/media/user12/data/work/ip_repo/myip_watch_1_0'.
INFO: [IP_Flow 19-1700] Loaded user IP repository '/media/user12/data/work/ip_repo/myip_stopwatch_1_0'.
INFO: [IP_Flow 19-1700] Loaded user IP repository '/media/user12/data/work/ip_repo/myip_cooktimer_1_0'.
INFO: [IP_Flow 19-1700] Loaded user IP repository '/media/user12/data/work/ip_repo/myip_iic_cntr_1_0'.
INFO: [IP_Flow 19-1700] Loaded user IP repository '/media/user12/data/work/ip_repo/myip_dht11_1_0'.
INFO: [IP_Flow 19-1700] Loaded user IP repository '/media/user12/data/work/ip_repo/myip_fnd_cntr_1_0'.
INFO: [IP_Flow 19-2313] Loaded Vivado IP repository '/media/user12/data/tools/xilinx/Vivado/2024.2/data/ip'.
INFO: [IP_Flow 19-6924] IPCACHE: Running cache check for IP inst: soc_multiwatch_lcd_myip_fnd_cntr_0_0
Command: synth_design -top soc_multiwatch_lcd_myip_fnd_cntr_0_0 -part xc7a35tcpg236-1 -incremental_mode off -mode out_of_context
Starting synth_design
Attempting to get a license for feature 'Synthesis' and/or device 'xc7a35t'
INFO: [Common 17-349] Got license for feature 'Synthesis' and/or device 'xc7a35t'
INFO: [Device 21-403] Loading part xc7a35tcpg236-1
INFO: [Synth 8-7079] Multithreading enabled for synth_design using a maximum of 7 processes.
INFO: [Synth 8-7078] Launching helper process for spawning children vivado processes
INFO: [Synth 8-7075] Helper process launched with PID 101328
---------------------------------------------------------------------------------
Starting RTL Elaboration : Time (s): cpu = 00:00:03 ; elapsed = 00:00:03 . Memory (MB): peak = 1850.516 ; gain = 420.734 ; free physical = 4402 ; free virtual = 36013
---------------------------------------------------------------------------------
INFO: [Synth 8-6157] synthesizing module 'soc_multiwatch_lcd_myip_fnd_cntr_0_0' [/media/user12/data/work/SOC_exam_2026/SOC_exam_2026.gen/sources_1/bd/soc_multiwatch_lcd/ip/soc_multiwatch_lcd_myip_fnd_cntr_0_0/synth/soc_multiwatch_lcd_myip_fnd_cntr_0_0.v:53]
INFO: [Synth 8-6157] synthesizing module 'myip_fnd_cntr' [/media/user12/data/work/SOC_exam_2026/SOC_exam_2026.gen/sources_1/bd/soc_multiwatch_lcd/ipshared/2df6/hdl/myip_fnd_cntr.v:4]
INFO: [Synth 8-6157] synthesizing module 'myip_fnd_cntr_slave_lite_v1_0_S00_AXI' [/media/user12/data/work/SOC_exam_2026/SOC_exam_2026.gen/sources_1/bd/soc_multiwatch_lcd/ipshared/2df6/hdl/myip_fnd_cntr_slave_lite_v1_0_S00_AXI.v:4]
INFO: [Synth 8-155] case statement is not full and has no default [/media/user12/data/work/SOC_exam_2026/SOC_exam_2026.gen/sources_1/bd/soc_multiwatch_lcd/ipshared/2df6/hdl/myip_fnd_cntr_slave_lite_v1_0_S00_AXI.v:147]
INFO: [Synth 8-226] default block is never used [/media/user12/data/work/SOC_exam_2026/SOC_exam_2026.gen/sources_1/bd/soc_multiwatch_lcd/ipshared/2df6/hdl/myip_fnd_cntr_slave_lite_v1_0_S00_AXI.v:225]
INFO: [Synth 8-155] case statement is not full and has no default [/media/user12/data/work/SOC_exam_2026/SOC_exam_2026.gen/sources_1/bd/soc_multiwatch_lcd/ipshared/2df6/hdl/myip_fnd_cntr_slave_lite_v1_0_S00_AXI.v:310]
INFO: [Synth 8-6157] synthesizing module 'FND_cntr' [/media/user12/data/work/SOC_exam_2026/SOC_exam_2026.gen/sources_1/bd/soc_multiwatch_lcd/ipshared/2df6/src/controller.v:60]
INFO: [Synth 8-6157] synthesizing module 'edge_detector_n' [/media/user12/data/work/SOC_exam_2026/SOC_exam_2026.gen/sources_1/bd/soc_multiwatch_lcd/ipshared/2df6/src/exam02_sequential_logic.v:292]
INFO: [Synth 8-6155] done synthesizing module 'edge_detector_n' (0#1) [/media/user12/data/work/SOC_exam_2026/SOC_exam_2026.gen/sources_1/bd/soc_multiwatch_lcd/ipshared/2df6/src/exam02_sequential_logic.v:292]
WARNING: [Synth 8-7071] port 'n_edge' of module 'edge_detector_n' is unconnected for instance 'ed_com' [/media/user12/data/work/SOC_exam_2026/SOC_exam_2026.gen/sources_1/bd/soc_multiwatch_lcd/ipshared/2df6/src/controller.v:71]
WARNING: [Synth 8-7023] instance 'ed_com' of module 'edge_detector_n' has 5 connections declared, but only 4 given [/media/user12/data/work/SOC_exam_2026/SOC_exam_2026.gen/sources_1/bd/soc_multiwatch_lcd/ipshared/2df6/src/controller.v:71]
INFO: [Synth 8-6157] synthesizing module 'bin_to_dec' [/media/user12/data/work/SOC_exam_2026/SOC_exam_2026.gen/sources_1/bd/soc_multiwatch_lcd/ipshared/2df6/src/exam01_combinational_logic.v:324]
INFO: [Synth 8-6155] done synthesizing module 'bin_to_dec' (0#1) [/media/user12/data/work/SOC_exam_2026/SOC_exam_2026.gen/sources_1/bd/soc_multiwatch_lcd/ipshared/2df6/src/exam01_combinational_logic.v:324]
WARNING: [Synth 8-689] width (16) of port connection 'bin' does not match port width (12) of module 'bin_to_dec' [/media/user12/data/work/SOC_exam_2026/SOC_exam_2026.gen/sources_1/bd/soc_multiwatch_lcd/ipshared/2df6/src/controller.v:82]
INFO: [Synth 8-155] case statement is not full and has no default [/media/user12/data/work/SOC_exam_2026/SOC_exam_2026.gen/sources_1/bd/soc_multiwatch_lcd/ipshared/2df6/src/controller.v:90]
INFO: [Synth 8-6157] synthesizing module 'seg_decoder' [/media/user12/data/work/SOC_exam_2026/SOC_exam_2026.gen/sources_1/bd/soc_multiwatch_lcd/ipshared/2df6/src/exam01_combinational_logic.v:295]
INFO: [Synth 8-6155] done synthesizing module 'seg_decoder' (0#1) [/media/user12/data/work/SOC_exam_2026/SOC_exam_2026.gen/sources_1/bd/soc_multiwatch_lcd/ipshared/2df6/src/exam01_combinational_logic.v:295]
INFO: [Synth 8-6155] done synthesizing module 'FND_cntr' (0#1) [/media/user12/data/work/SOC_exam_2026/SOC_exam_2026.gen/sources_1/bd/soc_multiwatch_lcd/ipshared/2df6/src/controller.v:60]
WARNING: [Synth 8-689] width (32) of port connection 'fnd_value' does not match port width (16) of module 'FND_cntr' [/media/user12/data/work/SOC_exam_2026/SOC_exam_2026.gen/sources_1/bd/soc_multiwatch_lcd/ipshared/2df6/hdl/myip_fnd_cntr_slave_lite_v1_0_S00_AXI.v:356]
WARNING: [Synth 8-689] width (32) of port connection 'hex_bcd' does not match port width (1) of module 'FND_cntr' [/media/user12/data/work/SOC_exam_2026/SOC_exam_2026.gen/sources_1/bd/soc_multiwatch_lcd/ipshared/2df6/hdl/myip_fnd_cntr_slave_lite_v1_0_S00_AXI.v:356]
INFO: [Synth 8-6155] done synthesizing module 'myip_fnd_cntr_slave_lite_v1_0_S00_AXI' (0#1) [/media/user12/data/work/SOC_exam_2026/SOC_exam_2026.gen/sources_1/bd/soc_multiwatch_lcd/ipshared/2df6/hdl/myip_fnd_cntr_slave_lite_v1_0_S00_AXI.v:4]
INFO: [Synth 8-6155] done synthesizing module 'myip_fnd_cntr' (0#1) [/media/user12/data/work/SOC_exam_2026/SOC_exam_2026.gen/sources_1/bd/soc_multiwatch_lcd/ipshared/2df6/hdl/myip_fnd_cntr.v:4]
INFO: [Synth 8-6155] done synthesizing module 'soc_multiwatch_lcd_myip_fnd_cntr_0_0' (0#1) [/media/user12/data/work/SOC_exam_2026/SOC_exam_2026.gen/sources_1/bd/soc_multiwatch_lcd/ip/soc_multiwatch_lcd_myip_fnd_cntr_0_0/synth/soc_multiwatch_lcd_myip_fnd_cntr_0_0.v:53]
WARNING: [Synth 8-6014] Unused sequential element slv_reg7_reg was removed.  [/media/user12/data/work/SOC_exam_2026/SOC_exam_2026.gen/sources_1/bd/soc_multiwatch_lcd/ipshared/2df6/hdl/myip_fnd_cntr_slave_lite_v1_0_S00_AXI.v:220]
WARNING: [Synth 8-7129] Port S_AXI_AWPROT[2] in module myip_fnd_cntr_slave_lite_v1_0_S00_AXI is either unconnected or has no load
WARNING: [Synth 8-7129] Port S_AXI_AWPROT[1] in module myip_fnd_cntr_slave_lite_v1_0_S00_AXI is either unconnected or has no load
WARNING: [Synth 8-7129] Port S_AXI_AWPROT[0] in module myip_fnd_cntr_slave_lite_v1_0_S00_AXI is either unconnected or has no load
WARNING: [Synth 8-7129] Port S_AXI_ARPROT[2] in module myip_fnd_cntr_slave_lite_v1_0_S00_AXI is either unconnected or has no load
WARNING: [Synth 8-7129] Port S_AXI_ARPROT[1] in module myip_fnd_cntr_slave_lite_v1_0_S00_AXI is either unconnected or has no load
WARNING: [Synth 8-7129] Port S_AXI_ARPROT[0] in module myip_fnd_cntr_slave_lite_v1_0_S00_AXI is either unconnected or has no load
---------------------------------------------------------------------------------
Finished RTL Elaboration : Time (s): cpu = 00:00:04 ; elapsed = 00:00:04 . Memory (MB): peak = 1930.484 ; gain = 500.703 ; free physical = 4121 ; free virtual = 35747
---------------------------------------------------------------------------------
---------------------------------------------------------------------------------
Start Handling Custom Attributes
---------------------------------------------------------------------------------
---------------------------------------------------------------------------------
Finished Handling Custom Attributes : Time (s): cpu = 00:00:04 ; elapsed = 00:00:04 . Memory (MB): peak = 1948.297 ; gain = 518.516 ; free physical = 4120 ; free virtual = 35744
---------------------------------------------------------------------------------
---------------------------------------------------------------------------------
Finished RTL Optimization Phase 1 : Time (s): cpu = 00:00:04 ; elapsed = 00:00:04 . Memory (MB): peak = 1948.297 ; gain = 518.516 ; free physical = 4120 ; free virtual = 35744
---------------------------------------------------------------------------------
Netlist sorting complete. Time (s): cpu = 00:00:00 ; elapsed = 00:00:00.01 . Memory (MB): peak = 1948.297 ; gain = 0.000 ; free physical = 4112 ; free virtual = 35745
INFO: [Project 1-570] Preparing netlist for logic optimization

Processing XDC Constraints
Initializing timing engine
Completed Processing XDC Constraints

Netlist sorting complete. Time (s): cpu = 00:00:00 ; elapsed = 00:00:00 . Memory (MB): peak = 2082.047 ; gain = 0.000 ; free physical = 4116 ; free virtual = 35750
INFO: [Project 1-111] Unisim Transformation Summary:
No Unisim elements were transformed.

Constraint Validation Runtime : Time (s): cpu = 00:00:00.02 ; elapsed = 00:00:00.01 . Memory (MB): peak = 2082.047 ; gain = 0.000 ; free physical = 4116 ; free virtual = 35750
INFO: [Designutils 20-5008] Incremental synthesis strategy off
---------------------------------------------------------------------------------
Finished Constraint Validation : Time (s): cpu = 00:00:08 ; elapsed = 00:00:08 . Memory (MB): peak = 2082.047 ; gain = 652.266 ; free physical = 4110 ; free virtual = 35741
---------------------------------------------------------------------------------
---------------------------------------------------------------------------------
Start Loading Part and Timing Information
---------------------------------------------------------------------------------
Loading part: xc7a35tcpg236-1
---------------------------------------------------------------------------------
Finished Loading Part and Timing Information : Time (s): cpu = 00:00:08 ; elapsed = 00:00:08 . Memory (MB): peak = 2090.051 ; gain = 660.270 ; free physical = 4110 ; free virtual = 35741
---------------------------------------------------------------------------------
---------------------------------------------------------------------------------
Start Applying 'set_property' XDC Constraints
---------------------------------------------------------------------------------
---------------------------------------------------------------------------------
Finished applying 'set_property' XDC Constraints : Time (s): cpu = 00:00:08 ; elapsed = 00:00:08 . Memory (MB): peak = 2090.051 ; gain = 660.270 ; free physical = 4109 ; free virtual = 35740
---------------------------------------------------------------------------------
INFO: [Synth 8-802] inferred FSM for state register 'state_write_reg' in module 'myip_fnd_cntr_slave_lite_v1_0_S00_AXI'
INFO: [Synth 8-802] inferred FSM for state register 'state_read_reg' in module 'myip_fnd_cntr_slave_lite_v1_0_S00_AXI'
---------------------------------------------------------------------------------------------------
                   State |                     New Encoding |                Previous Encoding 
---------------------------------------------------------------------------------------------------
                    Idle |                               00 |                               00
                   Waddr |                               01 |                               10
                   Wdata |                               10 |                               11
---------------------------------------------------------------------------------------------------
INFO: [Synth 8-3354] encoded FSM with state register 'state_write_reg' using encoding 'sequential' in module 'myip_fnd_cntr_slave_lite_v1_0_S00_AXI'
---------------------------------------------------------------------------------------------------
                   State |                     New Encoding |                Previous Encoding 
---------------------------------------------------------------------------------------------------
                    Idle |                               00 |                               00
                   Raddr |                               01 |                               10
                   Rdata |                               10 |                               11
---------------------------------------------------------------------------------------------------
INFO: [Synth 8-3354] encoded FSM with state register 'state_read_reg' using encoding 'sequential' in module 'myip_fnd_cntr_slave_lite_v1_0_S00_AXI'
---------------------------------------------------------------------------------
Finished RTL Optimization Phase 2 : Time (s): cpu = 00:00:08 ; elapsed = 00:00:08 . Memory (MB): peak = 2090.051 ; gain = 660.270 ; free physical = 4070 ; free virtual = 35704
---------------------------------------------------------------------------------
---------------------------------------------------------------------------------
Start RTL Component Statistics 
---------------------------------------------------------------------------------
Detailed RTL Component Info : 
+---Adders : 
	   2 Input    4 Bit       Adders := 24    
	   2 Input    3 Bit       Adders := 1     
	   4 Input    3 Bit       Adders := 1     
+---Registers : 
	               32 Bit    Registers := 7     
	                5 Bit    Registers := 2     
	                4 Bit    Registers := 2     
	                2 Bit    Registers := 1     
	                1 Bit    Registers := 7     
+---Muxes : 
	   2 Input   32 Bit        Muxes := 7     
	   8 Input   32 Bit        Muxes := 7     
	   2 Input   16 Bit        Muxes := 1     
	   2 Input    4 Bit        Muxes := 19    
	   2 Input    3 Bit        Muxes := 1     
	   3 Input    2 Bit        Muxes := 2     
	   2 Input    2 Bit        Muxes := 5     
	   2 Input    1 Bit        Muxes := 4     
	   5 Input    1 Bit        Muxes := 1     
	   3 Input    1 Bit        Muxes := 13    
---------------------------------------------------------------------------------
Finished RTL Component Statistics 
---------------------------------------------------------------------------------
---------------------------------------------------------------------------------
Start Part Resource Summary
---------------------------------------------------------------------------------
Part Resources:
DSPs: 90 (col length:60)
BRAMs: 100 (col length: RAMB18 60 RAMB36 30)
---------------------------------------------------------------------------------
Finished Part Resource Summary
---------------------------------------------------------------------------------
---------------------------------------------------------------------------------
Start Cross Boundary and Area Optimization
---------------------------------------------------------------------------------
WARNING: [Synth 8-7080] Parallel synthesis criteria is not met
WARNING: [Synth 8-7129] Port s00_axi_awprot[2] in module soc_multiwatch_lcd_myip_fnd_cntr_0_0 is either unconnected or has no load
WARNING: [Synth 8-7129] Port s00_axi_awprot[1] in module soc_multiwatch_lcd_myip_fnd_cntr_0_0 is either unconnected or has no load
WARNING: [Synth 8-7129] Port s00_axi_awprot[0] in module soc_multiwatch_lcd_myip_fnd_cntr_0_0 is either unconnected or has no load
WARNING: [Synth 8-7129] Port s00_axi_arprot[2] in module soc_multiwatch_lcd_myip_fnd_cntr_0_0 is either unconnected or has no load
WARNING: [Synth 8-7129] Port s00_axi_arprot[1] in module soc_multiwatch_lcd_myip_fnd_cntr_0_0 is either unconnected or has no load
WARNING: [Synth 8-7129] Port s00_axi_arprot[0] in module soc_multiwatch_lcd_myip_fnd_cntr_0_0 is either unconnected or has no load
---------------------------------------------------------------------------------
Finished Cross Boundary and Area Optimization : Time (s): cpu = 00:00:11 ; elapsed = 00:00:11 . Memory (MB): peak = 2090.051 ; gain = 660.270 ; free physical = 3537 ; free virtual = 35176
---------------------------------------------------------------------------------
---------------------------------------------------------------------------------
Start Applying XDC Timing Constraints
---------------------------------------------------------------------------------
---------------------------------------------------------------------------------
Finished Applying XDC Timing Constraints : Time (s): cpu = 00:00:14 ; elapsed = 00:00:14 . Memory (MB): peak = 2116.051 ; gain = 686.270 ; free physical = 2790 ; free virtual = 34458
---------------------------------------------------------------------------------
---------------------------------------------------------------------------------
Start Timing Optimization
---------------------------------------------------------------------------------
---------------------------------------------------------------------------------
Finished Timing Optimization : Time (s): cpu = 00:00:14 ; elapsed = 00:00:14 . Memory (MB): peak = 2116.051 ; gain = 686.270 ; free physical = 2783 ; free virtual = 34450
---------------------------------------------------------------------------------
---------------------------------------------------------------------------------
Start Technology Mapping
---------------------------------------------------------------------------------
---------------------------------------------------------------------------------
Finished Technology Mapping : Time (s): cpu = 00:00:14 ; elapsed = 00:00:14 . Memory (MB): peak = 2134.074 ; gain = 704.293 ; free physical = 2759 ; free virtual = 34427
---------------------------------------------------------------------------------
---------------------------------------------------------------------------------
Start IO Insertion
---------------------------------------------------------------------------------
---------------------------------------------------------------------------------
Start Flattening Before IO Insertion
---------------------------------------------------------------------------------
---------------------------------------------------------------------------------
Finished Flattening Before IO Insertion
---------------------------------------------------------------------------------
---------------------------------------------------------------------------------
Start Final Netlist Cleanup
---------------------------------------------------------------------------------
---------------------------------------------------------------------------------
Finished Final Netlist Cleanup
---------------------------------------------------------------------------------
---------------------------------------------------------------------------------
Finished IO Insertion : Time (s): cpu = 00:00:16 ; elapsed = 00:00:16 . Memory (MB): peak = 2285.887 ; gain = 856.105 ; free physical = 2935 ; free virtual = 34602
---------------------------------------------------------------------------------
---------------------------------------------------------------------------------
Start Renaming Generated Instances
---------------------------------------------------------------------------------
---------------------------------------------------------------------------------
Finished Renaming Generated Instances : Time (s): cpu = 00:00:16 ; elapsed = 00:00:16 . Memory (MB): peak = 2285.887 ; gain = 856.105 ; free physical = 2935 ; free virtual = 34602
---------------------------------------------------------------------------------
---------------------------------------------------------------------------------
Start Rebuilding User Hierarchy
---------------------------------------------------------------------------------
---------------------------------------------------------------------------------
Finished Rebuilding User Hierarchy : Time (s): cpu = 00:00:16 ; elapsed = 00:00:16 . Memory (MB): peak = 2285.887 ; gain = 856.105 ; free physical = 2935 ; free virtual = 34602
---------------------------------------------------------------------------------
---------------------------------------------------------------------------------
Start Renaming Generated Ports
---------------------------------------------------------------------------------
---------------------------------------------------------------------------------
Finished Renaming Generated Ports : Time (s): cpu = 00:00:16 ; elapsed = 00:00:16 . Memory (MB): peak = 2285.887 ; gain = 856.105 ; free physical = 2935 ; free virtual = 34602
---------------------------------------------------------------------------------
---------------------------------------------------------------------------------
Start Handling Custom Attributes
---------------------------------------------------------------------------------
---------------------------------------------------------------------------------
Finished Handling Custom Attributes : Time (s): cpu = 00:00:16 ; elapsed = 00:00:16 . Memory (MB): peak = 2285.887 ; gain = 856.105 ; free physical = 2935 ; free virtual = 34602
---------------------------------------------------------------------------------
---------------------------------------------------------------------------------
Start Renaming Generated Nets
---------------------------------------------------------------------------------
---------------------------------------------------------------------------------
Finished Renaming Generated Nets : Time (s): cpu = 00:00:16 ; elapsed = 00:00:16 . Memory (MB): peak = 2285.887 ; gain = 856.105 ; free physical = 2935 ; free virtual = 34602
---------------------------------------------------------------------------------
---------------------------------------------------------------------------------
Start Writing Synthesis Report
---------------------------------------------------------------------------------

Report BlackBoxes: 
+-+--------------+----------+
| |BlackBox name |Instances |
+-+--------------+----------+
+-+--------------+----------+

Report Cell Usage: 
+------+-------+------+
|      |Cell   |Count |
+------+-------+------+
|1     |CARRY4 |     5|
|2     |LUT1   |     2|
|3     |LUT2   |     3|
|4     |LUT3   |    12|
|5     |LUT4   |    17|
|6     |LUT5   |    61|
|7     |LUT6   |    91|
|8     |MUXF7  |    32|
|9     |FDCE   |     7|
|10    |FDPE   |     3|
|11    |FDRE   |   256|
+------+-------+------+
---------------------------------------------------------------------------------
Finished Writing Synthesis Report : Time (s): cpu = 00:00:16 ; elapsed = 00:00:16 . Memory (MB): peak = 2285.887 ; gain = 856.105 ; free physical = 2935 ; free virtual = 34602
---------------------------------------------------------------------------------
Synthesis finished with 0 errors, 0 critical warnings and 7 warnings.
Synthesis Optimization Runtime : Time (s): cpu = 00:00:15 ; elapsed = 00:00:15 . Memory (MB): peak = 2285.887 ; gain = 722.355 ; free physical = 2924 ; free virtual = 34591
Synthesis Optimization Complete : Time (s): cpu = 00:00:16 ; elapsed = 00:00:16 . Memory (MB): peak = 2285.895 ; gain = 856.105 ; free physical = 2924 ; free virtual = 34591
INFO: [Project 1-571] Translating synthesized netlist
Netlist sorting complete. Time (s): cpu = 00:00:00 ; elapsed = 00:00:00 . Memory (MB): peak = 2285.895 ; gain = 0.000 ; free physical = 2922 ; free virtual = 34589
INFO: [Netlist 29-17] Analyzing 37 Unisim elements for replacement
INFO: [Netlist 29-28] Unisim Transformation completed in 0 CPU seconds
INFO: [Project 1-570] Preparing netlist for logic optimization
INFO: [Opt 31-138] Pushed 0 inverter(s) to 0 load pin(s).
Netlist sorting complete. Time (s): cpu = 00:00:00 ; elapsed = 00:00:00 . Memory (MB): peak = 2341.914 ; gain = 0.000 ; free physical = 3018 ; free virtual = 34679
INFO: [Project 1-111] Unisim Transformation Summary:
No Unisim elements were transformed.

Synth Design complete | Checksum: 61f86e37
INFO: [Common 17-83] Releasing license: Synthesis
47 Infos, 20 Warnings, 0 Critical Warnings and 0 Errors encountered.
synth_design completed successfully
synth_design: Time (s): cpu = 00:00:20 ; elapsed = 00:00:20 . Memory (MB): peak = 2341.914 ; gain = 1010.668 ; free physical = 3018 ; free virtual = 34679
INFO: [Common 17-2834] synth_design peak Physical Memory [PSS] (MB): overall = 1300.015; main = 1300.015; forked = 192.912
INFO: [Common 17-2834] synth_design peak Virtual Memory [VSS] (MB): overall = 3010.914; main = 2341.918; forked = 920.859
Write ShapeDB Complete: Time (s): cpu = 00:00:00 ; elapsed = 00:00:00 . Memory (MB): peak = 2365.926 ; gain = 0.000 ; free physical = 3018 ; free virtual = 34679
INFO: [Common 17-1381] The checkpoint '/media/user12/data/work/SOC_exam_2026/SOC_exam_2026.runs/soc_multiwatch_lcd_myip_fnd_cntr_0_0_synth_1/soc_multiwatch_lcd_myip_fnd_cntr_0_0.dcp' has been generated.
INFO: [Coretcl 2-1648] Added synthesis output to IP cache for IP soc_multiwatch_lcd_myip_fnd_cntr_0_0, cache-ID = 6bc24e1fc29e9c6d
INFO: [Coretcl 2-1174] Renamed 5 cell refs.
Write ShapeDB Complete: Time (s): cpu = 00:00:00 ; elapsed = 00:00:00 . Memory (MB): peak = 2365.926 ; gain = 0.000 ; free physical = 2988 ; free virtual = 34650
INFO: [Common 17-1381] The checkpoint '/media/user12/data/work/SOC_exam_2026/SOC_exam_2026.runs/soc_multiwatch_lcd_myip_fnd_cntr_0_0_synth_1/soc_multiwatch_lcd_myip_fnd_cntr_0_0.dcp' has been generated.
INFO: [Vivado 12-24828] Executing command : report_utilization -file soc_multiwatch_lcd_myip_fnd_cntr_0_0_utilization_synth.rpt -pb soc_multiwatch_lcd_myip_fnd_cntr_0_0_utilization_synth.pb
INFO: [Common 17-206] Exiting Vivado at Wed Jan 28 19:22:30 2026...
