Copyright 1986-2022 Xilinx, Inc. All Rights Reserved. Copyright 2022-2024 Advanced Micro Devices, Inc. All Rights Reserved.
---------------------------------------------------------------------------------------------------------------------------------------------
| Tool Version : Vivado v.2024.2 (lin64) Build 5239630 Fri Nov 08 22:34:34 MST 2024
| Date         : Fri Feb  6 13:56:10 2026
| Host         : user12-B80KV-AP35BKE running 64-bit Ubuntu 24.04.3 LTS
| Command      : upgrade_ip
| Device       : xc7a35tcpg236-1
---------------------------------------------------------------------------------------------------------------------------------------------

Upgrade Log for IP 'soc_can_controller_1_myip_can_modified_1_0'

1. Summary
----------

SUCCESS in the upgrade of soc_can_controller_1_myip_can_modified_1_0 (user.org:user:myip_can_modified:1.0) from (Rev. 3) to (Rev. 4)






Copyright 1986-2022 Xilinx, Inc. All Rights Reserved. Copyright 2022-2024 Advanced Micro Devices, Inc. All Rights Reserved.
---------------------------------------------------------------------------------------------------------------------------------------------
| Tool Version : Vivado v.2024.2 (lin64) Build 5239630 Fri Nov 08 22:34:34 MST 2024
| Date         : Fri Feb  6 13:56:10 2026
| Host         : user12-B80KV-AP35BKE running 64-bit Ubuntu 24.04.3 LTS
| Command      : upgrade_ip
| Device       : xc7a35tcpg236-1
---------------------------------------------------------------------------------------------------------------------------------------------

Upgrade Log for IP 'soc_can_controller_1_myip_can_modified_0_0'

1. Summary
----------

SUCCESS in the upgrade of soc_can_controller_1_myip_can_modified_0_0 (user.org:user:myip_can_modified:1.0) from (Rev. 3) to (Rev. 4)






Copyright 1986-2022 Xilinx, Inc. All Rights Reserved. Copyright 2022-2024 Advanced Micro Devices, Inc. All Rights Reserved.
---------------------------------------------------------------------------------------------------------------------------------------------
| Tool Version : Vivado v.2024.2 (lin64) Build 5239630 Fri Nov 08 22:34:34 MST 2024
| Date         : Fri Feb  6 12:34:18 2026
| Host         : user12-B80KV-AP35BKE running 64-bit Ubuntu 24.04.3 LTS
| Command      : upgrade_ip
| Device       : xc7a35tcpg236-1
---------------------------------------------------------------------------------------------------------------------------------------------

Upgrade Log for IP 'soc_can_controller_1_myip_can_modified_1_0'

1. Summary
----------

SUCCESS in the upgrade of soc_can_controller_1_myip_can_modified_1_0 (user.org:user:myip_can_modified:1.0) from (Rev. 2) to (Rev. 3)






Copyright 1986-2022 Xilinx, Inc. All Rights Reserved. Copyright 2022-2024 Advanced Micro Devices, Inc. All Rights Reserved.
---------------------------------------------------------------------------------------------------------------------------------------------
| Tool Version : Vivado v.2024.2 (lin64) Build 5239630 Fri Nov 08 22:34:34 MST 2024
| Date         : Fri Feb  6 12:34:18 2026
| Host         : user12-B80KV-AP35BKE running 64-bit Ubuntu 24.04.3 LTS
| Command      : upgrade_ip
| Device       : xc7a35tcpg236-1
---------------------------------------------------------------------------------------------------------------------------------------------

Upgrade Log for IP 'soc_can_controller_1_myip_can_modified_0_0'

1. Summary
----------

SUCCESS in the upgrade of soc_can_controller_1_myip_can_modified_0_0 (user.org:user:myip_can_modified:1.0) from (Rev. 2) to (Rev. 3)






Copyright 1986-2022 Xilinx, Inc. All Rights Reserved. Copyright 2022-2024 Advanced Micro Devices, Inc. All Rights Reserved.
---------------------------------------------------------------------------------------------------------------------------------------------
| Tool Version : Vivado v.2024.2 (lin64) Build 5239630 Fri Nov 08 22:34:34 MST 2024
| Date         : Fri Feb  6 11:39:32 2026
| Host         : user12-B80KV-AP35BKE running 64-bit Ubuntu 24.04.3 LTS
| Command      : upgrade_ip
| Device       : xc7a35tcpg236-1
---------------------------------------------------------------------------------------------------------------------------------------------

Upgrade Log for IP 'soc_can_controller_myip_CAN_controller_1_0'

1. Summary
----------

SUCCESS in the upgrade of soc_can_controller_myip_CAN_controller_1_0 (user.org:user:myip_CAN_controller:1.0) from (Rev. 3) to (Rev. 4)






Copyright 1986-2022 Xilinx, Inc. All Rights Reserved. Copyright 2022-2024 Advanced Micro Devices, Inc. All Rights Reserved.
---------------------------------------------------------------------------------------------------------------------------------------------
| Tool Version : Vivado v.2024.2 (lin64) Build 5239630 Fri Nov 08 22:34:34 MST 2024
| Date         : Fri Feb  6 11:39:32 2026
| Host         : user12-B80KV-AP35BKE running 64-bit Ubuntu 24.04.3 LTS
| Command      : upgrade_ip
| Device       : xc7a35tcpg236-1
---------------------------------------------------------------------------------------------------------------------------------------------

Upgrade Log for IP 'soc_can_controller_myip_CAN_controller_0_0'

1. Summary
----------

SUCCESS in the upgrade of soc_can_controller_myip_CAN_controller_0_0 (user.org:user:myip_CAN_controller:1.0) from (Rev. 3) to (Rev. 4)






Copyright 1986-2022 Xilinx, Inc. All Rights Reserved. Copyright 2022-2024 Advanced Micro Devices, Inc. All Rights Reserved.
---------------------------------------------------------------------------------------------------------------------------------------------
| Tool Version : Vivado v.2024.2 (lin64) Build 5239630 Fri Nov 08 22:34:34 MST 2024
| Date         : Thu Feb  5 19:18:39 2026
| Host         : user12-B80KV-AP35BKE running 64-bit Ubuntu 24.04.3 LTS
| Command      : upgrade_ip
| Device       : xc7a35tcpg236-1
---------------------------------------------------------------------------------------------------------------------------------------------

Upgrade Log for IP 'soc_can_controller_myip_CAN_controller_1_0'

1. Summary
----------

SUCCESS in the upgrade of soc_can_controller_myip_CAN_controller_1_0 (user.org:user:myip_CAN_controller:1.0) from (Rev. 2) to (Rev. 3)






Copyright 1986-2022 Xilinx, Inc. All Rights Reserved. Copyright 2022-2024 Advanced Micro Devices, Inc. All Rights Reserved.
---------------------------------------------------------------------------------------------------------------------------------------------
| Tool Version : Vivado v.2024.2 (lin64) Build 5239630 Fri Nov 08 22:34:34 MST 2024
| Date         : Thu Feb  5 19:18:39 2026
| Host         : user12-B80KV-AP35BKE running 64-bit Ubuntu 24.04.3 LTS
| Command      : upgrade_ip
| Device       : xc7a35tcpg236-1
---------------------------------------------------------------------------------------------------------------------------------------------

Upgrade Log for IP 'soc_can_controller_myip_CAN_controller_0_0'

1. Summary
----------

SUCCESS in the upgrade of soc_can_controller_myip_CAN_controller_0_0 (user.org:user:myip_CAN_controller:1.0) from (Rev. 2) to (Rev. 3)






Copyright 1986-2022 Xilinx, Inc. All Rights Reserved. Copyright 2022-2024 Advanced Micro Devices, Inc. All Rights Reserved.
---------------------------------------------------------------------------------------------------------------------------------------------
| Tool Version : Vivado v.2024.2 (lin64) Build 5239630 Fri Nov 08 22:34:34 MST 2024
| Date         : Thu Jan 29 08:10:11 2026
| Host         : user12-B80KV-AP35BKE running 64-bit Ubuntu 24.04.3 LTS
| Command      : upgrade_ip
| Device       : xc7a35tcpg236-1
---------------------------------------------------------------------------------------------------------------------------------------------

Upgrade Log for IP 'soc_multiwatch_lcd_myip_watch_0_0'

1. Summary
----------

CAUTION (success, with warnings) in the upgrade of soc_multiwatch_lcd_myip_watch_0_0 (user.org:user:myip_watch:1.0) from (Rev. 2) to (Rev. 3)

After upgrade, an IP may have parameter and port differences compared to the original customization. Please review the parameters within the IP customization GUI to ensure proper functionality. Also, please review the updated IP instantiation template to ensure proper connectivity, and update your design if required.

2. Connection Warnings
----------------------

Detected external port differences while upgrading 'soc_multiwatch_lcd_myip_watch_0_0'. These changes may impact your design.


-Upgraded port order differs after port 's00_axi_aclk'







Copyright 1986-2022 Xilinx, Inc. All Rights Reserved. Copyright 2022-2024 Advanced Micro Devices, Inc. All Rights Reserved.
---------------------------------------------------------------------------------------------------------------------------------------------
| Tool Version : Vivado v.2024.2 (lin64) Build 5239630 Fri Nov 08 22:34:34 MST 2024
| Date         : Mon Jan 26 15:12:27 2026
| Host         : user12-B80KV-AP35BKE running 64-bit Ubuntu 24.04.3 LTS
| Command      : upgrade_ip
| Device       : xc7a35tcpg236-1
---------------------------------------------------------------------------------------------------------------------------------------------

Upgrade Log for IP 'soc_cooktimer_fnd_myip_cooktimer_0_0'

1. Summary
----------

SUCCESS in the upgrade of soc_cooktimer_fnd_myip_cooktimer_0_0 (user.org:user:myip_cooktimer:1.0) from (Rev. 4) to (Rev. 5)






Copyright 1986-2022 Xilinx, Inc. All Rights Reserved. Copyright 2022-2024 Advanced Micro Devices, Inc. All Rights Reserved.
---------------------------------------------------------------------------------------------------------------------------------------------
| Tool Version : Vivado v.2024.2 (lin64) Build 5239630 Fri Nov 08 22:34:34 MST 2024
| Date         : Mon Jan 26 15:11:57 2026
| Host         : user12-B80KV-AP35BKE running 64-bit Ubuntu 24.04.3 LTS
| Command      : upgrade_ip
| Device       : xc7a35tcpg236-1
---------------------------------------------------------------------------------------------------------------------------------------------

Upgrade Log for IP 'soc_cooktimer_myip_cooktimer_0_0'

1. Summary
----------

SUCCESS in the upgrade of soc_cooktimer_myip_cooktimer_0_0 (user.org:user:myip_cooktimer:1.0) from (Rev. 4) to (Rev. 5)






Copyright 1986-2022 Xilinx, Inc. All Rights Reserved. Copyright 2022-2024 Advanced Micro Devices, Inc. All Rights Reserved.
---------------------------------------------------------------------------------------------------------------------------------------------
| Tool Version : Vivado v.2024.2 (lin64) Build 5239630 Fri Nov 08 22:34:34 MST 2024
| Date         : Mon Jan 26 11:25:14 2026
| Host         : user12-B80KV-AP35BKE running 64-bit Ubuntu 24.04.3 LTS
| Command      : upgrade_ip
| Device       : xc7a35tcpg236-1
---------------------------------------------------------------------------------------------------------------------------------------------

Upgrade Log for IP 'soc_cooktimer_myip_cooktimer_0_0'

1. Summary
----------

SUCCESS in the upgrade of soc_cooktimer_myip_cooktimer_0_0 (user.org:user:myip_cooktimer:1.0) from (Rev. 3) to (Rev. 4)






Copyright 1986-2022 Xilinx, Inc. All Rights Reserved. Copyright 2022-2024 Advanced Micro Devices, Inc. All Rights Reserved.
---------------------------------------------------------------------------------------------------------------------------------------------
| Tool Version : Vivado v.2024.2 (lin64) Build 5239630 Fri Nov 08 22:34:34 MST 2024
| Date         : Mon Jan 26 11:04:46 2026
| Host         : user12-B80KV-AP35BKE running 64-bit Ubuntu 24.04.3 LTS
| Command      : upgrade_ip
| Device       : xc7a35tcpg236-1
---------------------------------------------------------------------------------------------------------------------------------------------

Upgrade Log for IP 'soc_cooktimer_myip_cooktimer_0_0'

1. Summary
----------

SUCCESS in the upgrade of soc_cooktimer_myip_cooktimer_0_0 (user.org:user:myip_cooktimer:1.0) from (Rev. 2) to (Rev. 3)






Copyright 1986-2022 Xilinx, Inc. All Rights Reserved. Copyright 2022-2024 Advanced Micro Devices, Inc. All Rights Reserved.
---------------------------------------------------------------------------------------------------------------------------------------------
| Tool Version : Vivado v.2024.2 (lin64) Build 5239630 Fri Nov 08 22:34:34 MST 2024
| Date         : Fri Jan 23 11:33:05 2026
| Host         : user12-B80KV-AP35BKE running 64-bit Ubuntu 24.04.3 LTS
| Command      : upgrade_ip
| Device       : xc7a35tcpg236-1
---------------------------------------------------------------------------------------------------------------------------------------------

Upgrade Log for IP 'soc_iic_cntr_myip_iic_cntr_0_0'

1. Summary
----------

SUCCESS in the upgrade of soc_iic_cntr_myip_iic_cntr_0_0 (user.org:user:myip_iic_cntr:1.0) from (Rev. 3) to (Rev. 4)






Copyright 1986-2022 Xilinx, Inc. All Rights Reserved. Copyright 2022-2024 Advanced Micro Devices, Inc. All Rights Reserved.
---------------------------------------------------------------------------------------------------------------------------------------------
| Tool Version : Vivado v.2024.2 (lin64) Build 5239630 Fri Nov 08 22:34:34 MST 2024
| Date         : Thu Jan 22 11:57:09 2026
| Host         : user12-B80KV-AP35BKE running 64-bit Ubuntu 24.04.3 LTS
| Command      : upgrade_ip
| Device       : xc7a35tcpg236-1
---------------------------------------------------------------------------------------------------------------------------------------------

Upgrade Log for IP 'soc_dht11_myip_dht11_0_0'

1. Summary
----------

SUCCESS in the upgrade of soc_dht11_myip_dht11_0_0 (user.org:user:myip_dht11:1.0) from (Rev. 3) to (Rev. 4)






Copyright 1986-2022 Xilinx, Inc. All Rights Reserved. Copyright 2022-2024 Advanced Micro Devices, Inc. All Rights Reserved.
---------------------------------------------------------------------------------------------------------------------------------------------
| Tool Version : Vivado v.2024.2 (lin64) Build 5239630 Fri Nov 08 22:34:34 MST 2024
| Date         : Thu Jan 22 11:56:15 2026
| Host         : user12-B80KV-AP35BKE running 64-bit Ubuntu 24.04.3 LTS
| Command      : upgrade_ip
| Device       : xc7a35tcpg236-1
---------------------------------------------------------------------------------------------------------------------------------------------

Upgrade Log for IP 'soc_dht11_myip_dht11_0_0'

1. Summary
----------

SUCCESS in the upgrade of soc_dht11_myip_dht11_0_0 (user.org:user:myip_dht11:1.0) from (Rev. 2) to (Rev. 3)






Copyright 1986-2022 Xilinx, Inc. All Rights Reserved. Copyright 2022-2024 Advanced Micro Devices, Inc. All Rights Reserved.
---------------------------------------------------------------------------------------------------------------------------------------------
| Tool Version : Vivado v.2024.2 (lin64) Build 5239630 Fri Nov 08 22:34:34 MST 2024
| Date         : Wed Jan 21 11:23:42 2026
| Host         : user12-B80KV-AP35BKE running 64-bit Ubuntu 24.04.3 LTS
| Command      : upgrade_ip
| Device       : xc7a35tcpg236-1
---------------------------------------------------------------------------------------------------------------------------------------------

Upgrade Log for IP 'soc_fnd_cntr_myip_fnd_cntr_0_0'

1. Summary
----------

SUCCESS in the update of soc_fnd_cntr_myip_fnd_cntr_0_0 (user.org:user:myip_fnd_cntr:1.0 (Rev. 4)) to current project options.






Copyright 1986-2022 Xilinx, Inc. All Rights Reserved. Copyright 2022-2024 Advanced Micro Devices, Inc. All Rights Reserved.
---------------------------------------------------------------------------------------------------------------------------------------------
| Tool Version : Vivado v.2024.2 (lin64) Build 5239630 Fri Nov 08 22:34:34 MST 2024
| Date         : Wed Jan 21 11:22:45 2026
| Host         : user12-B80KV-AP35BKE running 64-bit Ubuntu 24.04.3 LTS
| Command      : upgrade_ip
| Device       : xc7a35tcpg236-1
---------------------------------------------------------------------------------------------------------------------------------------------

Upgrade Log for IP 'soc_fnd_cntr_myip_fnd_cntr_0_0'

1. Summary
----------

SUCCESS in the upgrade of soc_fnd_cntr_myip_fnd_cntr_0_0 (user.org:user:myip_fnd_cntr:1.0) from (Rev. 3) to (Rev. 4)

