
*** Running vivado
    with args -log soc_multiwatch_lcd_microblaze_riscv_0_axi_periph_imp_xbar_0.vds -m64 -product Vivado -mode batch -messageDb vivado.pb -notrace -source soc_multiwatch_lcd_microblaze_riscv_0_axi_periph_imp_xbar_0.tcl


****** Vivado v2024.2 (64-bit)
  **** SW Build 5239630 on Fri Nov 08 22:34:34 MST 2024
  **** IP Build 5239520 on Sun Nov 10 16:12:51 MST 2024
  **** SharedData Build 5239561 on Fri Nov 08 14:39:27 MST 2024
  **** Start of session at: Wed Jan 28 16:51:36 2026
    ** Copyright 1986-2022 Xilinx, Inc. All Rights Reserved.
    ** Copyright 2022-2024 Advanced Micro Devices, Inc. All Rights Reserved.

source soc_multiwatch_lcd_microblaze_riscv_0_axi_periph_imp_xbar_0.tcl -notrace
INFO: [IP_Flow 19-234] Refreshing IP repositories
INFO: [IP_Flow 19-1700] Loaded user IP repository '/media/user12/data/work/ip_repo/myip_watch_1_0'.
WARNING: [IP_Flow 19-2207] Repository '/media/user12/data/work/ip_repo/myip_watch_1_0' already exists; ignoring attempt to add it again.
INFO: [IP_Flow 19-1700] Loaded user IP repository '/media/user12/data/work/ip_repo/myip_watch_1_0'.
INFO: [IP_Flow 19-1700] Loaded user IP repository '/media/user12/data/work/ip_repo/myip_stopwatch_1_0'.
INFO: [IP_Flow 19-1700] Loaded user IP repository '/media/user12/data/work/ip_repo/myip_cooktimer_1_0'.
INFO: [IP_Flow 19-1700] Loaded user IP repository '/media/user12/data/work/ip_repo/myip_iic_cntr_1_0'.
INFO: [IP_Flow 19-1700] Loaded user IP repository '/media/user12/data/work/ip_repo/myip_dht11_1_0'.
INFO: [IP_Flow 19-1700] Loaded user IP repository '/media/user12/data/work/ip_repo/myip_fnd_cntr_1_0'.
INFO: [IP_Flow 19-2313] Loaded Vivado IP repository '/media/user12/data/tools/xilinx/Vivado/2024.2/data/ip'.
INFO: [IP_Flow 19-6924] IPCACHE: Running cache check for IP inst: soc_multiwatch_lcd_microblaze_riscv_0_axi_periph_imp_xbar_0
Command: synth_design -top soc_multiwatch_lcd_microblaze_riscv_0_axi_periph_imp_xbar_0 -part xc7a35tcpg236-1 -incremental_mode off -mode out_of_context
Starting synth_design
Attempting to get a license for feature 'Synthesis' and/or device 'xc7a35t'
INFO: [Common 17-349] Got license for feature 'Synthesis' and/or device 'xc7a35t'
INFO: [Device 21-403] Loading part xc7a35tcpg236-1
INFO: [Synth 8-7079] Multithreading enabled for synth_design using a maximum of 7 processes.
INFO: [Synth 8-7078] Launching helper process for spawning children vivado processes
INFO: [Synth 8-7075] Helper process launched with PID 90018

*** Running vivado
    with args -log soc_multiwatch_lcd_microblaze_riscv_0_axi_periph_imp_xbar_0.vds -m64 -product Vivado -mode batch -messageDb vivado.pb -notrace -source soc_multiwatch_lcd_microblaze_riscv_0_axi_periph_imp_xbar_0.tcl


****** Vivado v2024.2 (64-bit)
  **** SW Build 5239630 on Fri Nov 08 22:34:34 MST 2024
  **** IP Build 5239520 on Sun Nov 10 16:12:51 MST 2024
  **** SharedData Build 5239561 on Fri Nov 08 14:39:27 MST 2024
  **** Start of session at: Wed Jan 28 19:20:44 2026
    ** Copyright 1986-2022 Xilinx, Inc. All Rights Reserved.
    ** Copyright 2022-2024 Advanced Micro Devices, Inc. All Rights Reserved.

source soc_multiwatch_lcd_microblaze_riscv_0_axi_periph_imp_xbar_0.tcl -notrace
INFO: [IP_Flow 19-234] Refreshing IP repositories
INFO: [IP_Flow 19-1700] Loaded user IP repository '/media/user12/data/work/ip_repo/myip_watch_1_0'.
WARNING: [IP_Flow 19-2207] Repository '/media/user12/data/work/ip_repo/myip_watch_1_0' already exists; ignoring attempt to add it again.
INFO: [IP_Flow 19-1700] Loaded user IP repository '/media/user12/data/work/ip_repo/myip_watch_1_0'.
INFO: [IP_Flow 19-1700] Loaded user IP repository '/media/user12/data/work/ip_repo/myip_stopwatch_1_0'.
INFO: [IP_Flow 19-1700] Loaded user IP repository '/media/user12/data/work/ip_repo/myip_cooktimer_1_0'.
INFO: [IP_Flow 19-1700] Loaded user IP repository '/media/user12/data/work/ip_repo/myip_iic_cntr_1_0'.
INFO: [IP_Flow 19-1700] Loaded user IP repository '/media/user12/data/work/ip_repo/myip_dht11_1_0'.
INFO: [IP_Flow 19-1700] Loaded user IP repository '/media/user12/data/work/ip_repo/myip_fnd_cntr_1_0'.
INFO: [IP_Flow 19-2313] Loaded Vivado IP repository '/media/user12/data/tools/xilinx/Vivado/2024.2/data/ip'.
INFO: [IP_Flow 19-6924] IPCACHE: Running cache check for IP inst: soc_multiwatch_lcd_microblaze_riscv_0_axi_periph_imp_xbar_0
Command: synth_design -top soc_multiwatch_lcd_microblaze_riscv_0_axi_periph_imp_xbar_0 -part xc7a35tcpg236-1 -incremental_mode off -mode out_of_context
Starting synth_design
Attempting to get a license for feature 'Synthesis' and/or device 'xc7a35t'
INFO: [Common 17-349] Got license for feature 'Synthesis' and/or device 'xc7a35t'
INFO: [Device 21-403] Loading part xc7a35tcpg236-1
INFO: [Synth 8-7079] Multithreading enabled for synth_design using a maximum of 7 processes.
INFO: [Synth 8-7078] Launching helper process for spawning children vivado processes
INFO: [Synth 8-7075] Helper process launched with PID 98160
---------------------------------------------------------------------------------
Starting RTL Elaboration : Time (s): cpu = 00:00:04 ; elapsed = 00:00:10 . Memory (MB): peak = 1849.156 ; gain = 406.859 ; free physical = 173 ; free virtual = 32601
---------------------------------------------------------------------------------
WARNING: [Synth 8-10507] attribute 'X_INTERFACE_MODE' is already specified; last one will take precedence [/media/user12/data/work/SOC_exam_2026/SOC_exam_2026.gen/sources_1/bd/soc_multiwatch_lcd/ip/soc_multiwatch_lcd_microblaze_riscv_0_axi_periph_imp_xbar_0/synth/soc_multiwatch_lcd_microblaze_riscv_0_axi_periph_imp_xbar_0.v:157]
WARNING: [Synth 8-10507] attribute 'X_INTERFACE_PARAMETER' is already specified; last one will take precedence [/media/user12/data/work/SOC_exam_2026/SOC_exam_2026.gen/sources_1/bd/soc_multiwatch_lcd/ip/soc_multiwatch_lcd_microblaze_riscv_0_axi_periph_imp_xbar_0/synth/soc_multiwatch_lcd_microblaze_riscv_0_axi_periph_imp_xbar_0.v:159]
WARNING: [Synth 8-10507] attribute 'X_INTERFACE_MODE' is already specified; last one will take precedence [/media/user12/data/work/SOC_exam_2026/SOC_exam_2026.gen/sources_1/bd/soc_multiwatch_lcd/ip/soc_multiwatch_lcd_microblaze_riscv_0_axi_periph_imp_xbar_0/synth/soc_multiwatch_lcd_microblaze_riscv_0_axi_periph_imp_xbar_0.v:160]
WARNING: [Synth 8-10507] attribute 'X_INTERFACE_PARAMETER' is already specified; last one will take precedence [/media/user12/data/work/SOC_exam_2026/SOC_exam_2026.gen/sources_1/bd/soc_multiwatch_lcd/ip/soc_multiwatch_lcd_microblaze_riscv_0_axi_periph_imp_xbar_0/synth/soc_multiwatch_lcd_microblaze_riscv_0_axi_periph_imp_xbar_0.v:162]
WARNING: [Synth 8-10507] attribute 'X_INTERFACE_MODE' is already specified; last one will take precedence [/media/user12/data/work/SOC_exam_2026/SOC_exam_2026.gen/sources_1/bd/soc_multiwatch_lcd/ip/soc_multiwatch_lcd_microblaze_riscv_0_axi_periph_imp_xbar_0/synth/soc_multiwatch_lcd_microblaze_riscv_0_axi_periph_imp_xbar_0.v:163]
WARNING: [Synth 8-10507] attribute 'X_INTERFACE_PARAMETER' is already specified; last one will take precedence [/media/user12/data/work/SOC_exam_2026/SOC_exam_2026.gen/sources_1/bd/soc_multiwatch_lcd/ip/soc_multiwatch_lcd_microblaze_riscv_0_axi_periph_imp_xbar_0/synth/soc_multiwatch_lcd_microblaze_riscv_0_axi_periph_imp_xbar_0.v:165]
WARNING: [Synth 8-10507] attribute 'X_INTERFACE_MODE' is already specified; last one will take precedence [/media/user12/data/work/SOC_exam_2026/SOC_exam_2026.gen/sources_1/bd/soc_multiwatch_lcd/ip/soc_multiwatch_lcd_microblaze_riscv_0_axi_periph_imp_xbar_0/synth/soc_multiwatch_lcd_microblaze_riscv_0_axi_periph_imp_xbar_0.v:166]
WARNING: [Synth 8-10507] attribute 'X_INTERFACE_PARAMETER' is already specified; last one will take precedence [/media/user12/data/work/SOC_exam_2026/SOC_exam_2026.gen/sources_1/bd/soc_multiwatch_lcd/ip/soc_multiwatch_lcd_microblaze_riscv_0_axi_periph_imp_xbar_0/synth/soc_multiwatch_lcd_microblaze_riscv_0_axi_periph_imp_xbar_0.v:168]
WARNING: [Synth 8-10507] attribute 'X_INTERFACE_MODE' is already specified; last one will take precedence [/media/user12/data/work/SOC_exam_2026/SOC_exam_2026.gen/sources_1/bd/soc_multiwatch_lcd/ip/soc_multiwatch_lcd_microblaze_riscv_0_axi_periph_imp_xbar_0/synth/soc_multiwatch_lcd_microblaze_riscv_0_axi_periph_imp_xbar_0.v:169]
WARNING: [Synth 8-10507] attribute 'X_INTERFACE_PARAMETER' is already specified; last one will take precedence [/media/user12/data/work/SOC_exam_2026/SOC_exam_2026.gen/sources_1/bd/soc_multiwatch_lcd/ip/soc_multiwatch_lcd_microblaze_riscv_0_axi_periph_imp_xbar_0/synth/soc_multiwatch_lcd_microblaze_riscv_0_axi_periph_imp_xbar_0.v:171]
WARNING: [Synth 8-10507] attribute 'X_INTERFACE_MODE' is already specified; last one will take precedence [/media/user12/data/work/SOC_exam_2026/SOC_exam_2026.gen/sources_1/bd/soc_multiwatch_lcd/ip/soc_multiwatch_lcd_microblaze_riscv_0_axi_periph_imp_xbar_0/synth/soc_multiwatch_lcd_microblaze_riscv_0_axi_periph_imp_xbar_0.v:172]
WARNING: [Synth 8-10507] attribute 'X_INTERFACE_PARAMETER' is already specified; last one will take precedence [/media/user12/data/work/SOC_exam_2026/SOC_exam_2026.gen/sources_1/bd/soc_multiwatch_lcd/ip/soc_multiwatch_lcd_microblaze_riscv_0_axi_periph_imp_xbar_0/synth/soc_multiwatch_lcd_microblaze_riscv_0_axi_periph_imp_xbar_0.v:174]
WARNING: [Synth 8-10507] attribute 'X_INTERFACE_MODE' is already specified; last one will take precedence [/media/user12/data/work/SOC_exam_2026/SOC_exam_2026.gen/sources_1/bd/soc_multiwatch_lcd/ip/soc_multiwatch_lcd_microblaze_riscv_0_axi_periph_imp_xbar_0/synth/soc_multiwatch_lcd_microblaze_riscv_0_axi_periph_imp_xbar_0.v:175]
WARNING: [Synth 8-10507] attribute 'X_INTERFACE_PARAMETER' is already specified; last one will take precedence [/media/user12/data/work/SOC_exam_2026/SOC_exam_2026.gen/sources_1/bd/soc_multiwatch_lcd/ip/soc_multiwatch_lcd_microblaze_riscv_0_axi_periph_imp_xbar_0/synth/soc_multiwatch_lcd_microblaze_riscv_0_axi_periph_imp_xbar_0.v:177]
WARNING: [Synth 8-10507] attribute 'X_INTERFACE_MODE' is already specified; last one will take precedence [/media/user12/data/work/SOC_exam_2026/SOC_exam_2026.gen/sources_1/bd/soc_multiwatch_lcd/ip/soc_multiwatch_lcd_microblaze_riscv_0_axi_periph_imp_xbar_0/synth/soc_multiwatch_lcd_microblaze_riscv_0_axi_periph_imp_xbar_0.v:178]
WARNING: [Synth 8-10507] attribute 'X_INTERFACE_PARAMETER' is already specified; last one will take precedence [/media/user12/data/work/SOC_exam_2026/SOC_exam_2026.gen/sources_1/bd/soc_multiwatch_lcd/ip/soc_multiwatch_lcd_microblaze_riscv_0_axi_periph_imp_xbar_0/synth/soc_multiwatch_lcd_microblaze_riscv_0_axi_periph_imp_xbar_0.v:180]
INFO: [Synth 8-6157] synthesizing module 'soc_multiwatch_lcd_microblaze_riscv_0_axi_periph_imp_xbar_0' [/media/user12/data/work/SOC_exam_2026/SOC_exam_2026.gen/sources_1/bd/soc_multiwatch_lcd/ip/soc_multiwatch_lcd_microblaze_riscv_0_axi_periph_imp_xbar_0/synth/soc_multiwatch_lcd_microblaze_riscv_0_axi_periph_imp_xbar_0.v:53]
INFO: [Synth 8-6157] synthesizing module 'axi_crossbar_v2_1_34_axi_crossbar' [/media/user12/data/work/SOC_exam_2026/SOC_exam_2026.gen/sources_1/bd/soc_multiwatch_lcd/ipshared/a7e3/hdl/axi_crossbar_v2_1_vl_rfs.v:4871]
INFO: [Synth 8-6157] synthesizing module 'axi_crossbar_v2_1_34_crossbar_sasd' [/media/user12/data/work/SOC_exam_2026/SOC_exam_2026.gen/sources_1/bd/soc_multiwatch_lcd/ipshared/a7e3/hdl/axi_crossbar_v2_1_vl_rfs.v:1234]
INFO: [Synth 8-6157] synthesizing module 'axi_crossbar_v2_1_34_addr_decoder' [/media/user12/data/work/SOC_exam_2026/SOC_exam_2026.gen/sources_1/bd/soc_multiwatch_lcd/ipshared/a7e3/hdl/axi_crossbar_v2_1_vl_rfs.v:790]
INFO: [Synth 8-6157] synthesizing module 'generic_baseblocks_v2_1_2_comparator_static' [/media/user12/data/work/SOC_exam_2026/SOC_exam_2026.gen/sources_1/bd/soc_multiwatch_lcd/ipshared/0c28/hdl/generic_baseblocks_v2_1_vl_rfs.v:2119]
INFO: [Synth 8-6157] synthesizing module 'generic_baseblocks_v2_1_2_carry_and' [/media/user12/data/work/SOC_exam_2026/SOC_exam_2026.gen/sources_1/bd/soc_multiwatch_lcd/ipshared/0c28/hdl/generic_baseblocks_v2_1_vl_rfs.v:60]
INFO: [Synth 8-6155] done synthesizing module 'generic_baseblocks_v2_1_2_carry_and' (0#1) [/media/user12/data/work/SOC_exam_2026/SOC_exam_2026.gen/sources_1/bd/soc_multiwatch_lcd/ipshared/0c28/hdl/generic_baseblocks_v2_1_vl_rfs.v:60]
INFO: [Synth 8-6155] done synthesizing module 'generic_baseblocks_v2_1_2_comparator_static' (0#1) [/media/user12/data/work/SOC_exam_2026/SOC_exam_2026.gen/sources_1/bd/soc_multiwatch_lcd/ipshared/0c28/hdl/generic_baseblocks_v2_1_vl_rfs.v:2119]
INFO: [Synth 8-6157] synthesizing module 'generic_baseblocks_v2_1_2_comparator_static__parameterized0' [/media/user12/data/work/SOC_exam_2026/SOC_exam_2026.gen/sources_1/bd/soc_multiwatch_lcd/ipshared/0c28/hdl/generic_baseblocks_v2_1_vl_rfs.v:2119]
INFO: [Synth 8-6155] done synthesizing module 'generic_baseblocks_v2_1_2_comparator_static__parameterized0' (0#1) [/media/user12/data/work/SOC_exam_2026/SOC_exam_2026.gen/sources_1/bd/soc_multiwatch_lcd/ipshared/0c28/hdl/generic_baseblocks_v2_1_vl_rfs.v:2119]
INFO: [Synth 8-6157] synthesizing module 'generic_baseblocks_v2_1_2_comparator_static__parameterized1' [/media/user12/data/work/SOC_exam_2026/SOC_exam_2026.gen/sources_1/bd/soc_multiwatch_lcd/ipshared/0c28/hdl/generic_baseblocks_v2_1_vl_rfs.v:2119]
INFO: [Synth 8-6155] done synthesizing module 'generic_baseblocks_v2_1_2_comparator_static__parameterized1' (0#1) [/media/user12/data/work/SOC_exam_2026/SOC_exam_2026.gen/sources_1/bd/soc_multiwatch_lcd/ipshared/0c28/hdl/generic_baseblocks_v2_1_vl_rfs.v:2119]
INFO: [Synth 8-6157] synthesizing module 'generic_baseblocks_v2_1_2_comparator_static__parameterized2' [/media/user12/data/work/SOC_exam_2026/SOC_exam_2026.gen/sources_1/bd/soc_multiwatch_lcd/ipshared/0c28/hdl/generic_baseblocks_v2_1_vl_rfs.v:2119]
INFO: [Synth 8-6155] done synthesizing module 'generic_baseblocks_v2_1_2_comparator_static__parameterized2' (0#1) [/media/user12/data/work/SOC_exam_2026/SOC_exam_2026.gen/sources_1/bd/soc_multiwatch_lcd/ipshared/0c28/hdl/generic_baseblocks_v2_1_vl_rfs.v:2119]
INFO: [Synth 8-6157] synthesizing module 'generic_baseblocks_v2_1_2_comparator_static__parameterized3' [/media/user12/data/work/SOC_exam_2026/SOC_exam_2026.gen/sources_1/bd/soc_multiwatch_lcd/ipshared/0c28/hdl/generic_baseblocks_v2_1_vl_rfs.v:2119]
INFO: [Synth 8-6155] done synthesizing module 'generic_baseblocks_v2_1_2_comparator_static__parameterized3' (0#1) [/media/user12/data/work/SOC_exam_2026/SOC_exam_2026.gen/sources_1/bd/soc_multiwatch_lcd/ipshared/0c28/hdl/generic_baseblocks_v2_1_vl_rfs.v:2119]
INFO: [Synth 8-6157] synthesizing module 'generic_baseblocks_v2_1_2_comparator_static__parameterized4' [/media/user12/data/work/SOC_exam_2026/SOC_exam_2026.gen/sources_1/bd/soc_multiwatch_lcd/ipshared/0c28/hdl/generic_baseblocks_v2_1_vl_rfs.v:2119]
INFO: [Synth 8-6155] done synthesizing module 'generic_baseblocks_v2_1_2_comparator_static__parameterized4' (0#1) [/media/user12/data/work/SOC_exam_2026/SOC_exam_2026.gen/sources_1/bd/soc_multiwatch_lcd/ipshared/0c28/hdl/generic_baseblocks_v2_1_vl_rfs.v:2119]
INFO: [Synth 8-6157] synthesizing module 'generic_baseblocks_v2_1_2_comparator_static__parameterized5' [/media/user12/data/work/SOC_exam_2026/SOC_exam_2026.gen/sources_1/bd/soc_multiwatch_lcd/ipshared/0c28/hdl/generic_baseblocks_v2_1_vl_rfs.v:2119]
INFO: [Synth 8-6155] done synthesizing module 'generic_baseblocks_v2_1_2_comparator_static__parameterized5' (0#1) [/media/user12/data/work/SOC_exam_2026/SOC_exam_2026.gen/sources_1/bd/soc_multiwatch_lcd/ipshared/0c28/hdl/generic_baseblocks_v2_1_vl_rfs.v:2119]
INFO: [Synth 8-6157] synthesizing module 'generic_baseblocks_v2_1_2_comparator_static__parameterized6' [/media/user12/data/work/SOC_exam_2026/SOC_exam_2026.gen/sources_1/bd/soc_multiwatch_lcd/ipshared/0c28/hdl/generic_baseblocks_v2_1_vl_rfs.v:2119]
INFO: [Synth 8-6155] done synthesizing module 'generic_baseblocks_v2_1_2_comparator_static__parameterized6' (0#1) [/media/user12/data/work/SOC_exam_2026/SOC_exam_2026.gen/sources_1/bd/soc_multiwatch_lcd/ipshared/0c28/hdl/generic_baseblocks_v2_1_vl_rfs.v:2119]
INFO: [Synth 8-6157] synthesizing module 'generic_baseblocks_v2_1_2_comparator_static__parameterized7' [/media/user12/data/work/SOC_exam_2026/SOC_exam_2026.gen/sources_1/bd/soc_multiwatch_lcd/ipshared/0c28/hdl/generic_baseblocks_v2_1_vl_rfs.v:2119]
INFO: [Synth 8-6155] done synthesizing module 'generic_baseblocks_v2_1_2_comparator_static__parameterized7' (0#1) [/media/user12/data/work/SOC_exam_2026/SOC_exam_2026.gen/sources_1/bd/soc_multiwatch_lcd/ipshared/0c28/hdl/generic_baseblocks_v2_1_vl_rfs.v:2119]
INFO: [Synth 8-6155] done synthesizing module 'axi_crossbar_v2_1_34_addr_decoder' (0#1) [/media/user12/data/work/SOC_exam_2026/SOC_exam_2026.gen/sources_1/bd/soc_multiwatch_lcd/ipshared/a7e3/hdl/axi_crossbar_v2_1_vl_rfs.v:790]
INFO: [Synth 8-6157] synthesizing module 'axi_crossbar_v2_1_34_decerr_slave' [/media/user12/data/work/SOC_exam_2026/SOC_exam_2026.gen/sources_1/bd/soc_multiwatch_lcd/ipshared/a7e3/hdl/axi_crossbar_v2_1_vl_rfs.v:3493]
INFO: [Synth 8-6155] done synthesizing module 'axi_crossbar_v2_1_34_decerr_slave' (0#1) [/media/user12/data/work/SOC_exam_2026/SOC_exam_2026.gen/sources_1/bd/soc_multiwatch_lcd/ipshared/a7e3/hdl/axi_crossbar_v2_1_vl_rfs.v:3493]
INFO: [Synth 8-6157] synthesizing module 'axi_crossbar_v2_1_34_addr_arbiter_sasd' [/media/user12/data/work/SOC_exam_2026/SOC_exam_2026.gen/sources_1/bd/soc_multiwatch_lcd/ipshared/a7e3/hdl/axi_crossbar_v2_1_vl_rfs.v:63]
INFO: [Synth 8-6155] done synthesizing module 'axi_crossbar_v2_1_34_addr_arbiter_sasd' (0#1) [/media/user12/data/work/SOC_exam_2026/SOC_exam_2026.gen/sources_1/bd/soc_multiwatch_lcd/ipshared/a7e3/hdl/axi_crossbar_v2_1_vl_rfs.v:63]
INFO: [Synth 8-6157] synthesizing module 'axi_crossbar_v2_1_34_splitter' [/media/user12/data/work/SOC_exam_2026/SOC_exam_2026.gen/sources_1/bd/soc_multiwatch_lcd/ipshared/a7e3/hdl/axi_crossbar_v2_1_vl_rfs.v:4451]
INFO: [Synth 8-6155] done synthesizing module 'axi_crossbar_v2_1_34_splitter' (0#1) [/media/user12/data/work/SOC_exam_2026/SOC_exam_2026.gen/sources_1/bd/soc_multiwatch_lcd/ipshared/a7e3/hdl/axi_crossbar_v2_1_vl_rfs.v:4451]
INFO: [Synth 8-6157] synthesizing module 'axi_crossbar_v2_1_34_splitter__parameterized0' [/media/user12/data/work/SOC_exam_2026/SOC_exam_2026.gen/sources_1/bd/soc_multiwatch_lcd/ipshared/a7e3/hdl/axi_crossbar_v2_1_vl_rfs.v:4451]
INFO: [Synth 8-6155] done synthesizing module 'axi_crossbar_v2_1_34_splitter__parameterized0' (0#1) [/media/user12/data/work/SOC_exam_2026/SOC_exam_2026.gen/sources_1/bd/soc_multiwatch_lcd/ipshared/a7e3/hdl/axi_crossbar_v2_1_vl_rfs.v:4451]
INFO: [Synth 8-6157] synthesizing module 'generic_baseblocks_v2_1_2_mux_enc' [/media/user12/data/work/SOC_exam_2026/SOC_exam_2026.gen/sources_1/bd/soc_multiwatch_lcd/ipshared/0c28/hdl/generic_baseblocks_v2_1_vl_rfs.v:2436]
INFO: [Synth 8-6155] done synthesizing module 'generic_baseblocks_v2_1_2_mux_enc' (0#1) [/media/user12/data/work/SOC_exam_2026/SOC_exam_2026.gen/sources_1/bd/soc_multiwatch_lcd/ipshared/0c28/hdl/generic_baseblocks_v2_1_vl_rfs.v:2436]
INFO: [Synth 8-6157] synthesizing module 'generic_baseblocks_v2_1_2_mux_enc__parameterized0' [/media/user12/data/work/SOC_exam_2026/SOC_exam_2026.gen/sources_1/bd/soc_multiwatch_lcd/ipshared/0c28/hdl/generic_baseblocks_v2_1_vl_rfs.v:2436]
INFO: [Synth 8-6155] done synthesizing module 'generic_baseblocks_v2_1_2_mux_enc__parameterized0' (0#1) [/media/user12/data/work/SOC_exam_2026/SOC_exam_2026.gen/sources_1/bd/soc_multiwatch_lcd/ipshared/0c28/hdl/generic_baseblocks_v2_1_vl_rfs.v:2436]
INFO: [Synth 8-6157] synthesizing module 'generic_baseblocks_v2_1_2_mux_enc__parameterized1' [/media/user12/data/work/SOC_exam_2026/SOC_exam_2026.gen/sources_1/bd/soc_multiwatch_lcd/ipshared/0c28/hdl/generic_baseblocks_v2_1_vl_rfs.v:2436]
INFO: [Synth 8-6155] done synthesizing module 'generic_baseblocks_v2_1_2_mux_enc__parameterized1' (0#1) [/media/user12/data/work/SOC_exam_2026/SOC_exam_2026.gen/sources_1/bd/soc_multiwatch_lcd/ipshared/0c28/hdl/generic_baseblocks_v2_1_vl_rfs.v:2436]
INFO: [Synth 8-6157] synthesizing module 'axi_register_slice_v2_1_33_axic_register_slice' [/media/user12/data/work/SOC_exam_2026/SOC_exam_2026.gen/sources_1/bd/soc_multiwatch_lcd/ipshared/3ee4/hdl/axi_register_slice_v2_1_vl_rfs.v:1492]
INFO: [Synth 8-6155] done synthesizing module 'axi_register_slice_v2_1_33_axic_register_slice' (0#1) [/media/user12/data/work/SOC_exam_2026/SOC_exam_2026.gen/sources_1/bd/soc_multiwatch_lcd/ipshared/3ee4/hdl/axi_register_slice_v2_1_vl_rfs.v:1492]
INFO: [Synth 8-6157] synthesizing module 'generic_baseblocks_v2_1_2_mux_enc__parameterized2' [/media/user12/data/work/SOC_exam_2026/SOC_exam_2026.gen/sources_1/bd/soc_multiwatch_lcd/ipshared/0c28/hdl/generic_baseblocks_v2_1_vl_rfs.v:2436]
INFO: [Synth 8-6155] done synthesizing module 'generic_baseblocks_v2_1_2_mux_enc__parameterized2' (0#1) [/media/user12/data/work/SOC_exam_2026/SOC_exam_2026.gen/sources_1/bd/soc_multiwatch_lcd/ipshared/0c28/hdl/generic_baseblocks_v2_1_vl_rfs.v:2436]
INFO: [Synth 8-6155] done synthesizing module 'axi_crossbar_v2_1_34_crossbar_sasd' (0#1) [/media/user12/data/work/SOC_exam_2026/SOC_exam_2026.gen/sources_1/bd/soc_multiwatch_lcd/ipshared/a7e3/hdl/axi_crossbar_v2_1_vl_rfs.v:1234]
INFO: [Synth 8-6155] done synthesizing module 'axi_crossbar_v2_1_34_axi_crossbar' (0#1) [/media/user12/data/work/SOC_exam_2026/SOC_exam_2026.gen/sources_1/bd/soc_multiwatch_lcd/ipshared/a7e3/hdl/axi_crossbar_v2_1_vl_rfs.v:4871]
INFO: [Synth 8-6155] done synthesizing module 'soc_multiwatch_lcd_microblaze_riscv_0_axi_periph_imp_xbar_0' (0#1) [/media/user12/data/work/SOC_exam_2026/SOC_exam_2026.gen/sources_1/bd/soc_multiwatch_lcd/ip/soc_multiwatch_lcd_microblaze_riscv_0_axi_periph_imp_xbar_0/synth/soc_multiwatch_lcd_microblaze_riscv_0_axi_periph_imp_xbar_0.v:53]
WARNING: [Synth 8-6014] Unused sequential element gen_debug_trans_seq.debug_aw_trans_seq_i_reg was removed.  [/media/user12/data/work/SOC_exam_2026/SOC_exam_2026.gen/sources_1/bd/soc_multiwatch_lcd/ipshared/a7e3/hdl/axi_crossbar_v2_1_vl_rfs.v:2051]
WARNING: [Synth 8-6014] Unused sequential element gen_debug_trans_seq.debug_ar_trans_seq_i_reg was removed.  [/media/user12/data/work/SOC_exam_2026/SOC_exam_2026.gen/sources_1/bd/soc_multiwatch_lcd/ipshared/a7e3/hdl/axi_crossbar_v2_1_vl_rfs.v:2062]
WARNING: [Synth 8-6014] Unused sequential element gen_debug_trans_seq.debug_w_beat_cnt_i_reg was removed.  [/media/user12/data/work/SOC_exam_2026/SOC_exam_2026.gen/sources_1/bd/soc_multiwatch_lcd/ipshared/a7e3/hdl/axi_crossbar_v2_1_vl_rfs.v:2073]
WARNING: [Synth 8-6014] Unused sequential element gen_debug_trans_seq.debug_r_beat_cnt_i_reg was removed.  [/media/user12/data/work/SOC_exam_2026/SOC_exam_2026.gen/sources_1/bd/soc_multiwatch_lcd/ipshared/a7e3/hdl/axi_crossbar_v2_1_vl_rfs.v:2086]
WARNING: [Synth 8-7129] Port S[0] in module generic_baseblocks_v2_1_2_mux_enc__parameterized0 is either unconnected or has no load
WARNING: [Synth 8-7129] Port S_AXI_AWID[0] in module axi_crossbar_v2_1_34_decerr_slave is either unconnected or has no load
WARNING: [Synth 8-7129] Port S_AXI_WLAST in module axi_crossbar_v2_1_34_decerr_slave is either unconnected or has no load
WARNING: [Synth 8-7129] Port S_AXI_ARID[0] in module axi_crossbar_v2_1_34_decerr_slave is either unconnected or has no load
WARNING: [Synth 8-7129] Port S_AXI_ARLEN[7] in module axi_crossbar_v2_1_34_decerr_slave is either unconnected or has no load
WARNING: [Synth 8-7129] Port S_AXI_ARLEN[6] in module axi_crossbar_v2_1_34_decerr_slave is either unconnected or has no load
WARNING: [Synth 8-7129] Port S_AXI_ARLEN[5] in module axi_crossbar_v2_1_34_decerr_slave is either unconnected or has no load
WARNING: [Synth 8-7129] Port S_AXI_ARLEN[4] in module axi_crossbar_v2_1_34_decerr_slave is either unconnected or has no load
WARNING: [Synth 8-7129] Port S_AXI_ARLEN[3] in module axi_crossbar_v2_1_34_decerr_slave is either unconnected or has no load
WARNING: [Synth 8-7129] Port S_AXI_ARLEN[2] in module axi_crossbar_v2_1_34_decerr_slave is either unconnected or has no load
WARNING: [Synth 8-7129] Port S_AXI_ARLEN[1] in module axi_crossbar_v2_1_34_decerr_slave is either unconnected or has no load
WARNING: [Synth 8-7129] Port S_AXI_ARLEN[0] in module axi_crossbar_v2_1_34_decerr_slave is either unconnected or has no load
WARNING: [Synth 8-7129] Port ADDR[1] in module axi_crossbar_v2_1_34_addr_decoder is either unconnected or has no load
WARNING: [Synth 8-7129] Port ADDR[0] in module axi_crossbar_v2_1_34_addr_decoder is either unconnected or has no load
WARNING: [Synth 8-7129] Port S_AXI_AWID[0] in module axi_crossbar_v2_1_34_crossbar_sasd is either unconnected or has no load
WARNING: [Synth 8-7129] Port S_AXI_ARID[0] in module axi_crossbar_v2_1_34_crossbar_sasd is either unconnected or has no load
WARNING: [Synth 8-7129] Port M_AXI_BID[8] in module axi_crossbar_v2_1_34_crossbar_sasd is either unconnected or has no load
WARNING: [Synth 8-7129] Port M_AXI_BID[7] in module axi_crossbar_v2_1_34_crossbar_sasd is either unconnected or has no load
WARNING: [Synth 8-7129] Port M_AXI_BID[6] in module axi_crossbar_v2_1_34_crossbar_sasd is either unconnected or has no load
WARNING: [Synth 8-7129] Port M_AXI_BID[5] in module axi_crossbar_v2_1_34_crossbar_sasd is either unconnected or has no load
WARNING: [Synth 8-7129] Port M_AXI_BID[4] in module axi_crossbar_v2_1_34_crossbar_sasd is either unconnected or has no load
WARNING: [Synth 8-7129] Port M_AXI_BID[3] in module axi_crossbar_v2_1_34_crossbar_sasd is either unconnected or has no load
WARNING: [Synth 8-7129] Port M_AXI_BID[2] in module axi_crossbar_v2_1_34_crossbar_sasd is either unconnected or has no load
WARNING: [Synth 8-7129] Port M_AXI_BID[1] in module axi_crossbar_v2_1_34_crossbar_sasd is either unconnected or has no load
WARNING: [Synth 8-7129] Port M_AXI_BID[0] in module axi_crossbar_v2_1_34_crossbar_sasd is either unconnected or has no load
WARNING: [Synth 8-7129] Port M_AXI_RID[8] in module axi_crossbar_v2_1_34_crossbar_sasd is either unconnected or has no load
WARNING: [Synth 8-7129] Port M_AXI_RID[7] in module axi_crossbar_v2_1_34_crossbar_sasd is either unconnected or has no load
WARNING: [Synth 8-7129] Port M_AXI_RID[6] in module axi_crossbar_v2_1_34_crossbar_sasd is either unconnected or has no load
WARNING: [Synth 8-7129] Port M_AXI_RID[5] in module axi_crossbar_v2_1_34_crossbar_sasd is either unconnected or has no load
WARNING: [Synth 8-7129] Port M_AXI_RID[4] in module axi_crossbar_v2_1_34_crossbar_sasd is either unconnected or has no load
WARNING: [Synth 8-7129] Port M_AXI_RID[3] in module axi_crossbar_v2_1_34_crossbar_sasd is either unconnected or has no load
WARNING: [Synth 8-7129] Port M_AXI_RID[2] in module axi_crossbar_v2_1_34_crossbar_sasd is either unconnected or has no load
WARNING: [Synth 8-7129] Port M_AXI_RID[1] in module axi_crossbar_v2_1_34_crossbar_sasd is either unconnected or has no load
WARNING: [Synth 8-7129] Port M_AXI_RID[0] in module axi_crossbar_v2_1_34_crossbar_sasd is either unconnected or has no load
WARNING: [Synth 8-7129] Port s_axi_awid[0] in module axi_crossbar_v2_1_34_axi_crossbar is either unconnected or has no load
WARNING: [Synth 8-7129] Port s_axi_awlen[7] in module axi_crossbar_v2_1_34_axi_crossbar is either unconnected or has no load
WARNING: [Synth 8-7129] Port s_axi_awlen[6] in module axi_crossbar_v2_1_34_axi_crossbar is either unconnected or has no load
WARNING: [Synth 8-7129] Port s_axi_awlen[5] in module axi_crossbar_v2_1_34_axi_crossbar is either unconnected or has no load
WARNING: [Synth 8-7129] Port s_axi_awlen[4] in module axi_crossbar_v2_1_34_axi_crossbar is either unconnected or has no load
WARNING: [Synth 8-7129] Port s_axi_awlen[3] in module axi_crossbar_v2_1_34_axi_crossbar is either unconnected or has no load
WARNING: [Synth 8-7129] Port s_axi_awlen[2] in module axi_crossbar_v2_1_34_axi_crossbar is either unconnected or has no load
WARNING: [Synth 8-7129] Port s_axi_awlen[1] in module axi_crossbar_v2_1_34_axi_crossbar is either unconnected or has no load
WARNING: [Synth 8-7129] Port s_axi_awlen[0] in module axi_crossbar_v2_1_34_axi_crossbar is either unconnected or has no load
WARNING: [Synth 8-7129] Port s_axi_awsize[2] in module axi_crossbar_v2_1_34_axi_crossbar is either unconnected or has no load
WARNING: [Synth 8-7129] Port s_axi_awsize[1] in module axi_crossbar_v2_1_34_axi_crossbar is either unconnected or has no load
WARNING: [Synth 8-7129] Port s_axi_awsize[0] in module axi_crossbar_v2_1_34_axi_crossbar is either unconnected or has no load
WARNING: [Synth 8-7129] Port s_axi_awburst[1] in module axi_crossbar_v2_1_34_axi_crossbar is either unconnected or has no load
WARNING: [Synth 8-7129] Port s_axi_awburst[0] in module axi_crossbar_v2_1_34_axi_crossbar is either unconnected or has no load
WARNING: [Synth 8-7129] Port s_axi_awlock[0] in module axi_crossbar_v2_1_34_axi_crossbar is either unconnected or has no load
WARNING: [Synth 8-7129] Port s_axi_awcache[3] in module axi_crossbar_v2_1_34_axi_crossbar is either unconnected or has no load
WARNING: [Synth 8-7129] Port s_axi_awcache[2] in module axi_crossbar_v2_1_34_axi_crossbar is either unconnected or has no load
WARNING: [Synth 8-7129] Port s_axi_awcache[1] in module axi_crossbar_v2_1_34_axi_crossbar is either unconnected or has no load
WARNING: [Synth 8-7129] Port s_axi_awcache[0] in module axi_crossbar_v2_1_34_axi_crossbar is either unconnected or has no load
WARNING: [Synth 8-7129] Port s_axi_awqos[3] in module axi_crossbar_v2_1_34_axi_crossbar is either unconnected or has no load
WARNING: [Synth 8-7129] Port s_axi_awqos[2] in module axi_crossbar_v2_1_34_axi_crossbar is either unconnected or has no load
WARNING: [Synth 8-7129] Port s_axi_awqos[1] in module axi_crossbar_v2_1_34_axi_crossbar is either unconnected or has no load
WARNING: [Synth 8-7129] Port s_axi_awqos[0] in module axi_crossbar_v2_1_34_axi_crossbar is either unconnected or has no load
WARNING: [Synth 8-7129] Port s_axi_awuser[0] in module axi_crossbar_v2_1_34_axi_crossbar is either unconnected or has no load
WARNING: [Synth 8-7129] Port s_axi_wid[0] in module axi_crossbar_v2_1_34_axi_crossbar is either unconnected or has no load
WARNING: [Synth 8-7129] Port s_axi_wlast[0] in module axi_crossbar_v2_1_34_axi_crossbar is either unconnected or has no load
WARNING: [Synth 8-7129] Port s_axi_wuser[0] in module axi_crossbar_v2_1_34_axi_crossbar is either unconnected or has no load
WARNING: [Synth 8-7129] Port s_axi_arid[0] in module axi_crossbar_v2_1_34_axi_crossbar is either unconnected or has no load
WARNING: [Synth 8-7129] Port s_axi_arlen[7] in module axi_crossbar_v2_1_34_axi_crossbar is either unconnected or has no load
WARNING: [Synth 8-7129] Port s_axi_arlen[6] in module axi_crossbar_v2_1_34_axi_crossbar is either unconnected or has no load
WARNING: [Synth 8-7129] Port s_axi_arlen[5] in module axi_crossbar_v2_1_34_axi_crossbar is either unconnected or has no load
WARNING: [Synth 8-7129] Port s_axi_arlen[4] in module axi_crossbar_v2_1_34_axi_crossbar is either unconnected or has no load
WARNING: [Synth 8-7129] Port s_axi_arlen[3] in module axi_crossbar_v2_1_34_axi_crossbar is either unconnected or has no load
WARNING: [Synth 8-7129] Port s_axi_arlen[2] in module axi_crossbar_v2_1_34_axi_crossbar is either unconnected or has no load
WARNING: [Synth 8-7129] Port s_axi_arlen[1] in module axi_crossbar_v2_1_34_axi_crossbar is either unconnected or has no load
WARNING: [Synth 8-7129] Port s_axi_arlen[0] in module axi_crossbar_v2_1_34_axi_crossbar is either unconnected or has no load
WARNING: [Synth 8-7129] Port s_axi_arsize[2] in module axi_crossbar_v2_1_34_axi_crossbar is either unconnected or has no load
WARNING: [Synth 8-7129] Port s_axi_arsize[1] in module axi_crossbar_v2_1_34_axi_crossbar is either unconnected or has no load
WARNING: [Synth 8-7129] Port s_axi_arsize[0] in module axi_crossbar_v2_1_34_axi_crossbar is either unconnected or has no load
WARNING: [Synth 8-7129] Port s_axi_arburst[1] in module axi_crossbar_v2_1_34_axi_crossbar is either unconnected or has no load
WARNING: [Synth 8-7129] Port s_axi_arburst[0] in module axi_crossbar_v2_1_34_axi_crossbar is either unconnected or has no load
WARNING: [Synth 8-7129] Port s_axi_arlock[0] in module axi_crossbar_v2_1_34_axi_crossbar is either unconnected or has no load
WARNING: [Synth 8-7129] Port s_axi_arcache[3] in module axi_crossbar_v2_1_34_axi_crossbar is either unconnected or has no load
WARNING: [Synth 8-7129] Port s_axi_arcache[2] in module axi_crossbar_v2_1_34_axi_crossbar is either unconnected or has no load
WARNING: [Synth 8-7129] Port s_axi_arcache[1] in module axi_crossbar_v2_1_34_axi_crossbar is either unconnected or has no load
WARNING: [Synth 8-7129] Port s_axi_arcache[0] in module axi_crossbar_v2_1_34_axi_crossbar is either unconnected or has no load
WARNING: [Synth 8-7129] Port s_axi_arqos[3] in module axi_crossbar_v2_1_34_axi_crossbar is either unconnected or has no load
WARNING: [Synth 8-7129] Port s_axi_arqos[2] in module axi_crossbar_v2_1_34_axi_crossbar is either unconnected or has no load
WARNING: [Synth 8-7129] Port s_axi_arqos[1] in module axi_crossbar_v2_1_34_axi_crossbar is either unconnected or has no load
WARNING: [Synth 8-7129] Port s_axi_arqos[0] in module axi_crossbar_v2_1_34_axi_crossbar is either unconnected or has no load
WARNING: [Synth 8-7129] Port s_axi_aruser[0] in module axi_crossbar_v2_1_34_axi_crossbar is either unconnected or has no load
WARNING: [Synth 8-7129] Port m_axi_bid[8] in module axi_crossbar_v2_1_34_axi_crossbar is either unconnected or has no load
WARNING: [Synth 8-7129] Port m_axi_bid[7] in module axi_crossbar_v2_1_34_axi_crossbar is either unconnected or has no load
WARNING: [Synth 8-7129] Port m_axi_bid[6] in module axi_crossbar_v2_1_34_axi_crossbar is either unconnected or has no load
WARNING: [Synth 8-7129] Port m_axi_bid[5] in module axi_crossbar_v2_1_34_axi_crossbar is either unconnected or has no load
WARNING: [Synth 8-7129] Port m_axi_bid[4] in module axi_crossbar_v2_1_34_axi_crossbar is either unconnected or has no load
WARNING: [Synth 8-7129] Port m_axi_bid[3] in module axi_crossbar_v2_1_34_axi_crossbar is either unconnected or has no load
WARNING: [Synth 8-7129] Port m_axi_bid[2] in module axi_crossbar_v2_1_34_axi_crossbar is either unconnected or has no load
WARNING: [Synth 8-7129] Port m_axi_bid[1] in module axi_crossbar_v2_1_34_axi_crossbar is either unconnected or has no load
WARNING: [Synth 8-7129] Port m_axi_bid[0] in module axi_crossbar_v2_1_34_axi_crossbar is either unconnected or has no load
WARNING: [Synth 8-7129] Port m_axi_buser[8] in module axi_crossbar_v2_1_34_axi_crossbar is either unconnected or has no load
WARNING: [Synth 8-7129] Port m_axi_buser[7] in module axi_crossbar_v2_1_34_axi_crossbar is either unconnected or has no load
WARNING: [Synth 8-7129] Port m_axi_buser[6] in module axi_crossbar_v2_1_34_axi_crossbar is either unconnected or has no load
WARNING: [Synth 8-7129] Port m_axi_buser[5] in module axi_crossbar_v2_1_34_axi_crossbar is either unconnected or has no load
WARNING: [Synth 8-7129] Port m_axi_buser[4] in module axi_crossbar_v2_1_34_axi_crossbar is either unconnected or has no load
WARNING: [Synth 8-7129] Port m_axi_buser[3] in module axi_crossbar_v2_1_34_axi_crossbar is either unconnected or has no load
INFO: [Common 17-14] Message 'Synth 8-7129' appears 100 times and further instances of the messages will be disabled. Use the Tcl command set_msg_config to change the current settings.
---------------------------------------------------------------------------------
Finished RTL Elaboration : Time (s): cpu = 00:00:06 ; elapsed = 00:00:13 . Memory (MB): peak = 2037.094 ; gain = 594.797 ; free physical = 248 ; free virtual = 32006
---------------------------------------------------------------------------------
---------------------------------------------------------------------------------
Start Handling Custom Attributes
---------------------------------------------------------------------------------
---------------------------------------------------------------------------------
Finished Handling Custom Attributes : Time (s): cpu = 00:00:06 ; elapsed = 00:00:13 . Memory (MB): peak = 2037.094 ; gain = 594.797 ; free physical = 248 ; free virtual = 31993
---------------------------------------------------------------------------------
---------------------------------------------------------------------------------
Finished RTL Optimization Phase 1 : Time (s): cpu = 00:00:06 ; elapsed = 00:00:13 . Memory (MB): peak = 2037.094 ; gain = 594.797 ; free physical = 248 ; free virtual = 31993
---------------------------------------------------------------------------------
Netlist sorting complete. Time (s): cpu = 00:00:00.02 ; elapsed = 00:00:00.07 . Memory (MB): peak = 2037.094 ; gain = 0.000 ; free physical = 208 ; free virtual = 31893
INFO: [Project 1-570] Preparing netlist for logic optimization

Processing XDC Constraints
Initializing timing engine
Parsing XDC File [/media/user12/data/work/SOC_exam_2026/SOC_exam_2026.gen/sources_1/bd/soc_multiwatch_lcd/ip/soc_multiwatch_lcd_microblaze_riscv_0_axi_periph_imp_xbar_0/soc_multiwatch_lcd_microblaze_riscv_0_axi_periph_imp_xbar_0_ooc.xdc] for cell 'inst'
Finished Parsing XDC File [/media/user12/data/work/SOC_exam_2026/SOC_exam_2026.gen/sources_1/bd/soc_multiwatch_lcd/ip/soc_multiwatch_lcd_microblaze_riscv_0_axi_periph_imp_xbar_0/soc_multiwatch_lcd_microblaze_riscv_0_axi_periph_imp_xbar_0_ooc.xdc] for cell 'inst'
Parsing XDC File [/media/user12/data/work/SOC_exam_2026/SOC_exam_2026.runs/soc_multiwatch_lcd_microblaze_riscv_0_axi_periph_imp_xbar_0_synth_1/dont_touch.xdc]
Finished Parsing XDC File [/media/user12/data/work/SOC_exam_2026/SOC_exam_2026.runs/soc_multiwatch_lcd_microblaze_riscv_0_axi_periph_imp_xbar_0_synth_1/dont_touch.xdc]
Completed Processing XDC Constraints

Netlist sorting complete. Time (s): cpu = 00:00:00 ; elapsed = 00:00:00 . Memory (MB): peak = 2134.570 ; gain = 0.000 ; free physical = 197 ; free virtual = 31453
INFO: [Project 1-111] Unisim Transformation Summary:
No Unisim elements were transformed.

Constraint Validation Runtime : Time (s): cpu = 00:00:00.05 ; elapsed = 00:00:00.39 . Memory (MB): peak = 2134.570 ; gain = 0.000 ; free physical = 173 ; free virtual = 31434
INFO: [Designutils 20-5008] Incremental synthesis strategy off
---------------------------------------------------------------------------------
Finished Constraint Validation : Time (s): cpu = 00:00:11 ; elapsed = 00:00:30 . Memory (MB): peak = 2134.570 ; gain = 692.273 ; free physical = 223 ; free virtual = 31395
---------------------------------------------------------------------------------
---------------------------------------------------------------------------------
Start Loading Part and Timing Information
---------------------------------------------------------------------------------
Loading part: xc7a35tcpg236-1
---------------------------------------------------------------------------------
Finished Loading Part and Timing Information : Time (s): cpu = 00:00:11 ; elapsed = 00:00:30 . Memory (MB): peak = 2142.574 ; gain = 700.277 ; free physical = 223 ; free virtual = 31395
---------------------------------------------------------------------------------
---------------------------------------------------------------------------------
Start Applying 'set_property' XDC Constraints
---------------------------------------------------------------------------------
Applied set_property KEEP_HIERARCHY = SOFT for inst. (constraint file  /media/user12/data/work/SOC_exam_2026/SOC_exam_2026.runs/soc_multiwatch_lcd_microblaze_riscv_0_axi_periph_imp_xbar_0_synth_1/dont_touch.xdc, line 9).
---------------------------------------------------------------------------------
Finished applying 'set_property' XDC Constraints : Time (s): cpu = 00:00:11 ; elapsed = 00:00:31 . Memory (MB): peak = 2142.574 ; gain = 700.277 ; free physical = 217 ; free virtual = 31409
---------------------------------------------------------------------------------
---------------------------------------------------------------------------------
Finished RTL Optimization Phase 2 : Time (s): cpu = 00:00:11 ; elapsed = 00:00:32 . Memory (MB): peak = 2142.574 ; gain = 700.277 ; free physical = 282 ; free virtual = 31443
---------------------------------------------------------------------------------
---------------------------------------------------------------------------------
Start RTL Component Statistics 
---------------------------------------------------------------------------------
Detailed RTL Component Info : 
+---Registers : 
	               64 Bit    Registers := 1     
	               36 Bit    Registers := 2     
	               10 Bit    Registers := 1     
	                4 Bit    Registers := 1     
	                3 Bit    Registers := 1     
	                2 Bit    Registers := 2     
	                1 Bit    Registers := 14    
+---Muxes : 
	   2 Input   64 Bit        Muxes := 1     
	   2 Input   36 Bit        Muxes := 2     
	   2 Input   10 Bit        Muxes := 1     
	   2 Input    9 Bit        Muxes := 1     
	   2 Input    4 Bit        Muxes := 2     
	   2 Input    1 Bit        Muxes := 78    
---------------------------------------------------------------------------------
Finished RTL Component Statistics 
---------------------------------------------------------------------------------
---------------------------------------------------------------------------------
Start Part Resource Summary
---------------------------------------------------------------------------------
Part Resources:
DSPs: 90 (col length:60)
BRAMs: 100 (col length: RAMB18 60 RAMB36 30)
---------------------------------------------------------------------------------
Finished Part Resource Summary
---------------------------------------------------------------------------------
---------------------------------------------------------------------------------
Start Cross Boundary and Area Optimization
---------------------------------------------------------------------------------
WARNING: [Synth 8-7080] Parallel synthesis criteria is not met
INFO: [Synth 8-3936] Found unconnected internal register 'gen_sasd.crossbar_sasd_0/reg_slice_r/m_payload_i_reg' and it is trimmed from '36' to '35' bits. [/media/user12/data/work/SOC_exam_2026/SOC_exam_2026.gen/sources_1/bd/soc_multiwatch_lcd/ipshared/3ee4/hdl/axi_register_slice_v2_1_vl_rfs.v:1726]
---------------------------------------------------------------------------------
Finished Cross Boundary and Area Optimization : Time (s): cpu = 00:00:13 ; elapsed = 00:00:34 . Memory (MB): peak = 2142.574 ; gain = 700.277 ; free physical = 291 ; free virtual = 31281
---------------------------------------------------------------------------------
---------------------------------------------------------------------------------
Start Applying XDC Timing Constraints
---------------------------------------------------------------------------------
---------------------------------------------------------------------------------
Finished Applying XDC Timing Constraints : Time (s): cpu = 00:00:16 ; elapsed = 00:00:38 . Memory (MB): peak = 2142.574 ; gain = 700.277 ; free physical = 218 ; free virtual = 30896
---------------------------------------------------------------------------------
---------------------------------------------------------------------------------
Start Timing Optimization
---------------------------------------------------------------------------------
---------------------------------------------------------------------------------
Finished Timing Optimization : Time (s): cpu = 00:00:17 ; elapsed = 00:00:39 . Memory (MB): peak = 2156.582 ; gain = 714.285 ; free physical = 163 ; free virtual = 30710
---------------------------------------------------------------------------------
---------------------------------------------------------------------------------
Start Technology Mapping
---------------------------------------------------------------------------------
---------------------------------------------------------------------------------
Finished Technology Mapping : Time (s): cpu = 00:00:17 ; elapsed = 00:00:39 . Memory (MB): peak = 2172.598 ; gain = 730.301 ; free physical = 164 ; free virtual = 30675
---------------------------------------------------------------------------------
---------------------------------------------------------------------------------
Start IO Insertion
---------------------------------------------------------------------------------
---------------------------------------------------------------------------------
Start Flattening Before IO Insertion
---------------------------------------------------------------------------------
---------------------------------------------------------------------------------
Finished Flattening Before IO Insertion
---------------------------------------------------------------------------------
---------------------------------------------------------------------------------
Start Final Netlist Cleanup
---------------------------------------------------------------------------------
---------------------------------------------------------------------------------
Finished Final Netlist Cleanup
---------------------------------------------------------------------------------
---------------------------------------------------------------------------------
Finished IO Insertion : Time (s): cpu = 00:00:19 ; elapsed = 00:00:44 . Memory (MB): peak = 2299.410 ; gain = 857.113 ; free physical = 289 ; free virtual = 29928
---------------------------------------------------------------------------------
---------------------------------------------------------------------------------
Start Renaming Generated Instances
---------------------------------------------------------------------------------
---------------------------------------------------------------------------------
Finished Renaming Generated Instances : Time (s): cpu = 00:00:19 ; elapsed = 00:00:44 . Memory (MB): peak = 2299.410 ; gain = 857.113 ; free physical = 289 ; free virtual = 29929
---------------------------------------------------------------------------------
---------------------------------------------------------------------------------
Start Rebuilding User Hierarchy
---------------------------------------------------------------------------------
---------------------------------------------------------------------------------
Finished Rebuilding User Hierarchy : Time (s): cpu = 00:00:19 ; elapsed = 00:00:44 . Memory (MB): peak = 2299.410 ; gain = 857.113 ; free physical = 268 ; free virtual = 29916
---------------------------------------------------------------------------------
---------------------------------------------------------------------------------
Start Renaming Generated Ports
---------------------------------------------------------------------------------
---------------------------------------------------------------------------------
Finished Renaming Generated Ports : Time (s): cpu = 00:00:19 ; elapsed = 00:00:44 . Memory (MB): peak = 2299.410 ; gain = 857.113 ; free physical = 264 ; free virtual = 29913
---------------------------------------------------------------------------------
---------------------------------------------------------------------------------
Start Handling Custom Attributes
---------------------------------------------------------------------------------
---------------------------------------------------------------------------------
Finished Handling Custom Attributes : Time (s): cpu = 00:00:19 ; elapsed = 00:00:44 . Memory (MB): peak = 2299.410 ; gain = 857.113 ; free physical = 259 ; free virtual = 29914
---------------------------------------------------------------------------------
---------------------------------------------------------------------------------
Start Renaming Generated Nets
---------------------------------------------------------------------------------
---------------------------------------------------------------------------------
Finished Renaming Generated Nets : Time (s): cpu = 00:00:19 ; elapsed = 00:00:44 . Memory (MB): peak = 2299.410 ; gain = 857.113 ; free physical = 258 ; free virtual = 29914
---------------------------------------------------------------------------------
---------------------------------------------------------------------------------
Start Writing Synthesis Report
---------------------------------------------------------------------------------

Report BlackBoxes: 
+-+--------------+----------+
| |BlackBox name |Instances |
+-+--------------+----------+
+-+--------------+----------+

Report Cell Usage: 
+------+-----+------+
|      |Cell |Count |
+------+-----+------+
|1     |LUT1 |     2|
|2     |LUT2 |    19|
|3     |LUT3 |    44|
|4     |LUT4 |    70|
|5     |LUT5 |    65|
|6     |LUT6 |   207|
|7     |FDRE |   139|
+------+-----+------+
---------------------------------------------------------------------------------
Finished Writing Synthesis Report : Time (s): cpu = 00:00:19 ; elapsed = 00:00:44 . Memory (MB): peak = 2299.410 ; gain = 857.113 ; free physical = 256 ; free virtual = 29913
---------------------------------------------------------------------------------
Synthesis finished with 0 errors, 0 critical warnings and 97 warnings.
Synthesis Optimization Runtime : Time (s): cpu = 00:00:18 ; elapsed = 00:00:31 . Memory (MB): peak = 2299.410 ; gain = 759.637 ; free physical = 194 ; free virtual = 29875
Synthesis Optimization Complete : Time (s): cpu = 00:00:19 ; elapsed = 00:00:44 . Memory (MB): peak = 2299.418 ; gain = 857.113 ; free physical = 194 ; free virtual = 29875
INFO: [Project 1-571] Translating synthesized netlist
Netlist sorting complete. Time (s): cpu = 00:00:00.01 ; elapsed = 00:00:00.01 . Memory (MB): peak = 2299.418 ; gain = 0.000 ; free physical = 227 ; free virtual = 29835
INFO: [Project 1-570] Preparing netlist for logic optimization
INFO: [Opt 31-138] Pushed 0 inverter(s) to 0 load pin(s).
Netlist sorting complete. Time (s): cpu = 00:00:00 ; elapsed = 00:00:00 . Memory (MB): peak = 2355.438 ; gain = 0.000 ; free physical = 181 ; free virtual = 29791
INFO: [Project 1-111] Unisim Transformation Summary:
No Unisim elements were transformed.

Synth Design complete | Checksum: 8b8698fd
INFO: [Common 17-83] Releasing license: Synthesis
71 Infos, 122 Warnings, 0 Critical Warnings and 0 Errors encountered.
synth_design completed successfully
synth_design: Time (s): cpu = 00:00:22 ; elapsed = 00:00:48 . Memory (MB): peak = 2355.438 ; gain = 921.145 ; free physical = 264 ; free virtual = 29823
INFO: [Common 17-2834] synth_design peak Physical Memory [PSS] (MB): overall = 1326.390; main = 1133.297; forked = 211.666
INFO: [Common 17-2834] synth_design peak Virtual Memory [VSS] (MB): overall = 3318.742; main = 2355.441; forked = 963.316
Write ShapeDB Complete: Time (s): cpu = 00:00:00.04 ; elapsed = 00:00:00.04 . Memory (MB): peak = 2379.449 ; gain = 0.000 ; free physical = 275 ; free virtual = 29811
INFO: [Common 17-1381] The checkpoint '/media/user12/data/work/SOC_exam_2026/SOC_exam_2026.runs/soc_multiwatch_lcd_microblaze_riscv_0_axi_periph_imp_xbar_0_synth_1/soc_multiwatch_lcd_microblaze_riscv_0_axi_periph_imp_xbar_0.dcp' has been generated.
INFO: [Coretcl 2-1648] Added synthesis output to IP cache for IP soc_multiwatch_lcd_microblaze_riscv_0_axi_periph_imp_xbar_0, cache-ID = b7deff30790ae231
INFO: [Coretcl 2-1174] Renamed 7 cell refs.
Write ShapeDB Complete: Time (s): cpu = 00:00:00.01 ; elapsed = 00:00:00 . Memory (MB): peak = 2379.449 ; gain = 0.000 ; free physical = 1314 ; free virtual = 30875
INFO: [Common 17-1381] The checkpoint '/media/user12/data/work/SOC_exam_2026/SOC_exam_2026.runs/soc_multiwatch_lcd_microblaze_riscv_0_axi_periph_imp_xbar_0_synth_1/soc_multiwatch_lcd_microblaze_riscv_0_axi_periph_imp_xbar_0.dcp' has been generated.
INFO: [Vivado 12-24828] Executing command : report_utilization -file soc_multiwatch_lcd_microblaze_riscv_0_axi_periph_imp_xbar_0_utilization_synth.rpt -pb soc_multiwatch_lcd_microblaze_riscv_0_axi_periph_imp_xbar_0_utilization_synth.pb
INFO: [Common 17-206] Exiting Vivado at Wed Jan 28 19:21:38 2026...
