Vivado Simulator v2024.2.0
Copyright 1986-2022 Xilinx, Inc. All Rights Reserved.
Copyright 2022-2024 Advanced Micro Devices, Inc. All Rights Reserved.
Running: /media/user12/data/tools/xilinx/Vivado/2024.2/bin/unwrapped/lnx64.o/xelab --incr --debug typical --relax --mt 8 -L xil_defaultlib -L unisims_ver -L unimacro_ver -L secureip -L xpm --snapshot tb_can_dual_test_top_behav xil_defaultlib.tb_can_dual_test_top xil_defaultlib.glbl -log elaborate.log 
Using 8 slave threads.
Starting static elaboration
Pass Through NonSizing Optimizer
Completed static elaboration
Starting simulation data flow analysis
Completed simulation data flow analysis
Time Resolution for simulation is 1ps
Compiling module xil_defaultlib.button_debounce
Compiling module xil_defaultlib.can_prescaler
Compiling module xil_defaultlib.can_bit_timing
Compiling module xil_defaultlib.can_tx_core
Compiling module xil_defaultlib.can_rx_core
Compiling module xil_defaultlib.CAN_Controller
Compiling module xil_defaultlib.can_dual_test_top
Compiling module xil_defaultlib.tb_can_dual_test_top
Compiling module xil_defaultlib.glbl
Built simulation snapshot tb_can_dual_test_top_behav
